[2024-03-22T02:12:56.091+0000] {processor.py:161} INFO - Started process (PID=214) to work on /home/airflow/.local/lib/python3.8/site-packages/airflow/example_dags/example_sensors.py
[2024-03-22T02:12:56.091+0000] {processor.py:830} INFO - Processing file /home/airflow/.local/lib/python3.8/site-packages/airflow/example_dags/example_sensors.py for tasks to queue
[2024-03-22T02:12:56.092+0000] {logging_mixin.py:188} INFO - [2024-03-22T02:12:56.092+0000] {dagbag.py:540} INFO - Filling up the DagBag from /home/airflow/.local/lib/python3.8/site-packages/airflow/example_dags/example_sensors.py
[2024-03-22T02:12:56.098+0000] {processor.py:840} INFO - DAG(s) 'example_sensors' retrieved from /home/airflow/.local/lib/python3.8/site-packages/airflow/example_dags/example_sensors.py
[2024-03-22T02:12:56.105+0000] {logging_mixin.py:188} INFO - [2024-03-22T02:12:56.105+0000] {dag.py:3047} INFO - Sync 1 DAGs
[2024-03-22T02:12:56.112+0000] {logging_mixin.py:188} INFO - [2024-03-22T02:12:56.111+0000] {dag.py:3834} INFO - Setting next_dagrun for example_sensors to None, run_after=None
[2024-03-22T02:12:56.120+0000] {processor.py:183} INFO - Processing /home/airflow/.local/lib/python3.8/site-packages/airflow/example_dags/example_sensors.py took 0.032 seconds
[2024-03-22T02:13:26.754+0000] {processor.py:161} INFO - Started process (PID=459) to work on /home/airflow/.local/lib/python3.8/site-packages/airflow/example_dags/example_sensors.py
[2024-03-22T02:13:26.754+0000] {processor.py:830} INFO - Processing file /home/airflow/.local/lib/python3.8/site-packages/airflow/example_dags/example_sensors.py for tasks to queue
[2024-03-22T02:13:26.755+0000] {logging_mixin.py:188} INFO - [2024-03-22T02:13:26.755+0000] {dagbag.py:540} INFO - Filling up the DagBag from /home/airflow/.local/lib/python3.8/site-packages/airflow/example_dags/example_sensors.py
[2024-03-22T02:13:26.761+0000] {processor.py:840} INFO - DAG(s) 'example_sensors' retrieved from /home/airflow/.local/lib/python3.8/site-packages/airflow/example_dags/example_sensors.py
[2024-03-22T02:13:26.809+0000] {logging_mixin.py:188} INFO - [2024-03-22T02:13:26.809+0000] {dag.py:3047} INFO - Sync 1 DAGs
[2024-03-22T02:13:26.814+0000] {logging_mixin.py:188} INFO - [2024-03-22T02:13:26.814+0000] {dag.py:3834} INFO - Setting next_dagrun for example_sensors to None, run_after=None
[2024-03-22T02:13:26.825+0000] {processor.py:183} INFO - Processing /home/airflow/.local/lib/python3.8/site-packages/airflow/example_dags/example_sensors.py took 0.073 seconds
[2024-03-22T02:13:57.472+0000] {processor.py:161} INFO - Started process (PID=708) to work on /home/airflow/.local/lib/python3.8/site-packages/airflow/example_dags/example_sensors.py
[2024-03-22T02:13:57.472+0000] {processor.py:830} INFO - Processing file /home/airflow/.local/lib/python3.8/site-packages/airflow/example_dags/example_sensors.py for tasks to queue
[2024-03-22T02:13:57.473+0000] {logging_mixin.py:188} INFO - [2024-03-22T02:13:57.473+0000] {dagbag.py:540} INFO - Filling up the DagBag from /home/airflow/.local/lib/python3.8/site-packages/airflow/example_dags/example_sensors.py
[2024-03-22T02:13:57.479+0000] {processor.py:840} INFO - DAG(s) 'example_sensors' retrieved from /home/airflow/.local/lib/python3.8/site-packages/airflow/example_dags/example_sensors.py
[2024-03-22T02:13:57.494+0000] {logging_mixin.py:188} INFO - [2024-03-22T02:13:57.494+0000] {dag.py:3047} INFO - Sync 1 DAGs
[2024-03-22T02:13:57.501+0000] {logging_mixin.py:188} INFO - [2024-03-22T02:13:57.501+0000] {dag.py:3834} INFO - Setting next_dagrun for example_sensors to None, run_after=None
[2024-03-22T02:13:57.511+0000] {processor.py:183} INFO - Processing /home/airflow/.local/lib/python3.8/site-packages/airflow/example_dags/example_sensors.py took 0.042 seconds
[2024-03-22T02:14:27.592+0000] {processor.py:161} INFO - Started process (PID=953) to work on /home/airflow/.local/lib/python3.8/site-packages/airflow/example_dags/example_sensors.py
[2024-03-22T02:14:27.593+0000] {processor.py:830} INFO - Processing file /home/airflow/.local/lib/python3.8/site-packages/airflow/example_dags/example_sensors.py for tasks to queue
[2024-03-22T02:14:27.594+0000] {logging_mixin.py:188} INFO - [2024-03-22T02:14:27.593+0000] {dagbag.py:540} INFO - Filling up the DagBag from /home/airflow/.local/lib/python3.8/site-packages/airflow/example_dags/example_sensors.py
[2024-03-22T02:14:27.599+0000] {processor.py:840} INFO - DAG(s) 'example_sensors' retrieved from /home/airflow/.local/lib/python3.8/site-packages/airflow/example_dags/example_sensors.py
[2024-03-22T02:14:27.613+0000] {logging_mixin.py:188} INFO - [2024-03-22T02:14:27.612+0000] {dag.py:3047} INFO - Sync 1 DAGs
[2024-03-22T02:14:27.619+0000] {logging_mixin.py:188} INFO - [2024-03-22T02:14:27.618+0000] {dag.py:3834} INFO - Setting next_dagrun for example_sensors to None, run_after=None
[2024-03-22T02:14:27.628+0000] {processor.py:183} INFO - Processing /home/airflow/.local/lib/python3.8/site-packages/airflow/example_dags/example_sensors.py took 0.038 seconds
[2024-03-22T02:14:58.493+0000] {processor.py:161} INFO - Started process (PID=1202) to work on /home/airflow/.local/lib/python3.8/site-packages/airflow/example_dags/example_sensors.py
[2024-03-22T02:14:58.494+0000] {processor.py:830} INFO - Processing file /home/airflow/.local/lib/python3.8/site-packages/airflow/example_dags/example_sensors.py for tasks to queue
[2024-03-22T02:14:58.494+0000] {logging_mixin.py:188} INFO - [2024-03-22T02:14:58.494+0000] {dagbag.py:540} INFO - Filling up the DagBag from /home/airflow/.local/lib/python3.8/site-packages/airflow/example_dags/example_sensors.py
[2024-03-22T02:14:58.500+0000] {processor.py:840} INFO - DAG(s) 'example_sensors' retrieved from /home/airflow/.local/lib/python3.8/site-packages/airflow/example_dags/example_sensors.py
[2024-03-22T02:14:58.514+0000] {logging_mixin.py:188} INFO - [2024-03-22T02:14:58.514+0000] {dag.py:3047} INFO - Sync 1 DAGs
[2024-03-22T02:14:58.520+0000] {logging_mixin.py:188} INFO - [2024-03-22T02:14:58.520+0000] {dag.py:3834} INFO - Setting next_dagrun for example_sensors to None, run_after=None
[2024-03-22T02:14:58.529+0000] {processor.py:183} INFO - Processing /home/airflow/.local/lib/python3.8/site-packages/airflow/example_dags/example_sensors.py took 0.038 seconds
[2024-03-22T02:15:29.483+0000] {processor.py:161} INFO - Started process (PID=1449) to work on /home/airflow/.local/lib/python3.8/site-packages/airflow/example_dags/example_sensors.py
[2024-03-22T02:15:29.484+0000] {processor.py:830} INFO - Processing file /home/airflow/.local/lib/python3.8/site-packages/airflow/example_dags/example_sensors.py for tasks to queue
[2024-03-22T02:15:29.485+0000] {logging_mixin.py:188} INFO - [2024-03-22T02:15:29.485+0000] {dagbag.py:540} INFO - Filling up the DagBag from /home/airflow/.local/lib/python3.8/site-packages/airflow/example_dags/example_sensors.py
[2024-03-22T02:15:29.490+0000] {processor.py:840} INFO - DAG(s) 'example_sensors' retrieved from /home/airflow/.local/lib/python3.8/site-packages/airflow/example_dags/example_sensors.py
[2024-03-22T02:15:29.505+0000] {logging_mixin.py:188} INFO - [2024-03-22T02:15:29.505+0000] {dag.py:3047} INFO - Sync 1 DAGs
[2024-03-22T02:15:29.512+0000] {logging_mixin.py:188} INFO - [2024-03-22T02:15:29.511+0000] {dag.py:3834} INFO - Setting next_dagrun for example_sensors to None, run_after=None
[2024-03-22T02:15:29.522+0000] {processor.py:183} INFO - Processing /home/airflow/.local/lib/python3.8/site-packages/airflow/example_dags/example_sensors.py took 0.040 seconds
[2024-03-22T02:16:00.298+0000] {processor.py:161} INFO - Started process (PID=1696) to work on /home/airflow/.local/lib/python3.8/site-packages/airflow/example_dags/example_sensors.py
[2024-03-22T02:16:00.299+0000] {processor.py:830} INFO - Processing file /home/airflow/.local/lib/python3.8/site-packages/airflow/example_dags/example_sensors.py for tasks to queue
[2024-03-22T02:16:00.299+0000] {logging_mixin.py:188} INFO - [2024-03-22T02:16:00.299+0000] {dagbag.py:540} INFO - Filling up the DagBag from /home/airflow/.local/lib/python3.8/site-packages/airflow/example_dags/example_sensors.py
[2024-03-22T02:16:00.305+0000] {processor.py:840} INFO - DAG(s) 'example_sensors' retrieved from /home/airflow/.local/lib/python3.8/site-packages/airflow/example_dags/example_sensors.py
[2024-03-22T02:16:00.319+0000] {logging_mixin.py:188} INFO - [2024-03-22T02:16:00.319+0000] {dag.py:3047} INFO - Sync 1 DAGs
[2024-03-22T02:16:00.325+0000] {logging_mixin.py:188} INFO - [2024-03-22T02:16:00.325+0000] {dag.py:3834} INFO - Setting next_dagrun for example_sensors to None, run_after=None
[2024-03-22T02:16:00.333+0000] {processor.py:183} INFO - Processing /home/airflow/.local/lib/python3.8/site-packages/airflow/example_dags/example_sensors.py took 0.038 seconds
[2024-03-22T02:16:31.389+0000] {processor.py:161} INFO - Started process (PID=1943) to work on /home/airflow/.local/lib/python3.8/site-packages/airflow/example_dags/example_sensors.py
[2024-03-22T02:16:31.390+0000] {processor.py:830} INFO - Processing file /home/airflow/.local/lib/python3.8/site-packages/airflow/example_dags/example_sensors.py for tasks to queue
[2024-03-22T02:16:31.390+0000] {logging_mixin.py:188} INFO - [2024-03-22T02:16:31.390+0000] {dagbag.py:540} INFO - Filling up the DagBag from /home/airflow/.local/lib/python3.8/site-packages/airflow/example_dags/example_sensors.py
[2024-03-22T02:16:31.397+0000] {processor.py:840} INFO - DAG(s) 'example_sensors' retrieved from /home/airflow/.local/lib/python3.8/site-packages/airflow/example_dags/example_sensors.py
[2024-03-22T02:16:31.412+0000] {logging_mixin.py:188} INFO - [2024-03-22T02:16:31.411+0000] {dag.py:3047} INFO - Sync 1 DAGs
[2024-03-22T02:16:31.419+0000] {logging_mixin.py:188} INFO - [2024-03-22T02:16:31.418+0000] {dag.py:3834} INFO - Setting next_dagrun for example_sensors to None, run_after=None
[2024-03-22T02:16:31.430+0000] {processor.py:183} INFO - Processing /home/airflow/.local/lib/python3.8/site-packages/airflow/example_dags/example_sensors.py took 0.043 seconds
[2024-03-22T02:17:02.307+0000] {processor.py:161} INFO - Started process (PID=2214) to work on /home/airflow/.local/lib/python3.8/site-packages/airflow/example_dags/example_sensors.py
[2024-03-22T02:17:02.308+0000] {processor.py:830} INFO - Processing file /home/airflow/.local/lib/python3.8/site-packages/airflow/example_dags/example_sensors.py for tasks to queue
[2024-03-22T02:17:02.309+0000] {logging_mixin.py:188} INFO - [2024-03-22T02:17:02.309+0000] {dagbag.py:540} INFO - Filling up the DagBag from /home/airflow/.local/lib/python3.8/site-packages/airflow/example_dags/example_sensors.py
[2024-03-22T02:17:02.314+0000] {processor.py:840} INFO - DAG(s) 'example_sensors' retrieved from /home/airflow/.local/lib/python3.8/site-packages/airflow/example_dags/example_sensors.py
[2024-03-22T02:17:02.329+0000] {logging_mixin.py:188} INFO - [2024-03-22T02:17:02.329+0000] {dag.py:3047} INFO - Sync 1 DAGs
[2024-03-22T02:17:02.335+0000] {logging_mixin.py:188} INFO - [2024-03-22T02:17:02.335+0000] {dag.py:3834} INFO - Setting next_dagrun for example_sensors to None, run_after=None
[2024-03-22T02:17:02.345+0000] {processor.py:183} INFO - Processing /home/airflow/.local/lib/python3.8/site-packages/airflow/example_dags/example_sensors.py took 0.039 seconds
[2024-03-22T02:17:33.355+0000] {processor.py:161} INFO - Started process (PID=2461) to work on /home/airflow/.local/lib/python3.8/site-packages/airflow/example_dags/example_sensors.py
[2024-03-22T02:17:33.356+0000] {processor.py:830} INFO - Processing file /home/airflow/.local/lib/python3.8/site-packages/airflow/example_dags/example_sensors.py for tasks to queue
[2024-03-22T02:17:33.356+0000] {logging_mixin.py:188} INFO - [2024-03-22T02:17:33.356+0000] {dagbag.py:540} INFO - Filling up the DagBag from /home/airflow/.local/lib/python3.8/site-packages/airflow/example_dags/example_sensors.py
[2024-03-22T02:17:33.362+0000] {processor.py:840} INFO - DAG(s) 'example_sensors' retrieved from /home/airflow/.local/lib/python3.8/site-packages/airflow/example_dags/example_sensors.py
[2024-03-22T02:17:33.376+0000] {logging_mixin.py:188} INFO - [2024-03-22T02:17:33.376+0000] {dag.py:3047} INFO - Sync 1 DAGs
[2024-03-22T02:17:33.383+0000] {logging_mixin.py:188} INFO - [2024-03-22T02:17:33.383+0000] {dag.py:3834} INFO - Setting next_dagrun for example_sensors to None, run_after=None
[2024-03-22T02:17:33.393+0000] {processor.py:183} INFO - Processing /home/airflow/.local/lib/python3.8/site-packages/airflow/example_dags/example_sensors.py took 0.040 seconds
[2024-03-22T02:18:03.426+0000] {processor.py:161} INFO - Started process (PID=2708) to work on /home/airflow/.local/lib/python3.8/site-packages/airflow/example_dags/example_sensors.py
[2024-03-22T02:18:03.427+0000] {processor.py:830} INFO - Processing file /home/airflow/.local/lib/python3.8/site-packages/airflow/example_dags/example_sensors.py for tasks to queue
[2024-03-22T02:18:03.427+0000] {logging_mixin.py:188} INFO - [2024-03-22T02:18:03.427+0000] {dagbag.py:540} INFO - Filling up the DagBag from /home/airflow/.local/lib/python3.8/site-packages/airflow/example_dags/example_sensors.py
[2024-03-22T02:18:03.433+0000] {processor.py:840} INFO - DAG(s) 'example_sensors' retrieved from /home/airflow/.local/lib/python3.8/site-packages/airflow/example_dags/example_sensors.py
[2024-03-22T02:18:03.446+0000] {logging_mixin.py:188} INFO - [2024-03-22T02:18:03.446+0000] {dag.py:3047} INFO - Sync 1 DAGs
[2024-03-22T02:18:03.452+0000] {logging_mixin.py:188} INFO - [2024-03-22T02:18:03.452+0000] {dag.py:3834} INFO - Setting next_dagrun for example_sensors to None, run_after=None
[2024-03-22T02:18:03.460+0000] {processor.py:183} INFO - Processing /home/airflow/.local/lib/python3.8/site-packages/airflow/example_dags/example_sensors.py took 0.036 seconds
[2024-03-22T02:18:34.272+0000] {processor.py:161} INFO - Started process (PID=2953) to work on /home/airflow/.local/lib/python3.8/site-packages/airflow/example_dags/example_sensors.py
[2024-03-22T02:18:34.272+0000] {processor.py:830} INFO - Processing file /home/airflow/.local/lib/python3.8/site-packages/airflow/example_dags/example_sensors.py for tasks to queue
[2024-03-22T02:18:34.273+0000] {logging_mixin.py:188} INFO - [2024-03-22T02:18:34.273+0000] {dagbag.py:540} INFO - Filling up the DagBag from /home/airflow/.local/lib/python3.8/site-packages/airflow/example_dags/example_sensors.py
[2024-03-22T02:18:34.279+0000] {processor.py:840} INFO - DAG(s) 'example_sensors' retrieved from /home/airflow/.local/lib/python3.8/site-packages/airflow/example_dags/example_sensors.py
[2024-03-22T02:18:34.293+0000] {logging_mixin.py:188} INFO - [2024-03-22T02:18:34.293+0000] {dag.py:3047} INFO - Sync 1 DAGs
[2024-03-22T02:18:34.300+0000] {logging_mixin.py:188} INFO - [2024-03-22T02:18:34.300+0000] {dag.py:3834} INFO - Setting next_dagrun for example_sensors to None, run_after=None
[2024-03-22T02:18:34.309+0000] {processor.py:183} INFO - Processing /home/airflow/.local/lib/python3.8/site-packages/airflow/example_dags/example_sensors.py took 0.040 seconds
[2024-03-22T02:19:04.360+0000] {processor.py:161} INFO - Started process (PID=3202) to work on /home/airflow/.local/lib/python3.8/site-packages/airflow/example_dags/example_sensors.py
[2024-03-22T02:19:04.361+0000] {processor.py:830} INFO - Processing file /home/airflow/.local/lib/python3.8/site-packages/airflow/example_dags/example_sensors.py for tasks to queue
[2024-03-22T02:19:04.362+0000] {logging_mixin.py:188} INFO - [2024-03-22T02:19:04.361+0000] {dagbag.py:540} INFO - Filling up the DagBag from /home/airflow/.local/lib/python3.8/site-packages/airflow/example_dags/example_sensors.py
[2024-03-22T02:19:04.367+0000] {processor.py:840} INFO - DAG(s) 'example_sensors' retrieved from /home/airflow/.local/lib/python3.8/site-packages/airflow/example_dags/example_sensors.py
[2024-03-22T02:19:04.382+0000] {logging_mixin.py:188} INFO - [2024-03-22T02:19:04.382+0000] {dag.py:3047} INFO - Sync 1 DAGs
[2024-03-22T02:19:04.389+0000] {logging_mixin.py:188} INFO - [2024-03-22T02:19:04.388+0000] {dag.py:3834} INFO - Setting next_dagrun for example_sensors to None, run_after=None
[2024-03-22T02:19:04.399+0000] {processor.py:183} INFO - Processing /home/airflow/.local/lib/python3.8/site-packages/airflow/example_dags/example_sensors.py took 0.041 seconds
[2024-03-22T02:19:34.531+0000] {processor.py:161} INFO - Started process (PID=3449) to work on /home/airflow/.local/lib/python3.8/site-packages/airflow/example_dags/example_sensors.py
[2024-03-22T02:19:34.532+0000] {processor.py:830} INFO - Processing file /home/airflow/.local/lib/python3.8/site-packages/airflow/example_dags/example_sensors.py for tasks to queue
[2024-03-22T02:19:34.532+0000] {logging_mixin.py:188} INFO - [2024-03-22T02:19:34.532+0000] {dagbag.py:540} INFO - Filling up the DagBag from /home/airflow/.local/lib/python3.8/site-packages/airflow/example_dags/example_sensors.py
[2024-03-22T02:19:34.538+0000] {processor.py:840} INFO - DAG(s) 'example_sensors' retrieved from /home/airflow/.local/lib/python3.8/site-packages/airflow/example_dags/example_sensors.py
[2024-03-22T02:19:34.552+0000] {logging_mixin.py:188} INFO - [2024-03-22T02:19:34.552+0000] {dag.py:3047} INFO - Sync 1 DAGs
[2024-03-22T02:19:34.558+0000] {logging_mixin.py:188} INFO - [2024-03-22T02:19:34.558+0000] {dag.py:3834} INFO - Setting next_dagrun for example_sensors to None, run_after=None
[2024-03-22T02:19:34.567+0000] {processor.py:183} INFO - Processing /home/airflow/.local/lib/python3.8/site-packages/airflow/example_dags/example_sensors.py took 0.038 seconds
[2024-03-22T03:21:01.056+0000] {processor.py:161} INFO - Started process (PID=214) to work on /home/airflow/.local/lib/python3.8/site-packages/airflow/example_dags/example_sensors.py
[2024-03-22T03:21:01.057+0000] {processor.py:830} INFO - Processing file /home/airflow/.local/lib/python3.8/site-packages/airflow/example_dags/example_sensors.py for tasks to queue
[2024-03-22T03:21:01.057+0000] {logging_mixin.py:188} INFO - [2024-03-22T03:21:01.057+0000] {dagbag.py:540} INFO - Filling up the DagBag from /home/airflow/.local/lib/python3.8/site-packages/airflow/example_dags/example_sensors.py
[2024-03-22T03:21:01.063+0000] {processor.py:840} INFO - DAG(s) 'example_sensors' retrieved from /home/airflow/.local/lib/python3.8/site-packages/airflow/example_dags/example_sensors.py
[2024-03-22T03:21:01.118+0000] {logging_mixin.py:188} INFO - [2024-03-22T03:21:01.118+0000] {override.py:1769} INFO - Created Permission View: can read on DAG:example_sensors
[2024-03-22T03:21:01.123+0000] {logging_mixin.py:188} INFO - [2024-03-22T03:21:01.123+0000] {override.py:1769} INFO - Created Permission View: can delete on DAG:example_sensors
[2024-03-22T03:21:01.127+0000] {logging_mixin.py:188} INFO - [2024-03-22T03:21:01.127+0000] {override.py:1769} INFO - Created Permission View: can edit on DAG:example_sensors
[2024-03-22T03:21:01.127+0000] {logging_mixin.py:188} INFO - [2024-03-22T03:21:01.127+0000] {dag.py:3047} INFO - Sync 1 DAGs
[2024-03-22T03:21:01.132+0000] {logging_mixin.py:188} INFO - [2024-03-22T03:21:01.132+0000] {dag.py:3069} INFO - Creating ORM DAG for example_sensors
[2024-03-22T03:21:01.133+0000] {logging_mixin.py:188} INFO - [2024-03-22T03:21:01.133+0000] {dag.py:3834} INFO - Setting next_dagrun for example_sensors to None, run_after=None
[2024-03-22T03:21:01.140+0000] {processor.py:183} INFO - Processing /home/airflow/.local/lib/python3.8/site-packages/airflow/example_dags/example_sensors.py took 0.086 seconds
[2024-03-22T03:21:31.195+0000] {processor.py:161} INFO - Started process (PID=461) to work on /home/airflow/.local/lib/python3.8/site-packages/airflow/example_dags/example_sensors.py
[2024-03-22T03:21:31.195+0000] {processor.py:830} INFO - Processing file /home/airflow/.local/lib/python3.8/site-packages/airflow/example_dags/example_sensors.py for tasks to queue
[2024-03-22T03:21:31.196+0000] {logging_mixin.py:188} INFO - [2024-03-22T03:21:31.196+0000] {dagbag.py:540} INFO - Filling up the DagBag from /home/airflow/.local/lib/python3.8/site-packages/airflow/example_dags/example_sensors.py
[2024-03-22T03:21:31.202+0000] {processor.py:840} INFO - DAG(s) 'example_sensors' retrieved from /home/airflow/.local/lib/python3.8/site-packages/airflow/example_dags/example_sensors.py
[2024-03-22T03:21:31.215+0000] {logging_mixin.py:188} INFO - [2024-03-22T03:21:31.215+0000] {dag.py:3047} INFO - Sync 1 DAGs
[2024-03-22T03:21:31.221+0000] {logging_mixin.py:188} INFO - [2024-03-22T03:21:31.221+0000] {dag.py:3834} INFO - Setting next_dagrun for example_sensors to None, run_after=None
[2024-03-22T03:21:31.230+0000] {processor.py:183} INFO - Processing /home/airflow/.local/lib/python3.8/site-packages/airflow/example_dags/example_sensors.py took 0.037 seconds
[2024-03-22T03:22:02.002+0000] {processor.py:161} INFO - Started process (PID=708) to work on /home/airflow/.local/lib/python3.8/site-packages/airflow/example_dags/example_sensors.py
[2024-03-22T03:22:02.003+0000] {processor.py:830} INFO - Processing file /home/airflow/.local/lib/python3.8/site-packages/airflow/example_dags/example_sensors.py for tasks to queue
[2024-03-22T03:22:02.004+0000] {logging_mixin.py:188} INFO - [2024-03-22T03:22:02.004+0000] {dagbag.py:540} INFO - Filling up the DagBag from /home/airflow/.local/lib/python3.8/site-packages/airflow/example_dags/example_sensors.py
[2024-03-22T03:22:02.009+0000] {processor.py:840} INFO - DAG(s) 'example_sensors' retrieved from /home/airflow/.local/lib/python3.8/site-packages/airflow/example_dags/example_sensors.py
[2024-03-22T03:22:02.022+0000] {logging_mixin.py:188} INFO - [2024-03-22T03:22:02.022+0000] {dag.py:3047} INFO - Sync 1 DAGs
[2024-03-22T03:22:02.028+0000] {logging_mixin.py:188} INFO - [2024-03-22T03:22:02.028+0000] {dag.py:3834} INFO - Setting next_dagrun for example_sensors to None, run_after=None
[2024-03-22T03:22:02.037+0000] {processor.py:183} INFO - Processing /home/airflow/.local/lib/python3.8/site-packages/airflow/example_dags/example_sensors.py took 0.036 seconds
[2024-03-22T03:22:32.812+0000] {processor.py:161} INFO - Started process (PID=955) to work on /home/airflow/.local/lib/python3.8/site-packages/airflow/example_dags/example_sensors.py
[2024-03-22T03:22:32.813+0000] {processor.py:830} INFO - Processing file /home/airflow/.local/lib/python3.8/site-packages/airflow/example_dags/example_sensors.py for tasks to queue
[2024-03-22T03:22:32.813+0000] {logging_mixin.py:188} INFO - [2024-03-22T03:22:32.813+0000] {dagbag.py:540} INFO - Filling up the DagBag from /home/airflow/.local/lib/python3.8/site-packages/airflow/example_dags/example_sensors.py
[2024-03-22T03:22:32.819+0000] {processor.py:840} INFO - DAG(s) 'example_sensors' retrieved from /home/airflow/.local/lib/python3.8/site-packages/airflow/example_dags/example_sensors.py
[2024-03-22T03:22:32.833+0000] {logging_mixin.py:188} INFO - [2024-03-22T03:22:32.832+0000] {dag.py:3047} INFO - Sync 1 DAGs
[2024-03-22T03:22:32.839+0000] {logging_mixin.py:188} INFO - [2024-03-22T03:22:32.839+0000] {dag.py:3834} INFO - Setting next_dagrun for example_sensors to None, run_after=None
[2024-03-22T03:22:32.847+0000] {processor.py:183} INFO - Processing /home/airflow/.local/lib/python3.8/site-packages/airflow/example_dags/example_sensors.py took 0.037 seconds
[2024-03-22T03:23:03.639+0000] {processor.py:161} INFO - Started process (PID=1202) to work on /home/airflow/.local/lib/python3.8/site-packages/airflow/example_dags/example_sensors.py
[2024-03-22T03:23:03.640+0000] {processor.py:830} INFO - Processing file /home/airflow/.local/lib/python3.8/site-packages/airflow/example_dags/example_sensors.py for tasks to queue
[2024-03-22T03:23:03.641+0000] {logging_mixin.py:188} INFO - [2024-03-22T03:23:03.641+0000] {dagbag.py:540} INFO - Filling up the DagBag from /home/airflow/.local/lib/python3.8/site-packages/airflow/example_dags/example_sensors.py
[2024-03-22T03:23:03.646+0000] {processor.py:840} INFO - DAG(s) 'example_sensors' retrieved from /home/airflow/.local/lib/python3.8/site-packages/airflow/example_dags/example_sensors.py
[2024-03-22T03:23:03.660+0000] {logging_mixin.py:188} INFO - [2024-03-22T03:23:03.660+0000] {dag.py:3047} INFO - Sync 1 DAGs
[2024-03-22T03:23:03.666+0000] {logging_mixin.py:188} INFO - [2024-03-22T03:23:03.666+0000] {dag.py:3834} INFO - Setting next_dagrun for example_sensors to None, run_after=None
[2024-03-22T03:23:03.675+0000] {processor.py:183} INFO - Processing /home/airflow/.local/lib/python3.8/site-packages/airflow/example_dags/example_sensors.py took 0.038 seconds
