[2024-03-22T02:12:56.469+0000] {processor.py:161} INFO - Started process (PID=269) to work on /home/airflow/.local/lib/python3.8/site-packages/airflow/example_dags/example_xcom.py
[2024-03-22T02:12:56.469+0000] {processor.py:830} INFO - Processing file /home/airflow/.local/lib/python3.8/site-packages/airflow/example_dags/example_xcom.py for tasks to queue
[2024-03-22T02:12:56.470+0000] {logging_mixin.py:188} INFO - [2024-03-22T02:12:56.470+0000] {dagbag.py:540} INFO - Filling up the DagBag from /home/airflow/.local/lib/python3.8/site-packages/airflow/example_dags/example_xcom.py
[2024-03-22T02:12:56.476+0000] {processor.py:840} INFO - DAG(s) 'example_xcom' retrieved from /home/airflow/.local/lib/python3.8/site-packages/airflow/example_dags/example_xcom.py
[2024-03-22T02:12:56.483+0000] {logging_mixin.py:188} INFO - [2024-03-22T02:12:56.483+0000] {dag.py:3047} INFO - Sync 1 DAGs
[2024-03-22T02:12:56.495+0000] {logging_mixin.py:188} INFO - [2024-03-22T02:12:56.495+0000] {dag.py:3834} INFO - Setting next_dagrun for example_xcom to 2021-01-01 00:00:00+00:00, run_after=2021-01-01 00:00:00+00:00
[2024-03-22T02:12:56.505+0000] {processor.py:183} INFO - Processing /home/airflow/.local/lib/python3.8/site-packages/airflow/example_dags/example_xcom.py took 0.038 seconds
[2024-03-22T02:13:27.379+0000] {processor.py:161} INFO - Started process (PID=514) to work on /home/airflow/.local/lib/python3.8/site-packages/airflow/example_dags/example_xcom.py
[2024-03-22T02:13:27.380+0000] {processor.py:830} INFO - Processing file /home/airflow/.local/lib/python3.8/site-packages/airflow/example_dags/example_xcom.py for tasks to queue
[2024-03-22T02:13:27.380+0000] {logging_mixin.py:188} INFO - [2024-03-22T02:13:27.380+0000] {dagbag.py:540} INFO - Filling up the DagBag from /home/airflow/.local/lib/python3.8/site-packages/airflow/example_dags/example_xcom.py
[2024-03-22T02:13:27.385+0000] {processor.py:840} INFO - DAG(s) 'example_xcom' retrieved from /home/airflow/.local/lib/python3.8/site-packages/airflow/example_dags/example_xcom.py
[2024-03-22T02:13:27.433+0000] {logging_mixin.py:188} INFO - [2024-03-22T02:13:27.433+0000] {dag.py:3047} INFO - Sync 1 DAGs
[2024-03-22T02:13:27.442+0000] {logging_mixin.py:188} INFO - [2024-03-22T02:13:27.441+0000] {dag.py:3834} INFO - Setting next_dagrun for example_xcom to 2021-01-01 00:00:00+00:00, run_after=2021-01-01 00:00:00+00:00
[2024-03-22T02:13:27.452+0000] {processor.py:183} INFO - Processing /home/airflow/.local/lib/python3.8/site-packages/airflow/example_dags/example_xcom.py took 0.075 seconds
[2024-03-22T02:13:57.806+0000] {processor.py:161} INFO - Started process (PID=761) to work on /home/airflow/.local/lib/python3.8/site-packages/airflow/example_dags/example_xcom.py
[2024-03-22T02:13:57.807+0000] {processor.py:830} INFO - Processing file /home/airflow/.local/lib/python3.8/site-packages/airflow/example_dags/example_xcom.py for tasks to queue
[2024-03-22T02:13:57.807+0000] {logging_mixin.py:188} INFO - [2024-03-22T02:13:57.807+0000] {dagbag.py:540} INFO - Filling up the DagBag from /home/airflow/.local/lib/python3.8/site-packages/airflow/example_dags/example_xcom.py
[2024-03-22T02:13:57.812+0000] {processor.py:840} INFO - DAG(s) 'example_xcom' retrieved from /home/airflow/.local/lib/python3.8/site-packages/airflow/example_dags/example_xcom.py
[2024-03-22T02:13:57.825+0000] {logging_mixin.py:188} INFO - [2024-03-22T02:13:57.825+0000] {dag.py:3047} INFO - Sync 1 DAGs
[2024-03-22T02:13:57.836+0000] {logging_mixin.py:188} INFO - [2024-03-22T02:13:57.836+0000] {dag.py:3834} INFO - Setting next_dagrun for example_xcom to 2021-01-01 00:00:00+00:00, run_after=2021-01-01 00:00:00+00:00
[2024-03-22T02:13:57.846+0000] {processor.py:183} INFO - Processing /home/airflow/.local/lib/python3.8/site-packages/airflow/example_dags/example_xcom.py took 0.043 seconds
[2024-03-22T02:14:27.882+0000] {processor.py:161} INFO - Started process (PID=1008) to work on /home/airflow/.local/lib/python3.8/site-packages/airflow/example_dags/example_xcom.py
[2024-03-22T02:14:27.883+0000] {processor.py:830} INFO - Processing file /home/airflow/.local/lib/python3.8/site-packages/airflow/example_dags/example_xcom.py for tasks to queue
[2024-03-22T02:14:27.884+0000] {logging_mixin.py:188} INFO - [2024-03-22T02:14:27.883+0000] {dagbag.py:540} INFO - Filling up the DagBag from /home/airflow/.local/lib/python3.8/site-packages/airflow/example_dags/example_xcom.py
[2024-03-22T02:14:27.888+0000] {processor.py:840} INFO - DAG(s) 'example_xcom' retrieved from /home/airflow/.local/lib/python3.8/site-packages/airflow/example_dags/example_xcom.py
[2024-03-22T02:14:27.900+0000] {logging_mixin.py:188} INFO - [2024-03-22T02:14:27.900+0000] {dag.py:3047} INFO - Sync 1 DAGs
[2024-03-22T02:14:27.911+0000] {logging_mixin.py:188} INFO - [2024-03-22T02:14:27.911+0000] {dag.py:3834} INFO - Setting next_dagrun for example_xcom to 2021-01-01 00:00:00+00:00, run_after=2021-01-01 00:00:00+00:00
[2024-03-22T02:14:27.921+0000] {processor.py:183} INFO - Processing /home/airflow/.local/lib/python3.8/site-packages/airflow/example_dags/example_xcom.py took 0.041 seconds
[2024-03-22T02:14:58.774+0000] {processor.py:161} INFO - Started process (PID=1255) to work on /home/airflow/.local/lib/python3.8/site-packages/airflow/example_dags/example_xcom.py
[2024-03-22T02:14:58.775+0000] {processor.py:830} INFO - Processing file /home/airflow/.local/lib/python3.8/site-packages/airflow/example_dags/example_xcom.py for tasks to queue
[2024-03-22T02:14:58.776+0000] {logging_mixin.py:188} INFO - [2024-03-22T02:14:58.775+0000] {dagbag.py:540} INFO - Filling up the DagBag from /home/airflow/.local/lib/python3.8/site-packages/airflow/example_dags/example_xcom.py
[2024-03-22T02:14:58.780+0000] {processor.py:840} INFO - DAG(s) 'example_xcom' retrieved from /home/airflow/.local/lib/python3.8/site-packages/airflow/example_dags/example_xcom.py
[2024-03-22T02:14:58.793+0000] {logging_mixin.py:188} INFO - [2024-03-22T02:14:58.792+0000] {dag.py:3047} INFO - Sync 1 DAGs
[2024-03-22T02:14:58.803+0000] {logging_mixin.py:188} INFO - [2024-03-22T02:14:58.803+0000] {dag.py:3834} INFO - Setting next_dagrun for example_xcom to 2021-01-01 00:00:00+00:00, run_after=2021-01-01 00:00:00+00:00
[2024-03-22T02:14:58.811+0000] {processor.py:183} INFO - Processing /home/airflow/.local/lib/python3.8/site-packages/airflow/example_dags/example_xcom.py took 0.039 seconds
[2024-03-22T02:15:29.768+0000] {processor.py:161} INFO - Started process (PID=1502) to work on /home/airflow/.local/lib/python3.8/site-packages/airflow/example_dags/example_xcom.py
[2024-03-22T02:15:29.769+0000] {processor.py:830} INFO - Processing file /home/airflow/.local/lib/python3.8/site-packages/airflow/example_dags/example_xcom.py for tasks to queue
[2024-03-22T02:15:29.769+0000] {logging_mixin.py:188} INFO - [2024-03-22T02:15:29.769+0000] {dagbag.py:540} INFO - Filling up the DagBag from /home/airflow/.local/lib/python3.8/site-packages/airflow/example_dags/example_xcom.py
[2024-03-22T02:15:29.774+0000] {processor.py:840} INFO - DAG(s) 'example_xcom' retrieved from /home/airflow/.local/lib/python3.8/site-packages/airflow/example_dags/example_xcom.py
[2024-03-22T02:15:29.786+0000] {logging_mixin.py:188} INFO - [2024-03-22T02:15:29.786+0000] {dag.py:3047} INFO - Sync 1 DAGs
[2024-03-22T02:15:29.795+0000] {logging_mixin.py:188} INFO - [2024-03-22T02:15:29.795+0000] {dag.py:3834} INFO - Setting next_dagrun for example_xcom to 2021-01-01 00:00:00+00:00, run_after=2021-01-01 00:00:00+00:00
[2024-03-22T02:15:29.804+0000] {processor.py:183} INFO - Processing /home/airflow/.local/lib/python3.8/site-packages/airflow/example_dags/example_xcom.py took 0.038 seconds
[2024-03-22T02:16:00.693+0000] {processor.py:161} INFO - Started process (PID=1749) to work on /home/airflow/.local/lib/python3.8/site-packages/airflow/example_dags/example_xcom.py
[2024-03-22T02:16:00.694+0000] {processor.py:830} INFO - Processing file /home/airflow/.local/lib/python3.8/site-packages/airflow/example_dags/example_xcom.py for tasks to queue
[2024-03-22T02:16:00.694+0000] {logging_mixin.py:188} INFO - [2024-03-22T02:16:00.694+0000] {dagbag.py:540} INFO - Filling up the DagBag from /home/airflow/.local/lib/python3.8/site-packages/airflow/example_dags/example_xcom.py
[2024-03-22T02:16:00.699+0000] {processor.py:840} INFO - DAG(s) 'example_xcom' retrieved from /home/airflow/.local/lib/python3.8/site-packages/airflow/example_dags/example_xcom.py
[2024-03-22T02:16:00.711+0000] {logging_mixin.py:188} INFO - [2024-03-22T02:16:00.711+0000] {dag.py:3047} INFO - Sync 1 DAGs
[2024-03-22T02:16:00.723+0000] {logging_mixin.py:188} INFO - [2024-03-22T02:16:00.723+0000] {dag.py:3834} INFO - Setting next_dagrun for example_xcom to 2021-01-01 00:00:00+00:00, run_after=2021-01-01 00:00:00+00:00
[2024-03-22T02:16:00.732+0000] {processor.py:183} INFO - Processing /home/airflow/.local/lib/python3.8/site-packages/airflow/example_dags/example_xcom.py took 0.042 seconds
[2024-03-22T02:16:31.720+0000] {processor.py:161} INFO - Started process (PID=1996) to work on /home/airflow/.local/lib/python3.8/site-packages/airflow/example_dags/example_xcom.py
[2024-03-22T02:16:31.721+0000] {processor.py:830} INFO - Processing file /home/airflow/.local/lib/python3.8/site-packages/airflow/example_dags/example_xcom.py for tasks to queue
[2024-03-22T02:16:31.722+0000] {logging_mixin.py:188} INFO - [2024-03-22T02:16:31.722+0000] {dagbag.py:540} INFO - Filling up the DagBag from /home/airflow/.local/lib/python3.8/site-packages/airflow/example_dags/example_xcom.py
[2024-03-22T02:16:31.726+0000] {processor.py:840} INFO - DAG(s) 'example_xcom' retrieved from /home/airflow/.local/lib/python3.8/site-packages/airflow/example_dags/example_xcom.py
[2024-03-22T02:16:31.740+0000] {logging_mixin.py:188} INFO - [2024-03-22T02:16:31.739+0000] {dag.py:3047} INFO - Sync 1 DAGs
[2024-03-22T02:16:31.750+0000] {logging_mixin.py:188} INFO - [2024-03-22T02:16:31.750+0000] {dag.py:3834} INFO - Setting next_dagrun for example_xcom to 2021-01-01 00:00:00+00:00, run_after=2021-01-01 00:00:00+00:00
[2024-03-22T02:16:31.761+0000] {processor.py:183} INFO - Processing /home/airflow/.local/lib/python3.8/site-packages/airflow/example_dags/example_xcom.py took 0.043 seconds
[2024-03-22T02:17:02.602+0000] {processor.py:161} INFO - Started process (PID=2267) to work on /home/airflow/.local/lib/python3.8/site-packages/airflow/example_dags/example_xcom.py
[2024-03-22T02:17:02.603+0000] {processor.py:830} INFO - Processing file /home/airflow/.local/lib/python3.8/site-packages/airflow/example_dags/example_xcom.py for tasks to queue
[2024-03-22T02:17:02.603+0000] {logging_mixin.py:188} INFO - [2024-03-22T02:17:02.603+0000] {dagbag.py:540} INFO - Filling up the DagBag from /home/airflow/.local/lib/python3.8/site-packages/airflow/example_dags/example_xcom.py
[2024-03-22T02:17:02.608+0000] {processor.py:840} INFO - DAG(s) 'example_xcom' retrieved from /home/airflow/.local/lib/python3.8/site-packages/airflow/example_dags/example_xcom.py
[2024-03-22T02:17:02.621+0000] {logging_mixin.py:188} INFO - [2024-03-22T02:17:02.621+0000] {dag.py:3047} INFO - Sync 1 DAGs
[2024-03-22T02:17:02.631+0000] {logging_mixin.py:188} INFO - [2024-03-22T02:17:02.631+0000] {dag.py:3834} INFO - Setting next_dagrun for example_xcom to 2021-01-01 00:00:00+00:00, run_after=2021-01-01 00:00:00+00:00
[2024-03-22T02:17:02.641+0000] {processor.py:183} INFO - Processing /home/airflow/.local/lib/python3.8/site-packages/airflow/example_dags/example_xcom.py took 0.041 seconds
[2024-03-22T02:17:33.647+0000] {processor.py:161} INFO - Started process (PID=2514) to work on /home/airflow/.local/lib/python3.8/site-packages/airflow/example_dags/example_xcom.py
[2024-03-22T02:17:33.647+0000] {processor.py:830} INFO - Processing file /home/airflow/.local/lib/python3.8/site-packages/airflow/example_dags/example_xcom.py for tasks to queue
[2024-03-22T02:17:33.648+0000] {logging_mixin.py:188} INFO - [2024-03-22T02:17:33.648+0000] {dagbag.py:540} INFO - Filling up the DagBag from /home/airflow/.local/lib/python3.8/site-packages/airflow/example_dags/example_xcom.py
[2024-03-22T02:17:33.653+0000] {processor.py:840} INFO - DAG(s) 'example_xcom' retrieved from /home/airflow/.local/lib/python3.8/site-packages/airflow/example_dags/example_xcom.py
[2024-03-22T02:17:33.665+0000] {logging_mixin.py:188} INFO - [2024-03-22T02:17:33.665+0000] {dag.py:3047} INFO - Sync 1 DAGs
[2024-03-22T02:17:33.676+0000] {logging_mixin.py:188} INFO - [2024-03-22T02:17:33.676+0000] {dag.py:3834} INFO - Setting next_dagrun for example_xcom to 2021-01-01 00:00:00+00:00, run_after=2021-01-01 00:00:00+00:00
[2024-03-22T02:17:33.686+0000] {processor.py:183} INFO - Processing /home/airflow/.local/lib/python3.8/site-packages/airflow/example_dags/example_xcom.py took 0.042 seconds
[2024-03-22T02:18:03.741+0000] {processor.py:161} INFO - Started process (PID=2761) to work on /home/airflow/.local/lib/python3.8/site-packages/airflow/example_dags/example_xcom.py
[2024-03-22T02:18:03.741+0000] {processor.py:830} INFO - Processing file /home/airflow/.local/lib/python3.8/site-packages/airflow/example_dags/example_xcom.py for tasks to queue
[2024-03-22T02:18:03.742+0000] {logging_mixin.py:188} INFO - [2024-03-22T02:18:03.742+0000] {dagbag.py:540} INFO - Filling up the DagBag from /home/airflow/.local/lib/python3.8/site-packages/airflow/example_dags/example_xcom.py
[2024-03-22T02:18:03.746+0000] {processor.py:840} INFO - DAG(s) 'example_xcom' retrieved from /home/airflow/.local/lib/python3.8/site-packages/airflow/example_dags/example_xcom.py
[2024-03-22T02:18:03.759+0000] {logging_mixin.py:188} INFO - [2024-03-22T02:18:03.759+0000] {dag.py:3047} INFO - Sync 1 DAGs
[2024-03-22T02:18:03.770+0000] {logging_mixin.py:188} INFO - [2024-03-22T02:18:03.769+0000] {dag.py:3834} INFO - Setting next_dagrun for example_xcom to 2021-01-01 00:00:00+00:00, run_after=2021-01-01 00:00:00+00:00
[2024-03-22T02:18:03.779+0000] {processor.py:183} INFO - Processing /home/airflow/.local/lib/python3.8/site-packages/airflow/example_dags/example_xcom.py took 0.041 seconds
[2024-03-22T02:18:34.600+0000] {processor.py:161} INFO - Started process (PID=3008) to work on /home/airflow/.local/lib/python3.8/site-packages/airflow/example_dags/example_xcom.py
[2024-03-22T02:18:34.600+0000] {processor.py:830} INFO - Processing file /home/airflow/.local/lib/python3.8/site-packages/airflow/example_dags/example_xcom.py for tasks to queue
[2024-03-22T02:18:34.601+0000] {logging_mixin.py:188} INFO - [2024-03-22T02:18:34.601+0000] {dagbag.py:540} INFO - Filling up the DagBag from /home/airflow/.local/lib/python3.8/site-packages/airflow/example_dags/example_xcom.py
[2024-03-22T02:18:34.606+0000] {processor.py:840} INFO - DAG(s) 'example_xcom' retrieved from /home/airflow/.local/lib/python3.8/site-packages/airflow/example_dags/example_xcom.py
[2024-03-22T02:18:34.621+0000] {logging_mixin.py:188} INFO - [2024-03-22T02:18:34.621+0000] {dag.py:3047} INFO - Sync 1 DAGs
[2024-03-22T02:18:34.632+0000] {logging_mixin.py:188} INFO - [2024-03-22T02:18:34.632+0000] {dag.py:3834} INFO - Setting next_dagrun for example_xcom to 2021-01-01 00:00:00+00:00, run_after=2021-01-01 00:00:00+00:00
[2024-03-22T02:18:34.643+0000] {processor.py:183} INFO - Processing /home/airflow/.local/lib/python3.8/site-packages/airflow/example_dags/example_xcom.py took 0.046 seconds
[2024-03-22T02:19:04.807+0000] {processor.py:161} INFO - Started process (PID=3257) to work on /home/airflow/.local/lib/python3.8/site-packages/airflow/example_dags/example_xcom.py
[2024-03-22T02:19:04.808+0000] {processor.py:830} INFO - Processing file /home/airflow/.local/lib/python3.8/site-packages/airflow/example_dags/example_xcom.py for tasks to queue
[2024-03-22T02:19:04.809+0000] {logging_mixin.py:188} INFO - [2024-03-22T02:19:04.809+0000] {dagbag.py:540} INFO - Filling up the DagBag from /home/airflow/.local/lib/python3.8/site-packages/airflow/example_dags/example_xcom.py
[2024-03-22T02:19:04.814+0000] {processor.py:840} INFO - DAG(s) 'example_xcom' retrieved from /home/airflow/.local/lib/python3.8/site-packages/airflow/example_dags/example_xcom.py
[2024-03-22T02:19:04.827+0000] {logging_mixin.py:188} INFO - [2024-03-22T02:19:04.827+0000] {dag.py:3047} INFO - Sync 1 DAGs
[2024-03-22T02:19:04.839+0000] {logging_mixin.py:188} INFO - [2024-03-22T02:19:04.839+0000] {dag.py:3834} INFO - Setting next_dagrun for example_xcom to 2021-01-01 00:00:00+00:00, run_after=2021-01-01 00:00:00+00:00
[2024-03-22T02:19:04.849+0000] {processor.py:183} INFO - Processing /home/airflow/.local/lib/python3.8/site-packages/airflow/example_dags/example_xcom.py took 0.044 seconds
[2024-03-22T02:19:34.890+0000] {processor.py:161} INFO - Started process (PID=3504) to work on /home/airflow/.local/lib/python3.8/site-packages/airflow/example_dags/example_xcom.py
[2024-03-22T02:19:34.891+0000] {processor.py:830} INFO - Processing file /home/airflow/.local/lib/python3.8/site-packages/airflow/example_dags/example_xcom.py for tasks to queue
[2024-03-22T02:19:34.891+0000] {logging_mixin.py:188} INFO - [2024-03-22T02:19:34.891+0000] {dagbag.py:540} INFO - Filling up the DagBag from /home/airflow/.local/lib/python3.8/site-packages/airflow/example_dags/example_xcom.py
[2024-03-22T02:19:34.896+0000] {processor.py:840} INFO - DAG(s) 'example_xcom' retrieved from /home/airflow/.local/lib/python3.8/site-packages/airflow/example_dags/example_xcom.py
[2024-03-22T02:19:34.909+0000] {logging_mixin.py:188} INFO - [2024-03-22T02:19:34.908+0000] {dag.py:3047} INFO - Sync 1 DAGs
[2024-03-22T02:19:34.919+0000] {logging_mixin.py:188} INFO - [2024-03-22T02:19:34.919+0000] {dag.py:3834} INFO - Setting next_dagrun for example_xcom to 2021-01-01 00:00:00+00:00, run_after=2021-01-01 00:00:00+00:00
[2024-03-22T02:19:34.929+0000] {processor.py:183} INFO - Processing /home/airflow/.local/lib/python3.8/site-packages/airflow/example_dags/example_xcom.py took 0.041 seconds
[2024-03-22T03:21:01.614+0000] {processor.py:161} INFO - Started process (PID=267) to work on /home/airflow/.local/lib/python3.8/site-packages/airflow/example_dags/example_xcom.py
[2024-03-22T03:21:01.615+0000] {processor.py:830} INFO - Processing file /home/airflow/.local/lib/python3.8/site-packages/airflow/example_dags/example_xcom.py for tasks to queue
[2024-03-22T03:21:01.616+0000] {logging_mixin.py:188} INFO - [2024-03-22T03:21:01.616+0000] {dagbag.py:540} INFO - Filling up the DagBag from /home/airflow/.local/lib/python3.8/site-packages/airflow/example_dags/example_xcom.py
[2024-03-22T03:21:01.621+0000] {processor.py:840} INFO - DAG(s) 'example_xcom' retrieved from /home/airflow/.local/lib/python3.8/site-packages/airflow/example_dags/example_xcom.py
[2024-03-22T03:21:01.672+0000] {logging_mixin.py:188} INFO - [2024-03-22T03:21:01.671+0000] {override.py:1769} INFO - Created Permission View: can read on DAG:example_xcom
[2024-03-22T03:21:01.676+0000] {logging_mixin.py:188} INFO - [2024-03-22T03:21:01.676+0000] {override.py:1769} INFO - Created Permission View: can delete on DAG:example_xcom
[2024-03-22T03:21:01.680+0000] {logging_mixin.py:188} INFO - [2024-03-22T03:21:01.680+0000] {override.py:1769} INFO - Created Permission View: can edit on DAG:example_xcom
[2024-03-22T03:21:01.680+0000] {logging_mixin.py:188} INFO - [2024-03-22T03:21:01.680+0000] {dag.py:3047} INFO - Sync 1 DAGs
[2024-03-22T03:21:01.686+0000] {logging_mixin.py:188} INFO - [2024-03-22T03:21:01.686+0000] {dag.py:3069} INFO - Creating ORM DAG for example_xcom
[2024-03-22T03:21:01.691+0000] {logging_mixin.py:188} INFO - [2024-03-22T03:21:01.691+0000] {dag.py:3834} INFO - Setting next_dagrun for example_xcom to 2021-01-01 00:00:00+00:00, run_after=2021-01-01 00:00:00+00:00
[2024-03-22T03:21:01.700+0000] {processor.py:183} INFO - Processing /home/airflow/.local/lib/python3.8/site-packages/airflow/example_dags/example_xcom.py took 0.087 seconds
[2024-03-22T03:21:32.595+0000] {processor.py:161} INFO - Started process (PID=514) to work on /home/airflow/.local/lib/python3.8/site-packages/airflow/example_dags/example_xcom.py
[2024-03-22T03:21:32.596+0000] {processor.py:830} INFO - Processing file /home/airflow/.local/lib/python3.8/site-packages/airflow/example_dags/example_xcom.py for tasks to queue
[2024-03-22T03:21:32.597+0000] {logging_mixin.py:188} INFO - [2024-03-22T03:21:32.597+0000] {dagbag.py:540} INFO - Filling up the DagBag from /home/airflow/.local/lib/python3.8/site-packages/airflow/example_dags/example_xcom.py
[2024-03-22T03:21:32.601+0000] {processor.py:840} INFO - DAG(s) 'example_xcom' retrieved from /home/airflow/.local/lib/python3.8/site-packages/airflow/example_dags/example_xcom.py
[2024-03-22T03:21:32.613+0000] {logging_mixin.py:188} INFO - [2024-03-22T03:21:32.613+0000] {dag.py:3047} INFO - Sync 1 DAGs
[2024-03-22T03:21:32.624+0000] {logging_mixin.py:188} INFO - [2024-03-22T03:21:32.624+0000] {dag.py:3834} INFO - Setting next_dagrun for example_xcom to 2021-01-01 00:00:00+00:00, run_after=2021-01-01 00:00:00+00:00
[2024-03-22T03:21:32.633+0000] {processor.py:183} INFO - Processing /home/airflow/.local/lib/python3.8/site-packages/airflow/example_dags/example_xcom.py took 0.040 seconds
[2024-03-22T03:22:03.355+0000] {processor.py:161} INFO - Started process (PID=761) to work on /home/airflow/.local/lib/python3.8/site-packages/airflow/example_dags/example_xcom.py
[2024-03-22T03:22:03.356+0000] {processor.py:830} INFO - Processing file /home/airflow/.local/lib/python3.8/site-packages/airflow/example_dags/example_xcom.py for tasks to queue
[2024-03-22T03:22:03.356+0000] {logging_mixin.py:188} INFO - [2024-03-22T03:22:03.356+0000] {dagbag.py:540} INFO - Filling up the DagBag from /home/airflow/.local/lib/python3.8/site-packages/airflow/example_dags/example_xcom.py
[2024-03-22T03:22:03.361+0000] {processor.py:840} INFO - DAG(s) 'example_xcom' retrieved from /home/airflow/.local/lib/python3.8/site-packages/airflow/example_dags/example_xcom.py
[2024-03-22T03:22:03.373+0000] {logging_mixin.py:188} INFO - [2024-03-22T03:22:03.373+0000] {dag.py:3047} INFO - Sync 1 DAGs
[2024-03-22T03:22:03.383+0000] {logging_mixin.py:188} INFO - [2024-03-22T03:22:03.383+0000] {dag.py:3834} INFO - Setting next_dagrun for example_xcom to 2021-01-01 00:00:00+00:00, run_after=2021-01-01 00:00:00+00:00
[2024-03-22T03:22:03.392+0000] {processor.py:183} INFO - Processing /home/airflow/.local/lib/python3.8/site-packages/airflow/example_dags/example_xcom.py took 0.040 seconds
[2024-03-22T03:22:34.182+0000] {processor.py:161} INFO - Started process (PID=1008) to work on /home/airflow/.local/lib/python3.8/site-packages/airflow/example_dags/example_xcom.py
[2024-03-22T03:22:34.183+0000] {processor.py:830} INFO - Processing file /home/airflow/.local/lib/python3.8/site-packages/airflow/example_dags/example_xcom.py for tasks to queue
[2024-03-22T03:22:34.183+0000] {logging_mixin.py:188} INFO - [2024-03-22T03:22:34.183+0000] {dagbag.py:540} INFO - Filling up the DagBag from /home/airflow/.local/lib/python3.8/site-packages/airflow/example_dags/example_xcom.py
[2024-03-22T03:22:34.188+0000] {processor.py:840} INFO - DAG(s) 'example_xcom' retrieved from /home/airflow/.local/lib/python3.8/site-packages/airflow/example_dags/example_xcom.py
[2024-03-22T03:22:34.200+0000] {logging_mixin.py:188} INFO - [2024-03-22T03:22:34.200+0000] {dag.py:3047} INFO - Sync 1 DAGs
[2024-03-22T03:22:34.212+0000] {logging_mixin.py:188} INFO - [2024-03-22T03:22:34.211+0000] {dag.py:3834} INFO - Setting next_dagrun for example_xcom to 2021-01-01 00:00:00+00:00, run_after=2021-01-01 00:00:00+00:00
[2024-03-22T03:22:34.221+0000] {processor.py:183} INFO - Processing /home/airflow/.local/lib/python3.8/site-packages/airflow/example_dags/example_xcom.py took 0.041 seconds
[2024-03-22T03:23:05.009+0000] {processor.py:161} INFO - Started process (PID=1255) to work on /home/airflow/.local/lib/python3.8/site-packages/airflow/example_dags/example_xcom.py
[2024-03-22T03:23:05.010+0000] {processor.py:830} INFO - Processing file /home/airflow/.local/lib/python3.8/site-packages/airflow/example_dags/example_xcom.py for tasks to queue
[2024-03-22T03:23:05.011+0000] {logging_mixin.py:188} INFO - [2024-03-22T03:23:05.011+0000] {dagbag.py:540} INFO - Filling up the DagBag from /home/airflow/.local/lib/python3.8/site-packages/airflow/example_dags/example_xcom.py
[2024-03-22T03:23:05.016+0000] {processor.py:840} INFO - DAG(s) 'example_xcom' retrieved from /home/airflow/.local/lib/python3.8/site-packages/airflow/example_dags/example_xcom.py
[2024-03-22T03:23:05.027+0000] {logging_mixin.py:188} INFO - [2024-03-22T03:23:05.027+0000] {dag.py:3047} INFO - Sync 1 DAGs
[2024-03-22T03:23:05.039+0000] {logging_mixin.py:188} INFO - [2024-03-22T03:23:05.039+0000] {dag.py:3834} INFO - Setting next_dagrun for example_xcom to 2021-01-01 00:00:00+00:00, run_after=2021-01-01 00:00:00+00:00
[2024-03-22T03:23:05.049+0000] {processor.py:183} INFO - Processing /home/airflow/.local/lib/python3.8/site-packages/airflow/example_dags/example_xcom.py took 0.041 seconds
