[2024-03-22T02:12:57.015+0000] {processor.py:161} INFO - Started process (PID=347) to work on /home/airflow/.local/lib/python3.8/site-packages/airflow/example_dags/example_latest_only.py
[2024-03-22T02:12:57.016+0000] {processor.py:830} INFO - Processing file /home/airflow/.local/lib/python3.8/site-packages/airflow/example_dags/example_latest_only.py for tasks to queue
[2024-03-22T02:12:57.016+0000] {logging_mixin.py:188} INFO - [2024-03-22T02:12:57.016+0000] {dagbag.py:540} INFO - Filling up the DagBag from /home/airflow/.local/lib/python3.8/site-packages/airflow/example_dags/example_latest_only.py
[2024-03-22T02:12:57.020+0000] {processor.py:840} INFO - DAG(s) 'latest_only' retrieved from /home/airflow/.local/lib/python3.8/site-packages/airflow/example_dags/example_latest_only.py
[2024-03-22T02:12:57.028+0000] {logging_mixin.py:188} INFO - [2024-03-22T02:12:57.028+0000] {dag.py:3047} INFO - Sync 1 DAGs
[2024-03-22T02:12:57.040+0000] {logging_mixin.py:188} INFO - [2024-03-22T02:12:57.040+0000] {dag.py:3834} INFO - Setting next_dagrun for latest_only to 2024-03-21 20:00:00+00:00, run_after=2024-03-22 00:00:00+00:00
[2024-03-22T02:12:57.050+0000] {processor.py:183} INFO - Processing /home/airflow/.local/lib/python3.8/site-packages/airflow/example_dags/example_latest_only.py took 0.037 seconds
[2024-03-22T02:13:28.229+0000] {processor.py:161} INFO - Started process (PID=594) to work on /home/airflow/.local/lib/python3.8/site-packages/airflow/example_dags/example_latest_only.py
[2024-03-22T02:13:28.230+0000] {processor.py:830} INFO - Processing file /home/airflow/.local/lib/python3.8/site-packages/airflow/example_dags/example_latest_only.py for tasks to queue
[2024-03-22T02:13:28.230+0000] {logging_mixin.py:188} INFO - [2024-03-22T02:13:28.230+0000] {dagbag.py:540} INFO - Filling up the DagBag from /home/airflow/.local/lib/python3.8/site-packages/airflow/example_dags/example_latest_only.py
[2024-03-22T02:13:28.234+0000] {processor.py:840} INFO - DAG(s) 'latest_only' retrieved from /home/airflow/.local/lib/python3.8/site-packages/airflow/example_dags/example_latest_only.py
[2024-03-22T02:13:28.289+0000] {logging_mixin.py:188} INFO - [2024-03-22T02:13:28.289+0000] {dag.py:3047} INFO - Sync 1 DAGs
[2024-03-22T02:13:28.301+0000] {logging_mixin.py:188} INFO - [2024-03-22T02:13:28.301+0000] {dag.py:3834} INFO - Setting next_dagrun for latest_only to 2024-03-21 20:00:00+00:00, run_after=2024-03-22 00:00:00+00:00
[2024-03-22T02:13:28.313+0000] {processor.py:183} INFO - Processing /home/airflow/.local/lib/python3.8/site-packages/airflow/example_dags/example_latest_only.py took 0.086 seconds
[2024-03-22T02:13:58.468+0000] {processor.py:161} INFO - Started process (PID=841) to work on /home/airflow/.local/lib/python3.8/site-packages/airflow/example_dags/example_latest_only.py
[2024-03-22T02:13:58.469+0000] {processor.py:830} INFO - Processing file /home/airflow/.local/lib/python3.8/site-packages/airflow/example_dags/example_latest_only.py for tasks to queue
[2024-03-22T02:13:58.470+0000] {logging_mixin.py:188} INFO - [2024-03-22T02:13:58.470+0000] {dagbag.py:540} INFO - Filling up the DagBag from /home/airflow/.local/lib/python3.8/site-packages/airflow/example_dags/example_latest_only.py
[2024-03-22T02:13:58.473+0000] {processor.py:840} INFO - DAG(s) 'latest_only' retrieved from /home/airflow/.local/lib/python3.8/site-packages/airflow/example_dags/example_latest_only.py
[2024-03-22T02:13:58.486+0000] {logging_mixin.py:188} INFO - [2024-03-22T02:13:58.486+0000] {dag.py:3047} INFO - Sync 1 DAGs
[2024-03-22T02:13:58.498+0000] {logging_mixin.py:188} INFO - [2024-03-22T02:13:58.498+0000] {dag.py:3834} INFO - Setting next_dagrun for latest_only to 2024-03-21 20:00:00+00:00, run_after=2024-03-22 00:00:00+00:00
[2024-03-22T02:13:58.508+0000] {processor.py:183} INFO - Processing /home/airflow/.local/lib/python3.8/site-packages/airflow/example_dags/example_latest_only.py took 0.041 seconds
[2024-03-22T02:14:29.503+0000] {processor.py:161} INFO - Started process (PID=1088) to work on /home/airflow/.local/lib/python3.8/site-packages/airflow/example_dags/example_latest_only.py
[2024-03-22T02:14:29.504+0000] {processor.py:830} INFO - Processing file /home/airflow/.local/lib/python3.8/site-packages/airflow/example_dags/example_latest_only.py for tasks to queue
[2024-03-22T02:14:29.504+0000] {logging_mixin.py:188} INFO - [2024-03-22T02:14:29.504+0000] {dagbag.py:540} INFO - Filling up the DagBag from /home/airflow/.local/lib/python3.8/site-packages/airflow/example_dags/example_latest_only.py
[2024-03-22T02:14:29.508+0000] {processor.py:840} INFO - DAG(s) 'latest_only' retrieved from /home/airflow/.local/lib/python3.8/site-packages/airflow/example_dags/example_latest_only.py
[2024-03-22T02:14:29.520+0000] {logging_mixin.py:188} INFO - [2024-03-22T02:14:29.520+0000] {dag.py:3047} INFO - Sync 1 DAGs
[2024-03-22T02:14:29.530+0000] {logging_mixin.py:188} INFO - [2024-03-22T02:14:29.530+0000] {dag.py:3834} INFO - Setting next_dagrun for latest_only to 2024-03-21 20:00:00+00:00, run_after=2024-03-22 00:00:00+00:00
[2024-03-22T02:14:29.539+0000] {processor.py:183} INFO - Processing /home/airflow/.local/lib/python3.8/site-packages/airflow/example_dags/example_latest_only.py took 0.039 seconds
[2024-03-22T02:15:00.409+0000] {processor.py:161} INFO - Started process (PID=1335) to work on /home/airflow/.local/lib/python3.8/site-packages/airflow/example_dags/example_latest_only.py
[2024-03-22T02:15:00.409+0000] {processor.py:830} INFO - Processing file /home/airflow/.local/lib/python3.8/site-packages/airflow/example_dags/example_latest_only.py for tasks to queue
[2024-03-22T02:15:00.410+0000] {logging_mixin.py:188} INFO - [2024-03-22T02:15:00.410+0000] {dagbag.py:540} INFO - Filling up the DagBag from /home/airflow/.local/lib/python3.8/site-packages/airflow/example_dags/example_latest_only.py
[2024-03-22T02:15:00.414+0000] {processor.py:840} INFO - DAG(s) 'latest_only' retrieved from /home/airflow/.local/lib/python3.8/site-packages/airflow/example_dags/example_latest_only.py
[2024-03-22T02:15:00.427+0000] {logging_mixin.py:188} INFO - [2024-03-22T02:15:00.427+0000] {dag.py:3047} INFO - Sync 1 DAGs
[2024-03-22T02:15:00.439+0000] {logging_mixin.py:188} INFO - [2024-03-22T02:15:00.439+0000] {dag.py:3834} INFO - Setting next_dagrun for latest_only to 2024-03-21 20:00:00+00:00, run_after=2024-03-22 00:00:00+00:00
[2024-03-22T02:15:00.450+0000] {processor.py:183} INFO - Processing /home/airflow/.local/lib/python3.8/site-packages/airflow/example_dags/example_latest_only.py took 0.044 seconds
[2024-03-22T02:15:31.295+0000] {processor.py:161} INFO - Started process (PID=1582) to work on /home/airflow/.local/lib/python3.8/site-packages/airflow/example_dags/example_latest_only.py
[2024-03-22T02:15:31.295+0000] {processor.py:830} INFO - Processing file /home/airflow/.local/lib/python3.8/site-packages/airflow/example_dags/example_latest_only.py for tasks to queue
[2024-03-22T02:15:31.296+0000] {logging_mixin.py:188} INFO - [2024-03-22T02:15:31.296+0000] {dagbag.py:540} INFO - Filling up the DagBag from /home/airflow/.local/lib/python3.8/site-packages/airflow/example_dags/example_latest_only.py
[2024-03-22T02:15:31.300+0000] {processor.py:840} INFO - DAG(s) 'latest_only' retrieved from /home/airflow/.local/lib/python3.8/site-packages/airflow/example_dags/example_latest_only.py
[2024-03-22T02:15:31.314+0000] {logging_mixin.py:188} INFO - [2024-03-22T02:15:31.314+0000] {dag.py:3047} INFO - Sync 1 DAGs
[2024-03-22T02:15:31.330+0000] {logging_mixin.py:188} INFO - [2024-03-22T02:15:31.330+0000] {dag.py:3834} INFO - Setting next_dagrun for latest_only to 2024-03-21 20:00:00+00:00, run_after=2024-03-22 00:00:00+00:00
[2024-03-22T02:15:31.339+0000] {processor.py:183} INFO - Processing /home/airflow/.local/lib/python3.8/site-packages/airflow/example_dags/example_latest_only.py took 0.047 seconds
[2024-03-22T02:16:02.225+0000] {processor.py:161} INFO - Started process (PID=1829) to work on /home/airflow/.local/lib/python3.8/site-packages/airflow/example_dags/example_latest_only.py
[2024-03-22T02:16:02.225+0000] {processor.py:830} INFO - Processing file /home/airflow/.local/lib/python3.8/site-packages/airflow/example_dags/example_latest_only.py for tasks to queue
[2024-03-22T02:16:02.226+0000] {logging_mixin.py:188} INFO - [2024-03-22T02:16:02.226+0000] {dagbag.py:540} INFO - Filling up the DagBag from /home/airflow/.local/lib/python3.8/site-packages/airflow/example_dags/example_latest_only.py
[2024-03-22T02:16:02.230+0000] {processor.py:840} INFO - DAG(s) 'latest_only' retrieved from /home/airflow/.local/lib/python3.8/site-packages/airflow/example_dags/example_latest_only.py
[2024-03-22T02:16:02.243+0000] {logging_mixin.py:188} INFO - [2024-03-22T02:16:02.242+0000] {dag.py:3047} INFO - Sync 1 DAGs
[2024-03-22T02:16:02.254+0000] {logging_mixin.py:188} INFO - [2024-03-22T02:16:02.254+0000] {dag.py:3834} INFO - Setting next_dagrun for latest_only to 2024-03-21 20:00:00+00:00, run_after=2024-03-22 00:00:00+00:00
[2024-03-22T02:16:02.265+0000] {processor.py:183} INFO - Processing /home/airflow/.local/lib/python3.8/site-packages/airflow/example_dags/example_latest_only.py took 0.042 seconds
[2024-03-22T02:16:32.321+0000] {processor.py:161} INFO - Started process (PID=2076) to work on /home/airflow/.local/lib/python3.8/site-packages/airflow/example_dags/example_latest_only.py
[2024-03-22T02:16:32.322+0000] {processor.py:830} INFO - Processing file /home/airflow/.local/lib/python3.8/site-packages/airflow/example_dags/example_latest_only.py for tasks to queue
[2024-03-22T02:16:32.323+0000] {logging_mixin.py:188} INFO - [2024-03-22T02:16:32.323+0000] {dagbag.py:540} INFO - Filling up the DagBag from /home/airflow/.local/lib/python3.8/site-packages/airflow/example_dags/example_latest_only.py
[2024-03-22T02:16:32.326+0000] {processor.py:840} INFO - DAG(s) 'latest_only' retrieved from /home/airflow/.local/lib/python3.8/site-packages/airflow/example_dags/example_latest_only.py
[2024-03-22T02:16:32.338+0000] {logging_mixin.py:188} INFO - [2024-03-22T02:16:32.338+0000] {dag.py:3047} INFO - Sync 1 DAGs
[2024-03-22T02:16:32.349+0000] {logging_mixin.py:188} INFO - [2024-03-22T02:16:32.349+0000] {dag.py:3834} INFO - Setting next_dagrun for latest_only to 2024-03-21 20:00:00+00:00, run_after=2024-03-22 00:00:00+00:00
[2024-03-22T02:16:32.358+0000] {processor.py:183} INFO - Processing /home/airflow/.local/lib/python3.8/site-packages/airflow/example_dags/example_latest_only.py took 0.039 seconds
[2024-03-22T02:17:03.264+0000] {processor.py:161} INFO - Started process (PID=2347) to work on /home/airflow/.local/lib/python3.8/site-packages/airflow/example_dags/example_latest_only.py
[2024-03-22T02:17:03.265+0000] {processor.py:830} INFO - Processing file /home/airflow/.local/lib/python3.8/site-packages/airflow/example_dags/example_latest_only.py for tasks to queue
[2024-03-22T02:17:03.266+0000] {logging_mixin.py:188} INFO - [2024-03-22T02:17:03.266+0000] {dagbag.py:540} INFO - Filling up the DagBag from /home/airflow/.local/lib/python3.8/site-packages/airflow/example_dags/example_latest_only.py
[2024-03-22T02:17:03.269+0000] {processor.py:840} INFO - DAG(s) 'latest_only' retrieved from /home/airflow/.local/lib/python3.8/site-packages/airflow/example_dags/example_latest_only.py
[2024-03-22T02:17:03.282+0000] {logging_mixin.py:188} INFO - [2024-03-22T02:17:03.282+0000] {dag.py:3047} INFO - Sync 1 DAGs
[2024-03-22T02:17:03.293+0000] {logging_mixin.py:188} INFO - [2024-03-22T02:17:03.293+0000] {dag.py:3834} INFO - Setting next_dagrun for latest_only to 2024-03-21 20:00:00+00:00, run_after=2024-03-22 00:00:00+00:00
[2024-03-22T02:17:03.303+0000] {processor.py:183} INFO - Processing /home/airflow/.local/lib/python3.8/site-packages/airflow/example_dags/example_latest_only.py took 0.040 seconds
[2024-03-22T02:17:34.299+0000] {processor.py:161} INFO - Started process (PID=2594) to work on /home/airflow/.local/lib/python3.8/site-packages/airflow/example_dags/example_latest_only.py
[2024-03-22T02:17:34.300+0000] {processor.py:830} INFO - Processing file /home/airflow/.local/lib/python3.8/site-packages/airflow/example_dags/example_latest_only.py for tasks to queue
[2024-03-22T02:17:34.300+0000] {logging_mixin.py:188} INFO - [2024-03-22T02:17:34.300+0000] {dagbag.py:540} INFO - Filling up the DagBag from /home/airflow/.local/lib/python3.8/site-packages/airflow/example_dags/example_latest_only.py
[2024-03-22T02:17:34.304+0000] {processor.py:840} INFO - DAG(s) 'latest_only' retrieved from /home/airflow/.local/lib/python3.8/site-packages/airflow/example_dags/example_latest_only.py
[2024-03-22T02:17:34.316+0000] {logging_mixin.py:188} INFO - [2024-03-22T02:17:34.316+0000] {dag.py:3047} INFO - Sync 1 DAGs
[2024-03-22T02:17:34.327+0000] {logging_mixin.py:188} INFO - [2024-03-22T02:17:34.327+0000] {dag.py:3834} INFO - Setting next_dagrun for latest_only to 2024-03-21 20:00:00+00:00, run_after=2024-03-22 00:00:00+00:00
[2024-03-22T02:17:34.336+0000] {processor.py:183} INFO - Processing /home/airflow/.local/lib/python3.8/site-packages/airflow/example_dags/example_latest_only.py took 0.039 seconds
[2024-03-22T02:18:05.337+0000] {processor.py:161} INFO - Started process (PID=2841) to work on /home/airflow/.local/lib/python3.8/site-packages/airflow/example_dags/example_latest_only.py
[2024-03-22T02:18:05.337+0000] {processor.py:830} INFO - Processing file /home/airflow/.local/lib/python3.8/site-packages/airflow/example_dags/example_latest_only.py for tasks to queue
[2024-03-22T02:18:05.338+0000] {logging_mixin.py:188} INFO - [2024-03-22T02:18:05.338+0000] {dagbag.py:540} INFO - Filling up the DagBag from /home/airflow/.local/lib/python3.8/site-packages/airflow/example_dags/example_latest_only.py
[2024-03-22T02:18:05.341+0000] {processor.py:840} INFO - DAG(s) 'latest_only' retrieved from /home/airflow/.local/lib/python3.8/site-packages/airflow/example_dags/example_latest_only.py
[2024-03-22T02:18:05.353+0000] {logging_mixin.py:188} INFO - [2024-03-22T02:18:05.353+0000] {dag.py:3047} INFO - Sync 1 DAGs
[2024-03-22T02:18:05.364+0000] {logging_mixin.py:188} INFO - [2024-03-22T02:18:05.364+0000] {dag.py:3834} INFO - Setting next_dagrun for latest_only to 2024-03-21 20:00:00+00:00, run_after=2024-03-22 00:00:00+00:00
[2024-03-22T02:18:05.373+0000] {processor.py:183} INFO - Processing /home/airflow/.local/lib/python3.8/site-packages/airflow/example_dags/example_latest_only.py took 0.039 seconds
[2024-03-22T02:18:36.198+0000] {processor.py:161} INFO - Started process (PID=3088) to work on /home/airflow/.local/lib/python3.8/site-packages/airflow/example_dags/example_latest_only.py
[2024-03-22T02:18:36.199+0000] {processor.py:830} INFO - Processing file /home/airflow/.local/lib/python3.8/site-packages/airflow/example_dags/example_latest_only.py for tasks to queue
[2024-03-22T02:18:36.199+0000] {logging_mixin.py:188} INFO - [2024-03-22T02:18:36.199+0000] {dagbag.py:540} INFO - Filling up the DagBag from /home/airflow/.local/lib/python3.8/site-packages/airflow/example_dags/example_latest_only.py
[2024-03-22T02:18:36.203+0000] {processor.py:840} INFO - DAG(s) 'latest_only' retrieved from /home/airflow/.local/lib/python3.8/site-packages/airflow/example_dags/example_latest_only.py
[2024-03-22T02:18:36.215+0000] {logging_mixin.py:188} INFO - [2024-03-22T02:18:36.215+0000] {dag.py:3047} INFO - Sync 1 DAGs
[2024-03-22T02:18:36.227+0000] {logging_mixin.py:188} INFO - [2024-03-22T02:18:36.227+0000] {dag.py:3834} INFO - Setting next_dagrun for latest_only to 2024-03-21 20:00:00+00:00, run_after=2024-03-22 00:00:00+00:00
[2024-03-22T02:18:36.237+0000] {processor.py:183} INFO - Processing /home/airflow/.local/lib/python3.8/site-packages/airflow/example_dags/example_latest_only.py took 0.042 seconds
[2024-03-22T02:19:06.438+0000] {processor.py:161} INFO - Started process (PID=3335) to work on /home/airflow/.local/lib/python3.8/site-packages/airflow/example_dags/example_latest_only.py
[2024-03-22T02:19:06.439+0000] {processor.py:830} INFO - Processing file /home/airflow/.local/lib/python3.8/site-packages/airflow/example_dags/example_latest_only.py for tasks to queue
[2024-03-22T02:19:06.440+0000] {logging_mixin.py:188} INFO - [2024-03-22T02:19:06.440+0000] {dagbag.py:540} INFO - Filling up the DagBag from /home/airflow/.local/lib/python3.8/site-packages/airflow/example_dags/example_latest_only.py
[2024-03-22T02:19:06.444+0000] {processor.py:840} INFO - DAG(s) 'latest_only' retrieved from /home/airflow/.local/lib/python3.8/site-packages/airflow/example_dags/example_latest_only.py
[2024-03-22T02:19:06.457+0000] {logging_mixin.py:188} INFO - [2024-03-22T02:19:06.457+0000] {dag.py:3047} INFO - Sync 1 DAGs
[2024-03-22T02:19:06.469+0000] {logging_mixin.py:188} INFO - [2024-03-22T02:19:06.469+0000] {dag.py:3834} INFO - Setting next_dagrun for latest_only to 2024-03-21 20:00:00+00:00, run_after=2024-03-22 00:00:00+00:00
[2024-03-22T02:19:06.480+0000] {processor.py:183} INFO - Processing /home/airflow/.local/lib/python3.8/site-packages/airflow/example_dags/example_latest_only.py took 0.044 seconds
[2024-03-22T02:19:36.537+0000] {processor.py:161} INFO - Started process (PID=3582) to work on /home/airflow/.local/lib/python3.8/site-packages/airflow/example_dags/example_latest_only.py
[2024-03-22T02:19:36.537+0000] {processor.py:830} INFO - Processing file /home/airflow/.local/lib/python3.8/site-packages/airflow/example_dags/example_latest_only.py for tasks to queue
[2024-03-22T02:19:36.538+0000] {logging_mixin.py:188} INFO - [2024-03-22T02:19:36.538+0000] {dagbag.py:540} INFO - Filling up the DagBag from /home/airflow/.local/lib/python3.8/site-packages/airflow/example_dags/example_latest_only.py
[2024-03-22T02:19:36.542+0000] {processor.py:840} INFO - DAG(s) 'latest_only' retrieved from /home/airflow/.local/lib/python3.8/site-packages/airflow/example_dags/example_latest_only.py
[2024-03-22T02:19:36.555+0000] {logging_mixin.py:188} INFO - [2024-03-22T02:19:36.555+0000] {dag.py:3047} INFO - Sync 1 DAGs
[2024-03-22T02:19:36.567+0000] {logging_mixin.py:188} INFO - [2024-03-22T02:19:36.567+0000] {dag.py:3834} INFO - Setting next_dagrun for latest_only to 2024-03-21 20:00:00+00:00, run_after=2024-03-22 00:00:00+00:00
[2024-03-22T02:19:36.577+0000] {processor.py:183} INFO - Processing /home/airflow/.local/lib/python3.8/site-packages/airflow/example_dags/example_latest_only.py took 0.043 seconds
[2024-03-22T03:21:02.565+0000] {processor.py:161} INFO - Started process (PID=347) to work on /home/airflow/.local/lib/python3.8/site-packages/airflow/example_dags/example_latest_only.py
[2024-03-22T03:21:02.566+0000] {processor.py:830} INFO - Processing file /home/airflow/.local/lib/python3.8/site-packages/airflow/example_dags/example_latest_only.py for tasks to queue
[2024-03-22T03:21:02.566+0000] {logging_mixin.py:188} INFO - [2024-03-22T03:21:02.566+0000] {dagbag.py:540} INFO - Filling up the DagBag from /home/airflow/.local/lib/python3.8/site-packages/airflow/example_dags/example_latest_only.py
[2024-03-22T03:21:02.570+0000] {processor.py:840} INFO - DAG(s) 'latest_only' retrieved from /home/airflow/.local/lib/python3.8/site-packages/airflow/example_dags/example_latest_only.py
[2024-03-22T03:21:02.618+0000] {logging_mixin.py:188} INFO - [2024-03-22T03:21:02.618+0000] {override.py:1769} INFO - Created Permission View: can read on DAG:latest_only
[2024-03-22T03:21:02.622+0000] {logging_mixin.py:188} INFO - [2024-03-22T03:21:02.622+0000] {override.py:1769} INFO - Created Permission View: can delete on DAG:latest_only
[2024-03-22T03:21:02.625+0000] {logging_mixin.py:188} INFO - [2024-03-22T03:21:02.625+0000] {override.py:1769} INFO - Created Permission View: can edit on DAG:latest_only
[2024-03-22T03:21:02.626+0000] {logging_mixin.py:188} INFO - [2024-03-22T03:21:02.625+0000] {dag.py:3047} INFO - Sync 1 DAGs
[2024-03-22T03:21:02.632+0000] {logging_mixin.py:188} INFO - [2024-03-22T03:21:02.632+0000] {dag.py:3069} INFO - Creating ORM DAG for latest_only
[2024-03-22T03:21:02.637+0000] {logging_mixin.py:188} INFO - [2024-03-22T03:21:02.637+0000] {dag.py:3834} INFO - Setting next_dagrun for latest_only to 2024-03-21 20:00:00+00:00, run_after=2024-03-22 00:00:00+00:00
[2024-03-22T03:21:02.647+0000] {processor.py:183} INFO - Processing /home/airflow/.local/lib/python3.8/site-packages/airflow/example_dags/example_latest_only.py took 0.084 seconds
[2024-03-22T03:21:33.090+0000] {processor.py:161} INFO - Started process (PID=594) to work on /home/airflow/.local/lib/python3.8/site-packages/airflow/example_dags/example_latest_only.py
[2024-03-22T03:21:33.091+0000] {processor.py:830} INFO - Processing file /home/airflow/.local/lib/python3.8/site-packages/airflow/example_dags/example_latest_only.py for tasks to queue
[2024-03-22T03:21:33.092+0000] {logging_mixin.py:188} INFO - [2024-03-22T03:21:33.091+0000] {dagbag.py:540} INFO - Filling up the DagBag from /home/airflow/.local/lib/python3.8/site-packages/airflow/example_dags/example_latest_only.py
[2024-03-22T03:21:33.095+0000] {processor.py:840} INFO - DAG(s) 'latest_only' retrieved from /home/airflow/.local/lib/python3.8/site-packages/airflow/example_dags/example_latest_only.py
[2024-03-22T03:21:33.107+0000] {logging_mixin.py:188} INFO - [2024-03-22T03:21:33.107+0000] {dag.py:3047} INFO - Sync 1 DAGs
[2024-03-22T03:21:33.118+0000] {logging_mixin.py:188} INFO - [2024-03-22T03:21:33.118+0000] {dag.py:3834} INFO - Setting next_dagrun for latest_only to 2024-03-21 20:00:00+00:00, run_after=2024-03-22 00:00:00+00:00
[2024-03-22T03:21:33.128+0000] {processor.py:183} INFO - Processing /home/airflow/.local/lib/python3.8/site-packages/airflow/example_dags/example_latest_only.py took 0.040 seconds
[2024-03-22T03:22:03.856+0000] {processor.py:161} INFO - Started process (PID=841) to work on /home/airflow/.local/lib/python3.8/site-packages/airflow/example_dags/example_latest_only.py
[2024-03-22T03:22:03.856+0000] {processor.py:830} INFO - Processing file /home/airflow/.local/lib/python3.8/site-packages/airflow/example_dags/example_latest_only.py for tasks to queue
[2024-03-22T03:22:03.857+0000] {logging_mixin.py:188} INFO - [2024-03-22T03:22:03.857+0000] {dagbag.py:540} INFO - Filling up the DagBag from /home/airflow/.local/lib/python3.8/site-packages/airflow/example_dags/example_latest_only.py
[2024-03-22T03:22:03.861+0000] {processor.py:840} INFO - DAG(s) 'latest_only' retrieved from /home/airflow/.local/lib/python3.8/site-packages/airflow/example_dags/example_latest_only.py
[2024-03-22T03:22:03.873+0000] {logging_mixin.py:188} INFO - [2024-03-22T03:22:03.872+0000] {dag.py:3047} INFO - Sync 1 DAGs
[2024-03-22T03:22:03.884+0000] {logging_mixin.py:188} INFO - [2024-03-22T03:22:03.884+0000] {dag.py:3834} INFO - Setting next_dagrun for latest_only to 2024-03-21 20:00:00+00:00, run_after=2024-03-22 00:00:00+00:00
[2024-03-22T03:22:03.893+0000] {processor.py:183} INFO - Processing /home/airflow/.local/lib/python3.8/site-packages/airflow/example_dags/example_latest_only.py took 0.040 seconds
[2024-03-22T03:22:34.680+0000] {processor.py:161} INFO - Started process (PID=1088) to work on /home/airflow/.local/lib/python3.8/site-packages/airflow/example_dags/example_latest_only.py
[2024-03-22T03:22:34.680+0000] {processor.py:830} INFO - Processing file /home/airflow/.local/lib/python3.8/site-packages/airflow/example_dags/example_latest_only.py for tasks to queue
[2024-03-22T03:22:34.681+0000] {logging_mixin.py:188} INFO - [2024-03-22T03:22:34.681+0000] {dagbag.py:540} INFO - Filling up the DagBag from /home/airflow/.local/lib/python3.8/site-packages/airflow/example_dags/example_latest_only.py
[2024-03-22T03:22:34.685+0000] {processor.py:840} INFO - DAG(s) 'latest_only' retrieved from /home/airflow/.local/lib/python3.8/site-packages/airflow/example_dags/example_latest_only.py
[2024-03-22T03:22:34.697+0000] {logging_mixin.py:188} INFO - [2024-03-22T03:22:34.696+0000] {dag.py:3047} INFO - Sync 1 DAGs
[2024-03-22T03:22:34.708+0000] {logging_mixin.py:188} INFO - [2024-03-22T03:22:34.708+0000] {dag.py:3834} INFO - Setting next_dagrun for latest_only to 2024-03-21 20:00:00+00:00, run_after=2024-03-22 00:00:00+00:00
[2024-03-22T03:22:34.718+0000] {processor.py:183} INFO - Processing /home/airflow/.local/lib/python3.8/site-packages/airflow/example_dags/example_latest_only.py took 0.040 seconds
[2024-03-22T03:23:05.536+0000] {processor.py:161} INFO - Started process (PID=1335) to work on /home/airflow/.local/lib/python3.8/site-packages/airflow/example_dags/example_latest_only.py
[2024-03-22T03:23:05.536+0000] {processor.py:830} INFO - Processing file /home/airflow/.local/lib/python3.8/site-packages/airflow/example_dags/example_latest_only.py for tasks to queue
[2024-03-22T03:23:05.537+0000] {logging_mixin.py:188} INFO - [2024-03-22T03:23:05.537+0000] {dagbag.py:540} INFO - Filling up the DagBag from /home/airflow/.local/lib/python3.8/site-packages/airflow/example_dags/example_latest_only.py
[2024-03-22T03:23:05.541+0000] {processor.py:840} INFO - DAG(s) 'latest_only' retrieved from /home/airflow/.local/lib/python3.8/site-packages/airflow/example_dags/example_latest_only.py
[2024-03-22T03:23:05.552+0000] {logging_mixin.py:188} INFO - [2024-03-22T03:23:05.552+0000] {dag.py:3047} INFO - Sync 1 DAGs
[2024-03-22T03:23:05.563+0000] {logging_mixin.py:188} INFO - [2024-03-22T03:23:05.563+0000] {dag.py:3834} INFO - Setting next_dagrun for latest_only to 2024-03-21 20:00:00+00:00, run_after=2024-03-22 00:00:00+00:00
[2024-03-22T03:23:05.572+0000] {processor.py:183} INFO - Processing /home/airflow/.local/lib/python3.8/site-packages/airflow/example_dags/example_latest_only.py took 0.039 seconds
