[2024-03-22T02:12:57.158+0000] {processor.py:161} INFO - Started process (PID=369) to work on /home/airflow/.local/lib/python3.8/site-packages/airflow/example_dags/example_branch_labels.py
[2024-03-22T02:12:57.159+0000] {processor.py:830} INFO - Processing file /home/airflow/.local/lib/python3.8/site-packages/airflow/example_dags/example_branch_labels.py for tasks to queue
[2024-03-22T02:12:57.160+0000] {logging_mixin.py:188} INFO - [2024-03-22T02:12:57.160+0000] {dagbag.py:540} INFO - Filling up the DagBag from /home/airflow/.local/lib/python3.8/site-packages/airflow/example_dags/example_branch_labels.py
[2024-03-22T02:12:57.165+0000] {processor.py:840} INFO - DAG(s) 'example_branch_labels' retrieved from /home/airflow/.local/lib/python3.8/site-packages/airflow/example_dags/example_branch_labels.py
[2024-03-22T02:12:57.173+0000] {logging_mixin.py:188} INFO - [2024-03-22T02:12:57.173+0000] {dag.py:3047} INFO - Sync 1 DAGs
[2024-03-22T02:12:57.188+0000] {logging_mixin.py:188} INFO - [2024-03-22T02:12:57.187+0000] {dag.py:3834} INFO - Setting next_dagrun for example_branch_labels to 2024-03-21 00:00:00+00:00, run_after=2024-03-22 00:00:00+00:00
[2024-03-22T02:12:57.200+0000] {processor.py:183} INFO - Processing /home/airflow/.local/lib/python3.8/site-packages/airflow/example_dags/example_branch_labels.py took 0.044 seconds
[2024-03-22T02:13:28.451+0000] {processor.py:161} INFO - Started process (PID=614) to work on /home/airflow/.local/lib/python3.8/site-packages/airflow/example_dags/example_branch_labels.py
[2024-03-22T02:13:28.451+0000] {processor.py:830} INFO - Processing file /home/airflow/.local/lib/python3.8/site-packages/airflow/example_dags/example_branch_labels.py for tasks to queue
[2024-03-22T02:13:28.452+0000] {logging_mixin.py:188} INFO - [2024-03-22T02:13:28.452+0000] {dagbag.py:540} INFO - Filling up the DagBag from /home/airflow/.local/lib/python3.8/site-packages/airflow/example_dags/example_branch_labels.py
[2024-03-22T02:13:28.457+0000] {processor.py:840} INFO - DAG(s) 'example_branch_labels' retrieved from /home/airflow/.local/lib/python3.8/site-packages/airflow/example_dags/example_branch_labels.py
[2024-03-22T02:13:28.543+0000] {logging_mixin.py:188} INFO - [2024-03-22T02:13:28.543+0000] {dag.py:3047} INFO - Sync 1 DAGs
[2024-03-22T02:13:28.554+0000] {logging_mixin.py:188} INFO - [2024-03-22T02:13:28.554+0000] {dag.py:3834} INFO - Setting next_dagrun for example_branch_labels to 2024-03-21 00:00:00+00:00, run_after=2024-03-22 00:00:00+00:00
[2024-03-22T02:13:28.568+0000] {processor.py:183} INFO - Processing /home/airflow/.local/lib/python3.8/site-packages/airflow/example_dags/example_branch_labels.py took 0.119 seconds
[2024-03-22T02:13:58.587+0000] {processor.py:161} INFO - Started process (PID=861) to work on /home/airflow/.local/lib/python3.8/site-packages/airflow/example_dags/example_branch_labels.py
[2024-03-22T02:13:58.588+0000] {processor.py:830} INFO - Processing file /home/airflow/.local/lib/python3.8/site-packages/airflow/example_dags/example_branch_labels.py for tasks to queue
[2024-03-22T02:13:58.588+0000] {logging_mixin.py:188} INFO - [2024-03-22T02:13:58.588+0000] {dagbag.py:540} INFO - Filling up the DagBag from /home/airflow/.local/lib/python3.8/site-packages/airflow/example_dags/example_branch_labels.py
[2024-03-22T02:13:58.594+0000] {processor.py:840} INFO - DAG(s) 'example_branch_labels' retrieved from /home/airflow/.local/lib/python3.8/site-packages/airflow/example_dags/example_branch_labels.py
[2024-03-22T02:13:58.607+0000] {logging_mixin.py:188} INFO - [2024-03-22T02:13:58.607+0000] {dag.py:3047} INFO - Sync 1 DAGs
[2024-03-22T02:13:58.618+0000] {logging_mixin.py:188} INFO - [2024-03-22T02:13:58.618+0000] {dag.py:3834} INFO - Setting next_dagrun for example_branch_labels to 2024-03-21 00:00:00+00:00, run_after=2024-03-22 00:00:00+00:00
[2024-03-22T02:13:58.628+0000] {processor.py:183} INFO - Processing /home/airflow/.local/lib/python3.8/site-packages/airflow/example_dags/example_branch_labels.py took 0.043 seconds
[2024-03-22T02:14:29.611+0000] {processor.py:161} INFO - Started process (PID=1108) to work on /home/airflow/.local/lib/python3.8/site-packages/airflow/example_dags/example_branch_labels.py
[2024-03-22T02:14:29.612+0000] {processor.py:830} INFO - Processing file /home/airflow/.local/lib/python3.8/site-packages/airflow/example_dags/example_branch_labels.py for tasks to queue
[2024-03-22T02:14:29.612+0000] {logging_mixin.py:188} INFO - [2024-03-22T02:14:29.612+0000] {dagbag.py:540} INFO - Filling up the DagBag from /home/airflow/.local/lib/python3.8/site-packages/airflow/example_dags/example_branch_labels.py
[2024-03-22T02:14:29.617+0000] {processor.py:840} INFO - DAG(s) 'example_branch_labels' retrieved from /home/airflow/.local/lib/python3.8/site-packages/airflow/example_dags/example_branch_labels.py
[2024-03-22T02:14:29.630+0000] {logging_mixin.py:188} INFO - [2024-03-22T02:14:29.629+0000] {dag.py:3047} INFO - Sync 1 DAGs
[2024-03-22T02:14:29.641+0000] {logging_mixin.py:188} INFO - [2024-03-22T02:14:29.640+0000] {dag.py:3834} INFO - Setting next_dagrun for example_branch_labels to 2024-03-21 00:00:00+00:00, run_after=2024-03-22 00:00:00+00:00
[2024-03-22T02:14:29.649+0000] {processor.py:183} INFO - Processing /home/airflow/.local/lib/python3.8/site-packages/airflow/example_dags/example_branch_labels.py took 0.040 seconds
[2024-03-22T02:15:00.584+0000] {processor.py:161} INFO - Started process (PID=1357) to work on /home/airflow/.local/lib/python3.8/site-packages/airflow/example_dags/example_branch_labels.py
[2024-03-22T02:15:00.585+0000] {processor.py:830} INFO - Processing file /home/airflow/.local/lib/python3.8/site-packages/airflow/example_dags/example_branch_labels.py for tasks to queue
[2024-03-22T02:15:00.585+0000] {logging_mixin.py:188} INFO - [2024-03-22T02:15:00.585+0000] {dagbag.py:540} INFO - Filling up the DagBag from /home/airflow/.local/lib/python3.8/site-packages/airflow/example_dags/example_branch_labels.py
[2024-03-22T02:15:00.591+0000] {processor.py:840} INFO - DAG(s) 'example_branch_labels' retrieved from /home/airflow/.local/lib/python3.8/site-packages/airflow/example_dags/example_branch_labels.py
[2024-03-22T02:15:00.605+0000] {logging_mixin.py:188} INFO - [2024-03-22T02:15:00.605+0000] {dag.py:3047} INFO - Sync 1 DAGs
[2024-03-22T02:15:00.620+0000] {logging_mixin.py:188} INFO - [2024-03-22T02:15:00.620+0000] {dag.py:3834} INFO - Setting next_dagrun for example_branch_labels to 2024-03-21 00:00:00+00:00, run_after=2024-03-22 00:00:00+00:00
[2024-03-22T02:15:00.630+0000] {processor.py:183} INFO - Processing /home/airflow/.local/lib/python3.8/site-packages/airflow/example_dags/example_branch_labels.py took 0.048 seconds
[2024-03-22T02:15:31.405+0000] {processor.py:161} INFO - Started process (PID=1602) to work on /home/airflow/.local/lib/python3.8/site-packages/airflow/example_dags/example_branch_labels.py
[2024-03-22T02:15:31.406+0000] {processor.py:830} INFO - Processing file /home/airflow/.local/lib/python3.8/site-packages/airflow/example_dags/example_branch_labels.py for tasks to queue
[2024-03-22T02:15:31.407+0000] {logging_mixin.py:188} INFO - [2024-03-22T02:15:31.406+0000] {dagbag.py:540} INFO - Filling up the DagBag from /home/airflow/.local/lib/python3.8/site-packages/airflow/example_dags/example_branch_labels.py
[2024-03-22T02:15:31.411+0000] {processor.py:840} INFO - DAG(s) 'example_branch_labels' retrieved from /home/airflow/.local/lib/python3.8/site-packages/airflow/example_dags/example_branch_labels.py
[2024-03-22T02:15:31.424+0000] {logging_mixin.py:188} INFO - [2024-03-22T02:15:31.424+0000] {dag.py:3047} INFO - Sync 1 DAGs
[2024-03-22T02:15:31.436+0000] {logging_mixin.py:188} INFO - [2024-03-22T02:15:31.435+0000] {dag.py:3834} INFO - Setting next_dagrun for example_branch_labels to 2024-03-21 00:00:00+00:00, run_after=2024-03-22 00:00:00+00:00
[2024-03-22T02:15:31.444+0000] {processor.py:183} INFO - Processing /home/airflow/.local/lib/python3.8/site-packages/airflow/example_dags/example_branch_labels.py took 0.041 seconds
[2024-03-22T02:16:02.336+0000] {processor.py:161} INFO - Started process (PID=1849) to work on /home/airflow/.local/lib/python3.8/site-packages/airflow/example_dags/example_branch_labels.py
[2024-03-22T02:16:02.337+0000] {processor.py:830} INFO - Processing file /home/airflow/.local/lib/python3.8/site-packages/airflow/example_dags/example_branch_labels.py for tasks to queue
[2024-03-22T02:16:02.338+0000] {logging_mixin.py:188} INFO - [2024-03-22T02:16:02.338+0000] {dagbag.py:540} INFO - Filling up the DagBag from /home/airflow/.local/lib/python3.8/site-packages/airflow/example_dags/example_branch_labels.py
[2024-03-22T02:16:02.343+0000] {processor.py:840} INFO - DAG(s) 'example_branch_labels' retrieved from /home/airflow/.local/lib/python3.8/site-packages/airflow/example_dags/example_branch_labels.py
[2024-03-22T02:16:02.357+0000] {logging_mixin.py:188} INFO - [2024-03-22T02:16:02.357+0000] {dag.py:3047} INFO - Sync 1 DAGs
[2024-03-22T02:16:02.368+0000] {logging_mixin.py:188} INFO - [2024-03-22T02:16:02.368+0000] {dag.py:3834} INFO - Setting next_dagrun for example_branch_labels to 2024-03-21 00:00:00+00:00, run_after=2024-03-22 00:00:00+00:00
[2024-03-22T02:16:02.378+0000] {processor.py:183} INFO - Processing /home/airflow/.local/lib/python3.8/site-packages/airflow/example_dags/example_branch_labels.py took 0.044 seconds
[2024-03-22T02:16:32.477+0000] {processor.py:161} INFO - Started process (PID=2098) to work on /home/airflow/.local/lib/python3.8/site-packages/airflow/example_dags/example_branch_labels.py
[2024-03-22T02:16:32.478+0000] {processor.py:830} INFO - Processing file /home/airflow/.local/lib/python3.8/site-packages/airflow/example_dags/example_branch_labels.py for tasks to queue
[2024-03-22T02:16:32.478+0000] {logging_mixin.py:188} INFO - [2024-03-22T02:16:32.478+0000] {dagbag.py:540} INFO - Filling up the DagBag from /home/airflow/.local/lib/python3.8/site-packages/airflow/example_dags/example_branch_labels.py
[2024-03-22T02:16:32.483+0000] {processor.py:840} INFO - DAG(s) 'example_branch_labels' retrieved from /home/airflow/.local/lib/python3.8/site-packages/airflow/example_dags/example_branch_labels.py
[2024-03-22T02:16:32.496+0000] {logging_mixin.py:188} INFO - [2024-03-22T02:16:32.496+0000] {dag.py:3047} INFO - Sync 1 DAGs
[2024-03-22T02:16:32.507+0000] {logging_mixin.py:188} INFO - [2024-03-22T02:16:32.507+0000] {dag.py:3834} INFO - Setting next_dagrun for example_branch_labels to 2024-03-21 00:00:00+00:00, run_after=2024-03-22 00:00:00+00:00
[2024-03-22T02:16:32.515+0000] {processor.py:183} INFO - Processing /home/airflow/.local/lib/python3.8/site-packages/airflow/example_dags/example_branch_labels.py took 0.040 seconds
[2024-03-22T02:17:03.375+0000] {processor.py:161} INFO - Started process (PID=2367) to work on /home/airflow/.local/lib/python3.8/site-packages/airflow/example_dags/example_branch_labels.py
[2024-03-22T02:17:03.376+0000] {processor.py:830} INFO - Processing file /home/airflow/.local/lib/python3.8/site-packages/airflow/example_dags/example_branch_labels.py for tasks to queue
[2024-03-22T02:17:03.376+0000] {logging_mixin.py:188} INFO - [2024-03-22T02:17:03.376+0000] {dagbag.py:540} INFO - Filling up the DagBag from /home/airflow/.local/lib/python3.8/site-packages/airflow/example_dags/example_branch_labels.py
[2024-03-22T02:17:03.381+0000] {processor.py:840} INFO - DAG(s) 'example_branch_labels' retrieved from /home/airflow/.local/lib/python3.8/site-packages/airflow/example_dags/example_branch_labels.py
[2024-03-22T02:17:03.394+0000] {logging_mixin.py:188} INFO - [2024-03-22T02:17:03.393+0000] {dag.py:3047} INFO - Sync 1 DAGs
[2024-03-22T02:17:03.405+0000] {logging_mixin.py:188} INFO - [2024-03-22T02:17:03.405+0000] {dag.py:3834} INFO - Setting next_dagrun for example_branch_labels to 2024-03-21 00:00:00+00:00, run_after=2024-03-22 00:00:00+00:00
[2024-03-22T02:17:03.415+0000] {processor.py:183} INFO - Processing /home/airflow/.local/lib/python3.8/site-packages/airflow/example_dags/example_branch_labels.py took 0.042 seconds
[2024-03-22T02:17:34.455+0000] {processor.py:161} INFO - Started process (PID=2616) to work on /home/airflow/.local/lib/python3.8/site-packages/airflow/example_dags/example_branch_labels.py
[2024-03-22T02:17:34.455+0000] {processor.py:830} INFO - Processing file /home/airflow/.local/lib/python3.8/site-packages/airflow/example_dags/example_branch_labels.py for tasks to queue
[2024-03-22T02:17:34.456+0000] {logging_mixin.py:188} INFO - [2024-03-22T02:17:34.456+0000] {dagbag.py:540} INFO - Filling up the DagBag from /home/airflow/.local/lib/python3.8/site-packages/airflow/example_dags/example_branch_labels.py
[2024-03-22T02:17:34.461+0000] {processor.py:840} INFO - DAG(s) 'example_branch_labels' retrieved from /home/airflow/.local/lib/python3.8/site-packages/airflow/example_dags/example_branch_labels.py
[2024-03-22T02:17:34.475+0000] {logging_mixin.py:188} INFO - [2024-03-22T02:17:34.475+0000] {dag.py:3047} INFO - Sync 1 DAGs
[2024-03-22T02:17:34.486+0000] {logging_mixin.py:188} INFO - [2024-03-22T02:17:34.486+0000] {dag.py:3834} INFO - Setting next_dagrun for example_branch_labels to 2024-03-21 00:00:00+00:00, run_after=2024-03-22 00:00:00+00:00
[2024-03-22T02:17:34.495+0000] {processor.py:183} INFO - Processing /home/airflow/.local/lib/python3.8/site-packages/airflow/example_dags/example_branch_labels.py took 0.043 seconds
[2024-03-22T02:18:05.485+0000] {processor.py:161} INFO - Started process (PID=2863) to work on /home/airflow/.local/lib/python3.8/site-packages/airflow/example_dags/example_branch_labels.py
[2024-03-22T02:18:05.486+0000] {processor.py:830} INFO - Processing file /home/airflow/.local/lib/python3.8/site-packages/airflow/example_dags/example_branch_labels.py for tasks to queue
[2024-03-22T02:18:05.486+0000] {logging_mixin.py:188} INFO - [2024-03-22T02:18:05.486+0000] {dagbag.py:540} INFO - Filling up the DagBag from /home/airflow/.local/lib/python3.8/site-packages/airflow/example_dags/example_branch_labels.py
[2024-03-22T02:18:05.491+0000] {processor.py:840} INFO - DAG(s) 'example_branch_labels' retrieved from /home/airflow/.local/lib/python3.8/site-packages/airflow/example_dags/example_branch_labels.py
[2024-03-22T02:18:05.504+0000] {logging_mixin.py:188} INFO - [2024-03-22T02:18:05.504+0000] {dag.py:3047} INFO - Sync 1 DAGs
[2024-03-22T02:18:05.515+0000] {logging_mixin.py:188} INFO - [2024-03-22T02:18:05.515+0000] {dag.py:3834} INFO - Setting next_dagrun for example_branch_labels to 2024-03-21 00:00:00+00:00, run_after=2024-03-22 00:00:00+00:00
[2024-03-22T02:18:05.524+0000] {processor.py:183} INFO - Processing /home/airflow/.local/lib/python3.8/site-packages/airflow/example_dags/example_branch_labels.py took 0.041 seconds
[2024-03-22T02:18:36.339+0000] {processor.py:161} INFO - Started process (PID=3108) to work on /home/airflow/.local/lib/python3.8/site-packages/airflow/example_dags/example_branch_labels.py
[2024-03-22T02:18:36.340+0000] {processor.py:830} INFO - Processing file /home/airflow/.local/lib/python3.8/site-packages/airflow/example_dags/example_branch_labels.py for tasks to queue
[2024-03-22T02:18:36.341+0000] {logging_mixin.py:188} INFO - [2024-03-22T02:18:36.341+0000] {dagbag.py:540} INFO - Filling up the DagBag from /home/airflow/.local/lib/python3.8/site-packages/airflow/example_dags/example_branch_labels.py
[2024-03-22T02:18:36.346+0000] {processor.py:840} INFO - DAG(s) 'example_branch_labels' retrieved from /home/airflow/.local/lib/python3.8/site-packages/airflow/example_dags/example_branch_labels.py
[2024-03-22T02:18:36.361+0000] {logging_mixin.py:188} INFO - [2024-03-22T02:18:36.361+0000] {dag.py:3047} INFO - Sync 1 DAGs
[2024-03-22T02:18:36.378+0000] {logging_mixin.py:188} INFO - [2024-03-22T02:18:36.377+0000] {dag.py:3834} INFO - Setting next_dagrun for example_branch_labels to 2024-03-21 00:00:00+00:00, run_after=2024-03-22 00:00:00+00:00
[2024-03-22T02:18:36.389+0000] {processor.py:183} INFO - Processing /home/airflow/.local/lib/python3.8/site-packages/airflow/example_dags/example_branch_labels.py took 0.052 seconds
[2024-03-22T02:19:06.551+0000] {processor.py:161} INFO - Started process (PID=3355) to work on /home/airflow/.local/lib/python3.8/site-packages/airflow/example_dags/example_branch_labels.py
[2024-03-22T02:19:06.551+0000] {processor.py:830} INFO - Processing file /home/airflow/.local/lib/python3.8/site-packages/airflow/example_dags/example_branch_labels.py for tasks to queue
[2024-03-22T02:19:06.552+0000] {logging_mixin.py:188} INFO - [2024-03-22T02:19:06.552+0000] {dagbag.py:540} INFO - Filling up the DagBag from /home/airflow/.local/lib/python3.8/site-packages/airflow/example_dags/example_branch_labels.py
[2024-03-22T02:19:06.558+0000] {processor.py:840} INFO - DAG(s) 'example_branch_labels' retrieved from /home/airflow/.local/lib/python3.8/site-packages/airflow/example_dags/example_branch_labels.py
[2024-03-22T02:19:06.572+0000] {logging_mixin.py:188} INFO - [2024-03-22T02:19:06.572+0000] {dag.py:3047} INFO - Sync 1 DAGs
[2024-03-22T02:19:06.584+0000] {logging_mixin.py:188} INFO - [2024-03-22T02:19:06.583+0000] {dag.py:3834} INFO - Setting next_dagrun for example_branch_labels to 2024-03-21 00:00:00+00:00, run_after=2024-03-22 00:00:00+00:00
[2024-03-22T02:19:06.594+0000] {processor.py:183} INFO - Processing /home/airflow/.local/lib/python3.8/site-packages/airflow/example_dags/example_branch_labels.py took 0.045 seconds
[2024-03-22T02:19:36.686+0000] {processor.py:161} INFO - Started process (PID=3604) to work on /home/airflow/.local/lib/python3.8/site-packages/airflow/example_dags/example_branch_labels.py
[2024-03-22T02:19:36.687+0000] {processor.py:830} INFO - Processing file /home/airflow/.local/lib/python3.8/site-packages/airflow/example_dags/example_branch_labels.py for tasks to queue
[2024-03-22T02:19:36.688+0000] {logging_mixin.py:188} INFO - [2024-03-22T02:19:36.687+0000] {dagbag.py:540} INFO - Filling up the DagBag from /home/airflow/.local/lib/python3.8/site-packages/airflow/example_dags/example_branch_labels.py
[2024-03-22T02:19:36.693+0000] {processor.py:840} INFO - DAG(s) 'example_branch_labels' retrieved from /home/airflow/.local/lib/python3.8/site-packages/airflow/example_dags/example_branch_labels.py
[2024-03-22T02:19:36.705+0000] {logging_mixin.py:188} INFO - [2024-03-22T02:19:36.705+0000] {dag.py:3047} INFO - Sync 1 DAGs
[2024-03-22T02:19:36.717+0000] {logging_mixin.py:188} INFO - [2024-03-22T02:19:36.717+0000] {dag.py:3834} INFO - Setting next_dagrun for example_branch_labels to 2024-03-21 00:00:00+00:00, run_after=2024-03-22 00:00:00+00:00
[2024-03-22T02:19:36.726+0000] {processor.py:183} INFO - Processing /home/airflow/.local/lib/python3.8/site-packages/airflow/example_dags/example_branch_labels.py took 0.042 seconds
[2024-03-22T03:21:02.769+0000] {processor.py:161} INFO - Started process (PID=367) to work on /home/airflow/.local/lib/python3.8/site-packages/airflow/example_dags/example_branch_labels.py
[2024-03-22T03:21:02.770+0000] {processor.py:830} INFO - Processing file /home/airflow/.local/lib/python3.8/site-packages/airflow/example_dags/example_branch_labels.py for tasks to queue
[2024-03-22T03:21:02.771+0000] {logging_mixin.py:188} INFO - [2024-03-22T03:21:02.771+0000] {dagbag.py:540} INFO - Filling up the DagBag from /home/airflow/.local/lib/python3.8/site-packages/airflow/example_dags/example_branch_labels.py
[2024-03-22T03:21:02.776+0000] {processor.py:840} INFO - DAG(s) 'example_branch_labels' retrieved from /home/airflow/.local/lib/python3.8/site-packages/airflow/example_dags/example_branch_labels.py
[2024-03-22T03:21:02.827+0000] {logging_mixin.py:188} INFO - [2024-03-22T03:21:02.827+0000] {override.py:1769} INFO - Created Permission View: can read on DAG:example_branch_labels
[2024-03-22T03:21:02.833+0000] {logging_mixin.py:188} INFO - [2024-03-22T03:21:02.832+0000] {override.py:1769} INFO - Created Permission View: can delete on DAG:example_branch_labels
[2024-03-22T03:21:02.837+0000] {logging_mixin.py:188} INFO - [2024-03-22T03:21:02.837+0000] {override.py:1769} INFO - Created Permission View: can edit on DAG:example_branch_labels
[2024-03-22T03:21:02.837+0000] {logging_mixin.py:188} INFO - [2024-03-22T03:21:02.837+0000] {dag.py:3047} INFO - Sync 1 DAGs
[2024-03-22T03:21:02.843+0000] {logging_mixin.py:188} INFO - [2024-03-22T03:21:02.843+0000] {dag.py:3069} INFO - Creating ORM DAG for example_branch_labels
[2024-03-22T03:21:02.848+0000] {logging_mixin.py:188} INFO - [2024-03-22T03:21:02.848+0000] {dag.py:3834} INFO - Setting next_dagrun for example_branch_labels to 2024-03-21 00:00:00+00:00, run_after=2024-03-22 00:00:00+00:00
[2024-03-22T03:21:02.857+0000] {processor.py:183} INFO - Processing /home/airflow/.local/lib/python3.8/site-packages/airflow/example_dags/example_branch_labels.py took 0.089 seconds
[2024-03-22T03:21:33.192+0000] {processor.py:161} INFO - Started process (PID=614) to work on /home/airflow/.local/lib/python3.8/site-packages/airflow/example_dags/example_branch_labels.py
[2024-03-22T03:21:33.193+0000] {processor.py:830} INFO - Processing file /home/airflow/.local/lib/python3.8/site-packages/airflow/example_dags/example_branch_labels.py for tasks to queue
[2024-03-22T03:21:33.194+0000] {logging_mixin.py:188} INFO - [2024-03-22T03:21:33.194+0000] {dagbag.py:540} INFO - Filling up the DagBag from /home/airflow/.local/lib/python3.8/site-packages/airflow/example_dags/example_branch_labels.py
[2024-03-22T03:21:33.198+0000] {processor.py:840} INFO - DAG(s) 'example_branch_labels' retrieved from /home/airflow/.local/lib/python3.8/site-packages/airflow/example_dags/example_branch_labels.py
[2024-03-22T03:21:33.210+0000] {logging_mixin.py:188} INFO - [2024-03-22T03:21:33.210+0000] {dag.py:3047} INFO - Sync 1 DAGs
[2024-03-22T03:21:33.222+0000] {logging_mixin.py:188} INFO - [2024-03-22T03:21:33.222+0000] {dag.py:3834} INFO - Setting next_dagrun for example_branch_labels to 2024-03-21 00:00:00+00:00, run_after=2024-03-22 00:00:00+00:00
[2024-03-22T03:21:33.231+0000] {processor.py:183} INFO - Processing /home/airflow/.local/lib/python3.8/site-packages/airflow/example_dags/example_branch_labels.py took 0.041 seconds
[2024-03-22T03:22:03.996+0000] {processor.py:161} INFO - Started process (PID=863) to work on /home/airflow/.local/lib/python3.8/site-packages/airflow/example_dags/example_branch_labels.py
[2024-03-22T03:22:03.997+0000] {processor.py:830} INFO - Processing file /home/airflow/.local/lib/python3.8/site-packages/airflow/example_dags/example_branch_labels.py for tasks to queue
[2024-03-22T03:22:03.998+0000] {logging_mixin.py:188} INFO - [2024-03-22T03:22:03.998+0000] {dagbag.py:540} INFO - Filling up the DagBag from /home/airflow/.local/lib/python3.8/site-packages/airflow/example_dags/example_branch_labels.py
[2024-03-22T03:22:04.002+0000] {processor.py:840} INFO - DAG(s) 'example_branch_labels' retrieved from /home/airflow/.local/lib/python3.8/site-packages/airflow/example_dags/example_branch_labels.py
[2024-03-22T03:22:04.015+0000] {logging_mixin.py:188} INFO - [2024-03-22T03:22:04.015+0000] {dag.py:3047} INFO - Sync 1 DAGs
[2024-03-22T03:22:04.027+0000] {logging_mixin.py:188} INFO - [2024-03-22T03:22:04.027+0000] {dag.py:3834} INFO - Setting next_dagrun for example_branch_labels to 2024-03-21 00:00:00+00:00, run_after=2024-03-22 00:00:00+00:00
[2024-03-22T03:22:04.035+0000] {processor.py:183} INFO - Processing /home/airflow/.local/lib/python3.8/site-packages/airflow/example_dags/example_branch_labels.py took 0.041 seconds
[2024-03-22T03:22:34.785+0000] {processor.py:161} INFO - Started process (PID=1108) to work on /home/airflow/.local/lib/python3.8/site-packages/airflow/example_dags/example_branch_labels.py
[2024-03-22T03:22:34.785+0000] {processor.py:830} INFO - Processing file /home/airflow/.local/lib/python3.8/site-packages/airflow/example_dags/example_branch_labels.py for tasks to queue
[2024-03-22T03:22:34.786+0000] {logging_mixin.py:188} INFO - [2024-03-22T03:22:34.786+0000] {dagbag.py:540} INFO - Filling up the DagBag from /home/airflow/.local/lib/python3.8/site-packages/airflow/example_dags/example_branch_labels.py
[2024-03-22T03:22:34.791+0000] {processor.py:840} INFO - DAG(s) 'example_branch_labels' retrieved from /home/airflow/.local/lib/python3.8/site-packages/airflow/example_dags/example_branch_labels.py
[2024-03-22T03:22:34.803+0000] {logging_mixin.py:188} INFO - [2024-03-22T03:22:34.803+0000] {dag.py:3047} INFO - Sync 1 DAGs
[2024-03-22T03:22:34.816+0000] {logging_mixin.py:188} INFO - [2024-03-22T03:22:34.816+0000] {dag.py:3834} INFO - Setting next_dagrun for example_branch_labels to 2024-03-21 00:00:00+00:00, run_after=2024-03-22 00:00:00+00:00
[2024-03-22T03:22:34.825+0000] {processor.py:183} INFO - Processing /home/airflow/.local/lib/python3.8/site-packages/airflow/example_dags/example_branch_labels.py took 0.042 seconds
[2024-03-22T03:23:05.637+0000] {processor.py:161} INFO - Started process (PID=1355) to work on /home/airflow/.local/lib/python3.8/site-packages/airflow/example_dags/example_branch_labels.py
[2024-03-22T03:23:05.637+0000] {processor.py:830} INFO - Processing file /home/airflow/.local/lib/python3.8/site-packages/airflow/example_dags/example_branch_labels.py for tasks to queue
[2024-03-22T03:23:05.638+0000] {logging_mixin.py:188} INFO - [2024-03-22T03:23:05.638+0000] {dagbag.py:540} INFO - Filling up the DagBag from /home/airflow/.local/lib/python3.8/site-packages/airflow/example_dags/example_branch_labels.py
[2024-03-22T03:23:05.643+0000] {processor.py:840} INFO - DAG(s) 'example_branch_labels' retrieved from /home/airflow/.local/lib/python3.8/site-packages/airflow/example_dags/example_branch_labels.py
[2024-03-22T03:23:05.655+0000] {logging_mixin.py:188} INFO - [2024-03-22T03:23:05.655+0000] {dag.py:3047} INFO - Sync 1 DAGs
[2024-03-22T03:23:05.666+0000] {logging_mixin.py:188} INFO - [2024-03-22T03:23:05.666+0000] {dag.py:3834} INFO - Setting next_dagrun for example_branch_labels to 2024-03-21 00:00:00+00:00, run_after=2024-03-22 00:00:00+00:00
[2024-03-22T03:23:05.675+0000] {processor.py:183} INFO - Processing /home/airflow/.local/lib/python3.8/site-packages/airflow/example_dags/example_branch_labels.py took 0.040 seconds
