[2024-03-22T02:12:56.041+0000] {processor.py:161} INFO - Started process (PID=207) to work on /home/airflow/.local/lib/python3.8/site-packages/airflow/example_dags/example_python_operator.py
[2024-03-22T02:12:56.042+0000] {processor.py:830} INFO - Processing file /home/airflow/.local/lib/python3.8/site-packages/airflow/example_dags/example_python_operator.py for tasks to queue
[2024-03-22T02:12:56.042+0000] {logging_mixin.py:188} INFO - [2024-03-22T02:12:56.042+0000] {dagbag.py:540} INFO - Filling up the DagBag from /home/airflow/.local/lib/python3.8/site-packages/airflow/example_dags/example_python_operator.py
[2024-03-22T02:12:56.050+0000] {processor.py:840} INFO - DAG(s) 'example_python_operator' retrieved from /home/airflow/.local/lib/python3.8/site-packages/airflow/example_dags/example_python_operator.py
[2024-03-22T02:12:56.060+0000] {logging_mixin.py:188} INFO - [2024-03-22T02:12:56.060+0000] {dag.py:3047} INFO - Sync 1 DAGs
[2024-03-22T02:12:56.070+0000] {logging_mixin.py:188} INFO - [2024-03-22T02:12:56.070+0000] {dag.py:3834} INFO - Setting next_dagrun for example_python_operator to None, run_after=None
[2024-03-22T02:12:56.080+0000] {processor.py:183} INFO - Processing /home/airflow/.local/lib/python3.8/site-packages/airflow/example_dags/example_python_operator.py took 0.042 seconds
[2024-03-22T02:13:26.750+0000] {processor.py:161} INFO - Started process (PID=456) to work on /home/airflow/.local/lib/python3.8/site-packages/airflow/example_dags/example_python_operator.py
[2024-03-22T02:13:26.751+0000] {processor.py:830} INFO - Processing file /home/airflow/.local/lib/python3.8/site-packages/airflow/example_dags/example_python_operator.py for tasks to queue
[2024-03-22T02:13:26.751+0000] {logging_mixin.py:188} INFO - [2024-03-22T02:13:26.751+0000] {dagbag.py:540} INFO - Filling up the DagBag from /home/airflow/.local/lib/python3.8/site-packages/airflow/example_dags/example_python_operator.py
[2024-03-22T02:13:26.758+0000] {processor.py:840} INFO - DAG(s) 'example_python_operator' retrieved from /home/airflow/.local/lib/python3.8/site-packages/airflow/example_dags/example_python_operator.py
[2024-03-22T02:13:26.809+0000] {logging_mixin.py:188} INFO - [2024-03-22T02:13:26.809+0000] {dag.py:3047} INFO - Sync 1 DAGs
[2024-03-22T02:13:26.814+0000] {logging_mixin.py:188} INFO - [2024-03-22T02:13:26.814+0000] {dag.py:3834} INFO - Setting next_dagrun for example_python_operator to None, run_after=None
[2024-03-22T02:13:26.825+0000] {processor.py:183} INFO - Processing /home/airflow/.local/lib/python3.8/site-packages/airflow/example_dags/example_python_operator.py took 0.077 seconds
[2024-03-22T02:13:57.420+0000] {processor.py:161} INFO - Started process (PID=701) to work on /home/airflow/.local/lib/python3.8/site-packages/airflow/example_dags/example_python_operator.py
[2024-03-22T02:13:57.421+0000] {processor.py:830} INFO - Processing file /home/airflow/.local/lib/python3.8/site-packages/airflow/example_dags/example_python_operator.py for tasks to queue
[2024-03-22T02:13:57.422+0000] {logging_mixin.py:188} INFO - [2024-03-22T02:13:57.422+0000] {dagbag.py:540} INFO - Filling up the DagBag from /home/airflow/.local/lib/python3.8/site-packages/airflow/example_dags/example_python_operator.py
[2024-03-22T02:13:57.428+0000] {processor.py:840} INFO - DAG(s) 'example_python_operator' retrieved from /home/airflow/.local/lib/python3.8/site-packages/airflow/example_dags/example_python_operator.py
[2024-03-22T02:13:57.443+0000] {logging_mixin.py:188} INFO - [2024-03-22T02:13:57.442+0000] {dag.py:3047} INFO - Sync 1 DAGs
[2024-03-22T02:13:57.450+0000] {logging_mixin.py:188} INFO - [2024-03-22T02:13:57.450+0000] {dag.py:3834} INFO - Setting next_dagrun for example_python_operator to None, run_after=None
[2024-03-22T02:13:57.460+0000] {processor.py:183} INFO - Processing /home/airflow/.local/lib/python3.8/site-packages/airflow/example_dags/example_python_operator.py took 0.042 seconds
[2024-03-22T02:14:27.549+0000] {processor.py:161} INFO - Started process (PID=948) to work on /home/airflow/.local/lib/python3.8/site-packages/airflow/example_dags/example_python_operator.py
[2024-03-22T02:14:27.550+0000] {processor.py:830} INFO - Processing file /home/airflow/.local/lib/python3.8/site-packages/airflow/example_dags/example_python_operator.py for tasks to queue
[2024-03-22T02:14:27.550+0000] {logging_mixin.py:188} INFO - [2024-03-22T02:14:27.550+0000] {dagbag.py:540} INFO - Filling up the DagBag from /home/airflow/.local/lib/python3.8/site-packages/airflow/example_dags/example_python_operator.py
[2024-03-22T02:14:27.556+0000] {processor.py:840} INFO - DAG(s) 'example_python_operator' retrieved from /home/airflow/.local/lib/python3.8/site-packages/airflow/example_dags/example_python_operator.py
[2024-03-22T02:14:27.569+0000] {logging_mixin.py:188} INFO - [2024-03-22T02:14:27.569+0000] {dag.py:3047} INFO - Sync 1 DAGs
[2024-03-22T02:14:27.576+0000] {logging_mixin.py:188} INFO - [2024-03-22T02:14:27.575+0000] {dag.py:3834} INFO - Setting next_dagrun for example_python_operator to None, run_after=None
[2024-03-22T02:14:27.585+0000] {processor.py:183} INFO - Processing /home/airflow/.local/lib/python3.8/site-packages/airflow/example_dags/example_python_operator.py took 0.039 seconds
[2024-03-22T02:14:58.446+0000] {processor.py:161} INFO - Started process (PID=1195) to work on /home/airflow/.local/lib/python3.8/site-packages/airflow/example_dags/example_python_operator.py
[2024-03-22T02:14:58.447+0000] {processor.py:830} INFO - Processing file /home/airflow/.local/lib/python3.8/site-packages/airflow/example_dags/example_python_operator.py for tasks to queue
[2024-03-22T02:14:58.447+0000] {logging_mixin.py:188} INFO - [2024-03-22T02:14:58.447+0000] {dagbag.py:540} INFO - Filling up the DagBag from /home/airflow/.local/lib/python3.8/site-packages/airflow/example_dags/example_python_operator.py
[2024-03-22T02:14:58.454+0000] {processor.py:840} INFO - DAG(s) 'example_python_operator' retrieved from /home/airflow/.local/lib/python3.8/site-packages/airflow/example_dags/example_python_operator.py
[2024-03-22T02:14:58.467+0000] {logging_mixin.py:188} INFO - [2024-03-22T02:14:58.467+0000] {dag.py:3047} INFO - Sync 1 DAGs
[2024-03-22T02:14:58.473+0000] {logging_mixin.py:188} INFO - [2024-03-22T02:14:58.473+0000] {dag.py:3834} INFO - Setting next_dagrun for example_python_operator to None, run_after=None
[2024-03-22T02:14:58.483+0000] {processor.py:183} INFO - Processing /home/airflow/.local/lib/python3.8/site-packages/airflow/example_dags/example_python_operator.py took 0.040 seconds
[2024-03-22T02:15:29.431+0000] {processor.py:161} INFO - Started process (PID=1442) to work on /home/airflow/.local/lib/python3.8/site-packages/airflow/example_dags/example_python_operator.py
[2024-03-22T02:15:29.431+0000] {processor.py:830} INFO - Processing file /home/airflow/.local/lib/python3.8/site-packages/airflow/example_dags/example_python_operator.py for tasks to queue
[2024-03-22T02:15:29.432+0000] {logging_mixin.py:188} INFO - [2024-03-22T02:15:29.432+0000] {dagbag.py:540} INFO - Filling up the DagBag from /home/airflow/.local/lib/python3.8/site-packages/airflow/example_dags/example_python_operator.py
[2024-03-22T02:15:29.438+0000] {processor.py:840} INFO - DAG(s) 'example_python_operator' retrieved from /home/airflow/.local/lib/python3.8/site-packages/airflow/example_dags/example_python_operator.py
[2024-03-22T02:15:29.453+0000] {logging_mixin.py:188} INFO - [2024-03-22T02:15:29.453+0000] {dag.py:3047} INFO - Sync 1 DAGs
[2024-03-22T02:15:29.462+0000] {logging_mixin.py:188} INFO - [2024-03-22T02:15:29.461+0000] {dag.py:3834} INFO - Setting next_dagrun for example_python_operator to None, run_after=None
[2024-03-22T02:15:29.473+0000] {processor.py:183} INFO - Processing /home/airflow/.local/lib/python3.8/site-packages/airflow/example_dags/example_python_operator.py took 0.044 seconds
[2024-03-22T02:16:00.250+0000] {processor.py:161} INFO - Started process (PID=1689) to work on /home/airflow/.local/lib/python3.8/site-packages/airflow/example_dags/example_python_operator.py
[2024-03-22T02:16:00.250+0000] {processor.py:830} INFO - Processing file /home/airflow/.local/lib/python3.8/site-packages/airflow/example_dags/example_python_operator.py for tasks to queue
[2024-03-22T02:16:00.251+0000] {logging_mixin.py:188} INFO - [2024-03-22T02:16:00.251+0000] {dagbag.py:540} INFO - Filling up the DagBag from /home/airflow/.local/lib/python3.8/site-packages/airflow/example_dags/example_python_operator.py
[2024-03-22T02:16:00.258+0000] {processor.py:840} INFO - DAG(s) 'example_python_operator' retrieved from /home/airflow/.local/lib/python3.8/site-packages/airflow/example_dags/example_python_operator.py
[2024-03-22T02:16:00.271+0000] {logging_mixin.py:188} INFO - [2024-03-22T02:16:00.271+0000] {dag.py:3047} INFO - Sync 1 DAGs
[2024-03-22T02:16:00.278+0000] {logging_mixin.py:188} INFO - [2024-03-22T02:16:00.278+0000] {dag.py:3834} INFO - Setting next_dagrun for example_python_operator to None, run_after=None
[2024-03-22T02:16:00.287+0000] {processor.py:183} INFO - Processing /home/airflow/.local/lib/python3.8/site-packages/airflow/example_dags/example_python_operator.py took 0.040 seconds
[2024-03-22T02:16:31.338+0000] {processor.py:161} INFO - Started process (PID=1936) to work on /home/airflow/.local/lib/python3.8/site-packages/airflow/example_dags/example_python_operator.py
[2024-03-22T02:16:31.339+0000] {processor.py:830} INFO - Processing file /home/airflow/.local/lib/python3.8/site-packages/airflow/example_dags/example_python_operator.py for tasks to queue
[2024-03-22T02:16:31.339+0000] {logging_mixin.py:188} INFO - [2024-03-22T02:16:31.339+0000] {dagbag.py:540} INFO - Filling up the DagBag from /home/airflow/.local/lib/python3.8/site-packages/airflow/example_dags/example_python_operator.py
[2024-03-22T02:16:31.346+0000] {processor.py:840} INFO - DAG(s) 'example_python_operator' retrieved from /home/airflow/.local/lib/python3.8/site-packages/airflow/example_dags/example_python_operator.py
[2024-03-22T02:16:31.361+0000] {logging_mixin.py:188} INFO - [2024-03-22T02:16:31.361+0000] {dag.py:3047} INFO - Sync 1 DAGs
[2024-03-22T02:16:31.368+0000] {logging_mixin.py:188} INFO - [2024-03-22T02:16:31.368+0000] {dag.py:3834} INFO - Setting next_dagrun for example_python_operator to None, run_after=None
[2024-03-22T02:16:31.379+0000] {processor.py:183} INFO - Processing /home/airflow/.local/lib/python3.8/site-packages/airflow/example_dags/example_python_operator.py took 0.043 seconds
[2024-03-22T02:17:02.262+0000] {processor.py:161} INFO - Started process (PID=2207) to work on /home/airflow/.local/lib/python3.8/site-packages/airflow/example_dags/example_python_operator.py
[2024-03-22T02:17:02.263+0000] {processor.py:830} INFO - Processing file /home/airflow/.local/lib/python3.8/site-packages/airflow/example_dags/example_python_operator.py for tasks to queue
[2024-03-22T02:17:02.263+0000] {logging_mixin.py:188} INFO - [2024-03-22T02:17:02.263+0000] {dagbag.py:540} INFO - Filling up the DagBag from /home/airflow/.local/lib/python3.8/site-packages/airflow/example_dags/example_python_operator.py
[2024-03-22T02:17:02.270+0000] {processor.py:840} INFO - DAG(s) 'example_python_operator' retrieved from /home/airflow/.local/lib/python3.8/site-packages/airflow/example_dags/example_python_operator.py
[2024-03-22T02:17:02.282+0000] {logging_mixin.py:188} INFO - [2024-03-22T02:17:02.282+0000] {dag.py:3047} INFO - Sync 1 DAGs
[2024-03-22T02:17:02.289+0000] {logging_mixin.py:188} INFO - [2024-03-22T02:17:02.288+0000] {dag.py:3834} INFO - Setting next_dagrun for example_python_operator to None, run_after=None
[2024-03-22T02:17:02.298+0000] {processor.py:183} INFO - Processing /home/airflow/.local/lib/python3.8/site-packages/airflow/example_dags/example_python_operator.py took 0.039 seconds
[2024-03-22T02:17:33.308+0000] {processor.py:161} INFO - Started process (PID=2454) to work on /home/airflow/.local/lib/python3.8/site-packages/airflow/example_dags/example_python_operator.py
[2024-03-22T02:17:33.309+0000] {processor.py:830} INFO - Processing file /home/airflow/.local/lib/python3.8/site-packages/airflow/example_dags/example_python_operator.py for tasks to queue
[2024-03-22T02:17:33.310+0000] {logging_mixin.py:188} INFO - [2024-03-22T02:17:33.310+0000] {dagbag.py:540} INFO - Filling up the DagBag from /home/airflow/.local/lib/python3.8/site-packages/airflow/example_dags/example_python_operator.py
[2024-03-22T02:17:33.316+0000] {processor.py:840} INFO - DAG(s) 'example_python_operator' retrieved from /home/airflow/.local/lib/python3.8/site-packages/airflow/example_dags/example_python_operator.py
[2024-03-22T02:17:33.330+0000] {logging_mixin.py:188} INFO - [2024-03-22T02:17:33.330+0000] {dag.py:3047} INFO - Sync 1 DAGs
[2024-03-22T02:17:33.336+0000] {logging_mixin.py:188} INFO - [2024-03-22T02:17:33.336+0000] {dag.py:3834} INFO - Setting next_dagrun for example_python_operator to None, run_after=None
[2024-03-22T02:17:33.346+0000] {processor.py:183} INFO - Processing /home/airflow/.local/lib/python3.8/site-packages/airflow/example_dags/example_python_operator.py took 0.040 seconds
[2024-03-22T02:18:03.381+0000] {processor.py:161} INFO - Started process (PID=2701) to work on /home/airflow/.local/lib/python3.8/site-packages/airflow/example_dags/example_python_operator.py
[2024-03-22T02:18:03.382+0000] {processor.py:830} INFO - Processing file /home/airflow/.local/lib/python3.8/site-packages/airflow/example_dags/example_python_operator.py for tasks to queue
[2024-03-22T02:18:03.382+0000] {logging_mixin.py:188} INFO - [2024-03-22T02:18:03.382+0000] {dagbag.py:540} INFO - Filling up the DagBag from /home/airflow/.local/lib/python3.8/site-packages/airflow/example_dags/example_python_operator.py
[2024-03-22T02:18:03.389+0000] {processor.py:840} INFO - DAG(s) 'example_python_operator' retrieved from /home/airflow/.local/lib/python3.8/site-packages/airflow/example_dags/example_python_operator.py
[2024-03-22T02:18:03.400+0000] {logging_mixin.py:188} INFO - [2024-03-22T02:18:03.400+0000] {dag.py:3047} INFO - Sync 1 DAGs
[2024-03-22T02:18:03.406+0000] {logging_mixin.py:188} INFO - [2024-03-22T02:18:03.406+0000] {dag.py:3834} INFO - Setting next_dagrun for example_python_operator to None, run_after=None
[2024-03-22T02:18:03.415+0000] {processor.py:183} INFO - Processing /home/airflow/.local/lib/python3.8/site-packages/airflow/example_dags/example_python_operator.py took 0.036 seconds
[2024-03-22T02:18:34.226+0000] {processor.py:161} INFO - Started process (PID=2948) to work on /home/airflow/.local/lib/python3.8/site-packages/airflow/example_dags/example_python_operator.py
[2024-03-22T02:18:34.227+0000] {processor.py:830} INFO - Processing file /home/airflow/.local/lib/python3.8/site-packages/airflow/example_dags/example_python_operator.py for tasks to queue
[2024-03-22T02:18:34.227+0000] {logging_mixin.py:188} INFO - [2024-03-22T02:18:34.227+0000] {dagbag.py:540} INFO - Filling up the DagBag from /home/airflow/.local/lib/python3.8/site-packages/airflow/example_dags/example_python_operator.py
[2024-03-22T02:18:34.234+0000] {processor.py:840} INFO - DAG(s) 'example_python_operator' retrieved from /home/airflow/.local/lib/python3.8/site-packages/airflow/example_dags/example_python_operator.py
[2024-03-22T02:18:34.248+0000] {logging_mixin.py:188} INFO - [2024-03-22T02:18:34.248+0000] {dag.py:3047} INFO - Sync 1 DAGs
[2024-03-22T02:18:34.255+0000] {logging_mixin.py:188} INFO - [2024-03-22T02:18:34.255+0000] {dag.py:3834} INFO - Setting next_dagrun for example_python_operator to None, run_after=None
[2024-03-22T02:18:34.265+0000] {processor.py:183} INFO - Processing /home/airflow/.local/lib/python3.8/site-packages/airflow/example_dags/example_python_operator.py took 0.042 seconds
[2024-03-22T02:19:04.309+0000] {processor.py:161} INFO - Started process (PID=3195) to work on /home/airflow/.local/lib/python3.8/site-packages/airflow/example_dags/example_python_operator.py
[2024-03-22T02:19:04.310+0000] {processor.py:830} INFO - Processing file /home/airflow/.local/lib/python3.8/site-packages/airflow/example_dags/example_python_operator.py for tasks to queue
[2024-03-22T02:19:04.311+0000] {logging_mixin.py:188} INFO - [2024-03-22T02:19:04.311+0000] {dagbag.py:540} INFO - Filling up the DagBag from /home/airflow/.local/lib/python3.8/site-packages/airflow/example_dags/example_python_operator.py
[2024-03-22T02:19:04.317+0000] {processor.py:840} INFO - DAG(s) 'example_python_operator' retrieved from /home/airflow/.local/lib/python3.8/site-packages/airflow/example_dags/example_python_operator.py
[2024-03-22T02:19:04.331+0000] {logging_mixin.py:188} INFO - [2024-03-22T02:19:04.331+0000] {dag.py:3047} INFO - Sync 1 DAGs
[2024-03-22T02:19:04.337+0000] {logging_mixin.py:188} INFO - [2024-03-22T02:19:04.337+0000] {dag.py:3834} INFO - Setting next_dagrun for example_python_operator to None, run_after=None
[2024-03-22T02:19:04.346+0000] {processor.py:183} INFO - Processing /home/airflow/.local/lib/python3.8/site-packages/airflow/example_dags/example_python_operator.py took 0.039 seconds
[2024-03-22T02:19:34.484+0000] {processor.py:161} INFO - Started process (PID=3442) to work on /home/airflow/.local/lib/python3.8/site-packages/airflow/example_dags/example_python_operator.py
[2024-03-22T02:19:34.485+0000] {processor.py:830} INFO - Processing file /home/airflow/.local/lib/python3.8/site-packages/airflow/example_dags/example_python_operator.py for tasks to queue
[2024-03-22T02:19:34.486+0000] {logging_mixin.py:188} INFO - [2024-03-22T02:19:34.485+0000] {dagbag.py:540} INFO - Filling up the DagBag from /home/airflow/.local/lib/python3.8/site-packages/airflow/example_dags/example_python_operator.py
[2024-03-22T02:19:34.492+0000] {processor.py:840} INFO - DAG(s) 'example_python_operator' retrieved from /home/airflow/.local/lib/python3.8/site-packages/airflow/example_dags/example_python_operator.py
[2024-03-22T02:19:34.505+0000] {logging_mixin.py:188} INFO - [2024-03-22T02:19:34.505+0000] {dag.py:3047} INFO - Sync 1 DAGs
[2024-03-22T02:19:34.511+0000] {logging_mixin.py:188} INFO - [2024-03-22T02:19:34.511+0000] {dag.py:3834} INFO - Setting next_dagrun for example_python_operator to None, run_after=None
[2024-03-22T02:19:34.520+0000] {processor.py:183} INFO - Processing /home/airflow/.local/lib/python3.8/site-packages/airflow/example_dags/example_python_operator.py took 0.038 seconds
[2024-03-22T03:21:00.961+0000] {processor.py:161} INFO - Started process (PID=207) to work on /home/airflow/.local/lib/python3.8/site-packages/airflow/example_dags/example_python_operator.py
[2024-03-22T03:21:00.962+0000] {processor.py:830} INFO - Processing file /home/airflow/.local/lib/python3.8/site-packages/airflow/example_dags/example_python_operator.py for tasks to queue
[2024-03-22T03:21:00.963+0000] {logging_mixin.py:188} INFO - [2024-03-22T03:21:00.963+0000] {dagbag.py:540} INFO - Filling up the DagBag from /home/airflow/.local/lib/python3.8/site-packages/airflow/example_dags/example_python_operator.py
[2024-03-22T03:21:00.969+0000] {processor.py:840} INFO - DAG(s) 'example_python_operator' retrieved from /home/airflow/.local/lib/python3.8/site-packages/airflow/example_dags/example_python_operator.py
[2024-03-22T03:21:01.023+0000] {logging_mixin.py:188} INFO - [2024-03-22T03:21:01.022+0000] {override.py:1769} INFO - Created Permission View: can read on DAG:example_python_operator
[2024-03-22T03:21:01.027+0000] {logging_mixin.py:188} INFO - [2024-03-22T03:21:01.027+0000] {override.py:1769} INFO - Created Permission View: can delete on DAG:example_python_operator
[2024-03-22T03:21:01.030+0000] {logging_mixin.py:188} INFO - [2024-03-22T03:21:01.030+0000] {override.py:1769} INFO - Created Permission View: can edit on DAG:example_python_operator
[2024-03-22T03:21:01.031+0000] {logging_mixin.py:188} INFO - [2024-03-22T03:21:01.030+0000] {dag.py:3047} INFO - Sync 1 DAGs
[2024-03-22T03:21:01.036+0000] {logging_mixin.py:188} INFO - [2024-03-22T03:21:01.036+0000] {dag.py:3069} INFO - Creating ORM DAG for example_python_operator
[2024-03-22T03:21:01.037+0000] {logging_mixin.py:188} INFO - [2024-03-22T03:21:01.037+0000] {dag.py:3834} INFO - Setting next_dagrun for example_python_operator to None, run_after=None
[2024-03-22T03:21:01.046+0000] {processor.py:183} INFO - Processing /home/airflow/.local/lib/python3.8/site-packages/airflow/example_dags/example_python_operator.py took 0.086 seconds
[2024-03-22T03:21:31.147+0000] {processor.py:161} INFO - Started process (PID=454) to work on /home/airflow/.local/lib/python3.8/site-packages/airflow/example_dags/example_python_operator.py
[2024-03-22T03:21:31.148+0000] {processor.py:830} INFO - Processing file /home/airflow/.local/lib/python3.8/site-packages/airflow/example_dags/example_python_operator.py for tasks to queue
[2024-03-22T03:21:31.148+0000] {logging_mixin.py:188} INFO - [2024-03-22T03:21:31.148+0000] {dagbag.py:540} INFO - Filling up the DagBag from /home/airflow/.local/lib/python3.8/site-packages/airflow/example_dags/example_python_operator.py
[2024-03-22T03:21:31.155+0000] {processor.py:840} INFO - DAG(s) 'example_python_operator' retrieved from /home/airflow/.local/lib/python3.8/site-packages/airflow/example_dags/example_python_operator.py
[2024-03-22T03:21:31.167+0000] {logging_mixin.py:188} INFO - [2024-03-22T03:21:31.167+0000] {dag.py:3047} INFO - Sync 1 DAGs
[2024-03-22T03:21:31.175+0000] {logging_mixin.py:188} INFO - [2024-03-22T03:21:31.174+0000] {dag.py:3834} INFO - Setting next_dagrun for example_python_operator to None, run_after=None
[2024-03-22T03:21:31.184+0000] {processor.py:183} INFO - Processing /home/airflow/.local/lib/python3.8/site-packages/airflow/example_dags/example_python_operator.py took 0.039 seconds
[2024-03-22T03:22:01.960+0000] {processor.py:161} INFO - Started process (PID=701) to work on /home/airflow/.local/lib/python3.8/site-packages/airflow/example_dags/example_python_operator.py
[2024-03-22T03:22:01.961+0000] {processor.py:830} INFO - Processing file /home/airflow/.local/lib/python3.8/site-packages/airflow/example_dags/example_python_operator.py for tasks to queue
[2024-03-22T03:22:01.961+0000] {logging_mixin.py:188} INFO - [2024-03-22T03:22:01.961+0000] {dagbag.py:540} INFO - Filling up the DagBag from /home/airflow/.local/lib/python3.8/site-packages/airflow/example_dags/example_python_operator.py
[2024-03-22T03:22:01.968+0000] {processor.py:840} INFO - DAG(s) 'example_python_operator' retrieved from /home/airflow/.local/lib/python3.8/site-packages/airflow/example_dags/example_python_operator.py
[2024-03-22T03:22:01.980+0000] {logging_mixin.py:188} INFO - [2024-03-22T03:22:01.980+0000] {dag.py:3047} INFO - Sync 1 DAGs
[2024-03-22T03:22:01.985+0000] {logging_mixin.py:188} INFO - [2024-03-22T03:22:01.985+0000] {dag.py:3834} INFO - Setting next_dagrun for example_python_operator to None, run_after=None
[2024-03-22T03:22:01.994+0000] {processor.py:183} INFO - Processing /home/airflow/.local/lib/python3.8/site-packages/airflow/example_dags/example_python_operator.py took 0.036 seconds
[2024-03-22T03:22:32.764+0000] {processor.py:161} INFO - Started process (PID=948) to work on /home/airflow/.local/lib/python3.8/site-packages/airflow/example_dags/example_python_operator.py
[2024-03-22T03:22:32.765+0000] {processor.py:830} INFO - Processing file /home/airflow/.local/lib/python3.8/site-packages/airflow/example_dags/example_python_operator.py for tasks to queue
[2024-03-22T03:22:32.766+0000] {logging_mixin.py:188} INFO - [2024-03-22T03:22:32.766+0000] {dagbag.py:540} INFO - Filling up the DagBag from /home/airflow/.local/lib/python3.8/site-packages/airflow/example_dags/example_python_operator.py
[2024-03-22T03:22:32.772+0000] {processor.py:840} INFO - DAG(s) 'example_python_operator' retrieved from /home/airflow/.local/lib/python3.8/site-packages/airflow/example_dags/example_python_operator.py
[2024-03-22T03:22:32.786+0000] {logging_mixin.py:188} INFO - [2024-03-22T03:22:32.786+0000] {dag.py:3047} INFO - Sync 1 DAGs
[2024-03-22T03:22:32.792+0000] {logging_mixin.py:188} INFO - [2024-03-22T03:22:32.792+0000] {dag.py:3834} INFO - Setting next_dagrun for example_python_operator to None, run_after=None
[2024-03-22T03:22:32.801+0000] {processor.py:183} INFO - Processing /home/airflow/.local/lib/python3.8/site-packages/airflow/example_dags/example_python_operator.py took 0.039 seconds
[2024-03-22T03:23:03.592+0000] {processor.py:161} INFO - Started process (PID=1195) to work on /home/airflow/.local/lib/python3.8/site-packages/airflow/example_dags/example_python_operator.py
[2024-03-22T03:23:03.593+0000] {processor.py:830} INFO - Processing file /home/airflow/.local/lib/python3.8/site-packages/airflow/example_dags/example_python_operator.py for tasks to queue
[2024-03-22T03:23:03.594+0000] {logging_mixin.py:188} INFO - [2024-03-22T03:23:03.593+0000] {dagbag.py:540} INFO - Filling up the DagBag from /home/airflow/.local/lib/python3.8/site-packages/airflow/example_dags/example_python_operator.py
[2024-03-22T03:23:03.600+0000] {processor.py:840} INFO - DAG(s) 'example_python_operator' retrieved from /home/airflow/.local/lib/python3.8/site-packages/airflow/example_dags/example_python_operator.py
[2024-03-22T03:23:03.613+0000] {logging_mixin.py:188} INFO - [2024-03-22T03:23:03.613+0000] {dag.py:3047} INFO - Sync 1 DAGs
[2024-03-22T03:23:03.619+0000] {logging_mixin.py:188} INFO - [2024-03-22T03:23:03.619+0000] {dag.py:3834} INFO - Setting next_dagrun for example_python_operator to None, run_after=None
[2024-03-22T03:23:03.628+0000] {processor.py:183} INFO - Processing /home/airflow/.local/lib/python3.8/site-packages/airflow/example_dags/example_python_operator.py took 0.038 seconds
