[2024-03-22T02:12:57.161+0000] {processor.py:161} INFO - Started process (PID=372) to work on /home/airflow/.local/lib/python3.8/site-packages/airflow/example_dags/example_xcomargs.py
[2024-03-22T02:12:57.162+0000] {processor.py:830} INFO - Processing file /home/airflow/.local/lib/python3.8/site-packages/airflow/example_dags/example_xcomargs.py for tasks to queue
[2024-03-22T02:12:57.163+0000] {logging_mixin.py:188} INFO - [2024-03-22T02:12:57.162+0000] {dagbag.py:540} INFO - Filling up the DagBag from /home/airflow/.local/lib/python3.8/site-packages/airflow/example_dags/example_xcomargs.py
[2024-03-22T02:12:57.168+0000] {processor.py:840} INFO - DAG(s) 'example_xcom_args_with_operators', 'example_xcom_args' retrieved from /home/airflow/.local/lib/python3.8/site-packages/airflow/example_dags/example_xcomargs.py
[2024-03-22T02:12:57.176+0000] {logging_mixin.py:188} INFO - [2024-03-22T02:12:57.175+0000] {dag.py:3047} INFO - Sync 2 DAGs
[2024-03-22T02:12:57.184+0000] {logging_mixin.py:188} INFO - [2024-03-22T02:12:57.184+0000] {dag.py:3834} INFO - Setting next_dagrun for example_xcom_args to None, run_after=None
[2024-03-22T02:12:57.186+0000] {logging_mixin.py:188} INFO - [2024-03-22T02:12:57.186+0000] {dag.py:3834} INFO - Setting next_dagrun for example_xcom_args_with_operators to None, run_after=None
[2024-03-22T02:12:57.200+0000] {processor.py:183} INFO - Processing /home/airflow/.local/lib/python3.8/site-packages/airflow/example_dags/example_xcomargs.py took 0.041 seconds
[2024-03-22T02:13:28.567+0000] {processor.py:161} INFO - Started process (PID=619) to work on /home/airflow/.local/lib/python3.8/site-packages/airflow/example_dags/example_xcomargs.py
[2024-03-22T02:13:28.568+0000] {processor.py:830} INFO - Processing file /home/airflow/.local/lib/python3.8/site-packages/airflow/example_dags/example_xcomargs.py for tasks to queue
[2024-03-22T02:13:28.569+0000] {logging_mixin.py:188} INFO - [2024-03-22T02:13:28.568+0000] {dagbag.py:540} INFO - Filling up the DagBag from /home/airflow/.local/lib/python3.8/site-packages/airflow/example_dags/example_xcomargs.py
[2024-03-22T02:13:28.574+0000] {processor.py:840} INFO - DAG(s) 'example_xcom_args_with_operators', 'example_xcom_args' retrieved from /home/airflow/.local/lib/python3.8/site-packages/airflow/example_dags/example_xcomargs.py
[2024-03-22T02:13:28.638+0000] {logging_mixin.py:188} INFO - [2024-03-22T02:13:28.638+0000] {dag.py:3047} INFO - Sync 2 DAGs
[2024-03-22T02:13:28.644+0000] {logging_mixin.py:188} INFO - [2024-03-22T02:13:28.644+0000] {dag.py:3834} INFO - Setting next_dagrun for example_xcom_args to None, run_after=None
[2024-03-22T02:13:28.646+0000] {logging_mixin.py:188} INFO - [2024-03-22T02:13:28.646+0000] {dag.py:3834} INFO - Setting next_dagrun for example_xcom_args_with_operators to None, run_after=None
[2024-03-22T02:13:28.657+0000] {processor.py:183} INFO - Processing /home/airflow/.local/lib/python3.8/site-packages/airflow/example_dags/example_xcomargs.py took 0.092 seconds
[2024-03-22T02:13:59.674+0000] {processor.py:161} INFO - Started process (PID=868) to work on /home/airflow/.local/lib/python3.8/site-packages/airflow/example_dags/example_xcomargs.py
[2024-03-22T02:13:59.676+0000] {processor.py:830} INFO - Processing file /home/airflow/.local/lib/python3.8/site-packages/airflow/example_dags/example_xcomargs.py for tasks to queue
[2024-03-22T02:13:59.677+0000] {logging_mixin.py:188} INFO - [2024-03-22T02:13:59.677+0000] {dagbag.py:540} INFO - Filling up the DagBag from /home/airflow/.local/lib/python3.8/site-packages/airflow/example_dags/example_xcomargs.py
[2024-03-22T02:13:59.687+0000] {processor.py:840} INFO - DAG(s) 'example_xcom_args', 'example_xcom_args_with_operators' retrieved from /home/airflow/.local/lib/python3.8/site-packages/airflow/example_dags/example_xcomargs.py
[2024-03-22T02:13:59.708+0000] {logging_mixin.py:188} INFO - [2024-03-22T02:13:59.708+0000] {dag.py:3047} INFO - Sync 2 DAGs
[2024-03-22T02:13:59.716+0000] {logging_mixin.py:188} INFO - [2024-03-22T02:13:59.716+0000] {dag.py:3834} INFO - Setting next_dagrun for example_xcom_args to None, run_after=None
[2024-03-22T02:13:59.719+0000] {logging_mixin.py:188} INFO - [2024-03-22T02:13:59.719+0000] {dag.py:3834} INFO - Setting next_dagrun for example_xcom_args_with_operators to None, run_after=None
[2024-03-22T02:13:59.729+0000] {processor.py:183} INFO - Processing /home/airflow/.local/lib/python3.8/site-packages/airflow/example_dags/example_xcomargs.py took 0.059 seconds
[2024-03-22T02:14:30.672+0000] {processor.py:161} INFO - Started process (PID=1115) to work on /home/airflow/.local/lib/python3.8/site-packages/airflow/example_dags/example_xcomargs.py
[2024-03-22T02:14:30.673+0000] {processor.py:830} INFO - Processing file /home/airflow/.local/lib/python3.8/site-packages/airflow/example_dags/example_xcomargs.py for tasks to queue
[2024-03-22T02:14:30.674+0000] {logging_mixin.py:188} INFO - [2024-03-22T02:14:30.674+0000] {dagbag.py:540} INFO - Filling up the DagBag from /home/airflow/.local/lib/python3.8/site-packages/airflow/example_dags/example_xcomargs.py
[2024-03-22T02:14:30.681+0000] {processor.py:840} INFO - DAG(s) 'example_xcom_args_with_operators', 'example_xcom_args' retrieved from /home/airflow/.local/lib/python3.8/site-packages/airflow/example_dags/example_xcomargs.py
[2024-03-22T02:14:30.699+0000] {logging_mixin.py:188} INFO - [2024-03-22T02:14:30.699+0000] {dag.py:3047} INFO - Sync 2 DAGs
[2024-03-22T02:14:30.707+0000] {logging_mixin.py:188} INFO - [2024-03-22T02:14:30.706+0000] {dag.py:3834} INFO - Setting next_dagrun for example_xcom_args to None, run_after=None
[2024-03-22T02:14:30.709+0000] {logging_mixin.py:188} INFO - [2024-03-22T02:14:30.709+0000] {dag.py:3834} INFO - Setting next_dagrun for example_xcom_args_with_operators to None, run_after=None
[2024-03-22T02:14:30.717+0000] {processor.py:183} INFO - Processing /home/airflow/.local/lib/python3.8/site-packages/airflow/example_dags/example_xcomargs.py took 0.049 seconds
[2024-03-22T02:15:01.618+0000] {processor.py:161} INFO - Started process (PID=1362) to work on /home/airflow/.local/lib/python3.8/site-packages/airflow/example_dags/example_xcomargs.py
[2024-03-22T02:15:01.620+0000] {processor.py:830} INFO - Processing file /home/airflow/.local/lib/python3.8/site-packages/airflow/example_dags/example_xcomargs.py for tasks to queue
[2024-03-22T02:15:01.621+0000] {logging_mixin.py:188} INFO - [2024-03-22T02:15:01.621+0000] {dagbag.py:540} INFO - Filling up the DagBag from /home/airflow/.local/lib/python3.8/site-packages/airflow/example_dags/example_xcomargs.py
[2024-03-22T02:15:01.631+0000] {processor.py:840} INFO - DAG(s) 'example_xcom_args', 'example_xcom_args_with_operators' retrieved from /home/airflow/.local/lib/python3.8/site-packages/airflow/example_dags/example_xcomargs.py
[2024-03-22T02:15:01.652+0000] {logging_mixin.py:188} INFO - [2024-03-22T02:15:01.652+0000] {dag.py:3047} INFO - Sync 2 DAGs
[2024-03-22T02:15:01.661+0000] {logging_mixin.py:188} INFO - [2024-03-22T02:15:01.660+0000] {dag.py:3834} INFO - Setting next_dagrun for example_xcom_args to None, run_after=None
[2024-03-22T02:15:01.663+0000] {logging_mixin.py:188} INFO - [2024-03-22T02:15:01.663+0000] {dag.py:3834} INFO - Setting next_dagrun for example_xcom_args_with_operators to None, run_after=None
[2024-03-22T02:15:01.672+0000] {processor.py:183} INFO - Processing /home/airflow/.local/lib/python3.8/site-packages/airflow/example_dags/example_xcomargs.py took 0.059 seconds
[2024-03-22T02:15:32.452+0000] {processor.py:161} INFO - Started process (PID=1609) to work on /home/airflow/.local/lib/python3.8/site-packages/airflow/example_dags/example_xcomargs.py
[2024-03-22T02:15:32.453+0000] {processor.py:830} INFO - Processing file /home/airflow/.local/lib/python3.8/site-packages/airflow/example_dags/example_xcomargs.py for tasks to queue
[2024-03-22T02:15:32.454+0000] {logging_mixin.py:188} INFO - [2024-03-22T02:15:32.454+0000] {dagbag.py:540} INFO - Filling up the DagBag from /home/airflow/.local/lib/python3.8/site-packages/airflow/example_dags/example_xcomargs.py
[2024-03-22T02:15:32.461+0000] {processor.py:840} INFO - DAG(s) 'example_xcom_args_with_operators', 'example_xcom_args' retrieved from /home/airflow/.local/lib/python3.8/site-packages/airflow/example_dags/example_xcomargs.py
[2024-03-22T02:15:32.479+0000] {logging_mixin.py:188} INFO - [2024-03-22T02:15:32.479+0000] {dag.py:3047} INFO - Sync 2 DAGs
[2024-03-22T02:15:32.486+0000] {logging_mixin.py:188} INFO - [2024-03-22T02:15:32.486+0000] {dag.py:3834} INFO - Setting next_dagrun for example_xcom_args to None, run_after=None
[2024-03-22T02:15:32.489+0000] {logging_mixin.py:188} INFO - [2024-03-22T02:15:32.488+0000] {dag.py:3834} INFO - Setting next_dagrun for example_xcom_args_with_operators to None, run_after=None
[2024-03-22T02:15:32.498+0000] {processor.py:183} INFO - Processing /home/airflow/.local/lib/python3.8/site-packages/airflow/example_dags/example_xcomargs.py took 0.051 seconds
[2024-03-22T02:16:03.378+0000] {processor.py:161} INFO - Started process (PID=1856) to work on /home/airflow/.local/lib/python3.8/site-packages/airflow/example_dags/example_xcomargs.py
[2024-03-22T02:16:03.379+0000] {processor.py:830} INFO - Processing file /home/airflow/.local/lib/python3.8/site-packages/airflow/example_dags/example_xcomargs.py for tasks to queue
[2024-03-22T02:16:03.379+0000] {logging_mixin.py:188} INFO - [2024-03-22T02:16:03.379+0000] {dagbag.py:540} INFO - Filling up the DagBag from /home/airflow/.local/lib/python3.8/site-packages/airflow/example_dags/example_xcomargs.py
[2024-03-22T02:16:03.385+0000] {processor.py:840} INFO - DAG(s) 'example_xcom_args', 'example_xcom_args_with_operators' retrieved from /home/airflow/.local/lib/python3.8/site-packages/airflow/example_dags/example_xcomargs.py
[2024-03-22T02:16:03.401+0000] {logging_mixin.py:188} INFO - [2024-03-22T02:16:03.401+0000] {dag.py:3047} INFO - Sync 2 DAGs
[2024-03-22T02:16:03.407+0000] {logging_mixin.py:188} INFO - [2024-03-22T02:16:03.407+0000] {dag.py:3834} INFO - Setting next_dagrun for example_xcom_args to None, run_after=None
[2024-03-22T02:16:03.409+0000] {logging_mixin.py:188} INFO - [2024-03-22T02:16:03.409+0000] {dag.py:3834} INFO - Setting next_dagrun for example_xcom_args_with_operators to None, run_after=None
[2024-03-22T02:16:03.419+0000] {processor.py:183} INFO - Processing /home/airflow/.local/lib/python3.8/site-packages/airflow/example_dags/example_xcomargs.py took 0.044 seconds
[2024-03-22T02:16:33.514+0000] {processor.py:161} INFO - Started process (PID=2103) to work on /home/airflow/.local/lib/python3.8/site-packages/airflow/example_dags/example_xcomargs.py
[2024-03-22T02:16:33.516+0000] {processor.py:830} INFO - Processing file /home/airflow/.local/lib/python3.8/site-packages/airflow/example_dags/example_xcomargs.py for tasks to queue
[2024-03-22T02:16:33.517+0000] {logging_mixin.py:188} INFO - [2024-03-22T02:16:33.516+0000] {dagbag.py:540} INFO - Filling up the DagBag from /home/airflow/.local/lib/python3.8/site-packages/airflow/example_dags/example_xcomargs.py
[2024-03-22T02:16:33.526+0000] {processor.py:840} INFO - DAG(s) 'example_xcom_args_with_operators', 'example_xcom_args' retrieved from /home/airflow/.local/lib/python3.8/site-packages/airflow/example_dags/example_xcomargs.py
[2024-03-22T02:16:33.547+0000] {logging_mixin.py:188} INFO - [2024-03-22T02:16:33.547+0000] {dag.py:3047} INFO - Sync 2 DAGs
[2024-03-22T02:16:33.556+0000] {logging_mixin.py:188} INFO - [2024-03-22T02:16:33.555+0000] {dag.py:3834} INFO - Setting next_dagrun for example_xcom_args to None, run_after=None
[2024-03-22T02:16:33.558+0000] {logging_mixin.py:188} INFO - [2024-03-22T02:16:33.558+0000] {dag.py:3834} INFO - Setting next_dagrun for example_xcom_args_with_operators to None, run_after=None
[2024-03-22T02:16:33.568+0000] {processor.py:183} INFO - Processing /home/airflow/.local/lib/python3.8/site-packages/airflow/example_dags/example_xcomargs.py took 0.058 seconds
[2024-03-22T02:17:04.447+0000] {processor.py:161} INFO - Started process (PID=2374) to work on /home/airflow/.local/lib/python3.8/site-packages/airflow/example_dags/example_xcomargs.py
[2024-03-22T02:17:04.448+0000] {processor.py:830} INFO - Processing file /home/airflow/.local/lib/python3.8/site-packages/airflow/example_dags/example_xcomargs.py for tasks to queue
[2024-03-22T02:17:04.449+0000] {logging_mixin.py:188} INFO - [2024-03-22T02:17:04.449+0000] {dagbag.py:540} INFO - Filling up the DagBag from /home/airflow/.local/lib/python3.8/site-packages/airflow/example_dags/example_xcomargs.py
[2024-03-22T02:17:04.455+0000] {processor.py:840} INFO - DAG(s) 'example_xcom_args', 'example_xcom_args_with_operators' retrieved from /home/airflow/.local/lib/python3.8/site-packages/airflow/example_dags/example_xcomargs.py
[2024-03-22T02:17:04.471+0000] {logging_mixin.py:188} INFO - [2024-03-22T02:17:04.471+0000] {dag.py:3047} INFO - Sync 2 DAGs
[2024-03-22T02:17:04.478+0000] {logging_mixin.py:188} INFO - [2024-03-22T02:17:04.478+0000] {dag.py:3834} INFO - Setting next_dagrun for example_xcom_args to None, run_after=None
[2024-03-22T02:17:04.480+0000] {logging_mixin.py:188} INFO - [2024-03-22T02:17:04.480+0000] {dag.py:3834} INFO - Setting next_dagrun for example_xcom_args_with_operators to None, run_after=None
[2024-03-22T02:17:04.490+0000] {processor.py:183} INFO - Processing /home/airflow/.local/lib/python3.8/site-packages/airflow/example_dags/example_xcomargs.py took 0.045 seconds
[2024-03-22T02:17:34.511+0000] {processor.py:161} INFO - Started process (PID=2621) to work on /home/airflow/.local/lib/python3.8/site-packages/airflow/example_dags/example_xcomargs.py
[2024-03-22T02:17:34.512+0000] {processor.py:830} INFO - Processing file /home/airflow/.local/lib/python3.8/site-packages/airflow/example_dags/example_xcomargs.py for tasks to queue
[2024-03-22T02:17:34.512+0000] {logging_mixin.py:188} INFO - [2024-03-22T02:17:34.512+0000] {dagbag.py:540} INFO - Filling up the DagBag from /home/airflow/.local/lib/python3.8/site-packages/airflow/example_dags/example_xcomargs.py
[2024-03-22T02:17:34.517+0000] {processor.py:840} INFO - DAG(s) 'example_xcom_args', 'example_xcom_args_with_operators' retrieved from /home/airflow/.local/lib/python3.8/site-packages/airflow/example_dags/example_xcomargs.py
[2024-03-22T02:17:34.531+0000] {logging_mixin.py:188} INFO - [2024-03-22T02:17:34.531+0000] {dag.py:3047} INFO - Sync 2 DAGs
[2024-03-22T02:17:34.538+0000] {logging_mixin.py:188} INFO - [2024-03-22T02:17:34.537+0000] {dag.py:3834} INFO - Setting next_dagrun for example_xcom_args to None, run_after=None
[2024-03-22T02:17:34.540+0000] {logging_mixin.py:188} INFO - [2024-03-22T02:17:34.540+0000] {dag.py:3834} INFO - Setting next_dagrun for example_xcom_args_with_operators to None, run_after=None
[2024-03-22T02:17:34.548+0000] {processor.py:183} INFO - Processing /home/airflow/.local/lib/python3.8/site-packages/airflow/example_dags/example_xcomargs.py took 0.040 seconds
[2024-03-22T02:18:05.488+0000] {processor.py:161} INFO - Started process (PID=2866) to work on /home/airflow/.local/lib/python3.8/site-packages/airflow/example_dags/example_xcomargs.py
[2024-03-22T02:18:05.488+0000] {processor.py:830} INFO - Processing file /home/airflow/.local/lib/python3.8/site-packages/airflow/example_dags/example_xcomargs.py for tasks to queue
[2024-03-22T02:18:05.489+0000] {logging_mixin.py:188} INFO - [2024-03-22T02:18:05.488+0000] {dagbag.py:540} INFO - Filling up the DagBag from /home/airflow/.local/lib/python3.8/site-packages/airflow/example_dags/example_xcomargs.py
[2024-03-22T02:18:05.493+0000] {processor.py:840} INFO - DAG(s) 'example_xcom_args_with_operators', 'example_xcom_args' retrieved from /home/airflow/.local/lib/python3.8/site-packages/airflow/example_dags/example_xcomargs.py
[2024-03-22T02:18:05.506+0000] {logging_mixin.py:188} INFO - [2024-03-22T02:18:05.506+0000] {dag.py:3047} INFO - Sync 2 DAGs
[2024-03-22T02:18:05.512+0000] {logging_mixin.py:188} INFO - [2024-03-22T02:18:05.512+0000] {dag.py:3834} INFO - Setting next_dagrun for example_xcom_args to None, run_after=None
[2024-03-22T02:18:05.514+0000] {logging_mixin.py:188} INFO - [2024-03-22T02:18:05.514+0000] {dag.py:3834} INFO - Setting next_dagrun for example_xcom_args_with_operators to None, run_after=None
[2024-03-22T02:18:05.522+0000] {processor.py:183} INFO - Processing /home/airflow/.local/lib/python3.8/site-packages/airflow/example_dags/example_xcomargs.py took 0.037 seconds
[2024-03-22T02:18:36.366+0000] {processor.py:161} INFO - Started process (PID=3113) to work on /home/airflow/.local/lib/python3.8/site-packages/airflow/example_dags/example_xcomargs.py
[2024-03-22T02:18:36.367+0000] {processor.py:830} INFO - Processing file /home/airflow/.local/lib/python3.8/site-packages/airflow/example_dags/example_xcomargs.py for tasks to queue
[2024-03-22T02:18:36.368+0000] {logging_mixin.py:188} INFO - [2024-03-22T02:18:36.368+0000] {dagbag.py:540} INFO - Filling up the DagBag from /home/airflow/.local/lib/python3.8/site-packages/airflow/example_dags/example_xcomargs.py
[2024-03-22T02:18:36.377+0000] {processor.py:840} INFO - DAG(s) 'example_xcom_args_with_operators', 'example_xcom_args' retrieved from /home/airflow/.local/lib/python3.8/site-packages/airflow/example_dags/example_xcomargs.py
[2024-03-22T02:18:36.393+0000] {logging_mixin.py:188} INFO - [2024-03-22T02:18:36.393+0000] {dag.py:3047} INFO - Sync 2 DAGs
[2024-03-22T02:18:36.402+0000] {logging_mixin.py:188} INFO - [2024-03-22T02:18:36.401+0000] {dag.py:3834} INFO - Setting next_dagrun for example_xcom_args to None, run_after=None
[2024-03-22T02:18:36.404+0000] {logging_mixin.py:188} INFO - [2024-03-22T02:18:36.404+0000] {dag.py:3834} INFO - Setting next_dagrun for example_xcom_args_with_operators to None, run_after=None
[2024-03-22T02:18:36.414+0000] {processor.py:183} INFO - Processing /home/airflow/.local/lib/python3.8/site-packages/airflow/example_dags/example_xcomargs.py took 0.050 seconds
[2024-03-22T02:19:06.568+0000] {processor.py:161} INFO - Started process (PID=3360) to work on /home/airflow/.local/lib/python3.8/site-packages/airflow/example_dags/example_xcomargs.py
[2024-03-22T02:19:06.569+0000] {processor.py:830} INFO - Processing file /home/airflow/.local/lib/python3.8/site-packages/airflow/example_dags/example_xcomargs.py for tasks to queue
[2024-03-22T02:19:06.570+0000] {logging_mixin.py:188} INFO - [2024-03-22T02:19:06.570+0000] {dagbag.py:540} INFO - Filling up the DagBag from /home/airflow/.local/lib/python3.8/site-packages/airflow/example_dags/example_xcomargs.py
[2024-03-22T02:19:06.575+0000] {processor.py:840} INFO - DAG(s) 'example_xcom_args', 'example_xcom_args_with_operators' retrieved from /home/airflow/.local/lib/python3.8/site-packages/airflow/example_dags/example_xcomargs.py
[2024-03-22T02:19:06.590+0000] {logging_mixin.py:188} INFO - [2024-03-22T02:19:06.590+0000] {dag.py:3047} INFO - Sync 2 DAGs
[2024-03-22T02:19:06.597+0000] {logging_mixin.py:188} INFO - [2024-03-22T02:19:06.597+0000] {dag.py:3834} INFO - Setting next_dagrun for example_xcom_args to None, run_after=None
[2024-03-22T02:19:06.599+0000] {logging_mixin.py:188} INFO - [2024-03-22T02:19:06.599+0000] {dag.py:3834} INFO - Setting next_dagrun for example_xcom_args_with_operators to None, run_after=None
[2024-03-22T02:19:06.608+0000] {processor.py:183} INFO - Processing /home/airflow/.local/lib/python3.8/site-packages/airflow/example_dags/example_xcomargs.py took 0.042 seconds
[2024-03-22T02:19:36.689+0000] {processor.py:161} INFO - Started process (PID=3607) to work on /home/airflow/.local/lib/python3.8/site-packages/airflow/example_dags/example_xcomargs.py
[2024-03-22T02:19:36.689+0000] {processor.py:830} INFO - Processing file /home/airflow/.local/lib/python3.8/site-packages/airflow/example_dags/example_xcomargs.py for tasks to queue
[2024-03-22T02:19:36.690+0000] {logging_mixin.py:188} INFO - [2024-03-22T02:19:36.690+0000] {dagbag.py:540} INFO - Filling up the DagBag from /home/airflow/.local/lib/python3.8/site-packages/airflow/example_dags/example_xcomargs.py
[2024-03-22T02:19:36.695+0000] {processor.py:840} INFO - DAG(s) 'example_xcom_args', 'example_xcom_args_with_operators' retrieved from /home/airflow/.local/lib/python3.8/site-packages/airflow/example_dags/example_xcomargs.py
[2024-03-22T02:19:36.708+0000] {logging_mixin.py:188} INFO - [2024-03-22T02:19:36.708+0000] {dag.py:3047} INFO - Sync 2 DAGs
[2024-03-22T02:19:36.715+0000] {logging_mixin.py:188} INFO - [2024-03-22T02:19:36.715+0000] {dag.py:3834} INFO - Setting next_dagrun for example_xcom_args to None, run_after=None
[2024-03-22T02:19:36.717+0000] {logging_mixin.py:188} INFO - [2024-03-22T02:19:36.717+0000] {dag.py:3834} INFO - Setting next_dagrun for example_xcom_args_with_operators to None, run_after=None
[2024-03-22T02:19:36.725+0000] {processor.py:183} INFO - Processing /home/airflow/.local/lib/python3.8/site-packages/airflow/example_dags/example_xcomargs.py took 0.039 seconds
[2024-03-22T03:21:02.846+0000] {processor.py:161} INFO - Started process (PID=372) to work on /home/airflow/.local/lib/python3.8/site-packages/airflow/example_dags/example_xcomargs.py
[2024-03-22T03:21:02.847+0000] {processor.py:830} INFO - Processing file /home/airflow/.local/lib/python3.8/site-packages/airflow/example_dags/example_xcomargs.py for tasks to queue
[2024-03-22T03:21:02.848+0000] {logging_mixin.py:188} INFO - [2024-03-22T03:21:02.848+0000] {dagbag.py:540} INFO - Filling up the DagBag from /home/airflow/.local/lib/python3.8/site-packages/airflow/example_dags/example_xcomargs.py
[2024-03-22T03:21:02.853+0000] {processor.py:840} INFO - DAG(s) 'example_xcom_args_with_operators', 'example_xcom_args' retrieved from /home/airflow/.local/lib/python3.8/site-packages/airflow/example_dags/example_xcomargs.py
[2024-03-22T03:21:02.906+0000] {logging_mixin.py:188} INFO - [2024-03-22T03:21:02.905+0000] {override.py:1769} INFO - Created Permission View: can read on DAG:example_xcom_args_with_operators
[2024-03-22T03:21:02.911+0000] {logging_mixin.py:188} INFO - [2024-03-22T03:21:02.911+0000] {override.py:1769} INFO - Created Permission View: can delete on DAG:example_xcom_args_with_operators
[2024-03-22T03:21:02.913+0000] {logging_mixin.py:188} INFO - [2024-03-22T03:21:02.913+0000] {override.py:1769} INFO - Created Permission View: can edit on DAG:example_xcom_args_with_operators
[2024-03-22T03:21:02.919+0000] {logging_mixin.py:188} INFO - [2024-03-22T03:21:02.919+0000] {override.py:1769} INFO - Created Permission View: can read on DAG:example_xcom_args
[2024-03-22T03:21:02.922+0000] {logging_mixin.py:188} INFO - [2024-03-22T03:21:02.922+0000] {override.py:1769} INFO - Created Permission View: can delete on DAG:example_xcom_args
[2024-03-22T03:21:02.925+0000] {logging_mixin.py:188} INFO - [2024-03-22T03:21:02.925+0000] {override.py:1769} INFO - Created Permission View: can edit on DAG:example_xcom_args
[2024-03-22T03:21:02.925+0000] {logging_mixin.py:188} INFO - [2024-03-22T03:21:02.925+0000] {dag.py:3047} INFO - Sync 2 DAGs
[2024-03-22T03:21:02.931+0000] {logging_mixin.py:188} INFO - [2024-03-22T03:21:02.930+0000] {dag.py:3069} INFO - Creating ORM DAG for example_xcom_args_with_operators
[2024-03-22T03:21:02.931+0000] {logging_mixin.py:188} INFO - [2024-03-22T03:21:02.931+0000] {dag.py:3069} INFO - Creating ORM DAG for example_xcom_args
[2024-03-22T03:21:02.931+0000] {logging_mixin.py:188} INFO - [2024-03-22T03:21:02.931+0000] {dag.py:3834} INFO - Setting next_dagrun for example_xcom_args to None, run_after=None
[2024-03-22T03:21:02.932+0000] {logging_mixin.py:188} INFO - [2024-03-22T03:21:02.932+0000] {dag.py:3834} INFO - Setting next_dagrun for example_xcom_args_with_operators to None, run_after=None
[2024-03-22T03:21:02.940+0000] {processor.py:183} INFO - Processing /home/airflow/.local/lib/python3.8/site-packages/airflow/example_dags/example_xcomargs.py took 0.096 seconds
[2024-03-22T03:21:33.214+0000] {processor.py:161} INFO - Started process (PID=619) to work on /home/airflow/.local/lib/python3.8/site-packages/airflow/example_dags/example_xcomargs.py
[2024-03-22T03:21:33.214+0000] {processor.py:830} INFO - Processing file /home/airflow/.local/lib/python3.8/site-packages/airflow/example_dags/example_xcomargs.py for tasks to queue
[2024-03-22T03:21:33.215+0000] {logging_mixin.py:188} INFO - [2024-03-22T03:21:33.215+0000] {dagbag.py:540} INFO - Filling up the DagBag from /home/airflow/.local/lib/python3.8/site-packages/airflow/example_dags/example_xcomargs.py
[2024-03-22T03:21:33.220+0000] {processor.py:840} INFO - DAG(s) 'example_xcom_args_with_operators', 'example_xcom_args' retrieved from /home/airflow/.local/lib/python3.8/site-packages/airflow/example_dags/example_xcomargs.py
[2024-03-22T03:21:33.233+0000] {logging_mixin.py:188} INFO - [2024-03-22T03:21:33.233+0000] {dag.py:3047} INFO - Sync 2 DAGs
[2024-03-22T03:21:33.240+0000] {logging_mixin.py:188} INFO - [2024-03-22T03:21:33.240+0000] {dag.py:3834} INFO - Setting next_dagrun for example_xcom_args to None, run_after=None
[2024-03-22T03:21:33.242+0000] {logging_mixin.py:188} INFO - [2024-03-22T03:21:33.242+0000] {dag.py:3834} INFO - Setting next_dagrun for example_xcom_args_with_operators to None, run_after=None
[2024-03-22T03:21:33.250+0000] {processor.py:183} INFO - Processing /home/airflow/.local/lib/python3.8/site-packages/airflow/example_dags/example_xcomargs.py took 0.039 seconds
[2024-03-22T03:22:03.999+0000] {processor.py:161} INFO - Started process (PID=866) to work on /home/airflow/.local/lib/python3.8/site-packages/airflow/example_dags/example_xcomargs.py
[2024-03-22T03:22:04.000+0000] {processor.py:830} INFO - Processing file /home/airflow/.local/lib/python3.8/site-packages/airflow/example_dags/example_xcomargs.py for tasks to queue
[2024-03-22T03:22:04.000+0000] {logging_mixin.py:188} INFO - [2024-03-22T03:22:04.000+0000] {dagbag.py:540} INFO - Filling up the DagBag from /home/airflow/.local/lib/python3.8/site-packages/airflow/example_dags/example_xcomargs.py
[2024-03-22T03:22:04.005+0000] {processor.py:840} INFO - DAG(s) 'example_xcom_args', 'example_xcom_args_with_operators' retrieved from /home/airflow/.local/lib/python3.8/site-packages/airflow/example_dags/example_xcomargs.py
[2024-03-22T03:22:04.017+0000] {logging_mixin.py:188} INFO - [2024-03-22T03:22:04.017+0000] {dag.py:3047} INFO - Sync 2 DAGs
[2024-03-22T03:22:04.023+0000] {logging_mixin.py:188} INFO - [2024-03-22T03:22:04.023+0000] {dag.py:3834} INFO - Setting next_dagrun for example_xcom_args to None, run_after=None
[2024-03-22T03:22:04.025+0000] {logging_mixin.py:188} INFO - [2024-03-22T03:22:04.025+0000] {dag.py:3834} INFO - Setting next_dagrun for example_xcom_args_with_operators to None, run_after=None
[2024-03-22T03:22:04.034+0000] {processor.py:183} INFO - Processing /home/airflow/.local/lib/python3.8/site-packages/airflow/example_dags/example_xcomargs.py took 0.037 seconds
[2024-03-22T03:22:34.811+0000] {processor.py:161} INFO - Started process (PID=1113) to work on /home/airflow/.local/lib/python3.8/site-packages/airflow/example_dags/example_xcomargs.py
[2024-03-22T03:22:34.812+0000] {processor.py:830} INFO - Processing file /home/airflow/.local/lib/python3.8/site-packages/airflow/example_dags/example_xcomargs.py for tasks to queue
[2024-03-22T03:22:34.813+0000] {logging_mixin.py:188} INFO - [2024-03-22T03:22:34.812+0000] {dagbag.py:540} INFO - Filling up the DagBag from /home/airflow/.local/lib/python3.8/site-packages/airflow/example_dags/example_xcomargs.py
[2024-03-22T03:22:34.818+0000] {processor.py:840} INFO - DAG(s) 'example_xcom_args_with_operators', 'example_xcom_args' retrieved from /home/airflow/.local/lib/python3.8/site-packages/airflow/example_dags/example_xcomargs.py
[2024-03-22T03:22:34.831+0000] {logging_mixin.py:188} INFO - [2024-03-22T03:22:34.831+0000] {dag.py:3047} INFO - Sync 2 DAGs
[2024-03-22T03:22:34.838+0000] {logging_mixin.py:188} INFO - [2024-03-22T03:22:34.837+0000] {dag.py:3834} INFO - Setting next_dagrun for example_xcom_args to None, run_after=None
[2024-03-22T03:22:34.840+0000] {logging_mixin.py:188} INFO - [2024-03-22T03:22:34.840+0000] {dag.py:3834} INFO - Setting next_dagrun for example_xcom_args_with_operators to None, run_after=None
[2024-03-22T03:22:34.849+0000] {processor.py:183} INFO - Processing /home/airflow/.local/lib/python3.8/site-packages/airflow/example_dags/example_xcomargs.py took 0.040 seconds
[2024-03-22T03:23:05.675+0000] {processor.py:161} INFO - Started process (PID=1360) to work on /home/airflow/.local/lib/python3.8/site-packages/airflow/example_dags/example_xcomargs.py
[2024-03-22T03:23:05.675+0000] {processor.py:830} INFO - Processing file /home/airflow/.local/lib/python3.8/site-packages/airflow/example_dags/example_xcomargs.py for tasks to queue
[2024-03-22T03:23:05.676+0000] {logging_mixin.py:188} INFO - [2024-03-22T03:23:05.676+0000] {dagbag.py:540} INFO - Filling up the DagBag from /home/airflow/.local/lib/python3.8/site-packages/airflow/example_dags/example_xcomargs.py
[2024-03-22T03:23:05.682+0000] {processor.py:840} INFO - DAG(s) 'example_xcom_args_with_operators', 'example_xcom_args' retrieved from /home/airflow/.local/lib/python3.8/site-packages/airflow/example_dags/example_xcomargs.py
[2024-03-22T03:23:05.696+0000] {logging_mixin.py:188} INFO - [2024-03-22T03:23:05.696+0000] {dag.py:3047} INFO - Sync 2 DAGs
[2024-03-22T03:23:05.703+0000] {logging_mixin.py:188} INFO - [2024-03-22T03:23:05.703+0000] {dag.py:3834} INFO - Setting next_dagrun for example_xcom_args to None, run_after=None
[2024-03-22T03:23:05.705+0000] {logging_mixin.py:188} INFO - [2024-03-22T03:23:05.705+0000] {dag.py:3834} INFO - Setting next_dagrun for example_xcom_args_with_operators to None, run_after=None
[2024-03-22T03:23:05.714+0000] {processor.py:183} INFO - Processing /home/airflow/.local/lib/python3.8/site-packages/airflow/example_dags/example_xcomargs.py took 0.041 seconds
