[2024-03-22T02:12:56.740+0000] {processor.py:161} INFO - Started process (PID=312) to work on /home/airflow/.local/lib/python3.8/site-packages/airflow/example_dags/example_kubernetes_executor.py
[2024-03-22T02:12:56.741+0000] {processor.py:830} INFO - Processing file /home/airflow/.local/lib/python3.8/site-packages/airflow/example_dags/example_kubernetes_executor.py for tasks to queue
[2024-03-22T02:12:56.741+0000] {logging_mixin.py:188} INFO - [2024-03-22T02:12:56.741+0000] {dagbag.py:540} INFO - Filling up the DagBag from /home/airflow/.local/lib/python3.8/site-packages/airflow/example_dags/example_kubernetes_executor.py
[2024-03-22T02:12:56.752+0000] {processor.py:840} INFO - DAG(s) 'example_kubernetes_executor' retrieved from /home/airflow/.local/lib/python3.8/site-packages/airflow/example_dags/example_kubernetes_executor.py
[2024-03-22T02:12:56.760+0000] {logging_mixin.py:188} INFO - [2024-03-22T02:12:56.760+0000] {dag.py:3047} INFO - Sync 1 DAGs
[2024-03-22T02:12:56.768+0000] {logging_mixin.py:188} INFO - [2024-03-22T02:12:56.768+0000] {dag.py:3834} INFO - Setting next_dagrun for example_kubernetes_executor to None, run_after=None
[2024-03-22T02:12:56.778+0000] {processor.py:183} INFO - Processing /home/airflow/.local/lib/python3.8/site-packages/airflow/example_dags/example_kubernetes_executor.py took 0.041 seconds
[2024-03-22T02:13:27.846+0000] {processor.py:161} INFO - Started process (PID=559) to work on /home/airflow/.local/lib/python3.8/site-packages/airflow/example_dags/example_kubernetes_executor.py
[2024-03-22T02:13:27.846+0000] {processor.py:830} INFO - Processing file /home/airflow/.local/lib/python3.8/site-packages/airflow/example_dags/example_kubernetes_executor.py for tasks to queue
[2024-03-22T02:13:27.847+0000] {logging_mixin.py:188} INFO - [2024-03-22T02:13:27.847+0000] {dagbag.py:540} INFO - Filling up the DagBag from /home/airflow/.local/lib/python3.8/site-packages/airflow/example_dags/example_kubernetes_executor.py
[2024-03-22T02:13:27.854+0000] {processor.py:840} INFO - DAG(s) 'example_kubernetes_executor' retrieved from /home/airflow/.local/lib/python3.8/site-packages/airflow/example_dags/example_kubernetes_executor.py
[2024-03-22T02:13:27.914+0000] {logging_mixin.py:188} INFO - [2024-03-22T02:13:27.914+0000] {dag.py:3047} INFO - Sync 1 DAGs
[2024-03-22T02:13:27.921+0000] {logging_mixin.py:188} INFO - [2024-03-22T02:13:27.921+0000] {dag.py:3834} INFO - Setting next_dagrun for example_kubernetes_executor to None, run_after=None
[2024-03-22T02:13:27.932+0000] {processor.py:183} INFO - Processing /home/airflow/.local/lib/python3.8/site-packages/airflow/example_dags/example_kubernetes_executor.py took 0.088 seconds
[2024-03-22T02:13:58.156+0000] {processor.py:161} INFO - Started process (PID=808) to work on /home/airflow/.local/lib/python3.8/site-packages/airflow/example_dags/example_kubernetes_executor.py
[2024-03-22T02:13:58.157+0000] {processor.py:830} INFO - Processing file /home/airflow/.local/lib/python3.8/site-packages/airflow/example_dags/example_kubernetes_executor.py for tasks to queue
[2024-03-22T02:13:58.158+0000] {logging_mixin.py:188} INFO - [2024-03-22T02:13:58.157+0000] {dagbag.py:540} INFO - Filling up the DagBag from /home/airflow/.local/lib/python3.8/site-packages/airflow/example_dags/example_kubernetes_executor.py
[2024-03-22T02:13:58.166+0000] {processor.py:840} INFO - DAG(s) 'example_kubernetes_executor' retrieved from /home/airflow/.local/lib/python3.8/site-packages/airflow/example_dags/example_kubernetes_executor.py
[2024-03-22T02:13:58.188+0000] {logging_mixin.py:188} INFO - [2024-03-22T02:13:58.188+0000] {dag.py:3047} INFO - Sync 1 DAGs
[2024-03-22T02:13:58.195+0000] {logging_mixin.py:188} INFO - [2024-03-22T02:13:58.194+0000] {dag.py:3834} INFO - Setting next_dagrun for example_kubernetes_executor to None, run_after=None
[2024-03-22T02:13:58.205+0000] {processor.py:183} INFO - Processing /home/airflow/.local/lib/python3.8/site-packages/airflow/example_dags/example_kubernetes_executor.py took 0.052 seconds
[2024-03-22T02:14:29.203+0000] {processor.py:161} INFO - Started process (PID=1055) to work on /home/airflow/.local/lib/python3.8/site-packages/airflow/example_dags/example_kubernetes_executor.py
[2024-03-22T02:14:29.205+0000] {processor.py:830} INFO - Processing file /home/airflow/.local/lib/python3.8/site-packages/airflow/example_dags/example_kubernetes_executor.py for tasks to queue
[2024-03-22T02:14:29.206+0000] {logging_mixin.py:188} INFO - [2024-03-22T02:14:29.206+0000] {dagbag.py:540} INFO - Filling up the DagBag from /home/airflow/.local/lib/python3.8/site-packages/airflow/example_dags/example_kubernetes_executor.py
[2024-03-22T02:14:29.220+0000] {processor.py:840} INFO - DAG(s) 'example_kubernetes_executor' retrieved from /home/airflow/.local/lib/python3.8/site-packages/airflow/example_dags/example_kubernetes_executor.py
[2024-03-22T02:14:29.247+0000] {logging_mixin.py:188} INFO - [2024-03-22T02:14:29.247+0000] {dag.py:3047} INFO - Sync 1 DAGs
[2024-03-22T02:14:29.254+0000] {logging_mixin.py:188} INFO - [2024-03-22T02:14:29.254+0000] {dag.py:3834} INFO - Setting next_dagrun for example_kubernetes_executor to None, run_after=None
[2024-03-22T02:14:29.264+0000] {processor.py:183} INFO - Processing /home/airflow/.local/lib/python3.8/site-packages/airflow/example_dags/example_kubernetes_executor.py took 0.066 seconds
[2024-03-22T02:15:00.089+0000] {processor.py:161} INFO - Started process (PID=1302) to work on /home/airflow/.local/lib/python3.8/site-packages/airflow/example_dags/example_kubernetes_executor.py
[2024-03-22T02:15:00.090+0000] {processor.py:830} INFO - Processing file /home/airflow/.local/lib/python3.8/site-packages/airflow/example_dags/example_kubernetes_executor.py for tasks to queue
[2024-03-22T02:15:00.091+0000] {logging_mixin.py:188} INFO - [2024-03-22T02:15:00.091+0000] {dagbag.py:540} INFO - Filling up the DagBag from /home/airflow/.local/lib/python3.8/site-packages/airflow/example_dags/example_kubernetes_executor.py
[2024-03-22T02:15:00.100+0000] {processor.py:840} INFO - DAG(s) 'example_kubernetes_executor' retrieved from /home/airflow/.local/lib/python3.8/site-packages/airflow/example_dags/example_kubernetes_executor.py
[2024-03-22T02:15:00.126+0000] {logging_mixin.py:188} INFO - [2024-03-22T02:15:00.126+0000] {dag.py:3047} INFO - Sync 1 DAGs
[2024-03-22T02:15:00.135+0000] {logging_mixin.py:188} INFO - [2024-03-22T02:15:00.135+0000] {dag.py:3834} INFO - Setting next_dagrun for example_kubernetes_executor to None, run_after=None
[2024-03-22T02:15:00.147+0000] {processor.py:183} INFO - Processing /home/airflow/.local/lib/python3.8/site-packages/airflow/example_dags/example_kubernetes_executor.py took 0.061 seconds
[2024-03-22T02:15:31.058+0000] {processor.py:161} INFO - Started process (PID=1549) to work on /home/airflow/.local/lib/python3.8/site-packages/airflow/example_dags/example_kubernetes_executor.py
[2024-03-22T02:15:31.059+0000] {processor.py:830} INFO - Processing file /home/airflow/.local/lib/python3.8/site-packages/airflow/example_dags/example_kubernetes_executor.py for tasks to queue
[2024-03-22T02:15:31.060+0000] {logging_mixin.py:188} INFO - [2024-03-22T02:15:31.060+0000] {dagbag.py:540} INFO - Filling up the DagBag from /home/airflow/.local/lib/python3.8/site-packages/airflow/example_dags/example_kubernetes_executor.py
[2024-03-22T02:15:31.070+0000] {processor.py:840} INFO - DAG(s) 'example_kubernetes_executor' retrieved from /home/airflow/.local/lib/python3.8/site-packages/airflow/example_dags/example_kubernetes_executor.py
[2024-03-22T02:15:31.093+0000] {logging_mixin.py:188} INFO - [2024-03-22T02:15:31.093+0000] {dag.py:3047} INFO - Sync 1 DAGs
[2024-03-22T02:15:31.100+0000] {logging_mixin.py:188} INFO - [2024-03-22T02:15:31.100+0000] {dag.py:3834} INFO - Setting next_dagrun for example_kubernetes_executor to None, run_after=None
[2024-03-22T02:15:31.110+0000] {processor.py:183} INFO - Processing /home/airflow/.local/lib/python3.8/site-packages/airflow/example_dags/example_kubernetes_executor.py took 0.055 seconds
[2024-03-22T02:16:01.970+0000] {processor.py:161} INFO - Started process (PID=1796) to work on /home/airflow/.local/lib/python3.8/site-packages/airflow/example_dags/example_kubernetes_executor.py
[2024-03-22T02:16:01.971+0000] {processor.py:830} INFO - Processing file /home/airflow/.local/lib/python3.8/site-packages/airflow/example_dags/example_kubernetes_executor.py for tasks to queue
[2024-03-22T02:16:01.971+0000] {logging_mixin.py:188} INFO - [2024-03-22T02:16:01.971+0000] {dagbag.py:540} INFO - Filling up the DagBag from /home/airflow/.local/lib/python3.8/site-packages/airflow/example_dags/example_kubernetes_executor.py
[2024-03-22T02:16:01.980+0000] {processor.py:840} INFO - DAG(s) 'example_kubernetes_executor' retrieved from /home/airflow/.local/lib/python3.8/site-packages/airflow/example_dags/example_kubernetes_executor.py
[2024-03-22T02:16:02.004+0000] {logging_mixin.py:188} INFO - [2024-03-22T02:16:02.003+0000] {dag.py:3047} INFO - Sync 1 DAGs
[2024-03-22T02:16:02.010+0000] {logging_mixin.py:188} INFO - [2024-03-22T02:16:02.010+0000] {dag.py:3834} INFO - Setting next_dagrun for example_kubernetes_executor to None, run_after=None
[2024-03-22T02:16:02.021+0000] {processor.py:183} INFO - Processing /home/airflow/.local/lib/python3.8/site-packages/airflow/example_dags/example_kubernetes_executor.py took 0.054 seconds
[2024-03-22T02:16:32.073+0000] {processor.py:161} INFO - Started process (PID=2043) to work on /home/airflow/.local/lib/python3.8/site-packages/airflow/example_dags/example_kubernetes_executor.py
[2024-03-22T02:16:32.074+0000] {processor.py:830} INFO - Processing file /home/airflow/.local/lib/python3.8/site-packages/airflow/example_dags/example_kubernetes_executor.py for tasks to queue
[2024-03-22T02:16:32.075+0000] {logging_mixin.py:188} INFO - [2024-03-22T02:16:32.074+0000] {dagbag.py:540} INFO - Filling up the DagBag from /home/airflow/.local/lib/python3.8/site-packages/airflow/example_dags/example_kubernetes_executor.py
[2024-03-22T02:16:32.082+0000] {processor.py:840} INFO - DAG(s) 'example_kubernetes_executor' retrieved from /home/airflow/.local/lib/python3.8/site-packages/airflow/example_dags/example_kubernetes_executor.py
[2024-03-22T02:16:32.104+0000] {logging_mixin.py:188} INFO - [2024-03-22T02:16:32.103+0000] {dag.py:3047} INFO - Sync 1 DAGs
[2024-03-22T02:16:32.110+0000] {logging_mixin.py:188} INFO - [2024-03-22T02:16:32.110+0000] {dag.py:3834} INFO - Setting next_dagrun for example_kubernetes_executor to None, run_after=None
[2024-03-22T02:16:32.119+0000] {processor.py:183} INFO - Processing /home/airflow/.local/lib/python3.8/site-packages/airflow/example_dags/example_kubernetes_executor.py took 0.048 seconds
[2024-03-22T02:17:02.951+0000] {processor.py:161} INFO - Started process (PID=2314) to work on /home/airflow/.local/lib/python3.8/site-packages/airflow/example_dags/example_kubernetes_executor.py
[2024-03-22T02:17:02.952+0000] {processor.py:830} INFO - Processing file /home/airflow/.local/lib/python3.8/site-packages/airflow/example_dags/example_kubernetes_executor.py for tasks to queue
[2024-03-22T02:17:02.952+0000] {logging_mixin.py:188} INFO - [2024-03-22T02:17:02.952+0000] {dagbag.py:540} INFO - Filling up the DagBag from /home/airflow/.local/lib/python3.8/site-packages/airflow/example_dags/example_kubernetes_executor.py
[2024-03-22T02:17:02.960+0000] {processor.py:840} INFO - DAG(s) 'example_kubernetes_executor' retrieved from /home/airflow/.local/lib/python3.8/site-packages/airflow/example_dags/example_kubernetes_executor.py
[2024-03-22T02:17:02.982+0000] {logging_mixin.py:188} INFO - [2024-03-22T02:17:02.982+0000] {dag.py:3047} INFO - Sync 1 DAGs
[2024-03-22T02:17:02.989+0000] {logging_mixin.py:188} INFO - [2024-03-22T02:17:02.989+0000] {dag.py:3834} INFO - Setting next_dagrun for example_kubernetes_executor to None, run_after=None
[2024-03-22T02:17:02.999+0000] {processor.py:183} INFO - Processing /home/airflow/.local/lib/python3.8/site-packages/airflow/example_dags/example_kubernetes_executor.py took 0.051 seconds
[2024-03-22T02:17:33.998+0000] {processor.py:161} INFO - Started process (PID=2561) to work on /home/airflow/.local/lib/python3.8/site-packages/airflow/example_dags/example_kubernetes_executor.py
[2024-03-22T02:17:33.998+0000] {processor.py:830} INFO - Processing file /home/airflow/.local/lib/python3.8/site-packages/airflow/example_dags/example_kubernetes_executor.py for tasks to queue
[2024-03-22T02:17:33.999+0000] {logging_mixin.py:188} INFO - [2024-03-22T02:17:33.999+0000] {dagbag.py:540} INFO - Filling up the DagBag from /home/airflow/.local/lib/python3.8/site-packages/airflow/example_dags/example_kubernetes_executor.py
[2024-03-22T02:17:34.007+0000] {processor.py:840} INFO - DAG(s) 'example_kubernetes_executor' retrieved from /home/airflow/.local/lib/python3.8/site-packages/airflow/example_dags/example_kubernetes_executor.py
[2024-03-22T02:17:34.028+0000] {logging_mixin.py:188} INFO - [2024-03-22T02:17:34.028+0000] {dag.py:3047} INFO - Sync 1 DAGs
[2024-03-22T02:17:34.034+0000] {logging_mixin.py:188} INFO - [2024-03-22T02:17:34.034+0000] {dag.py:3834} INFO - Setting next_dagrun for example_kubernetes_executor to None, run_after=None
[2024-03-22T02:17:34.044+0000] {processor.py:183} INFO - Processing /home/airflow/.local/lib/python3.8/site-packages/airflow/example_dags/example_kubernetes_executor.py took 0.049 seconds
[2024-03-22T02:18:05.036+0000] {processor.py:161} INFO - Started process (PID=2808) to work on /home/airflow/.local/lib/python3.8/site-packages/airflow/example_dags/example_kubernetes_executor.py
[2024-03-22T02:18:05.038+0000] {processor.py:830} INFO - Processing file /home/airflow/.local/lib/python3.8/site-packages/airflow/example_dags/example_kubernetes_executor.py for tasks to queue
[2024-03-22T02:18:05.039+0000] {logging_mixin.py:188} INFO - [2024-03-22T02:18:05.039+0000] {dagbag.py:540} INFO - Filling up the DagBag from /home/airflow/.local/lib/python3.8/site-packages/airflow/example_dags/example_kubernetes_executor.py
[2024-03-22T02:18:05.053+0000] {processor.py:840} INFO - DAG(s) 'example_kubernetes_executor' retrieved from /home/airflow/.local/lib/python3.8/site-packages/airflow/example_dags/example_kubernetes_executor.py
[2024-03-22T02:18:05.079+0000] {logging_mixin.py:188} INFO - [2024-03-22T02:18:05.079+0000] {dag.py:3047} INFO - Sync 1 DAGs
[2024-03-22T02:18:05.086+0000] {logging_mixin.py:188} INFO - [2024-03-22T02:18:05.086+0000] {dag.py:3834} INFO - Setting next_dagrun for example_kubernetes_executor to None, run_after=None
[2024-03-22T02:18:05.095+0000] {processor.py:183} INFO - Processing /home/airflow/.local/lib/python3.8/site-packages/airflow/example_dags/example_kubernetes_executor.py took 0.064 seconds
[2024-03-22T02:18:35.936+0000] {processor.py:161} INFO - Started process (PID=3055) to work on /home/airflow/.local/lib/python3.8/site-packages/airflow/example_dags/example_kubernetes_executor.py
[2024-03-22T02:18:35.937+0000] {processor.py:830} INFO - Processing file /home/airflow/.local/lib/python3.8/site-packages/airflow/example_dags/example_kubernetes_executor.py for tasks to queue
[2024-03-22T02:18:35.938+0000] {logging_mixin.py:188} INFO - [2024-03-22T02:18:35.938+0000] {dagbag.py:540} INFO - Filling up the DagBag from /home/airflow/.local/lib/python3.8/site-packages/airflow/example_dags/example_kubernetes_executor.py
[2024-03-22T02:18:35.950+0000] {processor.py:840} INFO - DAG(s) 'example_kubernetes_executor' retrieved from /home/airflow/.local/lib/python3.8/site-packages/airflow/example_dags/example_kubernetes_executor.py
[2024-03-22T02:18:35.977+0000] {logging_mixin.py:188} INFO - [2024-03-22T02:18:35.977+0000] {dag.py:3047} INFO - Sync 1 DAGs
[2024-03-22T02:18:35.985+0000] {logging_mixin.py:188} INFO - [2024-03-22T02:18:35.985+0000] {dag.py:3834} INFO - Setting next_dagrun for example_kubernetes_executor to None, run_after=None
[2024-03-22T02:18:35.996+0000] {processor.py:183} INFO - Processing /home/airflow/.local/lib/python3.8/site-packages/airflow/example_dags/example_kubernetes_executor.py took 0.064 seconds
[2024-03-22T02:19:06.169+0000] {processor.py:161} INFO - Started process (PID=3302) to work on /home/airflow/.local/lib/python3.8/site-packages/airflow/example_dags/example_kubernetes_executor.py
[2024-03-22T02:19:06.170+0000] {processor.py:830} INFO - Processing file /home/airflow/.local/lib/python3.8/site-packages/airflow/example_dags/example_kubernetes_executor.py for tasks to queue
[2024-03-22T02:19:06.171+0000] {logging_mixin.py:188} INFO - [2024-03-22T02:19:06.171+0000] {dagbag.py:540} INFO - Filling up the DagBag from /home/airflow/.local/lib/python3.8/site-packages/airflow/example_dags/example_kubernetes_executor.py
[2024-03-22T02:19:06.182+0000] {processor.py:840} INFO - DAG(s) 'example_kubernetes_executor' retrieved from /home/airflow/.local/lib/python3.8/site-packages/airflow/example_dags/example_kubernetes_executor.py
[2024-03-22T02:19:06.211+0000] {logging_mixin.py:188} INFO - [2024-03-22T02:19:06.211+0000] {dag.py:3047} INFO - Sync 1 DAGs
[2024-03-22T02:19:06.218+0000] {logging_mixin.py:188} INFO - [2024-03-22T02:19:06.218+0000] {dag.py:3834} INFO - Setting next_dagrun for example_kubernetes_executor to None, run_after=None
[2024-03-22T02:19:06.230+0000] {processor.py:183} INFO - Processing /home/airflow/.local/lib/python3.8/site-packages/airflow/example_dags/example_kubernetes_executor.py took 0.065 seconds
[2024-03-22T02:19:36.270+0000] {processor.py:161} INFO - Started process (PID=3549) to work on /home/airflow/.local/lib/python3.8/site-packages/airflow/example_dags/example_kubernetes_executor.py
[2024-03-22T02:19:36.272+0000] {processor.py:830} INFO - Processing file /home/airflow/.local/lib/python3.8/site-packages/airflow/example_dags/example_kubernetes_executor.py for tasks to queue
[2024-03-22T02:19:36.273+0000] {logging_mixin.py:188} INFO - [2024-03-22T02:19:36.273+0000] {dagbag.py:540} INFO - Filling up the DagBag from /home/airflow/.local/lib/python3.8/site-packages/airflow/example_dags/example_kubernetes_executor.py
[2024-03-22T02:19:36.287+0000] {processor.py:840} INFO - DAG(s) 'example_kubernetes_executor' retrieved from /home/airflow/.local/lib/python3.8/site-packages/airflow/example_dags/example_kubernetes_executor.py
[2024-03-22T02:19:36.317+0000] {logging_mixin.py:188} INFO - [2024-03-22T02:19:36.317+0000] {dag.py:3047} INFO - Sync 1 DAGs
[2024-03-22T02:19:36.324+0000] {logging_mixin.py:188} INFO - [2024-03-22T02:19:36.324+0000] {dag.py:3834} INFO - Setting next_dagrun for example_kubernetes_executor to None, run_after=None
[2024-03-22T02:19:36.335+0000] {processor.py:183} INFO - Processing /home/airflow/.local/lib/python3.8/site-packages/airflow/example_dags/example_kubernetes_executor.py took 0.070 seconds
[2024-03-22T03:21:02.143+0000] {processor.py:161} INFO - Started process (PID=312) to work on /home/airflow/.local/lib/python3.8/site-packages/airflow/example_dags/example_kubernetes_executor.py
[2024-03-22T03:21:02.144+0000] {processor.py:830} INFO - Processing file /home/airflow/.local/lib/python3.8/site-packages/airflow/example_dags/example_kubernetes_executor.py for tasks to queue
[2024-03-22T03:21:02.144+0000] {logging_mixin.py:188} INFO - [2024-03-22T03:21:02.144+0000] {dagbag.py:540} INFO - Filling up the DagBag from /home/airflow/.local/lib/python3.8/site-packages/airflow/example_dags/example_kubernetes_executor.py
[2024-03-22T03:21:02.153+0000] {processor.py:840} INFO - DAG(s) 'example_kubernetes_executor' retrieved from /home/airflow/.local/lib/python3.8/site-packages/airflow/example_dags/example_kubernetes_executor.py
[2024-03-22T03:21:02.214+0000] {logging_mixin.py:188} INFO - [2024-03-22T03:21:02.214+0000] {override.py:1769} INFO - Created Permission View: can read on DAG:example_kubernetes_executor
[2024-03-22T03:21:02.220+0000] {logging_mixin.py:188} INFO - [2024-03-22T03:21:02.220+0000] {override.py:1769} INFO - Created Permission View: can delete on DAG:example_kubernetes_executor
[2024-03-22T03:21:02.223+0000] {logging_mixin.py:188} INFO - [2024-03-22T03:21:02.222+0000] {override.py:1769} INFO - Created Permission View: can edit on DAG:example_kubernetes_executor
[2024-03-22T03:21:02.223+0000] {logging_mixin.py:188} INFO - [2024-03-22T03:21:02.223+0000] {dag.py:3047} INFO - Sync 1 DAGs
[2024-03-22T03:21:02.228+0000] {logging_mixin.py:188} INFO - [2024-03-22T03:21:02.228+0000] {dag.py:3069} INFO - Creating ORM DAG for example_kubernetes_executor
[2024-03-22T03:21:02.229+0000] {logging_mixin.py:188} INFO - [2024-03-22T03:21:02.229+0000] {dag.py:3834} INFO - Setting next_dagrun for example_kubernetes_executor to None, run_after=None
[2024-03-22T03:21:02.238+0000] {processor.py:183} INFO - Processing /home/airflow/.local/lib/python3.8/site-packages/airflow/example_dags/example_kubernetes_executor.py took 0.097 seconds
[2024-03-22T03:21:32.848+0000] {processor.py:161} INFO - Started process (PID=559) to work on /home/airflow/.local/lib/python3.8/site-packages/airflow/example_dags/example_kubernetes_executor.py
[2024-03-22T03:21:32.849+0000] {processor.py:830} INFO - Processing file /home/airflow/.local/lib/python3.8/site-packages/airflow/example_dags/example_kubernetes_executor.py for tasks to queue
[2024-03-22T03:21:32.849+0000] {logging_mixin.py:188} INFO - [2024-03-22T03:21:32.849+0000] {dagbag.py:540} INFO - Filling up the DagBag from /home/airflow/.local/lib/python3.8/site-packages/airflow/example_dags/example_kubernetes_executor.py
[2024-03-22T03:21:32.857+0000] {processor.py:840} INFO - DAG(s) 'example_kubernetes_executor' retrieved from /home/airflow/.local/lib/python3.8/site-packages/airflow/example_dags/example_kubernetes_executor.py
[2024-03-22T03:21:32.878+0000] {logging_mixin.py:188} INFO - [2024-03-22T03:21:32.878+0000] {dag.py:3047} INFO - Sync 1 DAGs
[2024-03-22T03:21:32.884+0000] {logging_mixin.py:188} INFO - [2024-03-22T03:21:32.884+0000] {dag.py:3834} INFO - Setting next_dagrun for example_kubernetes_executor to None, run_after=None
[2024-03-22T03:21:32.894+0000] {processor.py:183} INFO - Processing /home/airflow/.local/lib/python3.8/site-packages/airflow/example_dags/example_kubernetes_executor.py took 0.049 seconds
[2024-03-22T03:22:03.617+0000] {processor.py:161} INFO - Started process (PID=806) to work on /home/airflow/.local/lib/python3.8/site-packages/airflow/example_dags/example_kubernetes_executor.py
[2024-03-22T03:22:03.618+0000] {processor.py:830} INFO - Processing file /home/airflow/.local/lib/python3.8/site-packages/airflow/example_dags/example_kubernetes_executor.py for tasks to queue
[2024-03-22T03:22:03.618+0000] {logging_mixin.py:188} INFO - [2024-03-22T03:22:03.618+0000] {dagbag.py:540} INFO - Filling up the DagBag from /home/airflow/.local/lib/python3.8/site-packages/airflow/example_dags/example_kubernetes_executor.py
[2024-03-22T03:22:03.626+0000] {processor.py:840} INFO - DAG(s) 'example_kubernetes_executor' retrieved from /home/airflow/.local/lib/python3.8/site-packages/airflow/example_dags/example_kubernetes_executor.py
[2024-03-22T03:22:03.647+0000] {logging_mixin.py:188} INFO - [2024-03-22T03:22:03.647+0000] {dag.py:3047} INFO - Sync 1 DAGs
[2024-03-22T03:22:03.652+0000] {logging_mixin.py:188} INFO - [2024-03-22T03:22:03.652+0000] {dag.py:3834} INFO - Setting next_dagrun for example_kubernetes_executor to None, run_after=None
[2024-03-22T03:22:03.661+0000] {processor.py:183} INFO - Processing /home/airflow/.local/lib/python3.8/site-packages/airflow/example_dags/example_kubernetes_executor.py took 0.046 seconds
[2024-03-22T03:22:34.434+0000] {processor.py:161} INFO - Started process (PID=1053) to work on /home/airflow/.local/lib/python3.8/site-packages/airflow/example_dags/example_kubernetes_executor.py
[2024-03-22T03:22:34.435+0000] {processor.py:830} INFO - Processing file /home/airflow/.local/lib/python3.8/site-packages/airflow/example_dags/example_kubernetes_executor.py for tasks to queue
[2024-03-22T03:22:34.436+0000] {logging_mixin.py:188} INFO - [2024-03-22T03:22:34.436+0000] {dagbag.py:540} INFO - Filling up the DagBag from /home/airflow/.local/lib/python3.8/site-packages/airflow/example_dags/example_kubernetes_executor.py
[2024-03-22T03:22:34.444+0000] {processor.py:840} INFO - DAG(s) 'example_kubernetes_executor' retrieved from /home/airflow/.local/lib/python3.8/site-packages/airflow/example_dags/example_kubernetes_executor.py
[2024-03-22T03:22:34.466+0000] {logging_mixin.py:188} INFO - [2024-03-22T03:22:34.466+0000] {dag.py:3047} INFO - Sync 1 DAGs
[2024-03-22T03:22:34.472+0000] {logging_mixin.py:188} INFO - [2024-03-22T03:22:34.472+0000] {dag.py:3834} INFO - Setting next_dagrun for example_kubernetes_executor to None, run_after=None
[2024-03-22T03:22:34.482+0000] {processor.py:183} INFO - Processing /home/airflow/.local/lib/python3.8/site-packages/airflow/example_dags/example_kubernetes_executor.py took 0.050 seconds
[2024-03-22T03:23:05.287+0000] {processor.py:161} INFO - Started process (PID=1300) to work on /home/airflow/.local/lib/python3.8/site-packages/airflow/example_dags/example_kubernetes_executor.py
[2024-03-22T03:23:05.287+0000] {processor.py:830} INFO - Processing file /home/airflow/.local/lib/python3.8/site-packages/airflow/example_dags/example_kubernetes_executor.py for tasks to queue
[2024-03-22T03:23:05.288+0000] {logging_mixin.py:188} INFO - [2024-03-22T03:23:05.288+0000] {dagbag.py:540} INFO - Filling up the DagBag from /home/airflow/.local/lib/python3.8/site-packages/airflow/example_dags/example_kubernetes_executor.py
[2024-03-22T03:23:05.296+0000] {processor.py:840} INFO - DAG(s) 'example_kubernetes_executor' retrieved from /home/airflow/.local/lib/python3.8/site-packages/airflow/example_dags/example_kubernetes_executor.py
[2024-03-22T03:23:05.318+0000] {logging_mixin.py:188} INFO - [2024-03-22T03:23:05.317+0000] {dag.py:3047} INFO - Sync 1 DAGs
[2024-03-22T03:23:05.324+0000] {logging_mixin.py:188} INFO - [2024-03-22T03:23:05.324+0000] {dag.py:3834} INFO - Setting next_dagrun for example_kubernetes_executor to None, run_after=None
[2024-03-22T03:23:05.333+0000] {processor.py:183} INFO - Processing /home/airflow/.local/lib/python3.8/site-packages/airflow/example_dags/example_kubernetes_executor.py took 0.049 seconds
