[2024-03-22T02:12:56.098+0000] {processor.py:161} INFO - Started process (PID=217) to work on /home/airflow/.local/lib/python3.8/site-packages/airflow/example_dags/example_branch_operator.py
[2024-03-22T02:12:56.098+0000] {processor.py:830} INFO - Processing file /home/airflow/.local/lib/python3.8/site-packages/airflow/example_dags/example_branch_operator.py for tasks to queue
[2024-03-22T02:12:56.099+0000] {logging_mixin.py:188} INFO - [2024-03-22T02:12:56.099+0000] {dagbag.py:540} INFO - Filling up the DagBag from /home/airflow/.local/lib/python3.8/site-packages/airflow/example_dags/example_branch_operator.py
[2024-03-22T02:12:56.108+0000] {processor.py:840} INFO - DAG(s) 'example_branch_operator' retrieved from /home/airflow/.local/lib/python3.8/site-packages/airflow/example_dags/example_branch_operator.py
[2024-03-22T02:12:56.116+0000] {logging_mixin.py:188} INFO - [2024-03-22T02:12:56.116+0000] {dag.py:3047} INFO - Sync 1 DAGs
[2024-03-22T02:12:56.129+0000] {logging_mixin.py:188} INFO - [2024-03-22T02:12:56.129+0000] {dag.py:3834} INFO - Setting next_dagrun for example_branch_operator to 2024-03-21 00:00:00+00:00, run_after=2024-03-22 00:00:00+00:00
[2024-03-22T02:12:56.139+0000] {processor.py:183} INFO - Processing /home/airflow/.local/lib/python3.8/site-packages/airflow/example_dags/example_branch_operator.py took 0.044 seconds
[2024-03-22T02:13:26.841+0000] {processor.py:161} INFO - Started process (PID=466) to work on /home/airflow/.local/lib/python3.8/site-packages/airflow/example_dags/example_branch_operator.py
[2024-03-22T02:13:26.842+0000] {processor.py:830} INFO - Processing file /home/airflow/.local/lib/python3.8/site-packages/airflow/example_dags/example_branch_operator.py for tasks to queue
[2024-03-22T02:13:26.843+0000] {logging_mixin.py:188} INFO - [2024-03-22T02:13:26.843+0000] {dagbag.py:540} INFO - Filling up the DagBag from /home/airflow/.local/lib/python3.8/site-packages/airflow/example_dags/example_branch_operator.py
[2024-03-22T02:13:26.853+0000] {processor.py:840} INFO - DAG(s) 'example_branch_operator' retrieved from /home/airflow/.local/lib/python3.8/site-packages/airflow/example_dags/example_branch_operator.py
[2024-03-22T02:13:26.902+0000] {logging_mixin.py:188} INFO - [2024-03-22T02:13:26.902+0000] {dag.py:3047} INFO - Sync 1 DAGs
[2024-03-22T02:13:26.912+0000] {logging_mixin.py:188} INFO - [2024-03-22T02:13:26.912+0000] {dag.py:3834} INFO - Setting next_dagrun for example_branch_operator to 2024-03-21 00:00:00+00:00, run_after=2024-03-22 00:00:00+00:00
[2024-03-22T02:13:26.922+0000] {processor.py:183} INFO - Processing /home/airflow/.local/lib/python3.8/site-packages/airflow/example_dags/example_branch_operator.py took 0.083 seconds
[2024-03-22T02:13:57.527+0000] {processor.py:161} INFO - Started process (PID=713) to work on /home/airflow/.local/lib/python3.8/site-packages/airflow/example_dags/example_branch_operator.py
[2024-03-22T02:13:57.528+0000] {processor.py:830} INFO - Processing file /home/airflow/.local/lib/python3.8/site-packages/airflow/example_dags/example_branch_operator.py for tasks to queue
[2024-03-22T02:13:57.529+0000] {logging_mixin.py:188} INFO - [2024-03-22T02:13:57.529+0000] {dagbag.py:540} INFO - Filling up the DagBag from /home/airflow/.local/lib/python3.8/site-packages/airflow/example_dags/example_branch_operator.py
[2024-03-22T02:13:57.538+0000] {processor.py:840} INFO - DAG(s) 'example_branch_operator' retrieved from /home/airflow/.local/lib/python3.8/site-packages/airflow/example_dags/example_branch_operator.py
[2024-03-22T02:13:57.554+0000] {logging_mixin.py:188} INFO - [2024-03-22T02:13:57.554+0000] {dag.py:3047} INFO - Sync 1 DAGs
[2024-03-22T02:13:57.565+0000] {logging_mixin.py:188} INFO - [2024-03-22T02:13:57.565+0000] {dag.py:3834} INFO - Setting next_dagrun for example_branch_operator to 2024-03-21 00:00:00+00:00, run_after=2024-03-22 00:00:00+00:00
[2024-03-22T02:13:57.576+0000] {processor.py:183} INFO - Processing /home/airflow/.local/lib/python3.8/site-packages/airflow/example_dags/example_branch_operator.py took 0.051 seconds
[2024-03-22T02:14:27.602+0000] {processor.py:161} INFO - Started process (PID=958) to work on /home/airflow/.local/lib/python3.8/site-packages/airflow/example_dags/example_branch_operator.py
[2024-03-22T02:14:27.603+0000] {processor.py:830} INFO - Processing file /home/airflow/.local/lib/python3.8/site-packages/airflow/example_dags/example_branch_operator.py for tasks to queue
[2024-03-22T02:14:27.603+0000] {logging_mixin.py:188} INFO - [2024-03-22T02:14:27.603+0000] {dagbag.py:540} INFO - Filling up the DagBag from /home/airflow/.local/lib/python3.8/site-packages/airflow/example_dags/example_branch_operator.py
[2024-03-22T02:14:27.612+0000] {processor.py:840} INFO - DAG(s) 'example_branch_operator' retrieved from /home/airflow/.local/lib/python3.8/site-packages/airflow/example_dags/example_branch_operator.py
[2024-03-22T02:14:27.627+0000] {logging_mixin.py:188} INFO - [2024-03-22T02:14:27.627+0000] {dag.py:3047} INFO - Sync 1 DAGs
[2024-03-22T02:14:27.639+0000] {logging_mixin.py:188} INFO - [2024-03-22T02:14:27.639+0000] {dag.py:3834} INFO - Setting next_dagrun for example_branch_operator to 2024-03-21 00:00:00+00:00, run_after=2024-03-22 00:00:00+00:00
[2024-03-22T02:14:27.649+0000] {processor.py:183} INFO - Processing /home/airflow/.local/lib/python3.8/site-packages/airflow/example_dags/example_branch_operator.py took 0.050 seconds
[2024-03-22T02:14:58.500+0000] {processor.py:161} INFO - Started process (PID=1205) to work on /home/airflow/.local/lib/python3.8/site-packages/airflow/example_dags/example_branch_operator.py
[2024-03-22T02:14:58.501+0000] {processor.py:830} INFO - Processing file /home/airflow/.local/lib/python3.8/site-packages/airflow/example_dags/example_branch_operator.py for tasks to queue
[2024-03-22T02:14:58.501+0000] {logging_mixin.py:188} INFO - [2024-03-22T02:14:58.501+0000] {dagbag.py:540} INFO - Filling up the DagBag from /home/airflow/.local/lib/python3.8/site-packages/airflow/example_dags/example_branch_operator.py
[2024-03-22T02:14:58.510+0000] {processor.py:840} INFO - DAG(s) 'example_branch_operator' retrieved from /home/airflow/.local/lib/python3.8/site-packages/airflow/example_dags/example_branch_operator.py
[2024-03-22T02:14:58.525+0000] {logging_mixin.py:188} INFO - [2024-03-22T02:14:58.525+0000] {dag.py:3047} INFO - Sync 1 DAGs
[2024-03-22T02:14:58.536+0000] {logging_mixin.py:188} INFO - [2024-03-22T02:14:58.536+0000] {dag.py:3834} INFO - Setting next_dagrun for example_branch_operator to 2024-03-21 00:00:00+00:00, run_after=2024-03-22 00:00:00+00:00
[2024-03-22T02:14:58.547+0000] {processor.py:183} INFO - Processing /home/airflow/.local/lib/python3.8/site-packages/airflow/example_dags/example_branch_operator.py took 0.049 seconds
[2024-03-22T02:15:29.491+0000] {processor.py:161} INFO - Started process (PID=1452) to work on /home/airflow/.local/lib/python3.8/site-packages/airflow/example_dags/example_branch_operator.py
[2024-03-22T02:15:29.491+0000] {processor.py:830} INFO - Processing file /home/airflow/.local/lib/python3.8/site-packages/airflow/example_dags/example_branch_operator.py for tasks to queue
[2024-03-22T02:15:29.492+0000] {logging_mixin.py:188} INFO - [2024-03-22T02:15:29.492+0000] {dagbag.py:540} INFO - Filling up the DagBag from /home/airflow/.local/lib/python3.8/site-packages/airflow/example_dags/example_branch_operator.py
[2024-03-22T02:15:29.502+0000] {processor.py:840} INFO - DAG(s) 'example_branch_operator' retrieved from /home/airflow/.local/lib/python3.8/site-packages/airflow/example_dags/example_branch_operator.py
[2024-03-22T02:15:29.518+0000] {logging_mixin.py:188} INFO - [2024-03-22T02:15:29.517+0000] {dag.py:3047} INFO - Sync 1 DAGs
[2024-03-22T02:15:29.529+0000] {logging_mixin.py:188} INFO - [2024-03-22T02:15:29.529+0000] {dag.py:3834} INFO - Setting next_dagrun for example_branch_operator to 2024-03-21 00:00:00+00:00, run_after=2024-03-22 00:00:00+00:00
[2024-03-22T02:15:29.540+0000] {processor.py:183} INFO - Processing /home/airflow/.local/lib/python3.8/site-packages/airflow/example_dags/example_branch_operator.py took 0.051 seconds
[2024-03-22T02:16:00.351+0000] {processor.py:161} INFO - Started process (PID=1701) to work on /home/airflow/.local/lib/python3.8/site-packages/airflow/example_dags/example_branch_operator.py
[2024-03-22T02:16:00.352+0000] {processor.py:830} INFO - Processing file /home/airflow/.local/lib/python3.8/site-packages/airflow/example_dags/example_branch_operator.py for tasks to queue
[2024-03-22T02:16:00.353+0000] {logging_mixin.py:188} INFO - [2024-03-22T02:16:00.353+0000] {dagbag.py:540} INFO - Filling up the DagBag from /home/airflow/.local/lib/python3.8/site-packages/airflow/example_dags/example_branch_operator.py
[2024-03-22T02:16:00.372+0000] {processor.py:840} INFO - DAG(s) 'example_branch_operator' retrieved from /home/airflow/.local/lib/python3.8/site-packages/airflow/example_dags/example_branch_operator.py
[2024-03-22T02:16:00.389+0000] {logging_mixin.py:188} INFO - [2024-03-22T02:16:00.389+0000] {dag.py:3047} INFO - Sync 1 DAGs
[2024-03-22T02:16:00.402+0000] {logging_mixin.py:188} INFO - [2024-03-22T02:16:00.402+0000] {dag.py:3834} INFO - Setting next_dagrun for example_branch_operator to 2024-03-21 00:00:00+00:00, run_after=2024-03-22 00:00:00+00:00
[2024-03-22T02:16:00.412+0000] {processor.py:183} INFO - Processing /home/airflow/.local/lib/python3.8/site-packages/airflow/example_dags/example_branch_operator.py took 0.064 seconds
[2024-03-22T02:16:31.398+0000] {processor.py:161} INFO - Started process (PID=1946) to work on /home/airflow/.local/lib/python3.8/site-packages/airflow/example_dags/example_branch_operator.py
[2024-03-22T02:16:31.400+0000] {processor.py:830} INFO - Processing file /home/airflow/.local/lib/python3.8/site-packages/airflow/example_dags/example_branch_operator.py for tasks to queue
[2024-03-22T02:16:31.400+0000] {logging_mixin.py:188} INFO - [2024-03-22T02:16:31.400+0000] {dagbag.py:540} INFO - Filling up the DagBag from /home/airflow/.local/lib/python3.8/site-packages/airflow/example_dags/example_branch_operator.py
[2024-03-22T02:16:31.413+0000] {processor.py:840} INFO - DAG(s) 'example_branch_operator' retrieved from /home/airflow/.local/lib/python3.8/site-packages/airflow/example_dags/example_branch_operator.py
[2024-03-22T02:16:31.430+0000] {logging_mixin.py:188} INFO - [2024-03-22T02:16:31.430+0000] {dag.py:3047} INFO - Sync 1 DAGs
[2024-03-22T02:16:31.442+0000] {logging_mixin.py:188} INFO - [2024-03-22T02:16:31.442+0000] {dag.py:3834} INFO - Setting next_dagrun for example_branch_operator to 2024-03-21 00:00:00+00:00, run_after=2024-03-22 00:00:00+00:00
[2024-03-22T02:16:31.455+0000] {processor.py:183} INFO - Processing /home/airflow/.local/lib/python3.8/site-packages/airflow/example_dags/example_branch_operator.py took 0.059 seconds
[2024-03-22T02:17:02.315+0000] {processor.py:161} INFO - Started process (PID=2217) to work on /home/airflow/.local/lib/python3.8/site-packages/airflow/example_dags/example_branch_operator.py
[2024-03-22T02:17:02.315+0000] {processor.py:830} INFO - Processing file /home/airflow/.local/lib/python3.8/site-packages/airflow/example_dags/example_branch_operator.py for tasks to queue
[2024-03-22T02:17:02.316+0000] {logging_mixin.py:188} INFO - [2024-03-22T02:17:02.316+0000] {dagbag.py:540} INFO - Filling up the DagBag from /home/airflow/.local/lib/python3.8/site-packages/airflow/example_dags/example_branch_operator.py
[2024-03-22T02:17:02.325+0000] {processor.py:840} INFO - DAG(s) 'example_branch_operator' retrieved from /home/airflow/.local/lib/python3.8/site-packages/airflow/example_dags/example_branch_operator.py
[2024-03-22T02:17:02.341+0000] {logging_mixin.py:188} INFO - [2024-03-22T02:17:02.341+0000] {dag.py:3047} INFO - Sync 1 DAGs
[2024-03-22T02:17:02.353+0000] {logging_mixin.py:188} INFO - [2024-03-22T02:17:02.353+0000] {dag.py:3834} INFO - Setting next_dagrun for example_branch_operator to 2024-03-21 00:00:00+00:00, run_after=2024-03-22 00:00:00+00:00
[2024-03-22T02:17:02.363+0000] {processor.py:183} INFO - Processing /home/airflow/.local/lib/python3.8/site-packages/airflow/example_dags/example_branch_operator.py took 0.051 seconds
[2024-03-22T02:17:33.364+0000] {processor.py:161} INFO - Started process (PID=2464) to work on /home/airflow/.local/lib/python3.8/site-packages/airflow/example_dags/example_branch_operator.py
[2024-03-22T02:17:33.365+0000] {processor.py:830} INFO - Processing file /home/airflow/.local/lib/python3.8/site-packages/airflow/example_dags/example_branch_operator.py for tasks to queue
[2024-03-22T02:17:33.366+0000] {logging_mixin.py:188} INFO - [2024-03-22T02:17:33.365+0000] {dagbag.py:540} INFO - Filling up the DagBag from /home/airflow/.local/lib/python3.8/site-packages/airflow/example_dags/example_branch_operator.py
[2024-03-22T02:17:33.375+0000] {processor.py:840} INFO - DAG(s) 'example_branch_operator' retrieved from /home/airflow/.local/lib/python3.8/site-packages/airflow/example_dags/example_branch_operator.py
[2024-03-22T02:17:33.391+0000] {logging_mixin.py:188} INFO - [2024-03-22T02:17:33.391+0000] {dag.py:3047} INFO - Sync 1 DAGs
[2024-03-22T02:17:33.403+0000] {logging_mixin.py:188} INFO - [2024-03-22T02:17:33.403+0000] {dag.py:3834} INFO - Setting next_dagrun for example_branch_operator to 2024-03-21 00:00:00+00:00, run_after=2024-03-22 00:00:00+00:00
[2024-03-22T02:17:33.413+0000] {processor.py:183} INFO - Processing /home/airflow/.local/lib/python3.8/site-packages/airflow/example_dags/example_branch_operator.py took 0.051 seconds
[2024-03-22T02:18:03.475+0000] {processor.py:161} INFO - Started process (PID=2713) to work on /home/airflow/.local/lib/python3.8/site-packages/airflow/example_dags/example_branch_operator.py
[2024-03-22T02:18:03.476+0000] {processor.py:830} INFO - Processing file /home/airflow/.local/lib/python3.8/site-packages/airflow/example_dags/example_branch_operator.py for tasks to queue
[2024-03-22T02:18:03.476+0000] {logging_mixin.py:188} INFO - [2024-03-22T02:18:03.476+0000] {dagbag.py:540} INFO - Filling up the DagBag from /home/airflow/.local/lib/python3.8/site-packages/airflow/example_dags/example_branch_operator.py
[2024-03-22T02:18:03.486+0000] {processor.py:840} INFO - DAG(s) 'example_branch_operator' retrieved from /home/airflow/.local/lib/python3.8/site-packages/airflow/example_dags/example_branch_operator.py
[2024-03-22T02:18:03.501+0000] {logging_mixin.py:188} INFO - [2024-03-22T02:18:03.501+0000] {dag.py:3047} INFO - Sync 1 DAGs
[2024-03-22T02:18:03.513+0000] {logging_mixin.py:188} INFO - [2024-03-22T02:18:03.512+0000] {dag.py:3834} INFO - Setting next_dagrun for example_branch_operator to 2024-03-21 00:00:00+00:00, run_after=2024-03-22 00:00:00+00:00
[2024-03-22T02:18:03.523+0000] {processor.py:183} INFO - Processing /home/airflow/.local/lib/python3.8/site-packages/airflow/example_dags/example_branch_operator.py took 0.050 seconds
[2024-03-22T02:18:34.283+0000] {processor.py:161} INFO - Started process (PID=2958) to work on /home/airflow/.local/lib/python3.8/site-packages/airflow/example_dags/example_branch_operator.py
[2024-03-22T02:18:34.283+0000] {processor.py:830} INFO - Processing file /home/airflow/.local/lib/python3.8/site-packages/airflow/example_dags/example_branch_operator.py for tasks to queue
[2024-03-22T02:18:34.284+0000] {logging_mixin.py:188} INFO - [2024-03-22T02:18:34.284+0000] {dagbag.py:540} INFO - Filling up the DagBag from /home/airflow/.local/lib/python3.8/site-packages/airflow/example_dags/example_branch_operator.py
[2024-03-22T02:18:34.294+0000] {processor.py:840} INFO - DAG(s) 'example_branch_operator' retrieved from /home/airflow/.local/lib/python3.8/site-packages/airflow/example_dags/example_branch_operator.py
[2024-03-22T02:18:34.309+0000] {logging_mixin.py:188} INFO - [2024-03-22T02:18:34.309+0000] {dag.py:3047} INFO - Sync 1 DAGs
[2024-03-22T02:18:34.322+0000] {logging_mixin.py:188} INFO - [2024-03-22T02:18:34.322+0000] {dag.py:3834} INFO - Setting next_dagrun for example_branch_operator to 2024-03-21 00:00:00+00:00, run_after=2024-03-22 00:00:00+00:00
[2024-03-22T02:18:34.332+0000] {processor.py:183} INFO - Processing /home/airflow/.local/lib/python3.8/site-packages/airflow/example_dags/example_branch_operator.py took 0.051 seconds
[2024-03-22T02:19:04.415+0000] {processor.py:161} INFO - Started process (PID=3207) to work on /home/airflow/.local/lib/python3.8/site-packages/airflow/example_dags/example_branch_operator.py
[2024-03-22T02:19:04.416+0000] {processor.py:830} INFO - Processing file /home/airflow/.local/lib/python3.8/site-packages/airflow/example_dags/example_branch_operator.py for tasks to queue
[2024-03-22T02:19:04.417+0000] {logging_mixin.py:188} INFO - [2024-03-22T02:19:04.417+0000] {dagbag.py:540} INFO - Filling up the DagBag from /home/airflow/.local/lib/python3.8/site-packages/airflow/example_dags/example_branch_operator.py
[2024-03-22T02:19:04.427+0000] {processor.py:840} INFO - DAG(s) 'example_branch_operator' retrieved from /home/airflow/.local/lib/python3.8/site-packages/airflow/example_dags/example_branch_operator.py
[2024-03-22T02:19:04.444+0000] {logging_mixin.py:188} INFO - [2024-03-22T02:19:04.444+0000] {dag.py:3047} INFO - Sync 1 DAGs
[2024-03-22T02:19:04.456+0000] {logging_mixin.py:188} INFO - [2024-03-22T02:19:04.456+0000] {dag.py:3834} INFO - Setting next_dagrun for example_branch_operator to 2024-03-21 00:00:00+00:00, run_after=2024-03-22 00:00:00+00:00
[2024-03-22T02:19:04.466+0000] {processor.py:183} INFO - Processing /home/airflow/.local/lib/python3.8/site-packages/airflow/example_dags/example_branch_operator.py took 0.054 seconds
[2024-03-22T02:19:34.583+0000] {processor.py:161} INFO - Started process (PID=3454) to work on /home/airflow/.local/lib/python3.8/site-packages/airflow/example_dags/example_branch_operator.py
[2024-03-22T02:19:34.583+0000] {processor.py:830} INFO - Processing file /home/airflow/.local/lib/python3.8/site-packages/airflow/example_dags/example_branch_operator.py for tasks to queue
[2024-03-22T02:19:34.584+0000] {logging_mixin.py:188} INFO - [2024-03-22T02:19:34.584+0000] {dagbag.py:540} INFO - Filling up the DagBag from /home/airflow/.local/lib/python3.8/site-packages/airflow/example_dags/example_branch_operator.py
[2024-03-22T02:19:34.594+0000] {processor.py:840} INFO - DAG(s) 'example_branch_operator' retrieved from /home/airflow/.local/lib/python3.8/site-packages/airflow/example_dags/example_branch_operator.py
[2024-03-22T02:19:34.608+0000] {logging_mixin.py:188} INFO - [2024-03-22T02:19:34.608+0000] {dag.py:3047} INFO - Sync 1 DAGs
[2024-03-22T02:19:34.619+0000] {logging_mixin.py:188} INFO - [2024-03-22T02:19:34.619+0000] {dag.py:3834} INFO - Setting next_dagrun for example_branch_operator to 2024-03-21 00:00:00+00:00, run_after=2024-03-22 00:00:00+00:00
[2024-03-22T02:19:34.630+0000] {processor.py:183} INFO - Processing /home/airflow/.local/lib/python3.8/site-packages/airflow/example_dags/example_branch_operator.py took 0.050 seconds
[2024-03-22T03:21:01.063+0000] {processor.py:161} INFO - Started process (PID=217) to work on /home/airflow/.local/lib/python3.8/site-packages/airflow/example_dags/example_branch_operator.py
[2024-03-22T03:21:01.063+0000] {processor.py:830} INFO - Processing file /home/airflow/.local/lib/python3.8/site-packages/airflow/example_dags/example_branch_operator.py for tasks to queue
[2024-03-22T03:21:01.064+0000] {logging_mixin.py:188} INFO - [2024-03-22T03:21:01.064+0000] {dagbag.py:540} INFO - Filling up the DagBag from /home/airflow/.local/lib/python3.8/site-packages/airflow/example_dags/example_branch_operator.py
[2024-03-22T03:21:01.073+0000] {processor.py:840} INFO - DAG(s) 'example_branch_operator' retrieved from /home/airflow/.local/lib/python3.8/site-packages/airflow/example_dags/example_branch_operator.py
[2024-03-22T03:21:01.129+0000] {logging_mixin.py:188} INFO - [2024-03-22T03:21:01.128+0000] {override.py:1769} INFO - Created Permission View: can read on DAG:example_branch_operator
[2024-03-22T03:21:01.133+0000] {logging_mixin.py:188} INFO - [2024-03-22T03:21:01.133+0000] {override.py:1769} INFO - Created Permission View: can delete on DAG:example_branch_operator
[2024-03-22T03:21:01.136+0000] {logging_mixin.py:188} INFO - [2024-03-22T03:21:01.135+0000] {override.py:1769} INFO - Created Permission View: can edit on DAG:example_branch_operator
[2024-03-22T03:21:01.136+0000] {logging_mixin.py:188} INFO - [2024-03-22T03:21:01.136+0000] {dag.py:3047} INFO - Sync 1 DAGs
[2024-03-22T03:21:01.141+0000] {logging_mixin.py:188} INFO - [2024-03-22T03:21:01.141+0000] {dag.py:3069} INFO - Creating ORM DAG for example_branch_operator
[2024-03-22T03:21:01.146+0000] {logging_mixin.py:188} INFO - [2024-03-22T03:21:01.146+0000] {dag.py:3834} INFO - Setting next_dagrun for example_branch_operator to 2024-03-21 00:00:00+00:00, run_after=2024-03-22 00:00:00+00:00
[2024-03-22T03:21:01.156+0000] {processor.py:183} INFO - Processing /home/airflow/.local/lib/python3.8/site-packages/airflow/example_dags/example_branch_operator.py took 0.095 seconds
[2024-03-22T03:21:31.244+0000] {processor.py:161} INFO - Started process (PID=466) to work on /home/airflow/.local/lib/python3.8/site-packages/airflow/example_dags/example_branch_operator.py
[2024-03-22T03:21:31.244+0000] {processor.py:830} INFO - Processing file /home/airflow/.local/lib/python3.8/site-packages/airflow/example_dags/example_branch_operator.py for tasks to queue
[2024-03-22T03:21:31.245+0000] {logging_mixin.py:188} INFO - [2024-03-22T03:21:31.245+0000] {dagbag.py:540} INFO - Filling up the DagBag from /home/airflow/.local/lib/python3.8/site-packages/airflow/example_dags/example_branch_operator.py
[2024-03-22T03:21:31.254+0000] {processor.py:840} INFO - DAG(s) 'example_branch_operator' retrieved from /home/airflow/.local/lib/python3.8/site-packages/airflow/example_dags/example_branch_operator.py
[2024-03-22T03:21:31.269+0000] {logging_mixin.py:188} INFO - [2024-03-22T03:21:31.268+0000] {dag.py:3047} INFO - Sync 1 DAGs
[2024-03-22T03:21:31.279+0000] {logging_mixin.py:188} INFO - [2024-03-22T03:21:31.279+0000] {dag.py:3834} INFO - Setting next_dagrun for example_branch_operator to 2024-03-21 00:00:00+00:00, run_after=2024-03-22 00:00:00+00:00
[2024-03-22T03:21:31.287+0000] {processor.py:183} INFO - Processing /home/airflow/.local/lib/python3.8/site-packages/airflow/example_dags/example_branch_operator.py took 0.045 seconds
[2024-03-22T03:22:02.010+0000] {processor.py:161} INFO - Started process (PID=711) to work on /home/airflow/.local/lib/python3.8/site-packages/airflow/example_dags/example_branch_operator.py
[2024-03-22T03:22:02.011+0000] {processor.py:830} INFO - Processing file /home/airflow/.local/lib/python3.8/site-packages/airflow/example_dags/example_branch_operator.py for tasks to queue
[2024-03-22T03:22:02.011+0000] {logging_mixin.py:188} INFO - [2024-03-22T03:22:02.011+0000] {dagbag.py:540} INFO - Filling up the DagBag from /home/airflow/.local/lib/python3.8/site-packages/airflow/example_dags/example_branch_operator.py
[2024-03-22T03:22:02.020+0000] {processor.py:840} INFO - DAG(s) 'example_branch_operator' retrieved from /home/airflow/.local/lib/python3.8/site-packages/airflow/example_dags/example_branch_operator.py
[2024-03-22T03:22:02.035+0000] {logging_mixin.py:188} INFO - [2024-03-22T03:22:02.035+0000] {dag.py:3047} INFO - Sync 1 DAGs
[2024-03-22T03:22:02.046+0000] {logging_mixin.py:188} INFO - [2024-03-22T03:22:02.046+0000] {dag.py:3834} INFO - Setting next_dagrun for example_branch_operator to 2024-03-21 00:00:00+00:00, run_after=2024-03-22 00:00:00+00:00
[2024-03-22T03:22:02.056+0000] {processor.py:183} INFO - Processing /home/airflow/.local/lib/python3.8/site-packages/airflow/example_dags/example_branch_operator.py took 0.048 seconds
[2024-03-22T03:22:32.862+0000] {processor.py:161} INFO - Started process (PID=960) to work on /home/airflow/.local/lib/python3.8/site-packages/airflow/example_dags/example_branch_operator.py
[2024-03-22T03:22:32.863+0000] {processor.py:830} INFO - Processing file /home/airflow/.local/lib/python3.8/site-packages/airflow/example_dags/example_branch_operator.py for tasks to queue
[2024-03-22T03:22:32.864+0000] {logging_mixin.py:188} INFO - [2024-03-22T03:22:32.863+0000] {dagbag.py:540} INFO - Filling up the DagBag from /home/airflow/.local/lib/python3.8/site-packages/airflow/example_dags/example_branch_operator.py
[2024-03-22T03:22:32.874+0000] {processor.py:840} INFO - DAG(s) 'example_branch_operator' retrieved from /home/airflow/.local/lib/python3.8/site-packages/airflow/example_dags/example_branch_operator.py
[2024-03-22T03:22:32.889+0000] {logging_mixin.py:188} INFO - [2024-03-22T03:22:32.888+0000] {dag.py:3047} INFO - Sync 1 DAGs
[2024-03-22T03:22:32.900+0000] {logging_mixin.py:188} INFO - [2024-03-22T03:22:32.900+0000] {dag.py:3834} INFO - Setting next_dagrun for example_branch_operator to 2024-03-21 00:00:00+00:00, run_after=2024-03-22 00:00:00+00:00
[2024-03-22T03:22:32.909+0000] {processor.py:183} INFO - Processing /home/airflow/.local/lib/python3.8/site-packages/airflow/example_dags/example_branch_operator.py took 0.049 seconds
[2024-03-22T03:23:03.689+0000] {processor.py:161} INFO - Started process (PID=1207) to work on /home/airflow/.local/lib/python3.8/site-packages/airflow/example_dags/example_branch_operator.py
[2024-03-22T03:23:03.690+0000] {processor.py:830} INFO - Processing file /home/airflow/.local/lib/python3.8/site-packages/airflow/example_dags/example_branch_operator.py for tasks to queue
[2024-03-22T03:23:03.691+0000] {logging_mixin.py:188} INFO - [2024-03-22T03:23:03.691+0000] {dagbag.py:540} INFO - Filling up the DagBag from /home/airflow/.local/lib/python3.8/site-packages/airflow/example_dags/example_branch_operator.py
[2024-03-22T03:23:03.700+0000] {processor.py:840} INFO - DAG(s) 'example_branch_operator' retrieved from /home/airflow/.local/lib/python3.8/site-packages/airflow/example_dags/example_branch_operator.py
[2024-03-22T03:23:03.714+0000] {logging_mixin.py:188} INFO - [2024-03-22T03:23:03.714+0000] {dag.py:3047} INFO - Sync 1 DAGs
[2024-03-22T03:23:03.726+0000] {logging_mixin.py:188} INFO - [2024-03-22T03:23:03.726+0000] {dag.py:3834} INFO - Setting next_dagrun for example_branch_operator to 2024-03-21 00:00:00+00:00, run_after=2024-03-22 00:00:00+00:00
[2024-03-22T03:23:03.736+0000] {processor.py:183} INFO - Processing /home/airflow/.local/lib/python3.8/site-packages/airflow/example_dags/example_branch_operator.py took 0.048 seconds
