[2024-03-22T02:12:56.355+0000] {processor.py:161} INFO - Started process (PID=254) to work on /home/airflow/.local/lib/python3.8/site-packages/airflow/example_dags/example_short_circuit_operator.py
[2024-03-22T02:12:56.356+0000] {processor.py:830} INFO - Processing file /home/airflow/.local/lib/python3.8/site-packages/airflow/example_dags/example_short_circuit_operator.py for tasks to queue
[2024-03-22T02:12:56.356+0000] {logging_mixin.py:188} INFO - [2024-03-22T02:12:56.356+0000] {dagbag.py:540} INFO - Filling up the DagBag from /home/airflow/.local/lib/python3.8/site-packages/airflow/example_dags/example_short_circuit_operator.py
[2024-03-22T02:12:56.362+0000] {processor.py:840} INFO - DAG(s) 'example_short_circuit_operator' retrieved from /home/airflow/.local/lib/python3.8/site-packages/airflow/example_dags/example_short_circuit_operator.py
[2024-03-22T02:12:56.369+0000] {logging_mixin.py:188} INFO - [2024-03-22T02:12:56.369+0000] {dag.py:3047} INFO - Sync 1 DAGs
[2024-03-22T02:12:56.382+0000] {logging_mixin.py:188} INFO - [2024-03-22T02:12:56.382+0000] {dag.py:3834} INFO - Setting next_dagrun for example_short_circuit_operator to 2024-03-21 00:00:00+00:00, run_after=2024-03-22 00:00:00+00:00
[2024-03-22T02:12:56.393+0000] {processor.py:183} INFO - Processing /home/airflow/.local/lib/python3.8/site-packages/airflow/example_dags/example_short_circuit_operator.py took 0.040 seconds
[2024-03-22T02:13:27.209+0000] {processor.py:161} INFO - Started process (PID=499) to work on /home/airflow/.local/lib/python3.8/site-packages/airflow/example_dags/example_short_circuit_operator.py
[2024-03-22T02:13:27.210+0000] {processor.py:830} INFO - Processing file /home/airflow/.local/lib/python3.8/site-packages/airflow/example_dags/example_short_circuit_operator.py for tasks to queue
[2024-03-22T02:13:27.210+0000] {logging_mixin.py:188} INFO - [2024-03-22T02:13:27.210+0000] {dagbag.py:540} INFO - Filling up the DagBag from /home/airflow/.local/lib/python3.8/site-packages/airflow/example_dags/example_short_circuit_operator.py
[2024-03-22T02:13:27.215+0000] {processor.py:840} INFO - DAG(s) 'example_short_circuit_operator' retrieved from /home/airflow/.local/lib/python3.8/site-packages/airflow/example_dags/example_short_circuit_operator.py
[2024-03-22T02:13:27.263+0000] {logging_mixin.py:188} INFO - [2024-03-22T02:13:27.263+0000] {dag.py:3047} INFO - Sync 1 DAGs
[2024-03-22T02:13:27.273+0000] {logging_mixin.py:188} INFO - [2024-03-22T02:13:27.273+0000] {dag.py:3834} INFO - Setting next_dagrun for example_short_circuit_operator to 2024-03-21 00:00:00+00:00, run_after=2024-03-22 00:00:00+00:00
[2024-03-22T02:13:27.282+0000] {processor.py:183} INFO - Processing /home/airflow/.local/lib/python3.8/site-packages/airflow/example_dags/example_short_circuit_operator.py took 0.075 seconds
[2024-03-22T02:13:57.711+0000] {processor.py:161} INFO - Started process (PID=746) to work on /home/airflow/.local/lib/python3.8/site-packages/airflow/example_dags/example_short_circuit_operator.py
[2024-03-22T02:13:57.712+0000] {processor.py:830} INFO - Processing file /home/airflow/.local/lib/python3.8/site-packages/airflow/example_dags/example_short_circuit_operator.py for tasks to queue
[2024-03-22T02:13:57.712+0000] {logging_mixin.py:188} INFO - [2024-03-22T02:13:57.712+0000] {dagbag.py:540} INFO - Filling up the DagBag from /home/airflow/.local/lib/python3.8/site-packages/airflow/example_dags/example_short_circuit_operator.py
[2024-03-22T02:13:57.717+0000] {processor.py:840} INFO - DAG(s) 'example_short_circuit_operator' retrieved from /home/airflow/.local/lib/python3.8/site-packages/airflow/example_dags/example_short_circuit_operator.py
[2024-03-22T02:13:57.731+0000] {logging_mixin.py:188} INFO - [2024-03-22T02:13:57.731+0000] {dag.py:3047} INFO - Sync 1 DAGs
[2024-03-22T02:13:57.743+0000] {logging_mixin.py:188} INFO - [2024-03-22T02:13:57.743+0000] {dag.py:3834} INFO - Setting next_dagrun for example_short_circuit_operator to 2024-03-21 00:00:00+00:00, run_after=2024-03-22 00:00:00+00:00
[2024-03-22T02:13:57.754+0000] {processor.py:183} INFO - Processing /home/airflow/.local/lib/python3.8/site-packages/airflow/example_dags/example_short_circuit_operator.py took 0.045 seconds
[2024-03-22T02:14:27.808+0000] {processor.py:161} INFO - Started process (PID=993) to work on /home/airflow/.local/lib/python3.8/site-packages/airflow/example_dags/example_short_circuit_operator.py
[2024-03-22T02:14:27.809+0000] {processor.py:830} INFO - Processing file /home/airflow/.local/lib/python3.8/site-packages/airflow/example_dags/example_short_circuit_operator.py for tasks to queue
[2024-03-22T02:14:27.809+0000] {logging_mixin.py:188} INFO - [2024-03-22T02:14:27.809+0000] {dagbag.py:540} INFO - Filling up the DagBag from /home/airflow/.local/lib/python3.8/site-packages/airflow/example_dags/example_short_circuit_operator.py
[2024-03-22T02:14:27.814+0000] {processor.py:840} INFO - DAG(s) 'example_short_circuit_operator' retrieved from /home/airflow/.local/lib/python3.8/site-packages/airflow/example_dags/example_short_circuit_operator.py
[2024-03-22T02:14:27.828+0000] {logging_mixin.py:188} INFO - [2024-03-22T02:14:27.827+0000] {dag.py:3047} INFO - Sync 1 DAGs
[2024-03-22T02:14:27.839+0000] {logging_mixin.py:188} INFO - [2024-03-22T02:14:27.839+0000] {dag.py:3834} INFO - Setting next_dagrun for example_short_circuit_operator to 2024-03-21 00:00:00+00:00, run_after=2024-03-22 00:00:00+00:00
[2024-03-22T02:14:27.849+0000] {processor.py:183} INFO - Processing /home/airflow/.local/lib/python3.8/site-packages/airflow/example_dags/example_short_circuit_operator.py took 0.044 seconds
[2024-03-22T02:14:58.707+0000] {processor.py:161} INFO - Started process (PID=1240) to work on /home/airflow/.local/lib/python3.8/site-packages/airflow/example_dags/example_short_circuit_operator.py
[2024-03-22T02:14:58.708+0000] {processor.py:830} INFO - Processing file /home/airflow/.local/lib/python3.8/site-packages/airflow/example_dags/example_short_circuit_operator.py for tasks to queue
[2024-03-22T02:14:58.709+0000] {logging_mixin.py:188} INFO - [2024-03-22T02:14:58.709+0000] {dagbag.py:540} INFO - Filling up the DagBag from /home/airflow/.local/lib/python3.8/site-packages/airflow/example_dags/example_short_circuit_operator.py
[2024-03-22T02:14:58.714+0000] {processor.py:840} INFO - DAG(s) 'example_short_circuit_operator' retrieved from /home/airflow/.local/lib/python3.8/site-packages/airflow/example_dags/example_short_circuit_operator.py
[2024-03-22T02:14:58.727+0000] {logging_mixin.py:188} INFO - [2024-03-22T02:14:58.727+0000] {dag.py:3047} INFO - Sync 1 DAGs
[2024-03-22T02:14:58.738+0000] {logging_mixin.py:188} INFO - [2024-03-22T02:14:58.738+0000] {dag.py:3834} INFO - Setting next_dagrun for example_short_circuit_operator to 2024-03-21 00:00:00+00:00, run_after=2024-03-22 00:00:00+00:00
[2024-03-22T02:14:58.747+0000] {processor.py:183} INFO - Processing /home/airflow/.local/lib/python3.8/site-packages/airflow/example_dags/example_short_circuit_operator.py took 0.042 seconds
[2024-03-22T02:15:29.701+0000] {processor.py:161} INFO - Started process (PID=1487) to work on /home/airflow/.local/lib/python3.8/site-packages/airflow/example_dags/example_short_circuit_operator.py
[2024-03-22T02:15:29.701+0000] {processor.py:830} INFO - Processing file /home/airflow/.local/lib/python3.8/site-packages/airflow/example_dags/example_short_circuit_operator.py for tasks to queue
[2024-03-22T02:15:29.702+0000] {logging_mixin.py:188} INFO - [2024-03-22T02:15:29.702+0000] {dagbag.py:540} INFO - Filling up the DagBag from /home/airflow/.local/lib/python3.8/site-packages/airflow/example_dags/example_short_circuit_operator.py
[2024-03-22T02:15:29.707+0000] {processor.py:840} INFO - DAG(s) 'example_short_circuit_operator' retrieved from /home/airflow/.local/lib/python3.8/site-packages/airflow/example_dags/example_short_circuit_operator.py
[2024-03-22T02:15:29.719+0000] {logging_mixin.py:188} INFO - [2024-03-22T02:15:29.719+0000] {dag.py:3047} INFO - Sync 1 DAGs
[2024-03-22T02:15:29.730+0000] {logging_mixin.py:188} INFO - [2024-03-22T02:15:29.730+0000] {dag.py:3834} INFO - Setting next_dagrun for example_short_circuit_operator to 2024-03-21 00:00:00+00:00, run_after=2024-03-22 00:00:00+00:00
[2024-03-22T02:15:29.740+0000] {processor.py:183} INFO - Processing /home/airflow/.local/lib/python3.8/site-packages/airflow/example_dags/example_short_circuit_operator.py took 0.041 seconds
[2024-03-22T02:16:00.594+0000] {processor.py:161} INFO - Started process (PID=1736) to work on /home/airflow/.local/lib/python3.8/site-packages/airflow/example_dags/example_short_circuit_operator.py
[2024-03-22T02:16:00.595+0000] {processor.py:830} INFO - Processing file /home/airflow/.local/lib/python3.8/site-packages/airflow/example_dags/example_short_circuit_operator.py for tasks to queue
[2024-03-22T02:16:00.596+0000] {logging_mixin.py:188} INFO - [2024-03-22T02:16:00.595+0000] {dagbag.py:540} INFO - Filling up the DagBag from /home/airflow/.local/lib/python3.8/site-packages/airflow/example_dags/example_short_circuit_operator.py
[2024-03-22T02:16:00.600+0000] {processor.py:840} INFO - DAG(s) 'example_short_circuit_operator' retrieved from /home/airflow/.local/lib/python3.8/site-packages/airflow/example_dags/example_short_circuit_operator.py
[2024-03-22T02:16:00.613+0000] {logging_mixin.py:188} INFO - [2024-03-22T02:16:00.613+0000] {dag.py:3047} INFO - Sync 1 DAGs
[2024-03-22T02:16:00.624+0000] {logging_mixin.py:188} INFO - [2024-03-22T02:16:00.623+0000] {dag.py:3834} INFO - Setting next_dagrun for example_short_circuit_operator to 2024-03-21 00:00:00+00:00, run_after=2024-03-22 00:00:00+00:00
[2024-03-22T02:16:00.632+0000] {processor.py:183} INFO - Processing /home/airflow/.local/lib/python3.8/site-packages/airflow/example_dags/example_short_circuit_operator.py took 0.040 seconds
[2024-03-22T02:16:31.643+0000] {processor.py:161} INFO - Started process (PID=1981) to work on /home/airflow/.local/lib/python3.8/site-packages/airflow/example_dags/example_short_circuit_operator.py
[2024-03-22T02:16:31.644+0000] {processor.py:830} INFO - Processing file /home/airflow/.local/lib/python3.8/site-packages/airflow/example_dags/example_short_circuit_operator.py for tasks to queue
[2024-03-22T02:16:31.644+0000] {logging_mixin.py:188} INFO - [2024-03-22T02:16:31.644+0000] {dagbag.py:540} INFO - Filling up the DagBag from /home/airflow/.local/lib/python3.8/site-packages/airflow/example_dags/example_short_circuit_operator.py
[2024-03-22T02:16:31.650+0000] {processor.py:840} INFO - DAG(s) 'example_short_circuit_operator' retrieved from /home/airflow/.local/lib/python3.8/site-packages/airflow/example_dags/example_short_circuit_operator.py
[2024-03-22T02:16:31.665+0000] {logging_mixin.py:188} INFO - [2024-03-22T02:16:31.665+0000] {dag.py:3047} INFO - Sync 1 DAGs
[2024-03-22T02:16:31.677+0000] {logging_mixin.py:188} INFO - [2024-03-22T02:16:31.677+0000] {dag.py:3834} INFO - Setting next_dagrun for example_short_circuit_operator to 2024-03-21 00:00:00+00:00, run_after=2024-03-22 00:00:00+00:00
[2024-03-22T02:16:31.687+0000] {processor.py:183} INFO - Processing /home/airflow/.local/lib/python3.8/site-packages/airflow/example_dags/example_short_circuit_operator.py took 0.046 seconds
[2024-03-22T02:17:02.529+0000] {processor.py:161} INFO - Started process (PID=2252) to work on /home/airflow/.local/lib/python3.8/site-packages/airflow/example_dags/example_short_circuit_operator.py
[2024-03-22T02:17:02.530+0000] {processor.py:830} INFO - Processing file /home/airflow/.local/lib/python3.8/site-packages/airflow/example_dags/example_short_circuit_operator.py for tasks to queue
[2024-03-22T02:17:02.531+0000] {logging_mixin.py:188} INFO - [2024-03-22T02:17:02.530+0000] {dagbag.py:540} INFO - Filling up the DagBag from /home/airflow/.local/lib/python3.8/site-packages/airflow/example_dags/example_short_circuit_operator.py
[2024-03-22T02:17:02.536+0000] {processor.py:840} INFO - DAG(s) 'example_short_circuit_operator' retrieved from /home/airflow/.local/lib/python3.8/site-packages/airflow/example_dags/example_short_circuit_operator.py
[2024-03-22T02:17:02.549+0000] {logging_mixin.py:188} INFO - [2024-03-22T02:17:02.549+0000] {dag.py:3047} INFO - Sync 1 DAGs
[2024-03-22T02:17:02.561+0000] {logging_mixin.py:188} INFO - [2024-03-22T02:17:02.561+0000] {dag.py:3834} INFO - Setting next_dagrun for example_short_circuit_operator to 2024-03-21 00:00:00+00:00, run_after=2024-03-22 00:00:00+00:00
[2024-03-22T02:17:02.570+0000] {processor.py:183} INFO - Processing /home/airflow/.local/lib/python3.8/site-packages/airflow/example_dags/example_short_circuit_operator.py took 0.043 seconds
[2024-03-22T02:17:33.574+0000] {processor.py:161} INFO - Started process (PID=2499) to work on /home/airflow/.local/lib/python3.8/site-packages/airflow/example_dags/example_short_circuit_operator.py
[2024-03-22T02:17:33.575+0000] {processor.py:830} INFO - Processing file /home/airflow/.local/lib/python3.8/site-packages/airflow/example_dags/example_short_circuit_operator.py for tasks to queue
[2024-03-22T02:17:33.576+0000] {logging_mixin.py:188} INFO - [2024-03-22T02:17:33.576+0000] {dagbag.py:540} INFO - Filling up the DagBag from /home/airflow/.local/lib/python3.8/site-packages/airflow/example_dags/example_short_circuit_operator.py
[2024-03-22T02:17:33.580+0000] {processor.py:840} INFO - DAG(s) 'example_short_circuit_operator' retrieved from /home/airflow/.local/lib/python3.8/site-packages/airflow/example_dags/example_short_circuit_operator.py
[2024-03-22T02:17:33.594+0000] {logging_mixin.py:188} INFO - [2024-03-22T02:17:33.593+0000] {dag.py:3047} INFO - Sync 1 DAGs
[2024-03-22T02:17:33.605+0000] {logging_mixin.py:188} INFO - [2024-03-22T02:17:33.605+0000] {dag.py:3834} INFO - Setting next_dagrun for example_short_circuit_operator to 2024-03-21 00:00:00+00:00, run_after=2024-03-22 00:00:00+00:00
[2024-03-22T02:17:33.615+0000] {processor.py:183} INFO - Processing /home/airflow/.local/lib/python3.8/site-packages/airflow/example_dags/example_short_circuit_operator.py took 0.043 seconds
[2024-03-22T02:18:03.650+0000] {processor.py:161} INFO - Started process (PID=2746) to work on /home/airflow/.local/lib/python3.8/site-packages/airflow/example_dags/example_short_circuit_operator.py
[2024-03-22T02:18:03.651+0000] {processor.py:830} INFO - Processing file /home/airflow/.local/lib/python3.8/site-packages/airflow/example_dags/example_short_circuit_operator.py for tasks to queue
[2024-03-22T02:18:03.652+0000] {logging_mixin.py:188} INFO - [2024-03-22T02:18:03.651+0000] {dagbag.py:540} INFO - Filling up the DagBag from /home/airflow/.local/lib/python3.8/site-packages/airflow/example_dags/example_short_circuit_operator.py
[2024-03-22T02:18:03.656+0000] {processor.py:840} INFO - DAG(s) 'example_short_circuit_operator' retrieved from /home/airflow/.local/lib/python3.8/site-packages/airflow/example_dags/example_short_circuit_operator.py
[2024-03-22T02:18:03.669+0000] {logging_mixin.py:188} INFO - [2024-03-22T02:18:03.669+0000] {dag.py:3047} INFO - Sync 1 DAGs
[2024-03-22T02:18:03.680+0000] {logging_mixin.py:188} INFO - [2024-03-22T02:18:03.680+0000] {dag.py:3834} INFO - Setting next_dagrun for example_short_circuit_operator to 2024-03-21 00:00:00+00:00, run_after=2024-03-22 00:00:00+00:00
[2024-03-22T02:18:03.689+0000] {processor.py:183} INFO - Processing /home/airflow/.local/lib/python3.8/site-packages/airflow/example_dags/example_short_circuit_operator.py took 0.040 seconds
[2024-03-22T02:18:34.515+0000] {processor.py:161} INFO - Started process (PID=2993) to work on /home/airflow/.local/lib/python3.8/site-packages/airflow/example_dags/example_short_circuit_operator.py
[2024-03-22T02:18:34.516+0000] {processor.py:830} INFO - Processing file /home/airflow/.local/lib/python3.8/site-packages/airflow/example_dags/example_short_circuit_operator.py for tasks to queue
[2024-03-22T02:18:34.517+0000] {logging_mixin.py:188} INFO - [2024-03-22T02:18:34.517+0000] {dagbag.py:540} INFO - Filling up the DagBag from /home/airflow/.local/lib/python3.8/site-packages/airflow/example_dags/example_short_circuit_operator.py
[2024-03-22T02:18:34.522+0000] {processor.py:840} INFO - DAG(s) 'example_short_circuit_operator' retrieved from /home/airflow/.local/lib/python3.8/site-packages/airflow/example_dags/example_short_circuit_operator.py
[2024-03-22T02:18:34.537+0000] {logging_mixin.py:188} INFO - [2024-03-22T02:18:34.537+0000] {dag.py:3047} INFO - Sync 1 DAGs
[2024-03-22T02:18:34.551+0000] {logging_mixin.py:188} INFO - [2024-03-22T02:18:34.551+0000] {dag.py:3834} INFO - Setting next_dagrun for example_short_circuit_operator to 2024-03-21 00:00:00+00:00, run_after=2024-03-22 00:00:00+00:00
[2024-03-22T02:18:34.562+0000] {processor.py:183} INFO - Processing /home/airflow/.local/lib/python3.8/site-packages/airflow/example_dags/example_short_circuit_operator.py took 0.050 seconds
[2024-03-22T02:19:04.649+0000] {processor.py:161} INFO - Started process (PID=3242) to work on /home/airflow/.local/lib/python3.8/site-packages/airflow/example_dags/example_short_circuit_operator.py
[2024-03-22T02:19:04.650+0000] {processor.py:830} INFO - Processing file /home/airflow/.local/lib/python3.8/site-packages/airflow/example_dags/example_short_circuit_operator.py for tasks to queue
[2024-03-22T02:19:04.651+0000] {logging_mixin.py:188} INFO - [2024-03-22T02:19:04.650+0000] {dagbag.py:540} INFO - Filling up the DagBag from /home/airflow/.local/lib/python3.8/site-packages/airflow/example_dags/example_short_circuit_operator.py
[2024-03-22T02:19:04.657+0000] {processor.py:840} INFO - DAG(s) 'example_short_circuit_operator' retrieved from /home/airflow/.local/lib/python3.8/site-packages/airflow/example_dags/example_short_circuit_operator.py
[2024-03-22T02:19:04.672+0000] {logging_mixin.py:188} INFO - [2024-03-22T02:19:04.672+0000] {dag.py:3047} INFO - Sync 1 DAGs
[2024-03-22T02:19:04.683+0000] {logging_mixin.py:188} INFO - [2024-03-22T02:19:04.683+0000] {dag.py:3834} INFO - Setting next_dagrun for example_short_circuit_operator to 2024-03-21 00:00:00+00:00, run_after=2024-03-22 00:00:00+00:00
[2024-03-22T02:19:04.694+0000] {processor.py:183} INFO - Processing /home/airflow/.local/lib/python3.8/site-packages/airflow/example_dags/example_short_circuit_operator.py took 0.047 seconds
[2024-03-22T02:19:34.760+0000] {processor.py:161} INFO - Started process (PID=3487) to work on /home/airflow/.local/lib/python3.8/site-packages/airflow/example_dags/example_short_circuit_operator.py
[2024-03-22T02:19:34.760+0000] {processor.py:830} INFO - Processing file /home/airflow/.local/lib/python3.8/site-packages/airflow/example_dags/example_short_circuit_operator.py for tasks to queue
[2024-03-22T02:19:34.761+0000] {logging_mixin.py:188} INFO - [2024-03-22T02:19:34.761+0000] {dagbag.py:540} INFO - Filling up the DagBag from /home/airflow/.local/lib/python3.8/site-packages/airflow/example_dags/example_short_circuit_operator.py
[2024-03-22T02:19:34.766+0000] {processor.py:840} INFO - DAG(s) 'example_short_circuit_operator' retrieved from /home/airflow/.local/lib/python3.8/site-packages/airflow/example_dags/example_short_circuit_operator.py
[2024-03-22T02:19:34.779+0000] {logging_mixin.py:188} INFO - [2024-03-22T02:19:34.779+0000] {dag.py:3047} INFO - Sync 1 DAGs
[2024-03-22T02:19:34.790+0000] {logging_mixin.py:188} INFO - [2024-03-22T02:19:34.790+0000] {dag.py:3834} INFO - Setting next_dagrun for example_short_circuit_operator to 2024-03-21 00:00:00+00:00, run_after=2024-03-22 00:00:00+00:00
[2024-03-22T02:19:34.799+0000] {processor.py:183} INFO - Processing /home/airflow/.local/lib/python3.8/site-packages/airflow/example_dags/example_short_circuit_operator.py took 0.042 seconds
[2024-03-22T03:21:01.473+0000] {processor.py:161} INFO - Started process (PID=252) to work on /home/airflow/.local/lib/python3.8/site-packages/airflow/example_dags/example_short_circuit_operator.py
[2024-03-22T03:21:01.474+0000] {processor.py:830} INFO - Processing file /home/airflow/.local/lib/python3.8/site-packages/airflow/example_dags/example_short_circuit_operator.py for tasks to queue
[2024-03-22T03:21:01.474+0000] {logging_mixin.py:188} INFO - [2024-03-22T03:21:01.474+0000] {dagbag.py:540} INFO - Filling up the DagBag from /home/airflow/.local/lib/python3.8/site-packages/airflow/example_dags/example_short_circuit_operator.py
[2024-03-22T03:21:01.479+0000] {processor.py:840} INFO - DAG(s) 'example_short_circuit_operator' retrieved from /home/airflow/.local/lib/python3.8/site-packages/airflow/example_dags/example_short_circuit_operator.py
[2024-03-22T03:21:01.532+0000] {logging_mixin.py:188} INFO - [2024-03-22T03:21:01.531+0000] {override.py:1769} INFO - Created Permission View: can read on DAG:example_short_circuit_operator
[2024-03-22T03:21:01.536+0000] {logging_mixin.py:188} INFO - [2024-03-22T03:21:01.536+0000] {override.py:1769} INFO - Created Permission View: can delete on DAG:example_short_circuit_operator
[2024-03-22T03:21:01.539+0000] {logging_mixin.py:188} INFO - [2024-03-22T03:21:01.539+0000] {override.py:1769} INFO - Created Permission View: can edit on DAG:example_short_circuit_operator
[2024-03-22T03:21:01.540+0000] {logging_mixin.py:188} INFO - [2024-03-22T03:21:01.540+0000] {dag.py:3047} INFO - Sync 1 DAGs
[2024-03-22T03:21:01.545+0000] {logging_mixin.py:188} INFO - [2024-03-22T03:21:01.545+0000] {dag.py:3069} INFO - Creating ORM DAG for example_short_circuit_operator
[2024-03-22T03:21:01.550+0000] {logging_mixin.py:188} INFO - [2024-03-22T03:21:01.550+0000] {dag.py:3834} INFO - Setting next_dagrun for example_short_circuit_operator to 2024-03-21 00:00:00+00:00, run_after=2024-03-22 00:00:00+00:00
[2024-03-22T03:21:01.559+0000] {processor.py:183} INFO - Processing /home/airflow/.local/lib/python3.8/site-packages/airflow/example_dags/example_short_circuit_operator.py took 0.088 seconds
[2024-03-22T03:21:32.496+0000] {processor.py:161} INFO - Started process (PID=501) to work on /home/airflow/.local/lib/python3.8/site-packages/airflow/example_dags/example_short_circuit_operator.py
[2024-03-22T03:21:32.497+0000] {processor.py:830} INFO - Processing file /home/airflow/.local/lib/python3.8/site-packages/airflow/example_dags/example_short_circuit_operator.py for tasks to queue
[2024-03-22T03:21:32.497+0000] {logging_mixin.py:188} INFO - [2024-03-22T03:21:32.497+0000] {dagbag.py:540} INFO - Filling up the DagBag from /home/airflow/.local/lib/python3.8/site-packages/airflow/example_dags/example_short_circuit_operator.py
[2024-03-22T03:21:32.502+0000] {processor.py:840} INFO - DAG(s) 'example_short_circuit_operator' retrieved from /home/airflow/.local/lib/python3.8/site-packages/airflow/example_dags/example_short_circuit_operator.py
[2024-03-22T03:21:32.515+0000] {logging_mixin.py:188} INFO - [2024-03-22T03:21:32.514+0000] {dag.py:3047} INFO - Sync 1 DAGs
[2024-03-22T03:21:32.525+0000] {logging_mixin.py:188} INFO - [2024-03-22T03:21:32.525+0000] {dag.py:3834} INFO - Setting next_dagrun for example_short_circuit_operator to 2024-03-21 00:00:00+00:00, run_after=2024-03-22 00:00:00+00:00
[2024-03-22T03:21:32.534+0000] {processor.py:183} INFO - Processing /home/airflow/.local/lib/python3.8/site-packages/airflow/example_dags/example_short_circuit_operator.py took 0.040 seconds
[2024-03-22T03:22:03.263+0000] {processor.py:161} INFO - Started process (PID=746) to work on /home/airflow/.local/lib/python3.8/site-packages/airflow/example_dags/example_short_circuit_operator.py
[2024-03-22T03:22:03.264+0000] {processor.py:830} INFO - Processing file /home/airflow/.local/lib/python3.8/site-packages/airflow/example_dags/example_short_circuit_operator.py for tasks to queue
[2024-03-22T03:22:03.265+0000] {logging_mixin.py:188} INFO - [2024-03-22T03:22:03.264+0000] {dagbag.py:540} INFO - Filling up the DagBag from /home/airflow/.local/lib/python3.8/site-packages/airflow/example_dags/example_short_circuit_operator.py
[2024-03-22T03:22:03.269+0000] {processor.py:840} INFO - DAG(s) 'example_short_circuit_operator' retrieved from /home/airflow/.local/lib/python3.8/site-packages/airflow/example_dags/example_short_circuit_operator.py
[2024-03-22T03:22:03.281+0000] {logging_mixin.py:188} INFO - [2024-03-22T03:22:03.281+0000] {dag.py:3047} INFO - Sync 1 DAGs
[2024-03-22T03:22:03.291+0000] {logging_mixin.py:188} INFO - [2024-03-22T03:22:03.291+0000] {dag.py:3834} INFO - Setting next_dagrun for example_short_circuit_operator to 2024-03-21 00:00:00+00:00, run_after=2024-03-22 00:00:00+00:00
[2024-03-22T03:22:03.300+0000] {processor.py:183} INFO - Processing /home/airflow/.local/lib/python3.8/site-packages/airflow/example_dags/example_short_circuit_operator.py took 0.039 seconds
[2024-03-22T03:22:34.079+0000] {processor.py:161} INFO - Started process (PID=995) to work on /home/airflow/.local/lib/python3.8/site-packages/airflow/example_dags/example_short_circuit_operator.py
[2024-03-22T03:22:34.080+0000] {processor.py:830} INFO - Processing file /home/airflow/.local/lib/python3.8/site-packages/airflow/example_dags/example_short_circuit_operator.py for tasks to queue
[2024-03-22T03:22:34.081+0000] {logging_mixin.py:188} INFO - [2024-03-22T03:22:34.080+0000] {dagbag.py:540} INFO - Filling up the DagBag from /home/airflow/.local/lib/python3.8/site-packages/airflow/example_dags/example_short_circuit_operator.py
[2024-03-22T03:22:34.086+0000] {processor.py:840} INFO - DAG(s) 'example_short_circuit_operator' retrieved from /home/airflow/.local/lib/python3.8/site-packages/airflow/example_dags/example_short_circuit_operator.py
[2024-03-22T03:22:34.100+0000] {logging_mixin.py:188} INFO - [2024-03-22T03:22:34.099+0000] {dag.py:3047} INFO - Sync 1 DAGs
[2024-03-22T03:22:34.111+0000] {logging_mixin.py:188} INFO - [2024-03-22T03:22:34.111+0000] {dag.py:3834} INFO - Setting next_dagrun for example_short_circuit_operator to 2024-03-21 00:00:00+00:00, run_after=2024-03-22 00:00:00+00:00
[2024-03-22T03:22:34.119+0000] {processor.py:183} INFO - Processing /home/airflow/.local/lib/python3.8/site-packages/airflow/example_dags/example_short_circuit_operator.py took 0.042 seconds
[2024-03-22T03:23:04.914+0000] {processor.py:161} INFO - Started process (PID=1240) to work on /home/airflow/.local/lib/python3.8/site-packages/airflow/example_dags/example_short_circuit_operator.py
[2024-03-22T03:23:04.915+0000] {processor.py:830} INFO - Processing file /home/airflow/.local/lib/python3.8/site-packages/airflow/example_dags/example_short_circuit_operator.py for tasks to queue
[2024-03-22T03:23:04.916+0000] {logging_mixin.py:188} INFO - [2024-03-22T03:23:04.915+0000] {dagbag.py:540} INFO - Filling up the DagBag from /home/airflow/.local/lib/python3.8/site-packages/airflow/example_dags/example_short_circuit_operator.py
[2024-03-22T03:23:04.920+0000] {processor.py:840} INFO - DAG(s) 'example_short_circuit_operator' retrieved from /home/airflow/.local/lib/python3.8/site-packages/airflow/example_dags/example_short_circuit_operator.py
[2024-03-22T03:23:04.933+0000] {logging_mixin.py:188} INFO - [2024-03-22T03:23:04.932+0000] {dag.py:3047} INFO - Sync 1 DAGs
[2024-03-22T03:23:04.943+0000] {logging_mixin.py:188} INFO - [2024-03-22T03:23:04.943+0000] {dag.py:3834} INFO - Setting next_dagrun for example_short_circuit_operator to 2024-03-21 00:00:00+00:00, run_after=2024-03-22 00:00:00+00:00
[2024-03-22T03:23:04.953+0000] {processor.py:183} INFO - Processing /home/airflow/.local/lib/python3.8/site-packages/airflow/example_dags/example_short_circuit_operator.py took 0.041 seconds
