[2024-03-22T02:12:56.191+0000] {processor.py:161} INFO - Started process (PID=232) to work on /home/airflow/.local/lib/python3.8/site-packages/airflow/example_dags/example_branch_python_dop_operator_3.py
[2024-03-22T02:12:56.192+0000] {processor.py:830} INFO - Processing file /home/airflow/.local/lib/python3.8/site-packages/airflow/example_dags/example_branch_python_dop_operator_3.py for tasks to queue
[2024-03-22T02:12:56.192+0000] {logging_mixin.py:188} INFO - [2024-03-22T02:12:56.192+0000] {dagbag.py:540} INFO - Filling up the DagBag from /home/airflow/.local/lib/python3.8/site-packages/airflow/example_dags/example_branch_python_dop_operator_3.py
[2024-03-22T02:12:56.198+0000] {processor.py:840} INFO - DAG(s) 'example_branch_dop_operator_v3' retrieved from /home/airflow/.local/lib/python3.8/site-packages/airflow/example_dags/example_branch_python_dop_operator_3.py
[2024-03-22T02:12:56.205+0000] {logging_mixin.py:188} INFO - [2024-03-22T02:12:56.205+0000] {dag.py:3047} INFO - Sync 1 DAGs
[2024-03-22T02:12:56.221+0000] {logging_mixin.py:188} INFO - [2024-03-22T02:12:56.221+0000] {dag.py:3834} INFO - Setting next_dagrun for example_branch_dop_operator_v3 to 2024-03-22 02:11:00+00:00, run_after=2024-03-22 02:12:00+00:00
[2024-03-22T02:12:56.232+0000] {processor.py:183} INFO - Processing /home/airflow/.local/lib/python3.8/site-packages/airflow/example_dags/example_branch_python_dop_operator_3.py took 0.043 seconds
[2024-03-22T02:13:27.025+0000] {processor.py:161} INFO - Started process (PID=481) to work on /home/airflow/.local/lib/python3.8/site-packages/airflow/example_dags/example_branch_python_dop_operator_3.py
[2024-03-22T02:13:27.026+0000] {processor.py:830} INFO - Processing file /home/airflow/.local/lib/python3.8/site-packages/airflow/example_dags/example_branch_python_dop_operator_3.py for tasks to queue
[2024-03-22T02:13:27.026+0000] {logging_mixin.py:188} INFO - [2024-03-22T02:13:27.026+0000] {dagbag.py:540} INFO - Filling up the DagBag from /home/airflow/.local/lib/python3.8/site-packages/airflow/example_dags/example_branch_python_dop_operator_3.py
[2024-03-22T02:13:27.032+0000] {processor.py:840} INFO - DAG(s) 'example_branch_dop_operator_v3' retrieved from /home/airflow/.local/lib/python3.8/site-packages/airflow/example_dags/example_branch_python_dop_operator_3.py
[2024-03-22T02:13:27.082+0000] {logging_mixin.py:188} INFO - [2024-03-22T02:13:27.082+0000] {dag.py:3047} INFO - Sync 1 DAGs
[2024-03-22T02:13:27.094+0000] {logging_mixin.py:188} INFO - [2024-03-22T02:13:27.094+0000] {dag.py:3834} INFO - Setting next_dagrun for example_branch_dop_operator_v3 to 2024-03-22 02:12:00+00:00, run_after=2024-03-22 02:13:00+00:00
[2024-03-22T02:13:27.104+0000] {processor.py:183} INFO - Processing /home/airflow/.local/lib/python3.8/site-packages/airflow/example_dags/example_branch_python_dop_operator_3.py took 0.081 seconds
[2024-03-22T02:13:57.593+0000] {processor.py:161} INFO - Started process (PID=726) to work on /home/airflow/.local/lib/python3.8/site-packages/airflow/example_dags/example_branch_python_dop_operator_3.py
[2024-03-22T02:13:57.594+0000] {processor.py:830} INFO - Processing file /home/airflow/.local/lib/python3.8/site-packages/airflow/example_dags/example_branch_python_dop_operator_3.py for tasks to queue
[2024-03-22T02:13:57.594+0000] {logging_mixin.py:188} INFO - [2024-03-22T02:13:57.594+0000] {dagbag.py:540} INFO - Filling up the DagBag from /home/airflow/.local/lib/python3.8/site-packages/airflow/example_dags/example_branch_python_dop_operator_3.py
[2024-03-22T02:13:57.600+0000] {processor.py:840} INFO - DAG(s) 'example_branch_dop_operator_v3' retrieved from /home/airflow/.local/lib/python3.8/site-packages/airflow/example_dags/example_branch_python_dop_operator_3.py
[2024-03-22T02:13:57.612+0000] {logging_mixin.py:188} INFO - [2024-03-22T02:13:57.612+0000] {dag.py:3047} INFO - Sync 1 DAGs
[2024-03-22T02:13:57.626+0000] {logging_mixin.py:188} INFO - [2024-03-22T02:13:57.626+0000] {dag.py:3834} INFO - Setting next_dagrun for example_branch_dop_operator_v3 to 2024-03-22 02:12:00+00:00, run_after=2024-03-22 02:13:00+00:00
[2024-03-22T02:13:57.636+0000] {processor.py:183} INFO - Processing /home/airflow/.local/lib/python3.8/site-packages/airflow/example_dags/example_branch_python_dop_operator_3.py took 0.045 seconds
[2024-03-22T02:14:27.696+0000] {processor.py:161} INFO - Started process (PID=973) to work on /home/airflow/.local/lib/python3.8/site-packages/airflow/example_dags/example_branch_python_dop_operator_3.py
[2024-03-22T02:14:27.696+0000] {processor.py:830} INFO - Processing file /home/airflow/.local/lib/python3.8/site-packages/airflow/example_dags/example_branch_python_dop_operator_3.py for tasks to queue
[2024-03-22T02:14:27.697+0000] {logging_mixin.py:188} INFO - [2024-03-22T02:14:27.697+0000] {dagbag.py:540} INFO - Filling up the DagBag from /home/airflow/.local/lib/python3.8/site-packages/airflow/example_dags/example_branch_python_dop_operator_3.py
[2024-03-22T02:14:27.702+0000] {processor.py:840} INFO - DAG(s) 'example_branch_dop_operator_v3' retrieved from /home/airflow/.local/lib/python3.8/site-packages/airflow/example_dags/example_branch_python_dop_operator_3.py
[2024-03-22T02:14:27.715+0000] {logging_mixin.py:188} INFO - [2024-03-22T02:14:27.714+0000] {dag.py:3047} INFO - Sync 1 DAGs
[2024-03-22T02:14:27.728+0000] {logging_mixin.py:188} INFO - [2024-03-22T02:14:27.728+0000] {dag.py:3834} INFO - Setting next_dagrun for example_branch_dop_operator_v3 to 2024-03-22 02:13:00+00:00, run_after=2024-03-22 02:14:00+00:00
[2024-03-22T02:14:27.738+0000] {processor.py:183} INFO - Processing /home/airflow/.local/lib/python3.8/site-packages/airflow/example_dags/example_branch_python_dop_operator_3.py took 0.045 seconds
[2024-03-22T02:14:58.597+0000] {processor.py:161} INFO - Started process (PID=1220) to work on /home/airflow/.local/lib/python3.8/site-packages/airflow/example_dags/example_branch_python_dop_operator_3.py
[2024-03-22T02:14:58.598+0000] {processor.py:830} INFO - Processing file /home/airflow/.local/lib/python3.8/site-packages/airflow/example_dags/example_branch_python_dop_operator_3.py for tasks to queue
[2024-03-22T02:14:58.598+0000] {logging_mixin.py:188} INFO - [2024-03-22T02:14:58.598+0000] {dagbag.py:540} INFO - Filling up the DagBag from /home/airflow/.local/lib/python3.8/site-packages/airflow/example_dags/example_branch_python_dop_operator_3.py
[2024-03-22T02:14:58.603+0000] {processor.py:840} INFO - DAG(s) 'example_branch_dop_operator_v3' retrieved from /home/airflow/.local/lib/python3.8/site-packages/airflow/example_dags/example_branch_python_dop_operator_3.py
[2024-03-22T02:14:58.616+0000] {logging_mixin.py:188} INFO - [2024-03-22T02:14:58.616+0000] {dag.py:3047} INFO - Sync 1 DAGs
[2024-03-22T02:14:58.630+0000] {logging_mixin.py:188} INFO - [2024-03-22T02:14:58.629+0000] {dag.py:3834} INFO - Setting next_dagrun for example_branch_dop_operator_v3 to 2024-03-22 02:13:00+00:00, run_after=2024-03-22 02:14:00+00:00
[2024-03-22T02:14:58.639+0000] {processor.py:183} INFO - Processing /home/airflow/.local/lib/python3.8/site-packages/airflow/example_dags/example_branch_python_dop_operator_3.py took 0.044 seconds
[2024-03-22T02:15:29.590+0000] {processor.py:161} INFO - Started process (PID=1467) to work on /home/airflow/.local/lib/python3.8/site-packages/airflow/example_dags/example_branch_python_dop_operator_3.py
[2024-03-22T02:15:29.591+0000] {processor.py:830} INFO - Processing file /home/airflow/.local/lib/python3.8/site-packages/airflow/example_dags/example_branch_python_dop_operator_3.py for tasks to queue
[2024-03-22T02:15:29.591+0000] {logging_mixin.py:188} INFO - [2024-03-22T02:15:29.591+0000] {dagbag.py:540} INFO - Filling up the DagBag from /home/airflow/.local/lib/python3.8/site-packages/airflow/example_dags/example_branch_python_dop_operator_3.py
[2024-03-22T02:15:29.596+0000] {processor.py:840} INFO - DAG(s) 'example_branch_dop_operator_v3' retrieved from /home/airflow/.local/lib/python3.8/site-packages/airflow/example_dags/example_branch_python_dop_operator_3.py
[2024-03-22T02:15:29.609+0000] {logging_mixin.py:188} INFO - [2024-03-22T02:15:29.609+0000] {dag.py:3047} INFO - Sync 1 DAGs
[2024-03-22T02:15:29.622+0000] {logging_mixin.py:188} INFO - [2024-03-22T02:15:29.622+0000] {dag.py:3834} INFO - Setting next_dagrun for example_branch_dop_operator_v3 to 2024-03-22 02:14:00+00:00, run_after=2024-03-22 02:15:00+00:00
[2024-03-22T02:15:29.632+0000] {processor.py:183} INFO - Processing /home/airflow/.local/lib/python3.8/site-packages/airflow/example_dags/example_branch_python_dop_operator_3.py took 0.044 seconds
[2024-03-22T02:16:00.486+0000] {processor.py:161} INFO - Started process (PID=1716) to work on /home/airflow/.local/lib/python3.8/site-packages/airflow/example_dags/example_branch_python_dop_operator_3.py
[2024-03-22T02:16:00.486+0000] {processor.py:830} INFO - Processing file /home/airflow/.local/lib/python3.8/site-packages/airflow/example_dags/example_branch_python_dop_operator_3.py for tasks to queue
[2024-03-22T02:16:00.487+0000] {logging_mixin.py:188} INFO - [2024-03-22T02:16:00.487+0000] {dagbag.py:540} INFO - Filling up the DagBag from /home/airflow/.local/lib/python3.8/site-packages/airflow/example_dags/example_branch_python_dop_operator_3.py
[2024-03-22T02:16:00.492+0000] {processor.py:840} INFO - DAG(s) 'example_branch_dop_operator_v3' retrieved from /home/airflow/.local/lib/python3.8/site-packages/airflow/example_dags/example_branch_python_dop_operator_3.py
[2024-03-22T02:16:00.505+0000] {logging_mixin.py:188} INFO - [2024-03-22T02:16:00.505+0000] {dag.py:3047} INFO - Sync 1 DAGs
[2024-03-22T02:16:00.519+0000] {logging_mixin.py:188} INFO - [2024-03-22T02:16:00.519+0000] {dag.py:3834} INFO - Setting next_dagrun for example_branch_dop_operator_v3 to 2024-03-22 02:15:00+00:00, run_after=2024-03-22 02:16:00+00:00
[2024-03-22T02:16:00.527+0000] {processor.py:183} INFO - Processing /home/airflow/.local/lib/python3.8/site-packages/airflow/example_dags/example_branch_python_dop_operator_3.py took 0.044 seconds
[2024-03-22T02:16:31.507+0000] {processor.py:161} INFO - Started process (PID=1961) to work on /home/airflow/.local/lib/python3.8/site-packages/airflow/example_dags/example_branch_python_dop_operator_3.py
[2024-03-22T02:16:31.508+0000] {processor.py:830} INFO - Processing file /home/airflow/.local/lib/python3.8/site-packages/airflow/example_dags/example_branch_python_dop_operator_3.py for tasks to queue
[2024-03-22T02:16:31.509+0000] {logging_mixin.py:188} INFO - [2024-03-22T02:16:31.508+0000] {dagbag.py:540} INFO - Filling up the DagBag from /home/airflow/.local/lib/python3.8/site-packages/airflow/example_dags/example_branch_python_dop_operator_3.py
[2024-03-22T02:16:31.514+0000] {processor.py:840} INFO - DAG(s) 'example_branch_dop_operator_v3' retrieved from /home/airflow/.local/lib/python3.8/site-packages/airflow/example_dags/example_branch_python_dop_operator_3.py
[2024-03-22T02:16:31.527+0000] {logging_mixin.py:188} INFO - [2024-03-22T02:16:31.527+0000] {dag.py:3047} INFO - Sync 1 DAGs
[2024-03-22T02:16:31.543+0000] {logging_mixin.py:188} INFO - [2024-03-22T02:16:31.543+0000] {dag.py:3834} INFO - Setting next_dagrun for example_branch_dop_operator_v3 to 2024-03-22 02:15:00+00:00, run_after=2024-03-22 02:16:00+00:00
[2024-03-22T02:16:31.556+0000] {processor.py:183} INFO - Processing /home/airflow/.local/lib/python3.8/site-packages/airflow/example_dags/example_branch_python_dop_operator_3.py took 0.052 seconds
[2024-03-22T02:17:02.413+0000] {processor.py:161} INFO - Started process (PID=2232) to work on /home/airflow/.local/lib/python3.8/site-packages/airflow/example_dags/example_branch_python_dop_operator_3.py
[2024-03-22T02:17:02.414+0000] {processor.py:830} INFO - Processing file /home/airflow/.local/lib/python3.8/site-packages/airflow/example_dags/example_branch_python_dop_operator_3.py for tasks to queue
[2024-03-22T02:17:02.415+0000] {logging_mixin.py:188} INFO - [2024-03-22T02:17:02.415+0000] {dagbag.py:540} INFO - Filling up the DagBag from /home/airflow/.local/lib/python3.8/site-packages/airflow/example_dags/example_branch_python_dop_operator_3.py
[2024-03-22T02:17:02.421+0000] {processor.py:840} INFO - DAG(s) 'example_branch_dop_operator_v3' retrieved from /home/airflow/.local/lib/python3.8/site-packages/airflow/example_dags/example_branch_python_dop_operator_3.py
[2024-03-22T02:17:02.433+0000] {logging_mixin.py:188} INFO - [2024-03-22T02:17:02.433+0000] {dag.py:3047} INFO - Sync 1 DAGs
[2024-03-22T02:17:02.448+0000] {logging_mixin.py:188} INFO - [2024-03-22T02:17:02.447+0000] {dag.py:3834} INFO - Setting next_dagrun for example_branch_dop_operator_v3 to 2024-03-22 02:16:00+00:00, run_after=2024-03-22 02:17:00+00:00
[2024-03-22T02:17:02.458+0000] {processor.py:183} INFO - Processing /home/airflow/.local/lib/python3.8/site-packages/airflow/example_dags/example_branch_python_dop_operator_3.py took 0.046 seconds
[2024-03-22T02:17:33.461+0000] {processor.py:161} INFO - Started process (PID=2479) to work on /home/airflow/.local/lib/python3.8/site-packages/airflow/example_dags/example_branch_python_dop_operator_3.py
[2024-03-22T02:17:33.462+0000] {processor.py:830} INFO - Processing file /home/airflow/.local/lib/python3.8/site-packages/airflow/example_dags/example_branch_python_dop_operator_3.py for tasks to queue
[2024-03-22T02:17:33.463+0000] {logging_mixin.py:188} INFO - [2024-03-22T02:17:33.462+0000] {dagbag.py:540} INFO - Filling up the DagBag from /home/airflow/.local/lib/python3.8/site-packages/airflow/example_dags/example_branch_python_dop_operator_3.py
[2024-03-22T02:17:33.467+0000] {processor.py:840} INFO - DAG(s) 'example_branch_dop_operator_v3' retrieved from /home/airflow/.local/lib/python3.8/site-packages/airflow/example_dags/example_branch_python_dop_operator_3.py
[2024-03-22T02:17:33.480+0000] {logging_mixin.py:188} INFO - [2024-03-22T02:17:33.480+0000] {dag.py:3047} INFO - Sync 1 DAGs
[2024-03-22T02:17:33.494+0000] {logging_mixin.py:188} INFO - [2024-03-22T02:17:33.494+0000] {dag.py:3834} INFO - Setting next_dagrun for example_branch_dop_operator_v3 to 2024-03-22 02:16:00+00:00, run_after=2024-03-22 02:17:00+00:00
[2024-03-22T02:17:33.504+0000] {processor.py:183} INFO - Processing /home/airflow/.local/lib/python3.8/site-packages/airflow/example_dags/example_branch_python_dop_operator_3.py took 0.045 seconds
[2024-03-22T02:18:03.539+0000] {processor.py:161} INFO - Started process (PID=2726) to work on /home/airflow/.local/lib/python3.8/site-packages/airflow/example_dags/example_branch_python_dop_operator_3.py
[2024-03-22T02:18:03.541+0000] {processor.py:830} INFO - Processing file /home/airflow/.local/lib/python3.8/site-packages/airflow/example_dags/example_branch_python_dop_operator_3.py for tasks to queue
[2024-03-22T02:18:03.542+0000] {logging_mixin.py:188} INFO - [2024-03-22T02:18:03.542+0000] {dagbag.py:540} INFO - Filling up the DagBag from /home/airflow/.local/lib/python3.8/site-packages/airflow/example_dags/example_branch_python_dop_operator_3.py
[2024-03-22T02:18:03.547+0000] {processor.py:840} INFO - DAG(s) 'example_branch_dop_operator_v3' retrieved from /home/airflow/.local/lib/python3.8/site-packages/airflow/example_dags/example_branch_python_dop_operator_3.py
[2024-03-22T02:18:03.560+0000] {logging_mixin.py:188} INFO - [2024-03-22T02:18:03.560+0000] {dag.py:3047} INFO - Sync 1 DAGs
[2024-03-22T02:18:03.573+0000] {logging_mixin.py:188} INFO - [2024-03-22T02:18:03.573+0000] {dag.py:3834} INFO - Setting next_dagrun for example_branch_dop_operator_v3 to 2024-03-22 02:17:00+00:00, run_after=2024-03-22 02:18:00+00:00
[2024-03-22T02:18:03.582+0000] {processor.py:183} INFO - Processing /home/airflow/.local/lib/python3.8/site-packages/airflow/example_dags/example_branch_python_dop_operator_3.py took 0.045 seconds
[2024-03-22T02:18:34.379+0000] {processor.py:161} INFO - Started process (PID=2973) to work on /home/airflow/.local/lib/python3.8/site-packages/airflow/example_dags/example_branch_python_dop_operator_3.py
[2024-03-22T02:18:34.380+0000] {processor.py:830} INFO - Processing file /home/airflow/.local/lib/python3.8/site-packages/airflow/example_dags/example_branch_python_dop_operator_3.py for tasks to queue
[2024-03-22T02:18:34.380+0000] {logging_mixin.py:188} INFO - [2024-03-22T02:18:34.380+0000] {dagbag.py:540} INFO - Filling up the DagBag from /home/airflow/.local/lib/python3.8/site-packages/airflow/example_dags/example_branch_python_dop_operator_3.py
[2024-03-22T02:18:34.386+0000] {processor.py:840} INFO - DAG(s) 'example_branch_dop_operator_v3' retrieved from /home/airflow/.local/lib/python3.8/site-packages/airflow/example_dags/example_branch_python_dop_operator_3.py
[2024-03-22T02:18:34.399+0000] {logging_mixin.py:188} INFO - [2024-03-22T02:18:34.399+0000] {dag.py:3047} INFO - Sync 1 DAGs
[2024-03-22T02:18:34.415+0000] {logging_mixin.py:188} INFO - [2024-03-22T02:18:34.415+0000] {dag.py:3834} INFO - Setting next_dagrun for example_branch_dop_operator_v3 to 2024-03-22 02:17:00+00:00, run_after=2024-03-22 02:18:00+00:00
[2024-03-22T02:18:34.427+0000] {processor.py:183} INFO - Processing /home/airflow/.local/lib/python3.8/site-packages/airflow/example_dags/example_branch_python_dop_operator_3.py took 0.050 seconds
[2024-03-22T02:19:04.536+0000] {processor.py:161} INFO - Started process (PID=3220) to work on /home/airflow/.local/lib/python3.8/site-packages/airflow/example_dags/example_branch_python_dop_operator_3.py
[2024-03-22T02:19:04.537+0000] {processor.py:830} INFO - Processing file /home/airflow/.local/lib/python3.8/site-packages/airflow/example_dags/example_branch_python_dop_operator_3.py for tasks to queue
[2024-03-22T02:19:04.537+0000] {logging_mixin.py:188} INFO - [2024-03-22T02:19:04.537+0000] {dagbag.py:540} INFO - Filling up the DagBag from /home/airflow/.local/lib/python3.8/site-packages/airflow/example_dags/example_branch_python_dop_operator_3.py
[2024-03-22T02:19:04.543+0000] {processor.py:840} INFO - DAG(s) 'example_branch_dop_operator_v3' retrieved from /home/airflow/.local/lib/python3.8/site-packages/airflow/example_dags/example_branch_python_dop_operator_3.py
[2024-03-22T02:19:04.556+0000] {logging_mixin.py:188} INFO - [2024-03-22T02:19:04.556+0000] {dag.py:3047} INFO - Sync 1 DAGs
[2024-03-22T02:19:04.570+0000] {logging_mixin.py:188} INFO - [2024-03-22T02:19:04.570+0000] {dag.py:3834} INFO - Setting next_dagrun for example_branch_dop_operator_v3 to 2024-03-22 02:18:00+00:00, run_after=2024-03-22 02:19:00+00:00
[2024-03-22T02:19:04.580+0000] {processor.py:183} INFO - Processing /home/airflow/.local/lib/python3.8/site-packages/airflow/example_dags/example_branch_python_dop_operator_3.py took 0.047 seconds
[2024-03-22T02:19:34.647+0000] {processor.py:161} INFO - Started process (PID=3467) to work on /home/airflow/.local/lib/python3.8/site-packages/airflow/example_dags/example_branch_python_dop_operator_3.py
[2024-03-22T02:19:34.648+0000] {processor.py:830} INFO - Processing file /home/airflow/.local/lib/python3.8/site-packages/airflow/example_dags/example_branch_python_dop_operator_3.py for tasks to queue
[2024-03-22T02:19:34.648+0000] {logging_mixin.py:188} INFO - [2024-03-22T02:19:34.648+0000] {dagbag.py:540} INFO - Filling up the DagBag from /home/airflow/.local/lib/python3.8/site-packages/airflow/example_dags/example_branch_python_dop_operator_3.py
[2024-03-22T02:19:34.653+0000] {processor.py:840} INFO - DAG(s) 'example_branch_dop_operator_v3' retrieved from /home/airflow/.local/lib/python3.8/site-packages/airflow/example_dags/example_branch_python_dop_operator_3.py
[2024-03-22T02:19:34.666+0000] {logging_mixin.py:188} INFO - [2024-03-22T02:19:34.666+0000] {dag.py:3047} INFO - Sync 1 DAGs
[2024-03-22T02:19:34.679+0000] {logging_mixin.py:188} INFO - [2024-03-22T02:19:34.679+0000] {dag.py:3834} INFO - Setting next_dagrun for example_branch_dop_operator_v3 to 2024-03-22 02:18:00+00:00, run_after=2024-03-22 02:19:00+00:00
[2024-03-22T02:19:34.689+0000] {processor.py:183} INFO - Processing /home/airflow/.local/lib/python3.8/site-packages/airflow/example_dags/example_branch_python_dop_operator_3.py took 0.045 seconds
[2024-03-22T03:21:01.268+0000] {processor.py:161} INFO - Started process (PID=232) to work on /home/airflow/.local/lib/python3.8/site-packages/airflow/example_dags/example_branch_python_dop_operator_3.py
[2024-03-22T03:21:01.269+0000] {processor.py:830} INFO - Processing file /home/airflow/.local/lib/python3.8/site-packages/airflow/example_dags/example_branch_python_dop_operator_3.py for tasks to queue
[2024-03-22T03:21:01.270+0000] {logging_mixin.py:188} INFO - [2024-03-22T03:21:01.269+0000] {dagbag.py:540} INFO - Filling up the DagBag from /home/airflow/.local/lib/python3.8/site-packages/airflow/example_dags/example_branch_python_dop_operator_3.py
[2024-03-22T03:21:01.275+0000] {processor.py:840} INFO - DAG(s) 'example_branch_dop_operator_v3' retrieved from /home/airflow/.local/lib/python3.8/site-packages/airflow/example_dags/example_branch_python_dop_operator_3.py
[2024-03-22T03:21:01.325+0000] {logging_mixin.py:188} INFO - [2024-03-22T03:21:01.325+0000] {override.py:1769} INFO - Created Permission View: can read on DAG:example_branch_dop_operator_v3
[2024-03-22T03:21:01.331+0000] {logging_mixin.py:188} INFO - [2024-03-22T03:21:01.330+0000] {override.py:1769} INFO - Created Permission View: can delete on DAG:example_branch_dop_operator_v3
[2024-03-22T03:21:01.334+0000] {logging_mixin.py:188} INFO - [2024-03-22T03:21:01.334+0000] {override.py:1769} INFO - Created Permission View: can edit on DAG:example_branch_dop_operator_v3
[2024-03-22T03:21:01.334+0000] {logging_mixin.py:188} INFO - [2024-03-22T03:21:01.334+0000] {dag.py:3047} INFO - Sync 1 DAGs
[2024-03-22T03:21:01.339+0000] {logging_mixin.py:188} INFO - [2024-03-22T03:21:01.339+0000] {dag.py:3069} INFO - Creating ORM DAG for example_branch_dop_operator_v3
[2024-03-22T03:21:01.346+0000] {logging_mixin.py:188} INFO - [2024-03-22T03:21:01.346+0000] {dag.py:3834} INFO - Setting next_dagrun for example_branch_dop_operator_v3 to 2024-03-22 03:20:00+00:00, run_after=2024-03-22 03:21:00+00:00
[2024-03-22T03:21:01.354+0000] {processor.py:183} INFO - Processing /home/airflow/.local/lib/python3.8/site-packages/airflow/example_dags/example_branch_python_dop_operator_3.py took 0.088 seconds
[2024-03-22T03:21:32.378+0000] {processor.py:161} INFO - Started process (PID=481) to work on /home/airflow/.local/lib/python3.8/site-packages/airflow/example_dags/example_branch_python_dop_operator_3.py
[2024-03-22T03:21:32.380+0000] {processor.py:830} INFO - Processing file /home/airflow/.local/lib/python3.8/site-packages/airflow/example_dags/example_branch_python_dop_operator_3.py for tasks to queue
[2024-03-22T03:21:32.381+0000] {logging_mixin.py:188} INFO - [2024-03-22T03:21:32.381+0000] {dagbag.py:540} INFO - Filling up the DagBag from /home/airflow/.local/lib/python3.8/site-packages/airflow/example_dags/example_branch_python_dop_operator_3.py
[2024-03-22T03:21:32.392+0000] {processor.py:840} INFO - DAG(s) 'example_branch_dop_operator_v3' retrieved from /home/airflow/.local/lib/python3.8/site-packages/airflow/example_dags/example_branch_python_dop_operator_3.py
[2024-03-22T03:21:32.410+0000] {logging_mixin.py:188} INFO - [2024-03-22T03:21:32.410+0000] {dag.py:3047} INFO - Sync 1 DAGs
[2024-03-22T03:21:32.425+0000] {logging_mixin.py:188} INFO - [2024-03-22T03:21:32.425+0000] {dag.py:3834} INFO - Setting next_dagrun for example_branch_dop_operator_v3 to 2024-03-22 03:20:00+00:00, run_after=2024-03-22 03:21:00+00:00
[2024-03-22T03:21:32.434+0000] {processor.py:183} INFO - Processing /home/airflow/.local/lib/python3.8/site-packages/airflow/example_dags/example_branch_python_dop_operator_3.py took 0.060 seconds
[2024-03-22T03:22:03.137+0000] {processor.py:161} INFO - Started process (PID=728) to work on /home/airflow/.local/lib/python3.8/site-packages/airflow/example_dags/example_branch_python_dop_operator_3.py
[2024-03-22T03:22:03.139+0000] {processor.py:830} INFO - Processing file /home/airflow/.local/lib/python3.8/site-packages/airflow/example_dags/example_branch_python_dop_operator_3.py for tasks to queue
[2024-03-22T03:22:03.140+0000] {logging_mixin.py:188} INFO - [2024-03-22T03:22:03.140+0000] {dagbag.py:540} INFO - Filling up the DagBag from /home/airflow/.local/lib/python3.8/site-packages/airflow/example_dags/example_branch_python_dop_operator_3.py
[2024-03-22T03:22:03.151+0000] {processor.py:840} INFO - DAG(s) 'example_branch_dop_operator_v3' retrieved from /home/airflow/.local/lib/python3.8/site-packages/airflow/example_dags/example_branch_python_dop_operator_3.py
[2024-03-22T03:22:03.168+0000] {logging_mixin.py:188} INFO - [2024-03-22T03:22:03.168+0000] {dag.py:3047} INFO - Sync 1 DAGs
[2024-03-22T03:22:03.184+0000] {logging_mixin.py:188} INFO - [2024-03-22T03:22:03.184+0000] {dag.py:3834} INFO - Setting next_dagrun for example_branch_dop_operator_v3 to 2024-03-22 03:21:00+00:00, run_after=2024-03-22 03:22:00+00:00
[2024-03-22T03:22:03.194+0000] {processor.py:183} INFO - Processing /home/airflow/.local/lib/python3.8/site-packages/airflow/example_dags/example_branch_python_dop_operator_3.py took 0.061 seconds
[2024-03-22T03:22:33.951+0000] {processor.py:161} INFO - Started process (PID=975) to work on /home/airflow/.local/lib/python3.8/site-packages/airflow/example_dags/example_branch_python_dop_operator_3.py
[2024-03-22T03:22:33.953+0000] {processor.py:830} INFO - Processing file /home/airflow/.local/lib/python3.8/site-packages/airflow/example_dags/example_branch_python_dop_operator_3.py for tasks to queue
[2024-03-22T03:22:33.954+0000] {logging_mixin.py:188} INFO - [2024-03-22T03:22:33.954+0000] {dagbag.py:540} INFO - Filling up the DagBag from /home/airflow/.local/lib/python3.8/site-packages/airflow/example_dags/example_branch_python_dop_operator_3.py
[2024-03-22T03:22:33.963+0000] {processor.py:840} INFO - DAG(s) 'example_branch_dop_operator_v3' retrieved from /home/airflow/.local/lib/python3.8/site-packages/airflow/example_dags/example_branch_python_dop_operator_3.py
[2024-03-22T03:22:33.981+0000] {logging_mixin.py:188} INFO - [2024-03-22T03:22:33.981+0000] {dag.py:3047} INFO - Sync 1 DAGs
[2024-03-22T03:22:33.997+0000] {logging_mixin.py:188} INFO - [2024-03-22T03:22:33.997+0000] {dag.py:3834} INFO - Setting next_dagrun for example_branch_dop_operator_v3 to 2024-03-22 03:21:00+00:00, run_after=2024-03-22 03:22:00+00:00
[2024-03-22T03:22:34.011+0000] {processor.py:183} INFO - Processing /home/airflow/.local/lib/python3.8/site-packages/airflow/example_dags/example_branch_python_dop_operator_3.py took 0.064 seconds
[2024-03-22T03:23:04.788+0000] {processor.py:161} INFO - Started process (PID=1222) to work on /home/airflow/.local/lib/python3.8/site-packages/airflow/example_dags/example_branch_python_dop_operator_3.py
[2024-03-22T03:23:04.790+0000] {processor.py:830} INFO - Processing file /home/airflow/.local/lib/python3.8/site-packages/airflow/example_dags/example_branch_python_dop_operator_3.py for tasks to queue
[2024-03-22T03:23:04.791+0000] {logging_mixin.py:188} INFO - [2024-03-22T03:23:04.791+0000] {dagbag.py:540} INFO - Filling up the DagBag from /home/airflow/.local/lib/python3.8/site-packages/airflow/example_dags/example_branch_python_dop_operator_3.py
[2024-03-22T03:23:04.802+0000] {processor.py:840} INFO - DAG(s) 'example_branch_dop_operator_v3' retrieved from /home/airflow/.local/lib/python3.8/site-packages/airflow/example_dags/example_branch_python_dop_operator_3.py
[2024-03-22T03:23:04.820+0000] {logging_mixin.py:188} INFO - [2024-03-22T03:23:04.820+0000] {dag.py:3047} INFO - Sync 1 DAGs
[2024-03-22T03:23:04.835+0000] {logging_mixin.py:188} INFO - [2024-03-22T03:23:04.835+0000] {dag.py:3834} INFO - Setting next_dagrun for example_branch_dop_operator_v3 to 2024-03-22 03:22:00+00:00, run_after=2024-03-22 03:23:00+00:00
[2024-03-22T03:23:04.845+0000] {processor.py:183} INFO - Processing /home/airflow/.local/lib/python3.8/site-packages/airflow/example_dags/example_branch_python_dop_operator_3.py took 0.061 seconds
