[2024-03-22T02:12:55.986+0000] {processor.py:161} INFO - Started process (PID=197) to work on /home/airflow/.local/lib/python3.8/site-packages/airflow/example_dags/example_complex.py
[2024-03-22T02:12:55.987+0000] {processor.py:830} INFO - Processing file /home/airflow/.local/lib/python3.8/site-packages/airflow/example_dags/example_complex.py for tasks to queue
[2024-03-22T02:12:55.988+0000] {logging_mixin.py:188} INFO - [2024-03-22T02:12:55.988+0000] {dagbag.py:540} INFO - Filling up the DagBag from /home/airflow/.local/lib/python3.8/site-packages/airflow/example_dags/example_complex.py
[2024-03-22T02:12:55.995+0000] {processor.py:840} INFO - DAG(s) 'example_complex' retrieved from /home/airflow/.local/lib/python3.8/site-packages/airflow/example_dags/example_complex.py
[2024-03-22T02:12:56.003+0000] {logging_mixin.py:188} INFO - [2024-03-22T02:12:56.003+0000] {dag.py:3047} INFO - Sync 1 DAGs
[2024-03-22T02:12:56.012+0000] {logging_mixin.py:188} INFO - [2024-03-22T02:12:56.012+0000] {dag.py:3834} INFO - Setting next_dagrun for example_complex to None, run_after=None
[2024-03-22T02:12:56.023+0000] {processor.py:183} INFO - Processing /home/airflow/.local/lib/python3.8/site-packages/airflow/example_dags/example_complex.py took 0.039 seconds
[2024-03-22T02:13:26.569+0000] {processor.py:161} INFO - Started process (PID=444) to work on /home/airflow/.local/lib/python3.8/site-packages/airflow/example_dags/example_complex.py
[2024-03-22T02:13:26.570+0000] {processor.py:830} INFO - Processing file /home/airflow/.local/lib/python3.8/site-packages/airflow/example_dags/example_complex.py for tasks to queue
[2024-03-22T02:13:26.571+0000] {logging_mixin.py:188} INFO - [2024-03-22T02:13:26.570+0000] {dagbag.py:540} INFO - Filling up the DagBag from /home/airflow/.local/lib/python3.8/site-packages/airflow/example_dags/example_complex.py
[2024-03-22T02:13:26.577+0000] {processor.py:840} INFO - DAG(s) 'example_complex' retrieved from /home/airflow/.local/lib/python3.8/site-packages/airflow/example_dags/example_complex.py
[2024-03-22T02:13:26.628+0000] {logging_mixin.py:188} INFO - [2024-03-22T02:13:26.628+0000] {dag.py:3047} INFO - Sync 1 DAGs
[2024-03-22T02:13:26.633+0000] {logging_mixin.py:188} INFO - [2024-03-22T02:13:26.632+0000] {dag.py:3834} INFO - Setting next_dagrun for example_complex to None, run_after=None
[2024-03-22T02:13:26.642+0000] {processor.py:183} INFO - Processing /home/airflow/.local/lib/python3.8/site-packages/airflow/example_dags/example_complex.py took 0.075 seconds
[2024-03-22T02:13:57.361+0000] {processor.py:161} INFO - Started process (PID=691) to work on /home/airflow/.local/lib/python3.8/site-packages/airflow/example_dags/example_complex.py
[2024-03-22T02:13:57.362+0000] {processor.py:830} INFO - Processing file /home/airflow/.local/lib/python3.8/site-packages/airflow/example_dags/example_complex.py for tasks to queue
[2024-03-22T02:13:57.363+0000] {logging_mixin.py:188} INFO - [2024-03-22T02:13:57.362+0000] {dagbag.py:540} INFO - Filling up the DagBag from /home/airflow/.local/lib/python3.8/site-packages/airflow/example_dags/example_complex.py
[2024-03-22T02:13:57.369+0000] {processor.py:840} INFO - DAG(s) 'example_complex' retrieved from /home/airflow/.local/lib/python3.8/site-packages/airflow/example_dags/example_complex.py
[2024-03-22T02:13:57.386+0000] {logging_mixin.py:188} INFO - [2024-03-22T02:13:57.386+0000] {dag.py:3047} INFO - Sync 1 DAGs
[2024-03-22T02:13:57.393+0000] {logging_mixin.py:188} INFO - [2024-03-22T02:13:57.392+0000] {dag.py:3834} INFO - Setting next_dagrun for example_complex to None, run_after=None
[2024-03-22T02:13:57.403+0000] {processor.py:183} INFO - Processing /home/airflow/.local/lib/python3.8/site-packages/airflow/example_dags/example_complex.py took 0.044 seconds
[2024-03-22T02:14:27.492+0000] {processor.py:161} INFO - Started process (PID=938) to work on /home/airflow/.local/lib/python3.8/site-packages/airflow/example_dags/example_complex.py
[2024-03-22T02:14:27.493+0000] {processor.py:830} INFO - Processing file /home/airflow/.local/lib/python3.8/site-packages/airflow/example_dags/example_complex.py for tasks to queue
[2024-03-22T02:14:27.494+0000] {logging_mixin.py:188} INFO - [2024-03-22T02:14:27.493+0000] {dagbag.py:540} INFO - Filling up the DagBag from /home/airflow/.local/lib/python3.8/site-packages/airflow/example_dags/example_complex.py
[2024-03-22T02:14:27.499+0000] {processor.py:840} INFO - DAG(s) 'example_complex' retrieved from /home/airflow/.local/lib/python3.8/site-packages/airflow/example_dags/example_complex.py
[2024-03-22T02:14:27.516+0000] {logging_mixin.py:188} INFO - [2024-03-22T02:14:27.516+0000] {dag.py:3047} INFO - Sync 1 DAGs
[2024-03-22T02:14:27.523+0000] {logging_mixin.py:188} INFO - [2024-03-22T02:14:27.523+0000] {dag.py:3834} INFO - Setting next_dagrun for example_complex to None, run_after=None
[2024-03-22T02:14:27.532+0000] {processor.py:183} INFO - Processing /home/airflow/.local/lib/python3.8/site-packages/airflow/example_dags/example_complex.py took 0.042 seconds
[2024-03-22T02:14:58.386+0000] {processor.py:161} INFO - Started process (PID=1185) to work on /home/airflow/.local/lib/python3.8/site-packages/airflow/example_dags/example_complex.py
[2024-03-22T02:14:58.386+0000] {processor.py:830} INFO - Processing file /home/airflow/.local/lib/python3.8/site-packages/airflow/example_dags/example_complex.py for tasks to queue
[2024-03-22T02:14:58.387+0000] {logging_mixin.py:188} INFO - [2024-03-22T02:14:58.387+0000] {dagbag.py:540} INFO - Filling up the DagBag from /home/airflow/.local/lib/python3.8/site-packages/airflow/example_dags/example_complex.py
[2024-03-22T02:14:58.393+0000] {processor.py:840} INFO - DAG(s) 'example_complex' retrieved from /home/airflow/.local/lib/python3.8/site-packages/airflow/example_dags/example_complex.py
[2024-03-22T02:14:58.410+0000] {logging_mixin.py:188} INFO - [2024-03-22T02:14:58.410+0000] {dag.py:3047} INFO - Sync 1 DAGs
[2024-03-22T02:14:58.417+0000] {logging_mixin.py:188} INFO - [2024-03-22T02:14:58.417+0000] {dag.py:3834} INFO - Setting next_dagrun for example_complex to None, run_after=None
[2024-03-22T02:14:58.427+0000] {processor.py:183} INFO - Processing /home/airflow/.local/lib/python3.8/site-packages/airflow/example_dags/example_complex.py took 0.044 seconds
[2024-03-22T02:15:29.375+0000] {processor.py:161} INFO - Started process (PID=1432) to work on /home/airflow/.local/lib/python3.8/site-packages/airflow/example_dags/example_complex.py
[2024-03-22T02:15:29.376+0000] {processor.py:830} INFO - Processing file /home/airflow/.local/lib/python3.8/site-packages/airflow/example_dags/example_complex.py for tasks to queue
[2024-03-22T02:15:29.377+0000] {logging_mixin.py:188} INFO - [2024-03-22T02:15:29.377+0000] {dagbag.py:540} INFO - Filling up the DagBag from /home/airflow/.local/lib/python3.8/site-packages/airflow/example_dags/example_complex.py
[2024-03-22T02:15:29.383+0000] {processor.py:840} INFO - DAG(s) 'example_complex' retrieved from /home/airflow/.local/lib/python3.8/site-packages/airflow/example_dags/example_complex.py
[2024-03-22T02:15:29.400+0000] {logging_mixin.py:188} INFO - [2024-03-22T02:15:29.400+0000] {dag.py:3047} INFO - Sync 1 DAGs
[2024-03-22T02:15:29.406+0000] {logging_mixin.py:188} INFO - [2024-03-22T02:15:29.406+0000] {dag.py:3834} INFO - Setting next_dagrun for example_complex to None, run_after=None
[2024-03-22T02:15:29.415+0000] {processor.py:183} INFO - Processing /home/airflow/.local/lib/python3.8/site-packages/airflow/example_dags/example_complex.py took 0.041 seconds
[2024-03-22T02:16:00.192+0000] {processor.py:161} INFO - Started process (PID=1679) to work on /home/airflow/.local/lib/python3.8/site-packages/airflow/example_dags/example_complex.py
[2024-03-22T02:16:00.193+0000] {processor.py:830} INFO - Processing file /home/airflow/.local/lib/python3.8/site-packages/airflow/example_dags/example_complex.py for tasks to queue
[2024-03-22T02:16:00.194+0000] {logging_mixin.py:188} INFO - [2024-03-22T02:16:00.193+0000] {dagbag.py:540} INFO - Filling up the DagBag from /home/airflow/.local/lib/python3.8/site-packages/airflow/example_dags/example_complex.py
[2024-03-22T02:16:00.200+0000] {processor.py:840} INFO - DAG(s) 'example_complex' retrieved from /home/airflow/.local/lib/python3.8/site-packages/airflow/example_dags/example_complex.py
[2024-03-22T02:16:00.216+0000] {logging_mixin.py:188} INFO - [2024-03-22T02:16:00.216+0000] {dag.py:3047} INFO - Sync 1 DAGs
[2024-03-22T02:16:00.223+0000] {logging_mixin.py:188} INFO - [2024-03-22T02:16:00.222+0000] {dag.py:3834} INFO - Setting next_dagrun for example_complex to None, run_after=None
[2024-03-22T02:16:00.233+0000] {processor.py:183} INFO - Processing /home/airflow/.local/lib/python3.8/site-packages/airflow/example_dags/example_complex.py took 0.043 seconds
[2024-03-22T02:16:31.273+0000] {processor.py:161} INFO - Started process (PID=1926) to work on /home/airflow/.local/lib/python3.8/site-packages/airflow/example_dags/example_complex.py
[2024-03-22T02:16:31.274+0000] {processor.py:830} INFO - Processing file /home/airflow/.local/lib/python3.8/site-packages/airflow/example_dags/example_complex.py for tasks to queue
[2024-03-22T02:16:31.275+0000] {logging_mixin.py:188} INFO - [2024-03-22T02:16:31.274+0000] {dagbag.py:540} INFO - Filling up the DagBag from /home/airflow/.local/lib/python3.8/site-packages/airflow/example_dags/example_complex.py
[2024-03-22T02:16:31.282+0000] {processor.py:840} INFO - DAG(s) 'example_complex' retrieved from /home/airflow/.local/lib/python3.8/site-packages/airflow/example_dags/example_complex.py
[2024-03-22T02:16:31.301+0000] {logging_mixin.py:188} INFO - [2024-03-22T02:16:31.300+0000] {dag.py:3047} INFO - Sync 1 DAGs
[2024-03-22T02:16:31.307+0000] {logging_mixin.py:188} INFO - [2024-03-22T02:16:31.307+0000] {dag.py:3834} INFO - Setting next_dagrun for example_complex to None, run_after=None
[2024-03-22T02:16:31.319+0000] {processor.py:183} INFO - Processing /home/airflow/.local/lib/python3.8/site-packages/airflow/example_dags/example_complex.py took 0.049 seconds
[2024-03-22T02:17:02.204+0000] {processor.py:161} INFO - Started process (PID=2197) to work on /home/airflow/.local/lib/python3.8/site-packages/airflow/example_dags/example_complex.py
[2024-03-22T02:17:02.204+0000] {processor.py:830} INFO - Processing file /home/airflow/.local/lib/python3.8/site-packages/airflow/example_dags/example_complex.py for tasks to queue
[2024-03-22T02:17:02.205+0000] {logging_mixin.py:188} INFO - [2024-03-22T02:17:02.205+0000] {dagbag.py:540} INFO - Filling up the DagBag from /home/airflow/.local/lib/python3.8/site-packages/airflow/example_dags/example_complex.py
[2024-03-22T02:17:02.211+0000] {processor.py:840} INFO - DAG(s) 'example_complex' retrieved from /home/airflow/.local/lib/python3.8/site-packages/airflow/example_dags/example_complex.py
[2024-03-22T02:17:02.228+0000] {logging_mixin.py:188} INFO - [2024-03-22T02:17:02.228+0000] {dag.py:3047} INFO - Sync 1 DAGs
[2024-03-22T02:17:02.235+0000] {logging_mixin.py:188} INFO - [2024-03-22T02:17:02.235+0000] {dag.py:3834} INFO - Setting next_dagrun for example_complex to None, run_after=None
[2024-03-22T02:17:02.245+0000] {processor.py:183} INFO - Processing /home/airflow/.local/lib/python3.8/site-packages/airflow/example_dags/example_complex.py took 0.044 seconds
[2024-03-22T02:17:33.251+0000] {processor.py:161} INFO - Started process (PID=2444) to work on /home/airflow/.local/lib/python3.8/site-packages/airflow/example_dags/example_complex.py
[2024-03-22T02:17:33.252+0000] {processor.py:830} INFO - Processing file /home/airflow/.local/lib/python3.8/site-packages/airflow/example_dags/example_complex.py for tasks to queue
[2024-03-22T02:17:33.252+0000] {logging_mixin.py:188} INFO - [2024-03-22T02:17:33.252+0000] {dagbag.py:540} INFO - Filling up the DagBag from /home/airflow/.local/lib/python3.8/site-packages/airflow/example_dags/example_complex.py
[2024-03-22T02:17:33.258+0000] {processor.py:840} INFO - DAG(s) 'example_complex' retrieved from /home/airflow/.local/lib/python3.8/site-packages/airflow/example_dags/example_complex.py
[2024-03-22T02:17:33.275+0000] {logging_mixin.py:188} INFO - [2024-03-22T02:17:33.275+0000] {dag.py:3047} INFO - Sync 1 DAGs
[2024-03-22T02:17:33.281+0000] {logging_mixin.py:188} INFO - [2024-03-22T02:17:33.281+0000] {dag.py:3834} INFO - Setting next_dagrun for example_complex to None, run_after=None
[2024-03-22T02:17:33.291+0000] {processor.py:183} INFO - Processing /home/airflow/.local/lib/python3.8/site-packages/airflow/example_dags/example_complex.py took 0.043 seconds
[2024-03-22T02:18:03.325+0000] {processor.py:161} INFO - Started process (PID=2691) to work on /home/airflow/.local/lib/python3.8/site-packages/airflow/example_dags/example_complex.py
[2024-03-22T02:18:03.325+0000] {processor.py:830} INFO - Processing file /home/airflow/.local/lib/python3.8/site-packages/airflow/example_dags/example_complex.py for tasks to queue
[2024-03-22T02:18:03.326+0000] {logging_mixin.py:188} INFO - [2024-03-22T02:18:03.326+0000] {dagbag.py:540} INFO - Filling up the DagBag from /home/airflow/.local/lib/python3.8/site-packages/airflow/example_dags/example_complex.py
[2024-03-22T02:18:03.332+0000] {processor.py:840} INFO - DAG(s) 'example_complex' retrieved from /home/airflow/.local/lib/python3.8/site-packages/airflow/example_dags/example_complex.py
[2024-03-22T02:18:03.349+0000] {logging_mixin.py:188} INFO - [2024-03-22T02:18:03.349+0000] {dag.py:3047} INFO - Sync 1 DAGs
[2024-03-22T02:18:03.355+0000] {logging_mixin.py:188} INFO - [2024-03-22T02:18:03.355+0000] {dag.py:3834} INFO - Setting next_dagrun for example_complex to None, run_after=None
[2024-03-22T02:18:03.365+0000] {processor.py:183} INFO - Processing /home/airflow/.local/lib/python3.8/site-packages/airflow/example_dags/example_complex.py took 0.042 seconds
[2024-03-22T02:18:34.166+0000] {processor.py:161} INFO - Started process (PID=2938) to work on /home/airflow/.local/lib/python3.8/site-packages/airflow/example_dags/example_complex.py
[2024-03-22T02:18:34.166+0000] {processor.py:830} INFO - Processing file /home/airflow/.local/lib/python3.8/site-packages/airflow/example_dags/example_complex.py for tasks to queue
[2024-03-22T02:18:34.167+0000] {logging_mixin.py:188} INFO - [2024-03-22T02:18:34.167+0000] {dagbag.py:540} INFO - Filling up the DagBag from /home/airflow/.local/lib/python3.8/site-packages/airflow/example_dags/example_complex.py
[2024-03-22T02:18:34.173+0000] {processor.py:840} INFO - DAG(s) 'example_complex' retrieved from /home/airflow/.local/lib/python3.8/site-packages/airflow/example_dags/example_complex.py
[2024-03-22T02:18:34.190+0000] {logging_mixin.py:188} INFO - [2024-03-22T02:18:34.190+0000] {dag.py:3047} INFO - Sync 1 DAGs
[2024-03-22T02:18:34.196+0000] {logging_mixin.py:188} INFO - [2024-03-22T02:18:34.196+0000] {dag.py:3834} INFO - Setting next_dagrun for example_complex to None, run_after=None
[2024-03-22T02:18:34.208+0000] {processor.py:183} INFO - Processing /home/airflow/.local/lib/python3.8/site-packages/airflow/example_dags/example_complex.py took 0.045 seconds
[2024-03-22T02:19:04.252+0000] {processor.py:161} INFO - Started process (PID=3185) to work on /home/airflow/.local/lib/python3.8/site-packages/airflow/example_dags/example_complex.py
[2024-03-22T02:19:04.253+0000] {processor.py:830} INFO - Processing file /home/airflow/.local/lib/python3.8/site-packages/airflow/example_dags/example_complex.py for tasks to queue
[2024-03-22T02:19:04.253+0000] {logging_mixin.py:188} INFO - [2024-03-22T02:19:04.253+0000] {dagbag.py:540} INFO - Filling up the DagBag from /home/airflow/.local/lib/python3.8/site-packages/airflow/example_dags/example_complex.py
[2024-03-22T02:19:04.259+0000] {processor.py:840} INFO - DAG(s) 'example_complex' retrieved from /home/airflow/.local/lib/python3.8/site-packages/airflow/example_dags/example_complex.py
[2024-03-22T02:19:04.276+0000] {logging_mixin.py:188} INFO - [2024-03-22T02:19:04.276+0000] {dag.py:3047} INFO - Sync 1 DAGs
[2024-03-22T02:19:04.282+0000] {logging_mixin.py:188} INFO - [2024-03-22T02:19:04.281+0000] {dag.py:3834} INFO - Setting next_dagrun for example_complex to None, run_after=None
[2024-03-22T02:19:04.292+0000] {processor.py:183} INFO - Processing /home/airflow/.local/lib/python3.8/site-packages/airflow/example_dags/example_complex.py took 0.042 seconds
[2024-03-22T02:19:34.427+0000] {processor.py:161} INFO - Started process (PID=3432) to work on /home/airflow/.local/lib/python3.8/site-packages/airflow/example_dags/example_complex.py
[2024-03-22T02:19:34.427+0000] {processor.py:830} INFO - Processing file /home/airflow/.local/lib/python3.8/site-packages/airflow/example_dags/example_complex.py for tasks to queue
[2024-03-22T02:19:34.428+0000] {logging_mixin.py:188} INFO - [2024-03-22T02:19:34.428+0000] {dagbag.py:540} INFO - Filling up the DagBag from /home/airflow/.local/lib/python3.8/site-packages/airflow/example_dags/example_complex.py
[2024-03-22T02:19:34.434+0000] {processor.py:840} INFO - DAG(s) 'example_complex' retrieved from /home/airflow/.local/lib/python3.8/site-packages/airflow/example_dags/example_complex.py
[2024-03-22T02:19:34.451+0000] {logging_mixin.py:188} INFO - [2024-03-22T02:19:34.451+0000] {dag.py:3047} INFO - Sync 1 DAGs
[2024-03-22T02:19:34.458+0000] {logging_mixin.py:188} INFO - [2024-03-22T02:19:34.458+0000] {dag.py:3834} INFO - Setting next_dagrun for example_complex to None, run_after=None
[2024-03-22T02:19:34.467+0000] {processor.py:183} INFO - Processing /home/airflow/.local/lib/python3.8/site-packages/airflow/example_dags/example_complex.py took 0.043 seconds
[2024-03-22T03:21:00.844+0000] {processor.py:161} INFO - Started process (PID=197) to work on /home/airflow/.local/lib/python3.8/site-packages/airflow/example_dags/example_complex.py
[2024-03-22T03:21:00.845+0000] {processor.py:830} INFO - Processing file /home/airflow/.local/lib/python3.8/site-packages/airflow/example_dags/example_complex.py for tasks to queue
[2024-03-22T03:21:00.845+0000] {logging_mixin.py:188} INFO - [2024-03-22T03:21:00.845+0000] {dagbag.py:540} INFO - Filling up the DagBag from /home/airflow/.local/lib/python3.8/site-packages/airflow/example_dags/example_complex.py
[2024-03-22T03:21:00.854+0000] {processor.py:840} INFO - DAG(s) 'example_complex' retrieved from /home/airflow/.local/lib/python3.8/site-packages/airflow/example_dags/example_complex.py
[2024-03-22T03:21:00.922+0000] {logging_mixin.py:188} INFO - [2024-03-22T03:21:00.922+0000] {override.py:1769} INFO - Created Permission View: can read on DAG:example_complex
[2024-03-22T03:21:00.927+0000] {logging_mixin.py:188} INFO - [2024-03-22T03:21:00.927+0000] {override.py:1769} INFO - Created Permission View: can delete on DAG:example_complex
[2024-03-22T03:21:00.930+0000] {logging_mixin.py:188} INFO - [2024-03-22T03:21:00.930+0000] {override.py:1769} INFO - Created Permission View: can edit on DAG:example_complex
[2024-03-22T03:21:00.930+0000] {logging_mixin.py:188} INFO - [2024-03-22T03:21:00.930+0000] {dag.py:3047} INFO - Sync 1 DAGs
[2024-03-22T03:21:00.936+0000] {logging_mixin.py:188} INFO - [2024-03-22T03:21:00.936+0000] {dag.py:3069} INFO - Creating ORM DAG for example_complex
[2024-03-22T03:21:00.936+0000] {logging_mixin.py:188} INFO - [2024-03-22T03:21:00.936+0000] {dag.py:3834} INFO - Setting next_dagrun for example_complex to None, run_after=None
[2024-03-22T03:21:00.946+0000] {processor.py:183} INFO - Processing /home/airflow/.local/lib/python3.8/site-packages/airflow/example_dags/example_complex.py took 0.104 seconds
[2024-03-22T03:21:31.093+0000] {processor.py:161} INFO - Started process (PID=444) to work on /home/airflow/.local/lib/python3.8/site-packages/airflow/example_dags/example_complex.py
[2024-03-22T03:21:31.094+0000] {processor.py:830} INFO - Processing file /home/airflow/.local/lib/python3.8/site-packages/airflow/example_dags/example_complex.py for tasks to queue
[2024-03-22T03:21:31.094+0000] {logging_mixin.py:188} INFO - [2024-03-22T03:21:31.094+0000] {dagbag.py:540} INFO - Filling up the DagBag from /home/airflow/.local/lib/python3.8/site-packages/airflow/example_dags/example_complex.py
[2024-03-22T03:21:31.100+0000] {processor.py:840} INFO - DAG(s) 'example_complex' retrieved from /home/airflow/.local/lib/python3.8/site-packages/airflow/example_dags/example_complex.py
[2024-03-22T03:21:31.116+0000] {logging_mixin.py:188} INFO - [2024-03-22T03:21:31.115+0000] {dag.py:3047} INFO - Sync 1 DAGs
[2024-03-22T03:21:31.122+0000] {logging_mixin.py:188} INFO - [2024-03-22T03:21:31.122+0000] {dag.py:3834} INFO - Setting next_dagrun for example_complex to None, run_after=None
[2024-03-22T03:21:31.131+0000] {processor.py:183} INFO - Processing /home/airflow/.local/lib/python3.8/site-packages/airflow/example_dags/example_complex.py took 0.041 seconds
[2024-03-22T03:22:01.904+0000] {processor.py:161} INFO - Started process (PID=691) to work on /home/airflow/.local/lib/python3.8/site-packages/airflow/example_dags/example_complex.py
[2024-03-22T03:22:01.905+0000] {processor.py:830} INFO - Processing file /home/airflow/.local/lib/python3.8/site-packages/airflow/example_dags/example_complex.py for tasks to queue
[2024-03-22T03:22:01.906+0000] {logging_mixin.py:188} INFO - [2024-03-22T03:22:01.906+0000] {dagbag.py:540} INFO - Filling up the DagBag from /home/airflow/.local/lib/python3.8/site-packages/airflow/example_dags/example_complex.py
[2024-03-22T03:22:01.912+0000] {processor.py:840} INFO - DAG(s) 'example_complex' retrieved from /home/airflow/.local/lib/python3.8/site-packages/airflow/example_dags/example_complex.py
[2024-03-22T03:22:01.929+0000] {logging_mixin.py:188} INFO - [2024-03-22T03:22:01.929+0000] {dag.py:3047} INFO - Sync 1 DAGs
[2024-03-22T03:22:01.935+0000] {logging_mixin.py:188} INFO - [2024-03-22T03:22:01.935+0000] {dag.py:3834} INFO - Setting next_dagrun for example_complex to None, run_after=None
[2024-03-22T03:22:01.944+0000] {processor.py:183} INFO - Processing /home/airflow/.local/lib/python3.8/site-packages/airflow/example_dags/example_complex.py took 0.042 seconds
[2024-03-22T03:22:32.710+0000] {processor.py:161} INFO - Started process (PID=938) to work on /home/airflow/.local/lib/python3.8/site-packages/airflow/example_dags/example_complex.py
[2024-03-22T03:22:32.711+0000] {processor.py:830} INFO - Processing file /home/airflow/.local/lib/python3.8/site-packages/airflow/example_dags/example_complex.py for tasks to queue
[2024-03-22T03:22:32.711+0000] {logging_mixin.py:188} INFO - [2024-03-22T03:22:32.711+0000] {dagbag.py:540} INFO - Filling up the DagBag from /home/airflow/.local/lib/python3.8/site-packages/airflow/example_dags/example_complex.py
[2024-03-22T03:22:32.717+0000] {processor.py:840} INFO - DAG(s) 'example_complex' retrieved from /home/airflow/.local/lib/python3.8/site-packages/airflow/example_dags/example_complex.py
[2024-03-22T03:22:32.733+0000] {logging_mixin.py:188} INFO - [2024-03-22T03:22:32.732+0000] {dag.py:3047} INFO - Sync 1 DAGs
[2024-03-22T03:22:32.739+0000] {logging_mixin.py:188} INFO - [2024-03-22T03:22:32.738+0000] {dag.py:3834} INFO - Setting next_dagrun for example_complex to None, run_after=None
[2024-03-22T03:22:32.748+0000] {processor.py:183} INFO - Processing /home/airflow/.local/lib/python3.8/site-packages/airflow/example_dags/example_complex.py took 0.040 seconds
[2024-03-22T03:23:03.537+0000] {processor.py:161} INFO - Started process (PID=1185) to work on /home/airflow/.local/lib/python3.8/site-packages/airflow/example_dags/example_complex.py
[2024-03-22T03:23:03.538+0000] {processor.py:830} INFO - Processing file /home/airflow/.local/lib/python3.8/site-packages/airflow/example_dags/example_complex.py for tasks to queue
[2024-03-22T03:23:03.538+0000] {logging_mixin.py:188} INFO - [2024-03-22T03:23:03.538+0000] {dagbag.py:540} INFO - Filling up the DagBag from /home/airflow/.local/lib/python3.8/site-packages/airflow/example_dags/example_complex.py
[2024-03-22T03:23:03.545+0000] {processor.py:840} INFO - DAG(s) 'example_complex' retrieved from /home/airflow/.local/lib/python3.8/site-packages/airflow/example_dags/example_complex.py
[2024-03-22T03:23:03.560+0000] {logging_mixin.py:188} INFO - [2024-03-22T03:23:03.560+0000] {dag.py:3047} INFO - Sync 1 DAGs
[2024-03-22T03:23:03.567+0000] {logging_mixin.py:188} INFO - [2024-03-22T03:23:03.566+0000] {dag.py:3834} INFO - Setting next_dagrun for example_complex to None, run_after=None
[2024-03-22T03:23:03.575+0000] {processor.py:183} INFO - Processing /home/airflow/.local/lib/python3.8/site-packages/airflow/example_dags/example_complex.py took 0.041 seconds
