[2024-03-22T02:12:57.069+0000] {processor.py:161} INFO - Started process (PID=357) to work on /home/airflow/.local/lib/python3.8/site-packages/airflow/example_dags/example_trigger_target_dag.py
[2024-03-22T02:12:57.070+0000] {processor.py:830} INFO - Processing file /home/airflow/.local/lib/python3.8/site-packages/airflow/example_dags/example_trigger_target_dag.py for tasks to queue
[2024-03-22T02:12:57.071+0000] {logging_mixin.py:188} INFO - [2024-03-22T02:12:57.071+0000] {dagbag.py:540} INFO - Filling up the DagBag from /home/airflow/.local/lib/python3.8/site-packages/airflow/example_dags/example_trigger_target_dag.py
[2024-03-22T02:12:57.075+0000] {processor.py:840} INFO - DAG(s) 'example_trigger_target_dag' retrieved from /home/airflow/.local/lib/python3.8/site-packages/airflow/example_dags/example_trigger_target_dag.py
[2024-03-22T02:12:57.082+0000] {logging_mixin.py:188} INFO - [2024-03-22T02:12:57.081+0000] {dag.py:3047} INFO - Sync 1 DAGs
[2024-03-22T02:12:57.088+0000] {logging_mixin.py:188} INFO - [2024-03-22T02:12:57.088+0000] {dag.py:3834} INFO - Setting next_dagrun for example_trigger_target_dag to None, run_after=None
[2024-03-22T02:12:57.098+0000] {processor.py:183} INFO - Processing /home/airflow/.local/lib/python3.8/site-packages/airflow/example_dags/example_trigger_target_dag.py took 0.031 seconds
[2024-03-22T02:13:28.354+0000] {processor.py:161} INFO - Started process (PID=604) to work on /home/airflow/.local/lib/python3.8/site-packages/airflow/example_dags/example_trigger_target_dag.py
[2024-03-22T02:13:28.355+0000] {processor.py:830} INFO - Processing file /home/airflow/.local/lib/python3.8/site-packages/airflow/example_dags/example_trigger_target_dag.py for tasks to queue
[2024-03-22T02:13:28.355+0000] {logging_mixin.py:188} INFO - [2024-03-22T02:13:28.355+0000] {dagbag.py:540} INFO - Filling up the DagBag from /home/airflow/.local/lib/python3.8/site-packages/airflow/example_dags/example_trigger_target_dag.py
[2024-03-22T02:13:28.360+0000] {processor.py:840} INFO - DAG(s) 'example_trigger_target_dag' retrieved from /home/airflow/.local/lib/python3.8/site-packages/airflow/example_dags/example_trigger_target_dag.py
[2024-03-22T02:13:28.415+0000] {logging_mixin.py:188} INFO - [2024-03-22T02:13:28.415+0000] {dag.py:3047} INFO - Sync 1 DAGs
[2024-03-22T02:13:28.421+0000] {logging_mixin.py:188} INFO - [2024-03-22T02:13:28.421+0000] {dag.py:3834} INFO - Setting next_dagrun for example_trigger_target_dag to None, run_after=None
[2024-03-22T02:13:28.433+0000] {processor.py:183} INFO - Processing /home/airflow/.local/lib/python3.8/site-packages/airflow/example_dags/example_trigger_target_dag.py took 0.082 seconds
[2024-03-22T02:13:58.532+0000] {processor.py:161} INFO - Started process (PID=851) to work on /home/airflow/.local/lib/python3.8/site-packages/airflow/example_dags/example_trigger_target_dag.py
[2024-03-22T02:13:58.532+0000] {processor.py:830} INFO - Processing file /home/airflow/.local/lib/python3.8/site-packages/airflow/example_dags/example_trigger_target_dag.py for tasks to queue
[2024-03-22T02:13:58.533+0000] {logging_mixin.py:188} INFO - [2024-03-22T02:13:58.533+0000] {dagbag.py:540} INFO - Filling up the DagBag from /home/airflow/.local/lib/python3.8/site-packages/airflow/example_dags/example_trigger_target_dag.py
[2024-03-22T02:13:58.537+0000] {processor.py:840} INFO - DAG(s) 'example_trigger_target_dag' retrieved from /home/airflow/.local/lib/python3.8/site-packages/airflow/example_dags/example_trigger_target_dag.py
[2024-03-22T02:13:58.550+0000] {logging_mixin.py:188} INFO - [2024-03-22T02:13:58.549+0000] {dag.py:3047} INFO - Sync 1 DAGs
[2024-03-22T02:13:58.556+0000] {logging_mixin.py:188} INFO - [2024-03-22T02:13:58.556+0000] {dag.py:3834} INFO - Setting next_dagrun for example_trigger_target_dag to None, run_after=None
[2024-03-22T02:13:58.566+0000] {processor.py:183} INFO - Processing /home/airflow/.local/lib/python3.8/site-packages/airflow/example_dags/example_trigger_target_dag.py took 0.037 seconds
[2024-03-22T02:14:29.561+0000] {processor.py:161} INFO - Started process (PID=1098) to work on /home/airflow/.local/lib/python3.8/site-packages/airflow/example_dags/example_trigger_target_dag.py
[2024-03-22T02:14:29.562+0000] {processor.py:830} INFO - Processing file /home/airflow/.local/lib/python3.8/site-packages/airflow/example_dags/example_trigger_target_dag.py for tasks to queue
[2024-03-22T02:14:29.562+0000] {logging_mixin.py:188} INFO - [2024-03-22T02:14:29.562+0000] {dagbag.py:540} INFO - Filling up the DagBag from /home/airflow/.local/lib/python3.8/site-packages/airflow/example_dags/example_trigger_target_dag.py
[2024-03-22T02:14:29.566+0000] {processor.py:840} INFO - DAG(s) 'example_trigger_target_dag' retrieved from /home/airflow/.local/lib/python3.8/site-packages/airflow/example_dags/example_trigger_target_dag.py
[2024-03-22T02:14:29.578+0000] {logging_mixin.py:188} INFO - [2024-03-22T02:14:29.578+0000] {dag.py:3047} INFO - Sync 1 DAGs
[2024-03-22T02:14:29.584+0000] {logging_mixin.py:188} INFO - [2024-03-22T02:14:29.584+0000] {dag.py:3834} INFO - Setting next_dagrun for example_trigger_target_dag to None, run_after=None
[2024-03-22T02:14:29.593+0000] {processor.py:183} INFO - Processing /home/airflow/.local/lib/python3.8/site-packages/airflow/example_dags/example_trigger_target_dag.py took 0.035 seconds
[2024-03-22T02:15:00.479+0000] {processor.py:161} INFO - Started process (PID=1345) to work on /home/airflow/.local/lib/python3.8/site-packages/airflow/example_dags/example_trigger_target_dag.py
[2024-03-22T02:15:00.480+0000] {processor.py:830} INFO - Processing file /home/airflow/.local/lib/python3.8/site-packages/airflow/example_dags/example_trigger_target_dag.py for tasks to queue
[2024-03-22T02:15:00.480+0000] {logging_mixin.py:188} INFO - [2024-03-22T02:15:00.480+0000] {dagbag.py:540} INFO - Filling up the DagBag from /home/airflow/.local/lib/python3.8/site-packages/airflow/example_dags/example_trigger_target_dag.py
[2024-03-22T02:15:00.485+0000] {processor.py:840} INFO - DAG(s) 'example_trigger_target_dag' retrieved from /home/airflow/.local/lib/python3.8/site-packages/airflow/example_dags/example_trigger_target_dag.py
[2024-03-22T02:15:00.499+0000] {logging_mixin.py:188} INFO - [2024-03-22T02:15:00.499+0000] {dag.py:3047} INFO - Sync 1 DAGs
[2024-03-22T02:15:00.507+0000] {logging_mixin.py:188} INFO - [2024-03-22T02:15:00.506+0000] {dag.py:3834} INFO - Setting next_dagrun for example_trigger_target_dag to None, run_after=None
[2024-03-22T02:15:00.518+0000] {processor.py:183} INFO - Processing /home/airflow/.local/lib/python3.8/site-packages/airflow/example_dags/example_trigger_target_dag.py took 0.042 seconds
[2024-03-22T02:15:31.355+0000] {processor.py:161} INFO - Started process (PID=1592) to work on /home/airflow/.local/lib/python3.8/site-packages/airflow/example_dags/example_trigger_target_dag.py
[2024-03-22T02:15:31.356+0000] {processor.py:830} INFO - Processing file /home/airflow/.local/lib/python3.8/site-packages/airflow/example_dags/example_trigger_target_dag.py for tasks to queue
[2024-03-22T02:15:31.357+0000] {logging_mixin.py:188} INFO - [2024-03-22T02:15:31.357+0000] {dagbag.py:540} INFO - Filling up the DagBag from /home/airflow/.local/lib/python3.8/site-packages/airflow/example_dags/example_trigger_target_dag.py
[2024-03-22T02:15:31.361+0000] {processor.py:840} INFO - DAG(s) 'example_trigger_target_dag' retrieved from /home/airflow/.local/lib/python3.8/site-packages/airflow/example_dags/example_trigger_target_dag.py
[2024-03-22T02:15:31.373+0000] {logging_mixin.py:188} INFO - [2024-03-22T02:15:31.373+0000] {dag.py:3047} INFO - Sync 1 DAGs
[2024-03-22T02:15:31.380+0000] {logging_mixin.py:188} INFO - [2024-03-22T02:15:31.379+0000] {dag.py:3834} INFO - Setting next_dagrun for example_trigger_target_dag to None, run_after=None
[2024-03-22T02:15:31.390+0000] {processor.py:183} INFO - Processing /home/airflow/.local/lib/python3.8/site-packages/airflow/example_dags/example_trigger_target_dag.py took 0.036 seconds
[2024-03-22T02:16:02.283+0000] {processor.py:161} INFO - Started process (PID=1839) to work on /home/airflow/.local/lib/python3.8/site-packages/airflow/example_dags/example_trigger_target_dag.py
[2024-03-22T02:16:02.284+0000] {processor.py:830} INFO - Processing file /home/airflow/.local/lib/python3.8/site-packages/airflow/example_dags/example_trigger_target_dag.py for tasks to queue
[2024-03-22T02:16:02.284+0000] {logging_mixin.py:188} INFO - [2024-03-22T02:16:02.284+0000] {dagbag.py:540} INFO - Filling up the DagBag from /home/airflow/.local/lib/python3.8/site-packages/airflow/example_dags/example_trigger_target_dag.py
[2024-03-22T02:16:02.288+0000] {processor.py:840} INFO - DAG(s) 'example_trigger_target_dag' retrieved from /home/airflow/.local/lib/python3.8/site-packages/airflow/example_dags/example_trigger_target_dag.py
[2024-03-22T02:16:02.301+0000] {logging_mixin.py:188} INFO - [2024-03-22T02:16:02.301+0000] {dag.py:3047} INFO - Sync 1 DAGs
[2024-03-22T02:16:02.309+0000] {logging_mixin.py:188} INFO - [2024-03-22T02:16:02.309+0000] {dag.py:3834} INFO - Setting next_dagrun for example_trigger_target_dag to None, run_after=None
[2024-03-22T02:16:02.320+0000] {processor.py:183} INFO - Processing /home/airflow/.local/lib/python3.8/site-packages/airflow/example_dags/example_trigger_target_dag.py took 0.040 seconds
[2024-03-22T02:16:32.427+0000] {processor.py:161} INFO - Started process (PID=2088) to work on /home/airflow/.local/lib/python3.8/site-packages/airflow/example_dags/example_trigger_target_dag.py
[2024-03-22T02:16:32.428+0000] {processor.py:830} INFO - Processing file /home/airflow/.local/lib/python3.8/site-packages/airflow/example_dags/example_trigger_target_dag.py for tasks to queue
[2024-03-22T02:16:32.429+0000] {logging_mixin.py:188} INFO - [2024-03-22T02:16:32.428+0000] {dagbag.py:540} INFO - Filling up the DagBag from /home/airflow/.local/lib/python3.8/site-packages/airflow/example_dags/example_trigger_target_dag.py
[2024-03-22T02:16:32.433+0000] {processor.py:840} INFO - DAG(s) 'example_trigger_target_dag' retrieved from /home/airflow/.local/lib/python3.8/site-packages/airflow/example_dags/example_trigger_target_dag.py
[2024-03-22T02:16:32.445+0000] {logging_mixin.py:188} INFO - [2024-03-22T02:16:32.445+0000] {dag.py:3047} INFO - Sync 1 DAGs
[2024-03-22T02:16:32.451+0000] {logging_mixin.py:188} INFO - [2024-03-22T02:16:32.451+0000] {dag.py:3834} INFO - Setting next_dagrun for example_trigger_target_dag to None, run_after=None
[2024-03-22T02:16:32.461+0000] {processor.py:183} INFO - Processing /home/airflow/.local/lib/python3.8/site-packages/airflow/example_dags/example_trigger_target_dag.py took 0.036 seconds
[2024-03-22T02:17:03.326+0000] {processor.py:161} INFO - Started process (PID=2357) to work on /home/airflow/.local/lib/python3.8/site-packages/airflow/example_dags/example_trigger_target_dag.py
[2024-03-22T02:17:03.327+0000] {processor.py:830} INFO - Processing file /home/airflow/.local/lib/python3.8/site-packages/airflow/example_dags/example_trigger_target_dag.py for tasks to queue
[2024-03-22T02:17:03.327+0000] {logging_mixin.py:188} INFO - [2024-03-22T02:17:03.327+0000] {dagbag.py:540} INFO - Filling up the DagBag from /home/airflow/.local/lib/python3.8/site-packages/airflow/example_dags/example_trigger_target_dag.py
[2024-03-22T02:17:03.331+0000] {processor.py:840} INFO - DAG(s) 'example_trigger_target_dag' retrieved from /home/airflow/.local/lib/python3.8/site-packages/airflow/example_dags/example_trigger_target_dag.py
[2024-03-22T02:17:03.343+0000] {logging_mixin.py:188} INFO - [2024-03-22T02:17:03.343+0000] {dag.py:3047} INFO - Sync 1 DAGs
[2024-03-22T02:17:03.349+0000] {logging_mixin.py:188} INFO - [2024-03-22T02:17:03.349+0000] {dag.py:3834} INFO - Setting next_dagrun for example_trigger_target_dag to None, run_after=None
[2024-03-22T02:17:03.357+0000] {processor.py:183} INFO - Processing /home/airflow/.local/lib/python3.8/site-packages/airflow/example_dags/example_trigger_target_dag.py took 0.034 seconds
[2024-03-22T02:17:34.360+0000] {processor.py:161} INFO - Started process (PID=2604) to work on /home/airflow/.local/lib/python3.8/site-packages/airflow/example_dags/example_trigger_target_dag.py
[2024-03-22T02:17:34.361+0000] {processor.py:830} INFO - Processing file /home/airflow/.local/lib/python3.8/site-packages/airflow/example_dags/example_trigger_target_dag.py for tasks to queue
[2024-03-22T02:17:34.362+0000] {logging_mixin.py:188} INFO - [2024-03-22T02:17:34.362+0000] {dagbag.py:540} INFO - Filling up the DagBag from /home/airflow/.local/lib/python3.8/site-packages/airflow/example_dags/example_trigger_target_dag.py
[2024-03-22T02:17:34.366+0000] {processor.py:840} INFO - DAG(s) 'example_trigger_target_dag' retrieved from /home/airflow/.local/lib/python3.8/site-packages/airflow/example_dags/example_trigger_target_dag.py
[2024-03-22T02:17:34.378+0000] {logging_mixin.py:188} INFO - [2024-03-22T02:17:34.378+0000] {dag.py:3047} INFO - Sync 1 DAGs
[2024-03-22T02:17:34.384+0000] {logging_mixin.py:188} INFO - [2024-03-22T02:17:34.384+0000] {dag.py:3834} INFO - Setting next_dagrun for example_trigger_target_dag to None, run_after=None
[2024-03-22T02:17:34.393+0000] {processor.py:183} INFO - Processing /home/airflow/.local/lib/python3.8/site-packages/airflow/example_dags/example_trigger_target_dag.py took 0.035 seconds
[2024-03-22T02:18:05.396+0000] {processor.py:161} INFO - Started process (PID=2851) to work on /home/airflow/.local/lib/python3.8/site-packages/airflow/example_dags/example_trigger_target_dag.py
[2024-03-22T02:18:05.396+0000] {processor.py:830} INFO - Processing file /home/airflow/.local/lib/python3.8/site-packages/airflow/example_dags/example_trigger_target_dag.py for tasks to queue
[2024-03-22T02:18:05.397+0000] {logging_mixin.py:188} INFO - [2024-03-22T02:18:05.397+0000] {dagbag.py:540} INFO - Filling up the DagBag from /home/airflow/.local/lib/python3.8/site-packages/airflow/example_dags/example_trigger_target_dag.py
[2024-03-22T02:18:05.400+0000] {processor.py:840} INFO - DAG(s) 'example_trigger_target_dag' retrieved from /home/airflow/.local/lib/python3.8/site-packages/airflow/example_dags/example_trigger_target_dag.py
[2024-03-22T02:18:05.412+0000] {logging_mixin.py:188} INFO - [2024-03-22T02:18:05.412+0000] {dag.py:3047} INFO - Sync 1 DAGs
[2024-03-22T02:18:05.418+0000] {logging_mixin.py:188} INFO - [2024-03-22T02:18:05.418+0000] {dag.py:3834} INFO - Setting next_dagrun for example_trigger_target_dag to None, run_after=None
[2024-03-22T02:18:05.426+0000] {processor.py:183} INFO - Processing /home/airflow/.local/lib/python3.8/site-packages/airflow/example_dags/example_trigger_target_dag.py took 0.033 seconds
[2024-03-22T02:18:36.254+0000] {processor.py:161} INFO - Started process (PID=3098) to work on /home/airflow/.local/lib/python3.8/site-packages/airflow/example_dags/example_trigger_target_dag.py
[2024-03-22T02:18:36.255+0000] {processor.py:830} INFO - Processing file /home/airflow/.local/lib/python3.8/site-packages/airflow/example_dags/example_trigger_target_dag.py for tasks to queue
[2024-03-22T02:18:36.256+0000] {logging_mixin.py:188} INFO - [2024-03-22T02:18:36.256+0000] {dagbag.py:540} INFO - Filling up the DagBag from /home/airflow/.local/lib/python3.8/site-packages/airflow/example_dags/example_trigger_target_dag.py
[2024-03-22T02:18:36.261+0000] {processor.py:840} INFO - DAG(s) 'example_trigger_target_dag' retrieved from /home/airflow/.local/lib/python3.8/site-packages/airflow/example_dags/example_trigger_target_dag.py
[2024-03-22T02:18:36.273+0000] {logging_mixin.py:188} INFO - [2024-03-22T02:18:36.273+0000] {dag.py:3047} INFO - Sync 1 DAGs
[2024-03-22T02:18:36.281+0000] {logging_mixin.py:188} INFO - [2024-03-22T02:18:36.281+0000] {dag.py:3834} INFO - Setting next_dagrun for example_trigger_target_dag to None, run_after=None
[2024-03-22T02:18:36.292+0000] {processor.py:183} INFO - Processing /home/airflow/.local/lib/python3.8/site-packages/airflow/example_dags/example_trigger_target_dag.py took 0.040 seconds
[2024-03-22T02:19:06.498+0000] {processor.py:161} INFO - Started process (PID=3345) to work on /home/airflow/.local/lib/python3.8/site-packages/airflow/example_dags/example_trigger_target_dag.py
[2024-03-22T02:19:06.499+0000] {processor.py:830} INFO - Processing file /home/airflow/.local/lib/python3.8/site-packages/airflow/example_dags/example_trigger_target_dag.py for tasks to queue
[2024-03-22T02:19:06.500+0000] {logging_mixin.py:188} INFO - [2024-03-22T02:19:06.500+0000] {dagbag.py:540} INFO - Filling up the DagBag from /home/airflow/.local/lib/python3.8/site-packages/airflow/example_dags/example_trigger_target_dag.py
[2024-03-22T02:19:06.504+0000] {processor.py:840} INFO - DAG(s) 'example_trigger_target_dag' retrieved from /home/airflow/.local/lib/python3.8/site-packages/airflow/example_dags/example_trigger_target_dag.py
[2024-03-22T02:19:06.517+0000] {logging_mixin.py:188} INFO - [2024-03-22T02:19:06.517+0000] {dag.py:3047} INFO - Sync 1 DAGs
[2024-03-22T02:19:06.524+0000] {logging_mixin.py:188} INFO - [2024-03-22T02:19:06.523+0000] {dag.py:3834} INFO - Setting next_dagrun for example_trigger_target_dag to None, run_after=None
[2024-03-22T02:19:06.534+0000] {processor.py:183} INFO - Processing /home/airflow/.local/lib/python3.8/site-packages/airflow/example_dags/example_trigger_target_dag.py took 0.038 seconds
[2024-03-22T02:19:36.593+0000] {processor.py:161} INFO - Started process (PID=3592) to work on /home/airflow/.local/lib/python3.8/site-packages/airflow/example_dags/example_trigger_target_dag.py
[2024-03-22T02:19:36.594+0000] {processor.py:830} INFO - Processing file /home/airflow/.local/lib/python3.8/site-packages/airflow/example_dags/example_trigger_target_dag.py for tasks to queue
[2024-03-22T02:19:36.594+0000] {logging_mixin.py:188} INFO - [2024-03-22T02:19:36.594+0000] {dagbag.py:540} INFO - Filling up the DagBag from /home/airflow/.local/lib/python3.8/site-packages/airflow/example_dags/example_trigger_target_dag.py
[2024-03-22T02:19:36.598+0000] {processor.py:840} INFO - DAG(s) 'example_trigger_target_dag' retrieved from /home/airflow/.local/lib/python3.8/site-packages/airflow/example_dags/example_trigger_target_dag.py
[2024-03-22T02:19:36.609+0000] {logging_mixin.py:188} INFO - [2024-03-22T02:19:36.609+0000] {dag.py:3047} INFO - Sync 1 DAGs
[2024-03-22T02:19:36.615+0000] {logging_mixin.py:188} INFO - [2024-03-22T02:19:36.615+0000] {dag.py:3834} INFO - Setting next_dagrun for example_trigger_target_dag to None, run_after=None
[2024-03-22T02:19:36.624+0000] {processor.py:183} INFO - Processing /home/airflow/.local/lib/python3.8/site-packages/airflow/example_dags/example_trigger_target_dag.py took 0.033 seconds
[2024-03-22T03:21:02.663+0000] {processor.py:161} INFO - Started process (PID=357) to work on /home/airflow/.local/lib/python3.8/site-packages/airflow/example_dags/example_trigger_target_dag.py
[2024-03-22T03:21:02.664+0000] {processor.py:830} INFO - Processing file /home/airflow/.local/lib/python3.8/site-packages/airflow/example_dags/example_trigger_target_dag.py for tasks to queue
[2024-03-22T03:21:02.665+0000] {logging_mixin.py:188} INFO - [2024-03-22T03:21:02.665+0000] {dagbag.py:540} INFO - Filling up the DagBag from /home/airflow/.local/lib/python3.8/site-packages/airflow/example_dags/example_trigger_target_dag.py
[2024-03-22T03:21:02.669+0000] {processor.py:840} INFO - DAG(s) 'example_trigger_target_dag' retrieved from /home/airflow/.local/lib/python3.8/site-packages/airflow/example_dags/example_trigger_target_dag.py
[2024-03-22T03:21:02.730+0000] {logging_mixin.py:188} INFO - [2024-03-22T03:21:02.730+0000] {override.py:1769} INFO - Created Permission View: can read on DAG:example_trigger_target_dag
[2024-03-22T03:21:02.735+0000] {logging_mixin.py:188} INFO - [2024-03-22T03:21:02.735+0000] {override.py:1769} INFO - Created Permission View: can delete on DAG:example_trigger_target_dag
[2024-03-22T03:21:02.739+0000] {logging_mixin.py:188} INFO - [2024-03-22T03:21:02.739+0000] {override.py:1769} INFO - Created Permission View: can edit on DAG:example_trigger_target_dag
[2024-03-22T03:21:02.739+0000] {logging_mixin.py:188} INFO - [2024-03-22T03:21:02.739+0000] {dag.py:3047} INFO - Sync 1 DAGs
[2024-03-22T03:21:02.745+0000] {logging_mixin.py:188} INFO - [2024-03-22T03:21:02.745+0000] {dag.py:3069} INFO - Creating ORM DAG for example_trigger_target_dag
[2024-03-22T03:21:02.745+0000] {logging_mixin.py:188} INFO - [2024-03-22T03:21:02.745+0000] {dag.py:3834} INFO - Setting next_dagrun for example_trigger_target_dag to None, run_after=None
[2024-03-22T03:21:02.754+0000] {processor.py:183} INFO - Processing /home/airflow/.local/lib/python3.8/site-packages/airflow/example_dags/example_trigger_target_dag.py took 0.093 seconds
[2024-03-22T03:21:33.143+0000] {processor.py:161} INFO - Started process (PID=604) to work on /home/airflow/.local/lib/python3.8/site-packages/airflow/example_dags/example_trigger_target_dag.py
[2024-03-22T03:21:33.144+0000] {processor.py:830} INFO - Processing file /home/airflow/.local/lib/python3.8/site-packages/airflow/example_dags/example_trigger_target_dag.py for tasks to queue
[2024-03-22T03:21:33.144+0000] {logging_mixin.py:188} INFO - [2024-03-22T03:21:33.144+0000] {dagbag.py:540} INFO - Filling up the DagBag from /home/airflow/.local/lib/python3.8/site-packages/airflow/example_dags/example_trigger_target_dag.py
[2024-03-22T03:21:33.148+0000] {processor.py:840} INFO - DAG(s) 'example_trigger_target_dag' retrieved from /home/airflow/.local/lib/python3.8/site-packages/airflow/example_dags/example_trigger_target_dag.py
[2024-03-22T03:21:33.160+0000] {logging_mixin.py:188} INFO - [2024-03-22T03:21:33.160+0000] {dag.py:3047} INFO - Sync 1 DAGs
[2024-03-22T03:21:33.166+0000] {logging_mixin.py:188} INFO - [2024-03-22T03:21:33.166+0000] {dag.py:3834} INFO - Setting next_dagrun for example_trigger_target_dag to None, run_after=None
[2024-03-22T03:21:33.177+0000] {processor.py:183} INFO - Processing /home/airflow/.local/lib/python3.8/site-packages/airflow/example_dags/example_trigger_target_dag.py took 0.035 seconds
[2024-03-22T03:22:03.908+0000] {processor.py:161} INFO - Started process (PID=851) to work on /home/airflow/.local/lib/python3.8/site-packages/airflow/example_dags/example_trigger_target_dag.py
[2024-03-22T03:22:03.909+0000] {processor.py:830} INFO - Processing file /home/airflow/.local/lib/python3.8/site-packages/airflow/example_dags/example_trigger_target_dag.py for tasks to queue
[2024-03-22T03:22:03.910+0000] {logging_mixin.py:188} INFO - [2024-03-22T03:22:03.910+0000] {dagbag.py:540} INFO - Filling up the DagBag from /home/airflow/.local/lib/python3.8/site-packages/airflow/example_dags/example_trigger_target_dag.py
[2024-03-22T03:22:03.914+0000] {processor.py:840} INFO - DAG(s) 'example_trigger_target_dag' retrieved from /home/airflow/.local/lib/python3.8/site-packages/airflow/example_dags/example_trigger_target_dag.py
[2024-03-22T03:22:03.925+0000] {logging_mixin.py:188} INFO - [2024-03-22T03:22:03.925+0000] {dag.py:3047} INFO - Sync 1 DAGs
[2024-03-22T03:22:03.931+0000] {logging_mixin.py:188} INFO - [2024-03-22T03:22:03.931+0000] {dag.py:3834} INFO - Setting next_dagrun for example_trigger_target_dag to None, run_after=None
[2024-03-22T03:22:03.939+0000] {processor.py:183} INFO - Processing /home/airflow/.local/lib/python3.8/site-packages/airflow/example_dags/example_trigger_target_dag.py took 0.033 seconds
[2024-03-22T03:22:34.734+0000] {processor.py:161} INFO - Started process (PID=1098) to work on /home/airflow/.local/lib/python3.8/site-packages/airflow/example_dags/example_trigger_target_dag.py
[2024-03-22T03:22:34.735+0000] {processor.py:830} INFO - Processing file /home/airflow/.local/lib/python3.8/site-packages/airflow/example_dags/example_trigger_target_dag.py for tasks to queue
[2024-03-22T03:22:34.736+0000] {logging_mixin.py:188} INFO - [2024-03-22T03:22:34.736+0000] {dagbag.py:540} INFO - Filling up the DagBag from /home/airflow/.local/lib/python3.8/site-packages/airflow/example_dags/example_trigger_target_dag.py
[2024-03-22T03:22:34.740+0000] {processor.py:840} INFO - DAG(s) 'example_trigger_target_dag' retrieved from /home/airflow/.local/lib/python3.8/site-packages/airflow/example_dags/example_trigger_target_dag.py
[2024-03-22T03:22:34.753+0000] {logging_mixin.py:188} INFO - [2024-03-22T03:22:34.753+0000] {dag.py:3047} INFO - Sync 1 DAGs
[2024-03-22T03:22:34.759+0000] {logging_mixin.py:188} INFO - [2024-03-22T03:22:34.759+0000] {dag.py:3834} INFO - Setting next_dagrun for example_trigger_target_dag to None, run_after=None
[2024-03-22T03:22:34.770+0000] {processor.py:183} INFO - Processing /home/airflow/.local/lib/python3.8/site-packages/airflow/example_dags/example_trigger_target_dag.py took 0.038 seconds
[2024-03-22T03:23:05.588+0000] {processor.py:161} INFO - Started process (PID=1345) to work on /home/airflow/.local/lib/python3.8/site-packages/airflow/example_dags/example_trigger_target_dag.py
[2024-03-22T03:23:05.589+0000] {processor.py:830} INFO - Processing file /home/airflow/.local/lib/python3.8/site-packages/airflow/example_dags/example_trigger_target_dag.py for tasks to queue
[2024-03-22T03:23:05.590+0000] {logging_mixin.py:188} INFO - [2024-03-22T03:23:05.589+0000] {dagbag.py:540} INFO - Filling up the DagBag from /home/airflow/.local/lib/python3.8/site-packages/airflow/example_dags/example_trigger_target_dag.py
[2024-03-22T03:23:05.594+0000] {processor.py:840} INFO - DAG(s) 'example_trigger_target_dag' retrieved from /home/airflow/.local/lib/python3.8/site-packages/airflow/example_dags/example_trigger_target_dag.py
[2024-03-22T03:23:05.606+0000] {logging_mixin.py:188} INFO - [2024-03-22T03:23:05.606+0000] {dag.py:3047} INFO - Sync 1 DAGs
[2024-03-22T03:23:05.612+0000] {logging_mixin.py:188} INFO - [2024-03-22T03:23:05.612+0000] {dag.py:3834} INFO - Setting next_dagrun for example_trigger_target_dag to None, run_after=None
[2024-03-22T03:23:05.621+0000] {processor.py:183} INFO - Processing /home/airflow/.local/lib/python3.8/site-packages/airflow/example_dags/example_trigger_target_dag.py took 0.035 seconds
