[2024-03-22T02:12:56.525+0000] {processor.py:161} INFO - Started process (PID=279) to work on /home/airflow/.local/lib/python3.8/site-packages/airflow/example_dags/example_task_group.py
[2024-03-22T02:12:56.525+0000] {processor.py:830} INFO - Processing file /home/airflow/.local/lib/python3.8/site-packages/airflow/example_dags/example_task_group.py for tasks to queue
[2024-03-22T02:12:56.526+0000] {logging_mixin.py:188} INFO - [2024-03-22T02:12:56.526+0000] {dagbag.py:540} INFO - Filling up the DagBag from /home/airflow/.local/lib/python3.8/site-packages/airflow/example_dags/example_task_group.py
[2024-03-22T02:12:56.532+0000] {processor.py:840} INFO - DAG(s) 'example_task_group' retrieved from /home/airflow/.local/lib/python3.8/site-packages/airflow/example_dags/example_task_group.py
[2024-03-22T02:12:56.539+0000] {logging_mixin.py:188} INFO - [2024-03-22T02:12:56.539+0000] {dag.py:3047} INFO - Sync 1 DAGs
[2024-03-22T02:12:56.550+0000] {logging_mixin.py:188} INFO - [2024-03-22T02:12:56.550+0000] {dag.py:3834} INFO - Setting next_dagrun for example_task_group to 2024-03-21 00:00:00+00:00, run_after=2024-03-22 00:00:00+00:00
[2024-03-22T02:12:56.560+0000] {processor.py:183} INFO - Processing /home/airflow/.local/lib/python3.8/site-packages/airflow/example_dags/example_task_group.py took 0.038 seconds
[2024-03-22T02:13:27.510+0000] {processor.py:161} INFO - Started process (PID=524) to work on /home/airflow/.local/lib/python3.8/site-packages/airflow/example_dags/example_task_group.py
[2024-03-22T02:13:27.511+0000] {processor.py:830} INFO - Processing file /home/airflow/.local/lib/python3.8/site-packages/airflow/example_dags/example_task_group.py for tasks to queue
[2024-03-22T02:13:27.511+0000] {logging_mixin.py:188} INFO - [2024-03-22T02:13:27.511+0000] {dagbag.py:540} INFO - Filling up the DagBag from /home/airflow/.local/lib/python3.8/site-packages/airflow/example_dags/example_task_group.py
[2024-03-22T02:13:27.516+0000] {processor.py:840} INFO - DAG(s) 'example_task_group' retrieved from /home/airflow/.local/lib/python3.8/site-packages/airflow/example_dags/example_task_group.py
[2024-03-22T02:13:27.566+0000] {logging_mixin.py:188} INFO - [2024-03-22T02:13:27.566+0000] {dag.py:3047} INFO - Sync 1 DAGs
[2024-03-22T02:13:27.576+0000] {logging_mixin.py:188} INFO - [2024-03-22T02:13:27.576+0000] {dag.py:3834} INFO - Setting next_dagrun for example_task_group to 2024-03-21 00:00:00+00:00, run_after=2024-03-22 00:00:00+00:00
[2024-03-22T02:13:27.585+0000] {processor.py:183} INFO - Processing /home/airflow/.local/lib/python3.8/site-packages/airflow/example_dags/example_task_group.py took 0.077 seconds
[2024-03-22T02:13:57.863+0000] {processor.py:161} INFO - Started process (PID=771) to work on /home/airflow/.local/lib/python3.8/site-packages/airflow/example_dags/example_task_group.py
[2024-03-22T02:13:57.864+0000] {processor.py:830} INFO - Processing file /home/airflow/.local/lib/python3.8/site-packages/airflow/example_dags/example_task_group.py for tasks to queue
[2024-03-22T02:13:57.865+0000] {logging_mixin.py:188} INFO - [2024-03-22T02:13:57.865+0000] {dagbag.py:540} INFO - Filling up the DagBag from /home/airflow/.local/lib/python3.8/site-packages/airflow/example_dags/example_task_group.py
[2024-03-22T02:13:57.870+0000] {processor.py:840} INFO - DAG(s) 'example_task_group' retrieved from /home/airflow/.local/lib/python3.8/site-packages/airflow/example_dags/example_task_group.py
[2024-03-22T02:13:57.884+0000] {logging_mixin.py:188} INFO - [2024-03-22T02:13:57.883+0000] {dag.py:3047} INFO - Sync 1 DAGs
[2024-03-22T02:13:57.896+0000] {logging_mixin.py:188} INFO - [2024-03-22T02:13:57.896+0000] {dag.py:3834} INFO - Setting next_dagrun for example_task_group to 2024-03-21 00:00:00+00:00, run_after=2024-03-22 00:00:00+00:00
[2024-03-22T02:13:57.906+0000] {processor.py:183} INFO - Processing /home/airflow/.local/lib/python3.8/site-packages/airflow/example_dags/example_task_group.py took 0.045 seconds
[2024-03-22T02:14:27.944+0000] {processor.py:161} INFO - Started process (PID=1018) to work on /home/airflow/.local/lib/python3.8/site-packages/airflow/example_dags/example_task_group.py
[2024-03-22T02:14:27.945+0000] {processor.py:830} INFO - Processing file /home/airflow/.local/lib/python3.8/site-packages/airflow/example_dags/example_task_group.py for tasks to queue
[2024-03-22T02:14:27.945+0000] {logging_mixin.py:188} INFO - [2024-03-22T02:14:27.945+0000] {dagbag.py:540} INFO - Filling up the DagBag from /home/airflow/.local/lib/python3.8/site-packages/airflow/example_dags/example_task_group.py
[2024-03-22T02:14:27.950+0000] {processor.py:840} INFO - DAG(s) 'example_task_group' retrieved from /home/airflow/.local/lib/python3.8/site-packages/airflow/example_dags/example_task_group.py
[2024-03-22T02:14:27.963+0000] {logging_mixin.py:188} INFO - [2024-03-22T02:14:27.963+0000] {dag.py:3047} INFO - Sync 1 DAGs
[2024-03-22T02:14:27.974+0000] {logging_mixin.py:188} INFO - [2024-03-22T02:14:27.974+0000] {dag.py:3834} INFO - Setting next_dagrun for example_task_group to 2024-03-21 00:00:00+00:00, run_after=2024-03-22 00:00:00+00:00
[2024-03-22T02:14:27.983+0000] {processor.py:183} INFO - Processing /home/airflow/.local/lib/python3.8/site-packages/airflow/example_dags/example_task_group.py took 0.042 seconds
[2024-03-22T02:14:58.838+0000] {processor.py:161} INFO - Started process (PID=1265) to work on /home/airflow/.local/lib/python3.8/site-packages/airflow/example_dags/example_task_group.py
[2024-03-22T02:14:58.838+0000] {processor.py:830} INFO - Processing file /home/airflow/.local/lib/python3.8/site-packages/airflow/example_dags/example_task_group.py for tasks to queue
[2024-03-22T02:14:58.839+0000] {logging_mixin.py:188} INFO - [2024-03-22T02:14:58.839+0000] {dagbag.py:540} INFO - Filling up the DagBag from /home/airflow/.local/lib/python3.8/site-packages/airflow/example_dags/example_task_group.py
[2024-03-22T02:14:58.844+0000] {processor.py:840} INFO - DAG(s) 'example_task_group' retrieved from /home/airflow/.local/lib/python3.8/site-packages/airflow/example_dags/example_task_group.py
[2024-03-22T02:14:58.856+0000] {logging_mixin.py:188} INFO - [2024-03-22T02:14:58.856+0000] {dag.py:3047} INFO - Sync 1 DAGs
[2024-03-22T02:14:58.867+0000] {logging_mixin.py:188} INFO - [2024-03-22T02:14:58.867+0000] {dag.py:3834} INFO - Setting next_dagrun for example_task_group to 2024-03-21 00:00:00+00:00, run_after=2024-03-22 00:00:00+00:00
[2024-03-22T02:14:58.876+0000] {processor.py:183} INFO - Processing /home/airflow/.local/lib/python3.8/site-packages/airflow/example_dags/example_task_group.py took 0.041 seconds
[2024-03-22T02:15:29.828+0000] {processor.py:161} INFO - Started process (PID=1512) to work on /home/airflow/.local/lib/python3.8/site-packages/airflow/example_dags/example_task_group.py
[2024-03-22T02:15:29.828+0000] {processor.py:830} INFO - Processing file /home/airflow/.local/lib/python3.8/site-packages/airflow/example_dags/example_task_group.py for tasks to queue
[2024-03-22T02:15:29.829+0000] {logging_mixin.py:188} INFO - [2024-03-22T02:15:29.829+0000] {dagbag.py:540} INFO - Filling up the DagBag from /home/airflow/.local/lib/python3.8/site-packages/airflow/example_dags/example_task_group.py
[2024-03-22T02:15:29.834+0000] {processor.py:840} INFO - DAG(s) 'example_task_group' retrieved from /home/airflow/.local/lib/python3.8/site-packages/airflow/example_dags/example_task_group.py
[2024-03-22T02:15:29.845+0000] {logging_mixin.py:188} INFO - [2024-03-22T02:15:29.845+0000] {dag.py:3047} INFO - Sync 1 DAGs
[2024-03-22T02:15:29.856+0000] {logging_mixin.py:188} INFO - [2024-03-22T02:15:29.856+0000] {dag.py:3834} INFO - Setting next_dagrun for example_task_group to 2024-03-21 00:00:00+00:00, run_after=2024-03-22 00:00:00+00:00
[2024-03-22T02:15:29.865+0000] {processor.py:183} INFO - Processing /home/airflow/.local/lib/python3.8/site-packages/airflow/example_dags/example_task_group.py took 0.040 seconds
[2024-03-22T02:16:00.748+0000] {processor.py:161} INFO - Started process (PID=1759) to work on /home/airflow/.local/lib/python3.8/site-packages/airflow/example_dags/example_task_group.py
[2024-03-22T02:16:00.748+0000] {processor.py:830} INFO - Processing file /home/airflow/.local/lib/python3.8/site-packages/airflow/example_dags/example_task_group.py for tasks to queue
[2024-03-22T02:16:00.749+0000] {logging_mixin.py:188} INFO - [2024-03-22T02:16:00.749+0000] {dagbag.py:540} INFO - Filling up the DagBag from /home/airflow/.local/lib/python3.8/site-packages/airflow/example_dags/example_task_group.py
[2024-03-22T02:16:00.754+0000] {processor.py:840} INFO - DAG(s) 'example_task_group' retrieved from /home/airflow/.local/lib/python3.8/site-packages/airflow/example_dags/example_task_group.py
[2024-03-22T02:16:00.767+0000] {logging_mixin.py:188} INFO - [2024-03-22T02:16:00.766+0000] {dag.py:3047} INFO - Sync 1 DAGs
[2024-03-22T02:16:00.778+0000] {logging_mixin.py:188} INFO - [2024-03-22T02:16:00.778+0000] {dag.py:3834} INFO - Setting next_dagrun for example_task_group to 2024-03-21 00:00:00+00:00, run_after=2024-03-22 00:00:00+00:00
[2024-03-22T02:16:00.788+0000] {processor.py:183} INFO - Processing /home/airflow/.local/lib/python3.8/site-packages/airflow/example_dags/example_task_group.py took 0.042 seconds
[2024-03-22T02:16:31.785+0000] {processor.py:161} INFO - Started process (PID=2006) to work on /home/airflow/.local/lib/python3.8/site-packages/airflow/example_dags/example_task_group.py
[2024-03-22T02:16:31.785+0000] {processor.py:830} INFO - Processing file /home/airflow/.local/lib/python3.8/site-packages/airflow/example_dags/example_task_group.py for tasks to queue
[2024-03-22T02:16:31.786+0000] {logging_mixin.py:188} INFO - [2024-03-22T02:16:31.786+0000] {dagbag.py:540} INFO - Filling up the DagBag from /home/airflow/.local/lib/python3.8/site-packages/airflow/example_dags/example_task_group.py
[2024-03-22T02:16:31.791+0000] {processor.py:840} INFO - DAG(s) 'example_task_group' retrieved from /home/airflow/.local/lib/python3.8/site-packages/airflow/example_dags/example_task_group.py
[2024-03-22T02:16:31.804+0000] {logging_mixin.py:188} INFO - [2024-03-22T02:16:31.804+0000] {dag.py:3047} INFO - Sync 1 DAGs
[2024-03-22T02:16:31.815+0000] {logging_mixin.py:188} INFO - [2024-03-22T02:16:31.815+0000] {dag.py:3834} INFO - Setting next_dagrun for example_task_group to 2024-03-21 00:00:00+00:00, run_after=2024-03-22 00:00:00+00:00
[2024-03-22T02:16:31.826+0000] {processor.py:183} INFO - Processing /home/airflow/.local/lib/python3.8/site-packages/airflow/example_dags/example_task_group.py took 0.044 seconds
[2024-03-22T02:17:02.713+0000] {processor.py:161} INFO - Started process (PID=2279) to work on /home/airflow/.local/lib/python3.8/site-packages/airflow/example_dags/example_task_group.py
[2024-03-22T02:17:02.714+0000] {processor.py:830} INFO - Processing file /home/airflow/.local/lib/python3.8/site-packages/airflow/example_dags/example_task_group.py for tasks to queue
[2024-03-22T02:17:02.714+0000] {logging_mixin.py:188} INFO - [2024-03-22T02:17:02.714+0000] {dagbag.py:540} INFO - Filling up the DagBag from /home/airflow/.local/lib/python3.8/site-packages/airflow/example_dags/example_task_group.py
[2024-03-22T02:17:02.719+0000] {processor.py:840} INFO - DAG(s) 'example_task_group' retrieved from /home/airflow/.local/lib/python3.8/site-packages/airflow/example_dags/example_task_group.py
[2024-03-22T02:17:02.732+0000] {logging_mixin.py:188} INFO - [2024-03-22T02:17:02.732+0000] {dag.py:3047} INFO - Sync 1 DAGs
[2024-03-22T02:17:02.744+0000] {logging_mixin.py:188} INFO - [2024-03-22T02:17:02.744+0000] {dag.py:3834} INFO - Setting next_dagrun for example_task_group to 2024-03-21 00:00:00+00:00, run_after=2024-03-22 00:00:00+00:00
[2024-03-22T02:17:02.754+0000] {processor.py:183} INFO - Processing /home/airflow/.local/lib/python3.8/site-packages/airflow/example_dags/example_task_group.py took 0.043 seconds
[2024-03-22T02:17:33.755+0000] {processor.py:161} INFO - Started process (PID=2526) to work on /home/airflow/.local/lib/python3.8/site-packages/airflow/example_dags/example_task_group.py
[2024-03-22T02:17:33.755+0000] {processor.py:830} INFO - Processing file /home/airflow/.local/lib/python3.8/site-packages/airflow/example_dags/example_task_group.py for tasks to queue
[2024-03-22T02:17:33.756+0000] {logging_mixin.py:188} INFO - [2024-03-22T02:17:33.756+0000] {dagbag.py:540} INFO - Filling up the DagBag from /home/airflow/.local/lib/python3.8/site-packages/airflow/example_dags/example_task_group.py
[2024-03-22T02:17:33.761+0000] {processor.py:840} INFO - DAG(s) 'example_task_group' retrieved from /home/airflow/.local/lib/python3.8/site-packages/airflow/example_dags/example_task_group.py
[2024-03-22T02:17:33.774+0000] {logging_mixin.py:188} INFO - [2024-03-22T02:17:33.774+0000] {dag.py:3047} INFO - Sync 1 DAGs
[2024-03-22T02:17:33.786+0000] {logging_mixin.py:188} INFO - [2024-03-22T02:17:33.785+0000] {dag.py:3834} INFO - Setting next_dagrun for example_task_group to 2024-03-21 00:00:00+00:00, run_after=2024-03-22 00:00:00+00:00
[2024-03-22T02:17:33.795+0000] {processor.py:183} INFO - Processing /home/airflow/.local/lib/python3.8/site-packages/airflow/example_dags/example_task_group.py took 0.042 seconds
[2024-03-22T02:18:03.828+0000] {processor.py:161} INFO - Started process (PID=2773) to work on /home/airflow/.local/lib/python3.8/site-packages/airflow/example_dags/example_task_group.py
[2024-03-22T02:18:03.828+0000] {processor.py:830} INFO - Processing file /home/airflow/.local/lib/python3.8/site-packages/airflow/example_dags/example_task_group.py for tasks to queue
[2024-03-22T02:18:03.829+0000] {logging_mixin.py:188} INFO - [2024-03-22T02:18:03.829+0000] {dagbag.py:540} INFO - Filling up the DagBag from /home/airflow/.local/lib/python3.8/site-packages/airflow/example_dags/example_task_group.py
[2024-03-22T02:18:03.834+0000] {processor.py:840} INFO - DAG(s) 'example_task_group' retrieved from /home/airflow/.local/lib/python3.8/site-packages/airflow/example_dags/example_task_group.py
[2024-03-22T02:18:03.846+0000] {logging_mixin.py:188} INFO - [2024-03-22T02:18:03.846+0000] {dag.py:3047} INFO - Sync 1 DAGs
[2024-03-22T02:18:03.858+0000] {logging_mixin.py:188} INFO - [2024-03-22T02:18:03.857+0000] {dag.py:3834} INFO - Setting next_dagrun for example_task_group to 2024-03-21 00:00:00+00:00, run_after=2024-03-22 00:00:00+00:00
[2024-03-22T02:18:03.866+0000] {processor.py:183} INFO - Processing /home/airflow/.local/lib/python3.8/site-packages/airflow/example_dags/example_task_group.py took 0.041 seconds
[2024-03-22T02:18:34.720+0000] {processor.py:161} INFO - Started process (PID=3020) to work on /home/airflow/.local/lib/python3.8/site-packages/airflow/example_dags/example_task_group.py
[2024-03-22T02:18:34.721+0000] {processor.py:830} INFO - Processing file /home/airflow/.local/lib/python3.8/site-packages/airflow/example_dags/example_task_group.py for tasks to queue
[2024-03-22T02:18:34.721+0000] {logging_mixin.py:188} INFO - [2024-03-22T02:18:34.721+0000] {dagbag.py:540} INFO - Filling up the DagBag from /home/airflow/.local/lib/python3.8/site-packages/airflow/example_dags/example_task_group.py
[2024-03-22T02:18:34.727+0000] {processor.py:840} INFO - DAG(s) 'example_task_group' retrieved from /home/airflow/.local/lib/python3.8/site-packages/airflow/example_dags/example_task_group.py
[2024-03-22T02:18:34.742+0000] {logging_mixin.py:188} INFO - [2024-03-22T02:18:34.741+0000] {dag.py:3047} INFO - Sync 1 DAGs
[2024-03-22T02:18:34.755+0000] {logging_mixin.py:188} INFO - [2024-03-22T02:18:34.755+0000] {dag.py:3834} INFO - Setting next_dagrun for example_task_group to 2024-03-21 00:00:00+00:00, run_after=2024-03-22 00:00:00+00:00
[2024-03-22T02:18:34.767+0000] {processor.py:183} INFO - Processing /home/airflow/.local/lib/python3.8/site-packages/airflow/example_dags/example_task_group.py took 0.049 seconds
[2024-03-22T02:19:04.868+0000] {processor.py:161} INFO - Started process (PID=3265) to work on /home/airflow/.local/lib/python3.8/site-packages/airflow/example_dags/example_task_group.py
[2024-03-22T02:19:04.869+0000] {processor.py:830} INFO - Processing file /home/airflow/.local/lib/python3.8/site-packages/airflow/example_dags/example_task_group.py for tasks to queue
[2024-03-22T02:19:04.870+0000] {logging_mixin.py:188} INFO - [2024-03-22T02:19:04.869+0000] {dagbag.py:540} INFO - Filling up the DagBag from /home/airflow/.local/lib/python3.8/site-packages/airflow/example_dags/example_task_group.py
[2024-03-22T02:19:04.874+0000] {processor.py:840} INFO - DAG(s) 'example_task_group' retrieved from /home/airflow/.local/lib/python3.8/site-packages/airflow/example_dags/example_task_group.py
[2024-03-22T02:19:04.886+0000] {logging_mixin.py:188} INFO - [2024-03-22T02:19:04.885+0000] {dag.py:3047} INFO - Sync 1 DAGs
[2024-03-22T02:19:04.896+0000] {logging_mixin.py:188} INFO - [2024-03-22T02:19:04.896+0000] {dag.py:3834} INFO - Setting next_dagrun for example_task_group to 2024-03-21 00:00:00+00:00, run_after=2024-03-22 00:00:00+00:00
[2024-03-22T02:19:04.905+0000] {processor.py:183} INFO - Processing /home/airflow/.local/lib/python3.8/site-packages/airflow/example_dags/example_task_group.py took 0.039 seconds
[2024-03-22T02:19:34.947+0000] {processor.py:161} INFO - Started process (PID=3512) to work on /home/airflow/.local/lib/python3.8/site-packages/airflow/example_dags/example_task_group.py
[2024-03-22T02:19:34.947+0000] {processor.py:830} INFO - Processing file /home/airflow/.local/lib/python3.8/site-packages/airflow/example_dags/example_task_group.py for tasks to queue
[2024-03-22T02:19:34.948+0000] {logging_mixin.py:188} INFO - [2024-03-22T02:19:34.948+0000] {dagbag.py:540} INFO - Filling up the DagBag from /home/airflow/.local/lib/python3.8/site-packages/airflow/example_dags/example_task_group.py
[2024-03-22T02:19:34.952+0000] {processor.py:840} INFO - DAG(s) 'example_task_group' retrieved from /home/airflow/.local/lib/python3.8/site-packages/airflow/example_dags/example_task_group.py
[2024-03-22T02:19:34.964+0000] {logging_mixin.py:188} INFO - [2024-03-22T02:19:34.964+0000] {dag.py:3047} INFO - Sync 1 DAGs
[2024-03-22T02:19:34.975+0000] {logging_mixin.py:188} INFO - [2024-03-22T02:19:34.975+0000] {dag.py:3834} INFO - Setting next_dagrun for example_task_group to 2024-03-21 00:00:00+00:00, run_after=2024-03-22 00:00:00+00:00
[2024-03-22T02:19:34.985+0000] {processor.py:183} INFO - Processing /home/airflow/.local/lib/python3.8/site-packages/airflow/example_dags/example_task_group.py took 0.041 seconds
[2024-03-22T03:21:01.748+0000] {processor.py:161} INFO - Started process (PID=277) to work on /home/airflow/.local/lib/python3.8/site-packages/airflow/example_dags/example_task_group.py
[2024-03-22T03:21:01.749+0000] {processor.py:830} INFO - Processing file /home/airflow/.local/lib/python3.8/site-packages/airflow/example_dags/example_task_group.py for tasks to queue
[2024-03-22T03:21:01.749+0000] {logging_mixin.py:188} INFO - [2024-03-22T03:21:01.749+0000] {dagbag.py:540} INFO - Filling up the DagBag from /home/airflow/.local/lib/python3.8/site-packages/airflow/example_dags/example_task_group.py
[2024-03-22T03:21:01.754+0000] {processor.py:840} INFO - DAG(s) 'example_task_group' retrieved from /home/airflow/.local/lib/python3.8/site-packages/airflow/example_dags/example_task_group.py
[2024-03-22T03:21:01.807+0000] {logging_mixin.py:188} INFO - [2024-03-22T03:21:01.807+0000] {override.py:1769} INFO - Created Permission View: can read on DAG:example_task_group
[2024-03-22T03:21:01.812+0000] {logging_mixin.py:188} INFO - [2024-03-22T03:21:01.812+0000] {override.py:1769} INFO - Created Permission View: can delete on DAG:example_task_group
[2024-03-22T03:21:01.815+0000] {logging_mixin.py:188} INFO - [2024-03-22T03:21:01.815+0000] {override.py:1769} INFO - Created Permission View: can edit on DAG:example_task_group
[2024-03-22T03:21:01.815+0000] {logging_mixin.py:188} INFO - [2024-03-22T03:21:01.815+0000] {dag.py:3047} INFO - Sync 1 DAGs
[2024-03-22T03:21:01.821+0000] {logging_mixin.py:188} INFO - [2024-03-22T03:21:01.820+0000] {dag.py:3069} INFO - Creating ORM DAG for example_task_group
[2024-03-22T03:21:01.826+0000] {logging_mixin.py:188} INFO - [2024-03-22T03:21:01.826+0000] {dag.py:3834} INFO - Setting next_dagrun for example_task_group to 2024-03-21 00:00:00+00:00, run_after=2024-03-22 00:00:00+00:00
[2024-03-22T03:21:01.835+0000] {processor.py:183} INFO - Processing /home/airflow/.local/lib/python3.8/site-packages/airflow/example_dags/example_task_group.py took 0.089 seconds
[2024-03-22T03:21:32.648+0000] {processor.py:161} INFO - Started process (PID=524) to work on /home/airflow/.local/lib/python3.8/site-packages/airflow/example_dags/example_task_group.py
[2024-03-22T03:21:32.649+0000] {processor.py:830} INFO - Processing file /home/airflow/.local/lib/python3.8/site-packages/airflow/example_dags/example_task_group.py for tasks to queue
[2024-03-22T03:21:32.650+0000] {logging_mixin.py:188} INFO - [2024-03-22T03:21:32.650+0000] {dagbag.py:540} INFO - Filling up the DagBag from /home/airflow/.local/lib/python3.8/site-packages/airflow/example_dags/example_task_group.py
[2024-03-22T03:21:32.655+0000] {processor.py:840} INFO - DAG(s) 'example_task_group' retrieved from /home/airflow/.local/lib/python3.8/site-packages/airflow/example_dags/example_task_group.py
[2024-03-22T03:21:32.667+0000] {logging_mixin.py:188} INFO - [2024-03-22T03:21:32.667+0000] {dag.py:3047} INFO - Sync 1 DAGs
[2024-03-22T03:21:32.678+0000] {logging_mixin.py:188} INFO - [2024-03-22T03:21:32.678+0000] {dag.py:3834} INFO - Setting next_dagrun for example_task_group to 2024-03-21 00:00:00+00:00, run_after=2024-03-22 00:00:00+00:00
[2024-03-22T03:21:32.687+0000] {processor.py:183} INFO - Processing /home/airflow/.local/lib/python3.8/site-packages/airflow/example_dags/example_task_group.py took 0.041 seconds
[2024-03-22T03:22:03.407+0000] {processor.py:161} INFO - Started process (PID=771) to work on /home/airflow/.local/lib/python3.8/site-packages/airflow/example_dags/example_task_group.py
[2024-03-22T03:22:03.408+0000] {processor.py:830} INFO - Processing file /home/airflow/.local/lib/python3.8/site-packages/airflow/example_dags/example_task_group.py for tasks to queue
[2024-03-22T03:22:03.408+0000] {logging_mixin.py:188} INFO - [2024-03-22T03:22:03.408+0000] {dagbag.py:540} INFO - Filling up the DagBag from /home/airflow/.local/lib/python3.8/site-packages/airflow/example_dags/example_task_group.py
[2024-03-22T03:22:03.413+0000] {processor.py:840} INFO - DAG(s) 'example_task_group' retrieved from /home/airflow/.local/lib/python3.8/site-packages/airflow/example_dags/example_task_group.py
[2024-03-22T03:22:03.425+0000] {logging_mixin.py:188} INFO - [2024-03-22T03:22:03.425+0000] {dag.py:3047} INFO - Sync 1 DAGs
[2024-03-22T03:22:03.436+0000] {logging_mixin.py:188} INFO - [2024-03-22T03:22:03.436+0000] {dag.py:3834} INFO - Setting next_dagrun for example_task_group to 2024-03-21 00:00:00+00:00, run_after=2024-03-22 00:00:00+00:00
[2024-03-22T03:22:03.445+0000] {processor.py:183} INFO - Processing /home/airflow/.local/lib/python3.8/site-packages/airflow/example_dags/example_task_group.py took 0.040 seconds
[2024-03-22T03:22:34.236+0000] {processor.py:161} INFO - Started process (PID=1018) to work on /home/airflow/.local/lib/python3.8/site-packages/airflow/example_dags/example_task_group.py
[2024-03-22T03:22:34.237+0000] {processor.py:830} INFO - Processing file /home/airflow/.local/lib/python3.8/site-packages/airflow/example_dags/example_task_group.py for tasks to queue
[2024-03-22T03:22:34.237+0000] {logging_mixin.py:188} INFO - [2024-03-22T03:22:34.237+0000] {dagbag.py:540} INFO - Filling up the DagBag from /home/airflow/.local/lib/python3.8/site-packages/airflow/example_dags/example_task_group.py
[2024-03-22T03:22:34.242+0000] {processor.py:840} INFO - DAG(s) 'example_task_group' retrieved from /home/airflow/.local/lib/python3.8/site-packages/airflow/example_dags/example_task_group.py
[2024-03-22T03:22:34.255+0000] {logging_mixin.py:188} INFO - [2024-03-22T03:22:34.254+0000] {dag.py:3047} INFO - Sync 1 DAGs
[2024-03-22T03:22:34.266+0000] {logging_mixin.py:188} INFO - [2024-03-22T03:22:34.266+0000] {dag.py:3834} INFO - Setting next_dagrun for example_task_group to 2024-03-21 00:00:00+00:00, run_after=2024-03-22 00:00:00+00:00
[2024-03-22T03:22:34.275+0000] {processor.py:183} INFO - Processing /home/airflow/.local/lib/python3.8/site-packages/airflow/example_dags/example_task_group.py took 0.041 seconds
[2024-03-22T03:23:05.064+0000] {processor.py:161} INFO - Started process (PID=1265) to work on /home/airflow/.local/lib/python3.8/site-packages/airflow/example_dags/example_task_group.py
[2024-03-22T03:23:05.065+0000] {processor.py:830} INFO - Processing file /home/airflow/.local/lib/python3.8/site-packages/airflow/example_dags/example_task_group.py for tasks to queue
[2024-03-22T03:23:05.066+0000] {logging_mixin.py:188} INFO - [2024-03-22T03:23:05.066+0000] {dagbag.py:540} INFO - Filling up the DagBag from /home/airflow/.local/lib/python3.8/site-packages/airflow/example_dags/example_task_group.py
[2024-03-22T03:23:05.071+0000] {processor.py:840} INFO - DAG(s) 'example_task_group' retrieved from /home/airflow/.local/lib/python3.8/site-packages/airflow/example_dags/example_task_group.py
[2024-03-22T03:23:05.083+0000] {logging_mixin.py:188} INFO - [2024-03-22T03:23:05.083+0000] {dag.py:3047} INFO - Sync 1 DAGs
[2024-03-22T03:23:05.095+0000] {logging_mixin.py:188} INFO - [2024-03-22T03:23:05.095+0000] {dag.py:3834} INFO - Setting next_dagrun for example_task_group to 2024-03-21 00:00:00+00:00, run_after=2024-03-22 00:00:00+00:00
[2024-03-22T03:23:05.105+0000] {processor.py:183} INFO - Processing /home/airflow/.local/lib/python3.8/site-packages/airflow/example_dags/example_task_group.py took 0.043 seconds
