[2024-03-22T02:12:56.404+0000] {processor.py:161} INFO - Started process (PID=264) to work on /home/airflow/.local/lib/python3.8/site-packages/airflow/example_dags/example_datasets.py
[2024-03-22T02:12:56.405+0000] {processor.py:830} INFO - Processing file /home/airflow/.local/lib/python3.8/site-packages/airflow/example_dags/example_datasets.py for tasks to queue
[2024-03-22T02:12:56.406+0000] {logging_mixin.py:188} INFO - [2024-03-22T02:12:56.406+0000] {dagbag.py:540} INFO - Filling up the DagBag from /home/airflow/.local/lib/python3.8/site-packages/airflow/example_dags/example_datasets.py
[2024-03-22T02:12:56.412+0000] {processor.py:840} INFO - DAG(s) 'dataset_produces_1', 'dataset_consumes_1', 'dataset_consumes_unknown_never_scheduled', 'dataset_produces_2', 'dataset_consumes_1_never_scheduled', 'dataset_consumes_1_and_2' retrieved from /home/airflow/.local/lib/python3.8/site-packages/airflow/example_dags/example_datasets.py
[2024-03-22T02:12:56.421+0000] {logging_mixin.py:188} INFO - [2024-03-22T02:12:56.421+0000] {dag.py:3047} INFO - Sync 6 DAGs
[2024-03-22T02:12:56.433+0000] {logging_mixin.py:188} INFO - [2024-03-22T02:12:56.433+0000] {dag.py:3834} INFO - Setting next_dagrun for dataset_consumes_1 to None, run_after=None
[2024-03-22T02:12:56.435+0000] {logging_mixin.py:188} INFO - [2024-03-22T02:12:56.435+0000] {dag.py:3834} INFO - Setting next_dagrun for dataset_consumes_1_and_2 to None, run_after=None
[2024-03-22T02:12:56.436+0000] {logging_mixin.py:188} INFO - [2024-03-22T02:12:56.436+0000] {dag.py:3834} INFO - Setting next_dagrun for dataset_consumes_1_never_scheduled to None, run_after=None
[2024-03-22T02:12:56.436+0000] {logging_mixin.py:188} INFO - [2024-03-22T02:12:56.436+0000] {dag.py:3834} INFO - Setting next_dagrun for dataset_consumes_unknown_never_scheduled to None, run_after=None
[2024-03-22T02:12:56.438+0000] {logging_mixin.py:188} INFO - [2024-03-22T02:12:56.438+0000] {dag.py:3834} INFO - Setting next_dagrun for dataset_produces_1 to 2024-03-21 00:00:00+00:00, run_after=2024-03-22 00:00:00+00:00
[2024-03-22T02:12:56.439+0000] {logging_mixin.py:188} INFO - [2024-03-22T02:12:56.439+0000] {dag.py:3834} INFO - Setting next_dagrun for dataset_produces_2 to None, run_after=None
[2024-03-22T02:12:56.453+0000] {processor.py:183} INFO - Processing /home/airflow/.local/lib/python3.8/site-packages/airflow/example_dags/example_datasets.py took 0.051 seconds
[2024-03-22T02:13:27.376+0000] {processor.py:161} INFO - Started process (PID=511) to work on /home/airflow/.local/lib/python3.8/site-packages/airflow/example_dags/example_datasets.py
[2024-03-22T02:13:27.377+0000] {processor.py:830} INFO - Processing file /home/airflow/.local/lib/python3.8/site-packages/airflow/example_dags/example_datasets.py for tasks to queue
[2024-03-22T02:13:27.377+0000] {logging_mixin.py:188} INFO - [2024-03-22T02:13:27.377+0000] {dagbag.py:540} INFO - Filling up the DagBag from /home/airflow/.local/lib/python3.8/site-packages/airflow/example_dags/example_datasets.py
[2024-03-22T02:13:27.383+0000] {processor.py:840} INFO - DAG(s) 'dataset_consumes_unknown_never_scheduled', 'dataset_consumes_1_and_2', 'dataset_produces_1', 'dataset_consumes_1_never_scheduled', 'dataset_produces_2', 'dataset_consumes_1' retrieved from /home/airflow/.local/lib/python3.8/site-packages/airflow/example_dags/example_datasets.py
[2024-03-22T02:13:27.460+0000] {logging_mixin.py:188} INFO - [2024-03-22T02:13:27.460+0000] {dag.py:3047} INFO - Sync 6 DAGs
[2024-03-22T02:13:27.471+0000] {logging_mixin.py:188} INFO - [2024-03-22T02:13:27.471+0000] {dag.py:3834} INFO - Setting next_dagrun for dataset_consumes_1 to None, run_after=None
[2024-03-22T02:13:27.473+0000] {logging_mixin.py:188} INFO - [2024-03-22T02:13:27.473+0000] {dag.py:3834} INFO - Setting next_dagrun for dataset_consumes_1_and_2 to None, run_after=None
[2024-03-22T02:13:27.473+0000] {logging_mixin.py:188} INFO - [2024-03-22T02:13:27.473+0000] {dag.py:3834} INFO - Setting next_dagrun for dataset_consumes_1_never_scheduled to None, run_after=None
[2024-03-22T02:13:27.474+0000] {logging_mixin.py:188} INFO - [2024-03-22T02:13:27.474+0000] {dag.py:3834} INFO - Setting next_dagrun for dataset_consumes_unknown_never_scheduled to None, run_after=None
[2024-03-22T02:13:27.476+0000] {logging_mixin.py:188} INFO - [2024-03-22T02:13:27.476+0000] {dag.py:3834} INFO - Setting next_dagrun for dataset_produces_1 to 2024-03-21 00:00:00+00:00, run_after=2024-03-22 00:00:00+00:00
[2024-03-22T02:13:27.477+0000] {logging_mixin.py:188} INFO - [2024-03-22T02:13:27.476+0000] {dag.py:3834} INFO - Setting next_dagrun for dataset_produces_2 to None, run_after=None
[2024-03-22T02:13:27.494+0000] {processor.py:183} INFO - Processing /home/airflow/.local/lib/python3.8/site-packages/airflow/example_dags/example_datasets.py took 0.120 seconds
[2024-03-22T02:13:57.771+0000] {processor.py:161} INFO - Started process (PID=756) to work on /home/airflow/.local/lib/python3.8/site-packages/airflow/example_dags/example_datasets.py
[2024-03-22T02:13:57.772+0000] {processor.py:830} INFO - Processing file /home/airflow/.local/lib/python3.8/site-packages/airflow/example_dags/example_datasets.py for tasks to queue
[2024-03-22T02:13:57.773+0000] {logging_mixin.py:188} INFO - [2024-03-22T02:13:57.772+0000] {dagbag.py:540} INFO - Filling up the DagBag from /home/airflow/.local/lib/python3.8/site-packages/airflow/example_dags/example_datasets.py
[2024-03-22T02:13:57.778+0000] {processor.py:840} INFO - DAG(s) 'dataset_consumes_unknown_never_scheduled', 'dataset_produces_2', 'dataset_consumes_1_never_scheduled', 'dataset_produces_1', 'dataset_consumes_1', 'dataset_consumes_1_and_2' retrieved from /home/airflow/.local/lib/python3.8/site-packages/airflow/example_dags/example_datasets.py
[2024-03-22T02:13:57.798+0000] {logging_mixin.py:188} INFO - [2024-03-22T02:13:57.798+0000] {dag.py:3047} INFO - Sync 6 DAGs
[2024-03-22T02:13:57.811+0000] {logging_mixin.py:188} INFO - [2024-03-22T02:13:57.811+0000] {dag.py:3834} INFO - Setting next_dagrun for dataset_consumes_1 to None, run_after=None
[2024-03-22T02:13:57.813+0000] {logging_mixin.py:188} INFO - [2024-03-22T02:13:57.813+0000] {dag.py:3834} INFO - Setting next_dagrun for dataset_consumes_1_and_2 to None, run_after=None
[2024-03-22T02:13:57.814+0000] {logging_mixin.py:188} INFO - [2024-03-22T02:13:57.814+0000] {dag.py:3834} INFO - Setting next_dagrun for dataset_consumes_1_never_scheduled to None, run_after=None
[2024-03-22T02:13:57.815+0000] {logging_mixin.py:188} INFO - [2024-03-22T02:13:57.815+0000] {dag.py:3834} INFO - Setting next_dagrun for dataset_consumes_unknown_never_scheduled to None, run_after=None
[2024-03-22T02:13:57.817+0000] {logging_mixin.py:188} INFO - [2024-03-22T02:13:57.817+0000] {dag.py:3834} INFO - Setting next_dagrun for dataset_produces_1 to 2024-03-21 00:00:00+00:00, run_after=2024-03-22 00:00:00+00:00
[2024-03-22T02:13:57.818+0000] {logging_mixin.py:188} INFO - [2024-03-22T02:13:57.818+0000] {dag.py:3834} INFO - Setting next_dagrun for dataset_produces_2 to None, run_after=None
[2024-03-22T02:13:57.833+0000] {processor.py:183} INFO - Processing /home/airflow/.local/lib/python3.8/site-packages/airflow/example_dags/example_datasets.py took 0.065 seconds
[2024-03-22T02:14:27.865+0000] {processor.py:161} INFO - Started process (PID=1003) to work on /home/airflow/.local/lib/python3.8/site-packages/airflow/example_dags/example_datasets.py
[2024-03-22T02:14:27.866+0000] {processor.py:830} INFO - Processing file /home/airflow/.local/lib/python3.8/site-packages/airflow/example_dags/example_datasets.py for tasks to queue
[2024-03-22T02:14:27.867+0000] {logging_mixin.py:188} INFO - [2024-03-22T02:14:27.866+0000] {dagbag.py:540} INFO - Filling up the DagBag from /home/airflow/.local/lib/python3.8/site-packages/airflow/example_dags/example_datasets.py
[2024-03-22T02:14:27.872+0000] {processor.py:840} INFO - DAG(s) 'dataset_produces_1', 'dataset_consumes_unknown_never_scheduled', 'dataset_consumes_1_and_2', 'dataset_consumes_1', 'dataset_consumes_1_never_scheduled', 'dataset_produces_2' retrieved from /home/airflow/.local/lib/python3.8/site-packages/airflow/example_dags/example_datasets.py
[2024-03-22T02:14:27.892+0000] {logging_mixin.py:188} INFO - [2024-03-22T02:14:27.891+0000] {dag.py:3047} INFO - Sync 6 DAGs
[2024-03-22T02:14:27.904+0000] {logging_mixin.py:188} INFO - [2024-03-22T02:14:27.903+0000] {dag.py:3834} INFO - Setting next_dagrun for dataset_consumes_1 to None, run_after=None
[2024-03-22T02:14:27.909+0000] {logging_mixin.py:188} INFO - [2024-03-22T02:14:27.909+0000] {dag.py:3834} INFO - Setting next_dagrun for dataset_consumes_1_and_2 to None, run_after=None
[2024-03-22T02:14:27.910+0000] {logging_mixin.py:188} INFO - [2024-03-22T02:14:27.909+0000] {dag.py:3834} INFO - Setting next_dagrun for dataset_consumes_1_never_scheduled to None, run_after=None
[2024-03-22T02:14:27.910+0000] {logging_mixin.py:188} INFO - [2024-03-22T02:14:27.910+0000] {dag.py:3834} INFO - Setting next_dagrun for dataset_consumes_unknown_never_scheduled to None, run_after=None
[2024-03-22T02:14:27.912+0000] {logging_mixin.py:188} INFO - [2024-03-22T02:14:27.912+0000] {dag.py:3834} INFO - Setting next_dagrun for dataset_produces_1 to 2024-03-21 00:00:00+00:00, run_after=2024-03-22 00:00:00+00:00
[2024-03-22T02:14:27.912+0000] {logging_mixin.py:188} INFO - [2024-03-22T02:14:27.912+0000] {dag.py:3834} INFO - Setting next_dagrun for dataset_produces_2 to None, run_after=None
[2024-03-22T02:14:27.926+0000] {processor.py:183} INFO - Processing /home/airflow/.local/lib/python3.8/site-packages/airflow/example_dags/example_datasets.py took 0.063 seconds
[2024-03-22T02:14:58.763+0000] {processor.py:161} INFO - Started process (PID=1250) to work on /home/airflow/.local/lib/python3.8/site-packages/airflow/example_dags/example_datasets.py
[2024-03-22T02:14:58.764+0000] {processor.py:830} INFO - Processing file /home/airflow/.local/lib/python3.8/site-packages/airflow/example_dags/example_datasets.py for tasks to queue
[2024-03-22T02:14:58.764+0000] {logging_mixin.py:188} INFO - [2024-03-22T02:14:58.764+0000] {dagbag.py:540} INFO - Filling up the DagBag from /home/airflow/.local/lib/python3.8/site-packages/airflow/example_dags/example_datasets.py
[2024-03-22T02:14:58.770+0000] {processor.py:840} INFO - DAG(s) 'dataset_consumes_1', 'dataset_consumes_1_and_2', 'dataset_produces_1', 'dataset_consumes_1_never_scheduled', 'dataset_produces_2', 'dataset_consumes_unknown_never_scheduled' retrieved from /home/airflow/.local/lib/python3.8/site-packages/airflow/example_dags/example_datasets.py
[2024-03-22T02:14:58.789+0000] {logging_mixin.py:188} INFO - [2024-03-22T02:14:58.789+0000] {dag.py:3047} INFO - Sync 6 DAGs
[2024-03-22T02:14:58.801+0000] {logging_mixin.py:188} INFO - [2024-03-22T02:14:58.801+0000] {dag.py:3834} INFO - Setting next_dagrun for dataset_consumes_1 to None, run_after=None
[2024-03-22T02:14:58.803+0000] {logging_mixin.py:188} INFO - [2024-03-22T02:14:58.803+0000] {dag.py:3834} INFO - Setting next_dagrun for dataset_consumes_1_and_2 to None, run_after=None
[2024-03-22T02:14:58.804+0000] {logging_mixin.py:188} INFO - [2024-03-22T02:14:58.804+0000] {dag.py:3834} INFO - Setting next_dagrun for dataset_consumes_1_never_scheduled to None, run_after=None
[2024-03-22T02:14:58.804+0000] {logging_mixin.py:188} INFO - [2024-03-22T02:14:58.804+0000] {dag.py:3834} INFO - Setting next_dagrun for dataset_consumes_unknown_never_scheduled to None, run_after=None
[2024-03-22T02:14:58.806+0000] {logging_mixin.py:188} INFO - [2024-03-22T02:14:58.806+0000] {dag.py:3834} INFO - Setting next_dagrun for dataset_produces_1 to 2024-03-21 00:00:00+00:00, run_after=2024-03-22 00:00:00+00:00
[2024-03-22T02:14:58.807+0000] {logging_mixin.py:188} INFO - [2024-03-22T02:14:58.807+0000] {dag.py:3834} INFO - Setting next_dagrun for dataset_produces_2 to None, run_after=None
[2024-03-22T02:14:58.821+0000] {processor.py:183} INFO - Processing /home/airflow/.local/lib/python3.8/site-packages/airflow/example_dags/example_datasets.py took 0.061 seconds
[2024-03-22T02:15:29.755+0000] {processor.py:161} INFO - Started process (PID=1497) to work on /home/airflow/.local/lib/python3.8/site-packages/airflow/example_dags/example_datasets.py
[2024-03-22T02:15:29.755+0000] {processor.py:830} INFO - Processing file /home/airflow/.local/lib/python3.8/site-packages/airflow/example_dags/example_datasets.py for tasks to queue
[2024-03-22T02:15:29.756+0000] {logging_mixin.py:188} INFO - [2024-03-22T02:15:29.756+0000] {dagbag.py:540} INFO - Filling up the DagBag from /home/airflow/.local/lib/python3.8/site-packages/airflow/example_dags/example_datasets.py
[2024-03-22T02:15:29.762+0000] {processor.py:840} INFO - DAG(s) 'dataset_consumes_1', 'dataset_consumes_unknown_never_scheduled', 'dataset_consumes_1_and_2', 'dataset_produces_1', 'dataset_consumes_1_never_scheduled', 'dataset_produces_2' retrieved from /home/airflow/.local/lib/python3.8/site-packages/airflow/example_dags/example_datasets.py
[2024-03-22T02:15:29.781+0000] {logging_mixin.py:188} INFO - [2024-03-22T02:15:29.781+0000] {dag.py:3047} INFO - Sync 6 DAGs
[2024-03-22T02:15:29.792+0000] {logging_mixin.py:188} INFO - [2024-03-22T02:15:29.792+0000] {dag.py:3834} INFO - Setting next_dagrun for dataset_consumes_1 to None, run_after=None
[2024-03-22T02:15:29.793+0000] {logging_mixin.py:188} INFO - [2024-03-22T02:15:29.793+0000] {dag.py:3834} INFO - Setting next_dagrun for dataset_consumes_1_and_2 to None, run_after=None
[2024-03-22T02:15:29.794+0000] {logging_mixin.py:188} INFO - [2024-03-22T02:15:29.794+0000] {dag.py:3834} INFO - Setting next_dagrun for dataset_consumes_1_never_scheduled to None, run_after=None
[2024-03-22T02:15:29.795+0000] {logging_mixin.py:188} INFO - [2024-03-22T02:15:29.795+0000] {dag.py:3834} INFO - Setting next_dagrun for dataset_consumes_unknown_never_scheduled to None, run_after=None
[2024-03-22T02:15:29.796+0000] {logging_mixin.py:188} INFO - [2024-03-22T02:15:29.796+0000] {dag.py:3834} INFO - Setting next_dagrun for dataset_produces_1 to 2024-03-21 00:00:00+00:00, run_after=2024-03-22 00:00:00+00:00
[2024-03-22T02:15:29.797+0000] {logging_mixin.py:188} INFO - [2024-03-22T02:15:29.796+0000] {dag.py:3834} INFO - Setting next_dagrun for dataset_produces_2 to None, run_after=None
[2024-03-22T02:15:29.811+0000] {processor.py:183} INFO - Processing /home/airflow/.local/lib/python3.8/site-packages/airflow/example_dags/example_datasets.py took 0.059 seconds
[2024-03-22T02:16:00.648+0000] {processor.py:161} INFO - Started process (PID=1744) to work on /home/airflow/.local/lib/python3.8/site-packages/airflow/example_dags/example_datasets.py
[2024-03-22T02:16:00.649+0000] {processor.py:830} INFO - Processing file /home/airflow/.local/lib/python3.8/site-packages/airflow/example_dags/example_datasets.py for tasks to queue
[2024-03-22T02:16:00.650+0000] {logging_mixin.py:188} INFO - [2024-03-22T02:16:00.649+0000] {dagbag.py:540} INFO - Filling up the DagBag from /home/airflow/.local/lib/python3.8/site-packages/airflow/example_dags/example_datasets.py
[2024-03-22T02:16:00.655+0000] {processor.py:840} INFO - DAG(s) 'dataset_consumes_1_never_scheduled', 'dataset_consumes_1', 'dataset_produces_2', 'dataset_consumes_1_and_2', 'dataset_consumes_unknown_never_scheduled', 'dataset_produces_1' retrieved from /home/airflow/.local/lib/python3.8/site-packages/airflow/example_dags/example_datasets.py
[2024-03-22T02:16:00.672+0000] {logging_mixin.py:188} INFO - [2024-03-22T02:16:00.672+0000] {dag.py:3047} INFO - Sync 6 DAGs
[2024-03-22T02:16:00.684+0000] {logging_mixin.py:188} INFO - [2024-03-22T02:16:00.684+0000] {dag.py:3834} INFO - Setting next_dagrun for dataset_consumes_1 to None, run_after=None
[2024-03-22T02:16:00.686+0000] {logging_mixin.py:188} INFO - [2024-03-22T02:16:00.686+0000] {dag.py:3834} INFO - Setting next_dagrun for dataset_consumes_1_and_2 to None, run_after=None
[2024-03-22T02:16:00.687+0000] {logging_mixin.py:188} INFO - [2024-03-22T02:16:00.686+0000] {dag.py:3834} INFO - Setting next_dagrun for dataset_consumes_1_never_scheduled to None, run_after=None
[2024-03-22T02:16:00.687+0000] {logging_mixin.py:188} INFO - [2024-03-22T02:16:00.687+0000] {dag.py:3834} INFO - Setting next_dagrun for dataset_consumes_unknown_never_scheduled to None, run_after=None
[2024-03-22T02:16:00.689+0000] {logging_mixin.py:188} INFO - [2024-03-22T02:16:00.689+0000] {dag.py:3834} INFO - Setting next_dagrun for dataset_produces_1 to 2024-03-21 00:00:00+00:00, run_after=2024-03-22 00:00:00+00:00
[2024-03-22T02:16:00.690+0000] {logging_mixin.py:188} INFO - [2024-03-22T02:16:00.690+0000] {dag.py:3834} INFO - Setting next_dagrun for dataset_produces_2 to None, run_after=None
[2024-03-22T02:16:00.705+0000] {processor.py:183} INFO - Processing /home/airflow/.local/lib/python3.8/site-packages/airflow/example_dags/example_datasets.py took 0.058 seconds
[2024-03-22T02:16:31.703+0000] {processor.py:161} INFO - Started process (PID=1991) to work on /home/airflow/.local/lib/python3.8/site-packages/airflow/example_dags/example_datasets.py
[2024-03-22T02:16:31.704+0000] {processor.py:830} INFO - Processing file /home/airflow/.local/lib/python3.8/site-packages/airflow/example_dags/example_datasets.py for tasks to queue
[2024-03-22T02:16:31.705+0000] {logging_mixin.py:188} INFO - [2024-03-22T02:16:31.705+0000] {dagbag.py:540} INFO - Filling up the DagBag from /home/airflow/.local/lib/python3.8/site-packages/airflow/example_dags/example_datasets.py
[2024-03-22T02:16:31.711+0000] {processor.py:840} INFO - DAG(s) 'dataset_produces_2', 'dataset_consumes_1', 'dataset_consumes_1_never_scheduled', 'dataset_consumes_unknown_never_scheduled', 'dataset_consumes_1_and_2', 'dataset_produces_1' retrieved from /home/airflow/.local/lib/python3.8/site-packages/airflow/example_dags/example_datasets.py
[2024-03-22T02:16:31.731+0000] {logging_mixin.py:188} INFO - [2024-03-22T02:16:31.731+0000] {dag.py:3047} INFO - Sync 6 DAGs
[2024-03-22T02:16:31.744+0000] {logging_mixin.py:188} INFO - [2024-03-22T02:16:31.744+0000] {dag.py:3834} INFO - Setting next_dagrun for dataset_consumes_1 to None, run_after=None
[2024-03-22T02:16:31.746+0000] {logging_mixin.py:188} INFO - [2024-03-22T02:16:31.746+0000] {dag.py:3834} INFO - Setting next_dagrun for dataset_consumes_1_and_2 to None, run_after=None
[2024-03-22T02:16:31.747+0000] {logging_mixin.py:188} INFO - [2024-03-22T02:16:31.747+0000] {dag.py:3834} INFO - Setting next_dagrun for dataset_consumes_1_never_scheduled to None, run_after=None
[2024-03-22T02:16:31.747+0000] {logging_mixin.py:188} INFO - [2024-03-22T02:16:31.747+0000] {dag.py:3834} INFO - Setting next_dagrun for dataset_consumes_unknown_never_scheduled to None, run_after=None
[2024-03-22T02:16:31.749+0000] {logging_mixin.py:188} INFO - [2024-03-22T02:16:31.749+0000] {dag.py:3834} INFO - Setting next_dagrun for dataset_produces_1 to 2024-03-21 00:00:00+00:00, run_after=2024-03-22 00:00:00+00:00
[2024-03-22T02:16:31.750+0000] {logging_mixin.py:188} INFO - [2024-03-22T02:16:31.750+0000] {dag.py:3834} INFO - Setting next_dagrun for dataset_produces_2 to None, run_after=None
[2024-03-22T02:16:31.767+0000] {processor.py:183} INFO - Processing /home/airflow/.local/lib/python3.8/site-packages/airflow/example_dags/example_datasets.py took 0.065 seconds
[2024-03-22T02:17:02.586+0000] {processor.py:161} INFO - Started process (PID=2262) to work on /home/airflow/.local/lib/python3.8/site-packages/airflow/example_dags/example_datasets.py
[2024-03-22T02:17:02.587+0000] {processor.py:830} INFO - Processing file /home/airflow/.local/lib/python3.8/site-packages/airflow/example_dags/example_datasets.py for tasks to queue
[2024-03-22T02:17:02.588+0000] {logging_mixin.py:188} INFO - [2024-03-22T02:17:02.587+0000] {dagbag.py:540} INFO - Filling up the DagBag from /home/airflow/.local/lib/python3.8/site-packages/airflow/example_dags/example_datasets.py
[2024-03-22T02:17:02.593+0000] {processor.py:840} INFO - DAG(s) 'dataset_produces_2', 'dataset_consumes_1_and_2', 'dataset_consumes_unknown_never_scheduled', 'dataset_consumes_1_never_scheduled', 'dataset_consumes_1', 'dataset_produces_1' retrieved from /home/airflow/.local/lib/python3.8/site-packages/airflow/example_dags/example_datasets.py
[2024-03-22T02:17:02.613+0000] {logging_mixin.py:188} INFO - [2024-03-22T02:17:02.613+0000] {dag.py:3047} INFO - Sync 6 DAGs
[2024-03-22T02:17:02.625+0000] {logging_mixin.py:188} INFO - [2024-03-22T02:17:02.625+0000] {dag.py:3834} INFO - Setting next_dagrun for dataset_consumes_1 to None, run_after=None
[2024-03-22T02:17:02.627+0000] {logging_mixin.py:188} INFO - [2024-03-22T02:17:02.627+0000] {dag.py:3834} INFO - Setting next_dagrun for dataset_consumes_1_and_2 to None, run_after=None
[2024-03-22T02:17:02.628+0000] {logging_mixin.py:188} INFO - [2024-03-22T02:17:02.628+0000] {dag.py:3834} INFO - Setting next_dagrun for dataset_consumes_1_never_scheduled to None, run_after=None
[2024-03-22T02:17:02.628+0000] {logging_mixin.py:188} INFO - [2024-03-22T02:17:02.628+0000] {dag.py:3834} INFO - Setting next_dagrun for dataset_consumes_unknown_never_scheduled to None, run_after=None
[2024-03-22T02:17:02.630+0000] {logging_mixin.py:188} INFO - [2024-03-22T02:17:02.629+0000] {dag.py:3834} INFO - Setting next_dagrun for dataset_produces_1 to 2024-03-21 00:00:00+00:00, run_after=2024-03-22 00:00:00+00:00
[2024-03-22T02:17:02.630+0000] {logging_mixin.py:188} INFO - [2024-03-22T02:17:02.630+0000] {dag.py:3834} INFO - Setting next_dagrun for dataset_produces_2 to None, run_after=None
[2024-03-22T02:17:02.645+0000] {processor.py:183} INFO - Processing /home/airflow/.local/lib/python3.8/site-packages/airflow/example_dags/example_datasets.py took 0.061 seconds
[2024-03-22T02:17:33.631+0000] {processor.py:161} INFO - Started process (PID=2509) to work on /home/airflow/.local/lib/python3.8/site-packages/airflow/example_dags/example_datasets.py
[2024-03-22T02:17:33.632+0000] {processor.py:830} INFO - Processing file /home/airflow/.local/lib/python3.8/site-packages/airflow/example_dags/example_datasets.py for tasks to queue
[2024-03-22T02:17:33.632+0000] {logging_mixin.py:188} INFO - [2024-03-22T02:17:33.632+0000] {dagbag.py:540} INFO - Filling up the DagBag from /home/airflow/.local/lib/python3.8/site-packages/airflow/example_dags/example_datasets.py
[2024-03-22T02:17:33.638+0000] {processor.py:840} INFO - DAG(s) 'dataset_produces_1', 'dataset_consumes_1_and_2', 'dataset_consumes_unknown_never_scheduled', 'dataset_consumes_1', 'dataset_consumes_1_never_scheduled', 'dataset_produces_2' retrieved from /home/airflow/.local/lib/python3.8/site-packages/airflow/example_dags/example_datasets.py
[2024-03-22T02:17:33.658+0000] {logging_mixin.py:188} INFO - [2024-03-22T02:17:33.658+0000] {dag.py:3047} INFO - Sync 6 DAGs
[2024-03-22T02:17:33.670+0000] {logging_mixin.py:188} INFO - [2024-03-22T02:17:33.669+0000] {dag.py:3834} INFO - Setting next_dagrun for dataset_consumes_1 to None, run_after=None
[2024-03-22T02:17:33.672+0000] {logging_mixin.py:188} INFO - [2024-03-22T02:17:33.671+0000] {dag.py:3834} INFO - Setting next_dagrun for dataset_consumes_1_and_2 to None, run_after=None
[2024-03-22T02:17:33.672+0000] {logging_mixin.py:188} INFO - [2024-03-22T02:17:33.672+0000] {dag.py:3834} INFO - Setting next_dagrun for dataset_consumes_1_never_scheduled to None, run_after=None
[2024-03-22T02:17:33.673+0000] {logging_mixin.py:188} INFO - [2024-03-22T02:17:33.673+0000] {dag.py:3834} INFO - Setting next_dagrun for dataset_consumes_unknown_never_scheduled to None, run_after=None
[2024-03-22T02:17:33.674+0000] {logging_mixin.py:188} INFO - [2024-03-22T02:17:33.674+0000] {dag.py:3834} INFO - Setting next_dagrun for dataset_produces_1 to 2024-03-21 00:00:00+00:00, run_after=2024-03-22 00:00:00+00:00
[2024-03-22T02:17:33.675+0000] {logging_mixin.py:188} INFO - [2024-03-22T02:17:33.675+0000] {dag.py:3834} INFO - Setting next_dagrun for dataset_produces_2 to None, run_after=None
[2024-03-22T02:17:33.690+0000] {processor.py:183} INFO - Processing /home/airflow/.local/lib/python3.8/site-packages/airflow/example_dags/example_datasets.py took 0.062 seconds
[2024-03-22T02:18:03.705+0000] {processor.py:161} INFO - Started process (PID=2756) to work on /home/airflow/.local/lib/python3.8/site-packages/airflow/example_dags/example_datasets.py
[2024-03-22T02:18:03.706+0000] {processor.py:830} INFO - Processing file /home/airflow/.local/lib/python3.8/site-packages/airflow/example_dags/example_datasets.py for tasks to queue
[2024-03-22T02:18:03.706+0000] {logging_mixin.py:188} INFO - [2024-03-22T02:18:03.706+0000] {dagbag.py:540} INFO - Filling up the DagBag from /home/airflow/.local/lib/python3.8/site-packages/airflow/example_dags/example_datasets.py
[2024-03-22T02:18:03.712+0000] {processor.py:840} INFO - DAG(s) 'dataset_consumes_1', 'dataset_consumes_1_never_scheduled', 'dataset_consumes_unknown_never_scheduled', 'dataset_produces_2', 'dataset_consumes_1_and_2', 'dataset_produces_1' retrieved from /home/airflow/.local/lib/python3.8/site-packages/airflow/example_dags/example_datasets.py
[2024-03-22T02:18:03.731+0000] {logging_mixin.py:188} INFO - [2024-03-22T02:18:03.731+0000] {dag.py:3047} INFO - Sync 6 DAGs
[2024-03-22T02:18:03.742+0000] {logging_mixin.py:188} INFO - [2024-03-22T02:18:03.742+0000] {dag.py:3834} INFO - Setting next_dagrun for dataset_consumes_1 to None, run_after=None
[2024-03-22T02:18:03.744+0000] {logging_mixin.py:188} INFO - [2024-03-22T02:18:03.744+0000] {dag.py:3834} INFO - Setting next_dagrun for dataset_consumes_1_and_2 to None, run_after=None
[2024-03-22T02:18:03.745+0000] {logging_mixin.py:188} INFO - [2024-03-22T02:18:03.745+0000] {dag.py:3834} INFO - Setting next_dagrun for dataset_consumes_1_never_scheduled to None, run_after=None
[2024-03-22T02:18:03.746+0000] {logging_mixin.py:188} INFO - [2024-03-22T02:18:03.746+0000] {dag.py:3834} INFO - Setting next_dagrun for dataset_consumes_unknown_never_scheduled to None, run_after=None
[2024-03-22T02:18:03.747+0000] {logging_mixin.py:188} INFO - [2024-03-22T02:18:03.747+0000] {dag.py:3834} INFO - Setting next_dagrun for dataset_produces_1 to 2024-03-21 00:00:00+00:00, run_after=2024-03-22 00:00:00+00:00
[2024-03-22T02:18:03.748+0000] {logging_mixin.py:188} INFO - [2024-03-22T02:18:03.748+0000] {dag.py:3834} INFO - Setting next_dagrun for dataset_produces_2 to None, run_after=None
[2024-03-22T02:18:03.763+0000] {processor.py:183} INFO - Processing /home/airflow/.local/lib/python3.8/site-packages/airflow/example_dags/example_datasets.py took 0.060 seconds
[2024-03-22T02:18:34.579+0000] {processor.py:161} INFO - Started process (PID=3003) to work on /home/airflow/.local/lib/python3.8/site-packages/airflow/example_dags/example_datasets.py
[2024-03-22T02:18:34.580+0000] {processor.py:830} INFO - Processing file /home/airflow/.local/lib/python3.8/site-packages/airflow/example_dags/example_datasets.py for tasks to queue
[2024-03-22T02:18:34.581+0000] {logging_mixin.py:188} INFO - [2024-03-22T02:18:34.581+0000] {dagbag.py:540} INFO - Filling up the DagBag from /home/airflow/.local/lib/python3.8/site-packages/airflow/example_dags/example_datasets.py
[2024-03-22T02:18:34.587+0000] {processor.py:840} INFO - DAG(s) 'dataset_produces_1', 'dataset_produces_2', 'dataset_consumes_unknown_never_scheduled', 'dataset_consumes_1', 'dataset_consumes_1_never_scheduled', 'dataset_consumes_1_and_2' retrieved from /home/airflow/.local/lib/python3.8/site-packages/airflow/example_dags/example_datasets.py
[2024-03-22T02:18:34.609+0000] {logging_mixin.py:188} INFO - [2024-03-22T02:18:34.609+0000] {dag.py:3047} INFO - Sync 6 DAGs
[2024-03-22T02:18:34.622+0000] {logging_mixin.py:188} INFO - [2024-03-22T02:18:34.622+0000] {dag.py:3834} INFO - Setting next_dagrun for dataset_consumes_1 to None, run_after=None
[2024-03-22T02:18:34.625+0000] {logging_mixin.py:188} INFO - [2024-03-22T02:18:34.624+0000] {dag.py:3834} INFO - Setting next_dagrun for dataset_consumes_1_and_2 to None, run_after=None
[2024-03-22T02:18:34.626+0000] {logging_mixin.py:188} INFO - [2024-03-22T02:18:34.626+0000] {dag.py:3834} INFO - Setting next_dagrun for dataset_consumes_1_never_scheduled to None, run_after=None
[2024-03-22T02:18:34.626+0000] {logging_mixin.py:188} INFO - [2024-03-22T02:18:34.626+0000] {dag.py:3834} INFO - Setting next_dagrun for dataset_consumes_unknown_never_scheduled to None, run_after=None
[2024-03-22T02:18:34.628+0000] {logging_mixin.py:188} INFO - [2024-03-22T02:18:34.628+0000] {dag.py:3834} INFO - Setting next_dagrun for dataset_produces_1 to 2024-03-21 00:00:00+00:00, run_after=2024-03-22 00:00:00+00:00
[2024-03-22T02:18:34.629+0000] {logging_mixin.py:188} INFO - [2024-03-22T02:18:34.629+0000] {dag.py:3834} INFO - Setting next_dagrun for dataset_produces_2 to None, run_after=None
[2024-03-22T02:18:34.646+0000] {processor.py:183} INFO - Processing /home/airflow/.local/lib/python3.8/site-packages/airflow/example_dags/example_datasets.py took 0.070 seconds
[2024-03-22T02:19:04.709+0000] {processor.py:161} INFO - Started process (PID=3252) to work on /home/airflow/.local/lib/python3.8/site-packages/airflow/example_dags/example_datasets.py
[2024-03-22T02:19:04.710+0000] {processor.py:830} INFO - Processing file /home/airflow/.local/lib/python3.8/site-packages/airflow/example_dags/example_datasets.py for tasks to queue
[2024-03-22T02:19:04.711+0000] {logging_mixin.py:188} INFO - [2024-03-22T02:19:04.710+0000] {dagbag.py:540} INFO - Filling up the DagBag from /home/airflow/.local/lib/python3.8/site-packages/airflow/example_dags/example_datasets.py
[2024-03-22T02:19:04.717+0000] {processor.py:840} INFO - DAG(s) 'dataset_consumes_1_never_scheduled', 'dataset_produces_1', 'dataset_consumes_1', 'dataset_produces_2', 'dataset_consumes_1_and_2', 'dataset_consumes_unknown_never_scheduled' retrieved from /home/airflow/.local/lib/python3.8/site-packages/airflow/example_dags/example_datasets.py
[2024-03-22T02:19:04.737+0000] {logging_mixin.py:188} INFO - [2024-03-22T02:19:04.737+0000] {dag.py:3047} INFO - Sync 6 DAGs
[2024-03-22T02:19:04.750+0000] {logging_mixin.py:188} INFO - [2024-03-22T02:19:04.750+0000] {dag.py:3834} INFO - Setting next_dagrun for dataset_consumes_1 to None, run_after=None
[2024-03-22T02:19:04.752+0000] {logging_mixin.py:188} INFO - [2024-03-22T02:19:04.752+0000] {dag.py:3834} INFO - Setting next_dagrun for dataset_consumes_1_and_2 to None, run_after=None
[2024-03-22T02:19:04.753+0000] {logging_mixin.py:188} INFO - [2024-03-22T02:19:04.753+0000] {dag.py:3834} INFO - Setting next_dagrun for dataset_consumes_1_never_scheduled to None, run_after=None
[2024-03-22T02:19:04.753+0000] {logging_mixin.py:188} INFO - [2024-03-22T02:19:04.753+0000] {dag.py:3834} INFO - Setting next_dagrun for dataset_consumes_unknown_never_scheduled to None, run_after=None
[2024-03-22T02:19:04.755+0000] {logging_mixin.py:188} INFO - [2024-03-22T02:19:04.755+0000] {dag.py:3834} INFO - Setting next_dagrun for dataset_produces_1 to 2024-03-21 00:00:00+00:00, run_after=2024-03-22 00:00:00+00:00
[2024-03-22T02:19:04.755+0000] {logging_mixin.py:188} INFO - [2024-03-22T02:19:04.755+0000] {dag.py:3834} INFO - Setting next_dagrun for dataset_produces_2 to None, run_after=None
[2024-03-22T02:19:04.791+0000] {processor.py:183} INFO - Processing /home/airflow/.local/lib/python3.8/site-packages/airflow/example_dags/example_datasets.py took 0.084 seconds
[2024-03-22T02:19:34.816+0000] {processor.py:161} INFO - Started process (PID=3497) to work on /home/airflow/.local/lib/python3.8/site-packages/airflow/example_dags/example_datasets.py
[2024-03-22T02:19:34.817+0000] {processor.py:830} INFO - Processing file /home/airflow/.local/lib/python3.8/site-packages/airflow/example_dags/example_datasets.py for tasks to queue
[2024-03-22T02:19:34.817+0000] {logging_mixin.py:188} INFO - [2024-03-22T02:19:34.817+0000] {dagbag.py:540} INFO - Filling up the DagBag from /home/airflow/.local/lib/python3.8/site-packages/airflow/example_dags/example_datasets.py
[2024-03-22T02:19:34.823+0000] {processor.py:840} INFO - DAG(s) 'dataset_produces_1', 'dataset_produces_2', 'dataset_consumes_1_never_scheduled', 'dataset_consumes_1_and_2', 'dataset_consumes_unknown_never_scheduled', 'dataset_consumes_1' retrieved from /home/airflow/.local/lib/python3.8/site-packages/airflow/example_dags/example_datasets.py
[2024-03-22T02:19:34.842+0000] {logging_mixin.py:188} INFO - [2024-03-22T02:19:34.842+0000] {dag.py:3047} INFO - Sync 6 DAGs
[2024-03-22T02:19:34.854+0000] {logging_mixin.py:188} INFO - [2024-03-22T02:19:34.854+0000] {dag.py:3834} INFO - Setting next_dagrun for dataset_consumes_1 to None, run_after=None
[2024-03-22T02:19:34.856+0000] {logging_mixin.py:188} INFO - [2024-03-22T02:19:34.856+0000] {dag.py:3834} INFO - Setting next_dagrun for dataset_consumes_1_and_2 to None, run_after=None
[2024-03-22T02:19:34.857+0000] {logging_mixin.py:188} INFO - [2024-03-22T02:19:34.857+0000] {dag.py:3834} INFO - Setting next_dagrun for dataset_consumes_1_never_scheduled to None, run_after=None
[2024-03-22T02:19:34.858+0000] {logging_mixin.py:188} INFO - [2024-03-22T02:19:34.857+0000] {dag.py:3834} INFO - Setting next_dagrun for dataset_consumes_unknown_never_scheduled to None, run_after=None
[2024-03-22T02:19:34.859+0000] {logging_mixin.py:188} INFO - [2024-03-22T02:19:34.859+0000] {dag.py:3834} INFO - Setting next_dagrun for dataset_produces_1 to 2024-03-21 00:00:00+00:00, run_after=2024-03-22 00:00:00+00:00
[2024-03-22T02:19:34.860+0000] {logging_mixin.py:188} INFO - [2024-03-22T02:19:34.860+0000] {dag.py:3834} INFO - Setting next_dagrun for dataset_produces_2 to None, run_after=None
[2024-03-22T02:19:34.875+0000] {processor.py:183} INFO - Processing /home/airflow/.local/lib/python3.8/site-packages/airflow/example_dags/example_datasets.py took 0.062 seconds
[2024-03-22T03:21:01.575+0000] {processor.py:161} INFO - Started process (PID=262) to work on /home/airflow/.local/lib/python3.8/site-packages/airflow/example_dags/example_datasets.py
[2024-03-22T03:21:01.576+0000] {processor.py:830} INFO - Processing file /home/airflow/.local/lib/python3.8/site-packages/airflow/example_dags/example_datasets.py for tasks to queue
[2024-03-22T03:21:01.576+0000] {logging_mixin.py:188} INFO - [2024-03-22T03:21:01.576+0000] {dagbag.py:540} INFO - Filling up the DagBag from /home/airflow/.local/lib/python3.8/site-packages/airflow/example_dags/example_datasets.py
[2024-03-22T03:21:01.582+0000] {processor.py:840} INFO - DAG(s) 'dataset_consumes_unknown_never_scheduled', 'dataset_produces_2', 'dataset_produces_1', 'dataset_consumes_1', 'dataset_consumes_1_never_scheduled', 'dataset_consumes_1_and_2' retrieved from /home/airflow/.local/lib/python3.8/site-packages/airflow/example_dags/example_datasets.py
[2024-03-22T03:21:01.633+0000] {logging_mixin.py:188} INFO - [2024-03-22T03:21:01.633+0000] {override.py:1769} INFO - Created Permission View: can read on DAG:dataset_consumes_unknown_never_scheduled
[2024-03-22T03:21:01.638+0000] {logging_mixin.py:188} INFO - [2024-03-22T03:21:01.637+0000] {override.py:1769} INFO - Created Permission View: can delete on DAG:dataset_consumes_unknown_never_scheduled
[2024-03-22T03:21:01.641+0000] {logging_mixin.py:188} INFO - [2024-03-22T03:21:01.640+0000] {override.py:1769} INFO - Created Permission View: can edit on DAG:dataset_consumes_unknown_never_scheduled
[2024-03-22T03:21:01.645+0000] {logging_mixin.py:188} INFO - [2024-03-22T03:21:01.645+0000] {override.py:1769} INFO - Created Permission View: can read on DAG:dataset_produces_2
[2024-03-22T03:21:01.648+0000] {logging_mixin.py:188} INFO - [2024-03-22T03:21:01.647+0000] {override.py:1769} INFO - Created Permission View: can delete on DAG:dataset_produces_2
[2024-03-22T03:21:01.650+0000] {logging_mixin.py:188} INFO - [2024-03-22T03:21:01.650+0000] {override.py:1769} INFO - Created Permission View: can edit on DAG:dataset_produces_2
[2024-03-22T03:21:01.656+0000] {logging_mixin.py:188} INFO - [2024-03-22T03:21:01.656+0000] {override.py:1769} INFO - Created Permission View: can read on DAG:dataset_produces_1
[2024-03-22T03:21:01.659+0000] {logging_mixin.py:188} INFO - [2024-03-22T03:21:01.659+0000] {override.py:1769} INFO - Created Permission View: can delete on DAG:dataset_produces_1
[2024-03-22T03:21:01.661+0000] {logging_mixin.py:188} INFO - [2024-03-22T03:21:01.661+0000] {override.py:1769} INFO - Created Permission View: can edit on DAG:dataset_produces_1
[2024-03-22T03:21:01.667+0000] {logging_mixin.py:188} INFO - [2024-03-22T03:21:01.667+0000] {override.py:1769} INFO - Created Permission View: can read on DAG:dataset_consumes_1
[2024-03-22T03:21:01.670+0000] {logging_mixin.py:188} INFO - [2024-03-22T03:21:01.670+0000] {override.py:1769} INFO - Created Permission View: can delete on DAG:dataset_consumes_1
[2024-03-22T03:21:01.673+0000] {logging_mixin.py:188} INFO - [2024-03-22T03:21:01.673+0000] {override.py:1769} INFO - Created Permission View: can edit on DAG:dataset_consumes_1
[2024-03-22T03:21:01.679+0000] {logging_mixin.py:188} INFO - [2024-03-22T03:21:01.678+0000] {override.py:1769} INFO - Created Permission View: can read on DAG:dataset_consumes_1_never_scheduled
[2024-03-22T03:21:01.682+0000] {logging_mixin.py:188} INFO - [2024-03-22T03:21:01.681+0000] {override.py:1769} INFO - Created Permission View: can delete on DAG:dataset_consumes_1_never_scheduled
[2024-03-22T03:21:01.685+0000] {logging_mixin.py:188} INFO - [2024-03-22T03:21:01.684+0000] {override.py:1769} INFO - Created Permission View: can edit on DAG:dataset_consumes_1_never_scheduled
[2024-03-22T03:21:01.690+0000] {logging_mixin.py:188} INFO - [2024-03-22T03:21:01.690+0000] {override.py:1769} INFO - Created Permission View: can read on DAG:dataset_consumes_1_and_2
[2024-03-22T03:21:01.693+0000] {logging_mixin.py:188} INFO - [2024-03-22T03:21:01.693+0000] {override.py:1769} INFO - Created Permission View: can delete on DAG:dataset_consumes_1_and_2
[2024-03-22T03:21:01.696+0000] {logging_mixin.py:188} INFO - [2024-03-22T03:21:01.696+0000] {override.py:1769} INFO - Created Permission View: can edit on DAG:dataset_consumes_1_and_2
[2024-03-22T03:21:01.697+0000] {logging_mixin.py:188} INFO - [2024-03-22T03:21:01.696+0000] {dag.py:3047} INFO - Sync 6 DAGs
[2024-03-22T03:21:01.702+0000] {logging_mixin.py:188} INFO - [2024-03-22T03:21:01.702+0000] {dag.py:3069} INFO - Creating ORM DAG for dataset_consumes_unknown_never_scheduled
[2024-03-22T03:21:01.703+0000] {logging_mixin.py:188} INFO - [2024-03-22T03:21:01.703+0000] {dag.py:3069} INFO - Creating ORM DAG for dataset_produces_1
[2024-03-22T03:21:01.703+0000] {logging_mixin.py:188} INFO - [2024-03-22T03:21:01.703+0000] {dag.py:3069} INFO - Creating ORM DAG for dataset_consumes_1
[2024-03-22T03:21:01.704+0000] {logging_mixin.py:188} INFO - [2024-03-22T03:21:01.704+0000] {dag.py:3069} INFO - Creating ORM DAG for dataset_consumes_1_and_2
[2024-03-22T03:21:01.704+0000] {logging_mixin.py:188} INFO - [2024-03-22T03:21:01.704+0000] {dag.py:3069} INFO - Creating ORM DAG for dataset_consumes_1_never_scheduled
[2024-03-22T03:21:01.704+0000] {logging_mixin.py:188} INFO - [2024-03-22T03:21:01.704+0000] {dag.py:3069} INFO - Creating ORM DAG for dataset_produces_2
[2024-03-22T03:21:01.710+0000] {logging_mixin.py:188} INFO - [2024-03-22T03:21:01.710+0000] {dag.py:3834} INFO - Setting next_dagrun for dataset_consumes_1 to None, run_after=None
[2024-03-22T03:21:01.711+0000] {logging_mixin.py:188} INFO - [2024-03-22T03:21:01.711+0000] {dag.py:3834} INFO - Setting next_dagrun for dataset_consumes_1_and_2 to None, run_after=None
[2024-03-22T03:21:01.711+0000] {logging_mixin.py:188} INFO - [2024-03-22T03:21:01.711+0000] {dag.py:3834} INFO - Setting next_dagrun for dataset_consumes_1_never_scheduled to None, run_after=None
[2024-03-22T03:21:01.711+0000] {logging_mixin.py:188} INFO - [2024-03-22T03:21:01.711+0000] {dag.py:3834} INFO - Setting next_dagrun for dataset_consumes_unknown_never_scheduled to None, run_after=None
[2024-03-22T03:21:01.713+0000] {logging_mixin.py:188} INFO - [2024-03-22T03:21:01.713+0000] {dag.py:3834} INFO - Setting next_dagrun for dataset_produces_1 to 2024-03-21 00:00:00+00:00, run_after=2024-03-22 00:00:00+00:00
[2024-03-22T03:21:01.713+0000] {logging_mixin.py:188} INFO - [2024-03-22T03:21:01.713+0000] {dag.py:3834} INFO - Setting next_dagrun for dataset_produces_2 to None, run_after=None
[2024-03-22T03:21:01.732+0000] {processor.py:183} INFO - Processing /home/airflow/.local/lib/python3.8/site-packages/airflow/example_dags/example_datasets.py took 0.159 seconds
[2024-03-22T03:21:32.551+0000] {processor.py:161} INFO - Started process (PID=509) to work on /home/airflow/.local/lib/python3.8/site-packages/airflow/example_dags/example_datasets.py
[2024-03-22T03:21:32.552+0000] {processor.py:830} INFO - Processing file /home/airflow/.local/lib/python3.8/site-packages/airflow/example_dags/example_datasets.py for tasks to queue
[2024-03-22T03:21:32.553+0000] {logging_mixin.py:188} INFO - [2024-03-22T03:21:32.552+0000] {dagbag.py:540} INFO - Filling up the DagBag from /home/airflow/.local/lib/python3.8/site-packages/airflow/example_dags/example_datasets.py
[2024-03-22T03:21:32.558+0000] {processor.py:840} INFO - DAG(s) 'dataset_consumes_unknown_never_scheduled', 'dataset_consumes_1', 'dataset_consumes_1_and_2', 'dataset_produces_1', 'dataset_consumes_1_never_scheduled', 'dataset_produces_2' retrieved from /home/airflow/.local/lib/python3.8/site-packages/airflow/example_dags/example_datasets.py
[2024-03-22T03:21:32.576+0000] {logging_mixin.py:188} INFO - [2024-03-22T03:21:32.576+0000] {dag.py:3047} INFO - Sync 6 DAGs
[2024-03-22T03:21:32.587+0000] {logging_mixin.py:188} INFO - [2024-03-22T03:21:32.587+0000] {dag.py:3834} INFO - Setting next_dagrun for dataset_consumes_1 to None, run_after=None
[2024-03-22T03:21:32.589+0000] {logging_mixin.py:188} INFO - [2024-03-22T03:21:32.589+0000] {dag.py:3834} INFO - Setting next_dagrun for dataset_consumes_1_and_2 to None, run_after=None
[2024-03-22T03:21:32.590+0000] {logging_mixin.py:188} INFO - [2024-03-22T03:21:32.590+0000] {dag.py:3834} INFO - Setting next_dagrun for dataset_consumes_1_never_scheduled to None, run_after=None
[2024-03-22T03:21:32.591+0000] {logging_mixin.py:188} INFO - [2024-03-22T03:21:32.591+0000] {dag.py:3834} INFO - Setting next_dagrun for dataset_consumes_unknown_never_scheduled to None, run_after=None
[2024-03-22T03:21:32.592+0000] {logging_mixin.py:188} INFO - [2024-03-22T03:21:32.592+0000] {dag.py:3834} INFO - Setting next_dagrun for dataset_produces_1 to 2024-03-21 00:00:00+00:00, run_after=2024-03-22 00:00:00+00:00
[2024-03-22T03:21:32.593+0000] {logging_mixin.py:188} INFO - [2024-03-22T03:21:32.593+0000] {dag.py:3834} INFO - Setting next_dagrun for dataset_produces_2 to None, run_after=None
[2024-03-22T03:21:32.609+0000] {processor.py:183} INFO - Processing /home/airflow/.local/lib/python3.8/site-packages/airflow/example_dags/example_datasets.py took 0.060 seconds
[2024-03-22T03:22:03.316+0000] {processor.py:161} INFO - Started process (PID=756) to work on /home/airflow/.local/lib/python3.8/site-packages/airflow/example_dags/example_datasets.py
[2024-03-22T03:22:03.317+0000] {processor.py:830} INFO - Processing file /home/airflow/.local/lib/python3.8/site-packages/airflow/example_dags/example_datasets.py for tasks to queue
[2024-03-22T03:22:03.317+0000] {logging_mixin.py:188} INFO - [2024-03-22T03:22:03.317+0000] {dagbag.py:540} INFO - Filling up the DagBag from /home/airflow/.local/lib/python3.8/site-packages/airflow/example_dags/example_datasets.py
[2024-03-22T03:22:03.323+0000] {processor.py:840} INFO - DAG(s) 'dataset_produces_2', 'dataset_consumes_1_never_scheduled', 'dataset_consumes_unknown_never_scheduled', 'dataset_produces_1', 'dataset_consumes_1', 'dataset_consumes_1_and_2' retrieved from /home/airflow/.local/lib/python3.8/site-packages/airflow/example_dags/example_datasets.py
[2024-03-22T03:22:03.342+0000] {logging_mixin.py:188} INFO - [2024-03-22T03:22:03.342+0000] {dag.py:3047} INFO - Sync 6 DAGs
[2024-03-22T03:22:03.354+0000] {logging_mixin.py:188} INFO - [2024-03-22T03:22:03.354+0000] {dag.py:3834} INFO - Setting next_dagrun for dataset_consumes_1 to None, run_after=None
[2024-03-22T03:22:03.356+0000] {logging_mixin.py:188} INFO - [2024-03-22T03:22:03.356+0000] {dag.py:3834} INFO - Setting next_dagrun for dataset_consumes_1_and_2 to None, run_after=None
[2024-03-22T03:22:03.357+0000] {logging_mixin.py:188} INFO - [2024-03-22T03:22:03.357+0000] {dag.py:3834} INFO - Setting next_dagrun for dataset_consumes_1_never_scheduled to None, run_after=None
[2024-03-22T03:22:03.358+0000] {logging_mixin.py:188} INFO - [2024-03-22T03:22:03.358+0000] {dag.py:3834} INFO - Setting next_dagrun for dataset_consumes_unknown_never_scheduled to None, run_after=None
[2024-03-22T03:22:03.359+0000] {logging_mixin.py:188} INFO - [2024-03-22T03:22:03.359+0000] {dag.py:3834} INFO - Setting next_dagrun for dataset_produces_1 to 2024-03-21 00:00:00+00:00, run_after=2024-03-22 00:00:00+00:00
[2024-03-22T03:22:03.360+0000] {logging_mixin.py:188} INFO - [2024-03-22T03:22:03.360+0000] {dag.py:3834} INFO - Setting next_dagrun for dataset_produces_2 to None, run_after=None
[2024-03-22T03:22:03.375+0000] {processor.py:183} INFO - Processing /home/airflow/.local/lib/python3.8/site-packages/airflow/example_dags/example_datasets.py took 0.061 seconds
[2024-03-22T03:22:34.137+0000] {processor.py:161} INFO - Started process (PID=1003) to work on /home/airflow/.local/lib/python3.8/site-packages/airflow/example_dags/example_datasets.py
[2024-03-22T03:22:34.138+0000] {processor.py:830} INFO - Processing file /home/airflow/.local/lib/python3.8/site-packages/airflow/example_dags/example_datasets.py for tasks to queue
[2024-03-22T03:22:34.138+0000] {logging_mixin.py:188} INFO - [2024-03-22T03:22:34.138+0000] {dagbag.py:540} INFO - Filling up the DagBag from /home/airflow/.local/lib/python3.8/site-packages/airflow/example_dags/example_datasets.py
[2024-03-22T03:22:34.144+0000] {processor.py:840} INFO - DAG(s) 'dataset_consumes_1_and_2', 'dataset_produces_1', 'dataset_consumes_1', 'dataset_produces_2', 'dataset_consumes_unknown_never_scheduled', 'dataset_consumes_1_never_scheduled' retrieved from /home/airflow/.local/lib/python3.8/site-packages/airflow/example_dags/example_datasets.py
[2024-03-22T03:22:34.162+0000] {logging_mixin.py:188} INFO - [2024-03-22T03:22:34.162+0000] {dag.py:3047} INFO - Sync 6 DAGs
[2024-03-22T03:22:34.174+0000] {logging_mixin.py:188} INFO - [2024-03-22T03:22:34.174+0000] {dag.py:3834} INFO - Setting next_dagrun for dataset_consumes_1 to None, run_after=None
[2024-03-22T03:22:34.176+0000] {logging_mixin.py:188} INFO - [2024-03-22T03:22:34.175+0000] {dag.py:3834} INFO - Setting next_dagrun for dataset_consumes_1_and_2 to None, run_after=None
[2024-03-22T03:22:34.176+0000] {logging_mixin.py:188} INFO - [2024-03-22T03:22:34.176+0000] {dag.py:3834} INFO - Setting next_dagrun for dataset_consumes_1_never_scheduled to None, run_after=None
[2024-03-22T03:22:34.177+0000] {logging_mixin.py:188} INFO - [2024-03-22T03:22:34.177+0000] {dag.py:3834} INFO - Setting next_dagrun for dataset_consumes_unknown_never_scheduled to None, run_after=None
[2024-03-22T03:22:34.178+0000] {logging_mixin.py:188} INFO - [2024-03-22T03:22:34.178+0000] {dag.py:3834} INFO - Setting next_dagrun for dataset_produces_1 to 2024-03-21 00:00:00+00:00, run_after=2024-03-22 00:00:00+00:00
[2024-03-22T03:22:34.179+0000] {logging_mixin.py:188} INFO - [2024-03-22T03:22:34.179+0000] {dag.py:3834} INFO - Setting next_dagrun for dataset_produces_2 to None, run_after=None
[2024-03-22T03:22:34.196+0000] {processor.py:183} INFO - Processing /home/airflow/.local/lib/python3.8/site-packages/airflow/example_dags/example_datasets.py took 0.060 seconds
[2024-03-22T03:23:04.969+0000] {processor.py:161} INFO - Started process (PID=1250) to work on /home/airflow/.local/lib/python3.8/site-packages/airflow/example_dags/example_datasets.py
[2024-03-22T03:23:04.970+0000] {processor.py:830} INFO - Processing file /home/airflow/.local/lib/python3.8/site-packages/airflow/example_dags/example_datasets.py for tasks to queue
[2024-03-22T03:23:04.971+0000] {logging_mixin.py:188} INFO - [2024-03-22T03:23:04.971+0000] {dagbag.py:540} INFO - Filling up the DagBag from /home/airflow/.local/lib/python3.8/site-packages/airflow/example_dags/example_datasets.py
[2024-03-22T03:23:04.977+0000] {processor.py:840} INFO - DAG(s) 'dataset_produces_1', 'dataset_produces_2', 'dataset_consumes_unknown_never_scheduled', 'dataset_consumes_1_and_2', 'dataset_consumes_1_never_scheduled', 'dataset_consumes_1' retrieved from /home/airflow/.local/lib/python3.8/site-packages/airflow/example_dags/example_datasets.py
[2024-03-22T03:23:04.997+0000] {logging_mixin.py:188} INFO - [2024-03-22T03:23:04.996+0000] {dag.py:3047} INFO - Sync 6 DAGs
[2024-03-22T03:23:05.009+0000] {logging_mixin.py:188} INFO - [2024-03-22T03:23:05.009+0000] {dag.py:3834} INFO - Setting next_dagrun for dataset_consumes_1 to None, run_after=None
[2024-03-22T03:23:05.011+0000] {logging_mixin.py:188} INFO - [2024-03-22T03:23:05.011+0000] {dag.py:3834} INFO - Setting next_dagrun for dataset_consumes_1_and_2 to None, run_after=None
[2024-03-22T03:23:05.012+0000] {logging_mixin.py:188} INFO - [2024-03-22T03:23:05.012+0000] {dag.py:3834} INFO - Setting next_dagrun for dataset_consumes_1_never_scheduled to None, run_after=None
[2024-03-22T03:23:05.013+0000] {logging_mixin.py:188} INFO - [2024-03-22T03:23:05.013+0000] {dag.py:3834} INFO - Setting next_dagrun for dataset_consumes_unknown_never_scheduled to None, run_after=None
[2024-03-22T03:23:05.014+0000] {logging_mixin.py:188} INFO - [2024-03-22T03:23:05.014+0000] {dag.py:3834} INFO - Setting next_dagrun for dataset_produces_1 to 2024-03-21 00:00:00+00:00, run_after=2024-03-22 00:00:00+00:00
[2024-03-22T03:23:05.015+0000] {logging_mixin.py:188} INFO - [2024-03-22T03:23:05.015+0000] {dag.py:3834} INFO - Setting next_dagrun for dataset_produces_2 to None, run_after=None
[2024-03-22T03:23:05.029+0000] {processor.py:183} INFO - Processing /home/airflow/.local/lib/python3.8/site-packages/airflow/example_dags/example_datasets.py took 0.063 seconds
