[2024-03-22T02:12:56.576+0000] {processor.py:161} INFO - Started process (PID=284) to work on /home/airflow/.local/lib/python3.8/site-packages/airflow/example_dags/example_params_ui_tutorial.py
[2024-03-22T02:12:56.577+0000] {processor.py:830} INFO - Processing file /home/airflow/.local/lib/python3.8/site-packages/airflow/example_dags/example_params_ui_tutorial.py for tasks to queue
[2024-03-22T02:12:56.577+0000] {logging_mixin.py:188} INFO - [2024-03-22T02:12:56.577+0000] {dagbag.py:540} INFO - Filling up the DagBag from /home/airflow/.local/lib/python3.8/site-packages/airflow/example_dags/example_params_ui_tutorial.py
[2024-03-22T02:12:56.585+0000] {processor.py:840} INFO - DAG(s) 'example_params_ui_tutorial' retrieved from /home/airflow/.local/lib/python3.8/site-packages/airflow/example_dags/example_params_ui_tutorial.py
[2024-03-22T02:12:56.593+0000] {logging_mixin.py:188} INFO - [2024-03-22T02:12:56.593+0000] {dag.py:3047} INFO - Sync 1 DAGs
[2024-03-22T02:12:56.600+0000] {logging_mixin.py:188} INFO - [2024-03-22T02:12:56.600+0000] {dag.py:3834} INFO - Setting next_dagrun for example_params_ui_tutorial to None, run_after=None
[2024-03-22T02:12:56.611+0000] {processor.py:183} INFO - Processing /home/airflow/.local/lib/python3.8/site-packages/airflow/example_dags/example_params_ui_tutorial.py took 0.038 seconds
[2024-03-22T02:13:27.559+0000] {processor.py:161} INFO - Started process (PID=529) to work on /home/airflow/.local/lib/python3.8/site-packages/airflow/example_dags/example_params_ui_tutorial.py
[2024-03-22T02:13:27.560+0000] {processor.py:830} INFO - Processing file /home/airflow/.local/lib/python3.8/site-packages/airflow/example_dags/example_params_ui_tutorial.py for tasks to queue
[2024-03-22T02:13:27.561+0000] {logging_mixin.py:188} INFO - [2024-03-22T02:13:27.561+0000] {dagbag.py:540} INFO - Filling up the DagBag from /home/airflow/.local/lib/python3.8/site-packages/airflow/example_dags/example_params_ui_tutorial.py
[2024-03-22T02:13:27.567+0000] {processor.py:840} INFO - DAG(s) 'example_params_ui_tutorial' retrieved from /home/airflow/.local/lib/python3.8/site-packages/airflow/example_dags/example_params_ui_tutorial.py
[2024-03-22T02:13:27.633+0000] {logging_mixin.py:188} INFO - [2024-03-22T02:13:27.633+0000] {dag.py:3047} INFO - Sync 1 DAGs
[2024-03-22T02:13:27.638+0000] {logging_mixin.py:188} INFO - [2024-03-22T02:13:27.638+0000] {dag.py:3834} INFO - Setting next_dagrun for example_params_ui_tutorial to None, run_after=None
[2024-03-22T02:13:27.649+0000] {processor.py:183} INFO - Processing /home/airflow/.local/lib/python3.8/site-packages/airflow/example_dags/example_params_ui_tutorial.py took 0.092 seconds
[2024-03-22T02:13:57.908+0000] {processor.py:161} INFO - Started process (PID=776) to work on /home/airflow/.local/lib/python3.8/site-packages/airflow/example_dags/example_params_ui_tutorial.py
[2024-03-22T02:13:57.909+0000] {processor.py:830} INFO - Processing file /home/airflow/.local/lib/python3.8/site-packages/airflow/example_dags/example_params_ui_tutorial.py for tasks to queue
[2024-03-22T02:13:57.909+0000] {logging_mixin.py:188} INFO - [2024-03-22T02:13:57.909+0000] {dagbag.py:540} INFO - Filling up the DagBag from /home/airflow/.local/lib/python3.8/site-packages/airflow/example_dags/example_params_ui_tutorial.py
[2024-03-22T02:13:57.917+0000] {processor.py:840} INFO - DAG(s) 'example_params_ui_tutorial' retrieved from /home/airflow/.local/lib/python3.8/site-packages/airflow/example_dags/example_params_ui_tutorial.py
[2024-03-22T02:13:57.946+0000] {logging_mixin.py:188} INFO - [2024-03-22T02:13:57.946+0000] {dag.py:3047} INFO - Sync 1 DAGs
[2024-03-22T02:13:57.952+0000] {logging_mixin.py:188} INFO - [2024-03-22T02:13:57.952+0000] {dag.py:3834} INFO - Setting next_dagrun for example_params_ui_tutorial to None, run_after=None
[2024-03-22T02:13:57.963+0000] {processor.py:183} INFO - Processing /home/airflow/.local/lib/python3.8/site-packages/airflow/example_dags/example_params_ui_tutorial.py took 0.057 seconds
[2024-03-22T02:14:27.992+0000] {processor.py:161} INFO - Started process (PID=1025) to work on /home/airflow/.local/lib/python3.8/site-packages/airflow/example_dags/example_params_ui_tutorial.py
[2024-03-22T02:14:27.992+0000] {processor.py:830} INFO - Processing file /home/airflow/.local/lib/python3.8/site-packages/airflow/example_dags/example_params_ui_tutorial.py for tasks to queue
[2024-03-22T02:14:27.993+0000] {logging_mixin.py:188} INFO - [2024-03-22T02:14:27.993+0000] {dagbag.py:540} INFO - Filling up the DagBag from /home/airflow/.local/lib/python3.8/site-packages/airflow/example_dags/example_params_ui_tutorial.py
[2024-03-22T02:14:28.000+0000] {processor.py:840} INFO - DAG(s) 'example_params_ui_tutorial' retrieved from /home/airflow/.local/lib/python3.8/site-packages/airflow/example_dags/example_params_ui_tutorial.py
[2024-03-22T02:14:28.029+0000] {logging_mixin.py:188} INFO - [2024-03-22T02:14:28.028+0000] {dag.py:3047} INFO - Sync 1 DAGs
[2024-03-22T02:14:28.035+0000] {logging_mixin.py:188} INFO - [2024-03-22T02:14:28.035+0000] {dag.py:3834} INFO - Setting next_dagrun for example_params_ui_tutorial to None, run_after=None
[2024-03-22T02:14:28.044+0000] {processor.py:183} INFO - Processing /home/airflow/.local/lib/python3.8/site-packages/airflow/example_dags/example_params_ui_tutorial.py took 0.054 seconds
[2024-03-22T02:14:58.880+0000] {processor.py:161} INFO - Started process (PID=1270) to work on /home/airflow/.local/lib/python3.8/site-packages/airflow/example_dags/example_params_ui_tutorial.py
[2024-03-22T02:14:58.881+0000] {processor.py:830} INFO - Processing file /home/airflow/.local/lib/python3.8/site-packages/airflow/example_dags/example_params_ui_tutorial.py for tasks to queue
[2024-03-22T02:14:58.882+0000] {logging_mixin.py:188} INFO - [2024-03-22T02:14:58.882+0000] {dagbag.py:540} INFO - Filling up the DagBag from /home/airflow/.local/lib/python3.8/site-packages/airflow/example_dags/example_params_ui_tutorial.py
[2024-03-22T02:14:58.889+0000] {processor.py:840} INFO - DAG(s) 'example_params_ui_tutorial' retrieved from /home/airflow/.local/lib/python3.8/site-packages/airflow/example_dags/example_params_ui_tutorial.py
[2024-03-22T02:14:58.917+0000] {logging_mixin.py:188} INFO - [2024-03-22T02:14:58.917+0000] {dag.py:3047} INFO - Sync 1 DAGs
[2024-03-22T02:14:58.923+0000] {logging_mixin.py:188} INFO - [2024-03-22T02:14:58.923+0000] {dag.py:3834} INFO - Setting next_dagrun for example_params_ui_tutorial to None, run_after=None
[2024-03-22T02:14:58.932+0000] {processor.py:183} INFO - Processing /home/airflow/.local/lib/python3.8/site-packages/airflow/example_dags/example_params_ui_tutorial.py took 0.054 seconds
[2024-03-22T02:15:29.872+0000] {processor.py:161} INFO - Started process (PID=1517) to work on /home/airflow/.local/lib/python3.8/site-packages/airflow/example_dags/example_params_ui_tutorial.py
[2024-03-22T02:15:29.873+0000] {processor.py:830} INFO - Processing file /home/airflow/.local/lib/python3.8/site-packages/airflow/example_dags/example_params_ui_tutorial.py for tasks to queue
[2024-03-22T02:15:29.873+0000] {logging_mixin.py:188} INFO - [2024-03-22T02:15:29.873+0000] {dagbag.py:540} INFO - Filling up the DagBag from /home/airflow/.local/lib/python3.8/site-packages/airflow/example_dags/example_params_ui_tutorial.py
[2024-03-22T02:15:29.880+0000] {processor.py:840} INFO - DAG(s) 'example_params_ui_tutorial' retrieved from /home/airflow/.local/lib/python3.8/site-packages/airflow/example_dags/example_params_ui_tutorial.py
[2024-03-22T02:15:29.909+0000] {logging_mixin.py:188} INFO - [2024-03-22T02:15:29.908+0000] {dag.py:3047} INFO - Sync 1 DAGs
[2024-03-22T02:15:29.914+0000] {logging_mixin.py:188} INFO - [2024-03-22T02:15:29.914+0000] {dag.py:3834} INFO - Setting next_dagrun for example_params_ui_tutorial to None, run_after=None
[2024-03-22T02:15:29.923+0000] {processor.py:183} INFO - Processing /home/airflow/.local/lib/python3.8/site-packages/airflow/example_dags/example_params_ui_tutorial.py took 0.054 seconds
[2024-03-22T02:16:00.774+0000] {processor.py:161} INFO - Started process (PID=1764) to work on /home/airflow/.local/lib/python3.8/site-packages/airflow/example_dags/example_params_ui_tutorial.py
[2024-03-22T02:16:00.775+0000] {processor.py:830} INFO - Processing file /home/airflow/.local/lib/python3.8/site-packages/airflow/example_dags/example_params_ui_tutorial.py for tasks to queue
[2024-03-22T02:16:00.776+0000] {logging_mixin.py:188} INFO - [2024-03-22T02:16:00.776+0000] {dagbag.py:540} INFO - Filling up the DagBag from /home/airflow/.local/lib/python3.8/site-packages/airflow/example_dags/example_params_ui_tutorial.py
[2024-03-22T02:16:00.783+0000] {processor.py:840} INFO - DAG(s) 'example_params_ui_tutorial' retrieved from /home/airflow/.local/lib/python3.8/site-packages/airflow/example_dags/example_params_ui_tutorial.py
[2024-03-22T02:16:00.812+0000] {logging_mixin.py:188} INFO - [2024-03-22T02:16:00.812+0000] {dag.py:3047} INFO - Sync 1 DAGs
[2024-03-22T02:16:00.818+0000] {logging_mixin.py:188} INFO - [2024-03-22T02:16:00.818+0000] {dag.py:3834} INFO - Setting next_dagrun for example_params_ui_tutorial to None, run_after=None
[2024-03-22T02:16:00.826+0000] {processor.py:183} INFO - Processing /home/airflow/.local/lib/python3.8/site-packages/airflow/example_dags/example_params_ui_tutorial.py took 0.055 seconds
[2024-03-22T02:16:31.834+0000] {processor.py:161} INFO - Started process (PID=2013) to work on /home/airflow/.local/lib/python3.8/site-packages/airflow/example_dags/example_params_ui_tutorial.py
[2024-03-22T02:16:31.835+0000] {processor.py:830} INFO - Processing file /home/airflow/.local/lib/python3.8/site-packages/airflow/example_dags/example_params_ui_tutorial.py for tasks to queue
[2024-03-22T02:16:31.836+0000] {logging_mixin.py:188} INFO - [2024-03-22T02:16:31.836+0000] {dagbag.py:540} INFO - Filling up the DagBag from /home/airflow/.local/lib/python3.8/site-packages/airflow/example_dags/example_params_ui_tutorial.py
[2024-03-22T02:16:31.843+0000] {processor.py:840} INFO - DAG(s) 'example_params_ui_tutorial' retrieved from /home/airflow/.local/lib/python3.8/site-packages/airflow/example_dags/example_params_ui_tutorial.py
[2024-03-22T02:16:31.872+0000] {logging_mixin.py:188} INFO - [2024-03-22T02:16:31.872+0000] {dag.py:3047} INFO - Sync 1 DAGs
[2024-03-22T02:16:31.879+0000] {logging_mixin.py:188} INFO - [2024-03-22T02:16:31.879+0000] {dag.py:3834} INFO - Setting next_dagrun for example_params_ui_tutorial to None, run_after=None
[2024-03-22T02:16:31.889+0000] {processor.py:183} INFO - Processing /home/airflow/.local/lib/python3.8/site-packages/airflow/example_dags/example_params_ui_tutorial.py took 0.057 seconds
[2024-03-22T02:17:02.716+0000] {processor.py:161} INFO - Started process (PID=2282) to work on /home/airflow/.local/lib/python3.8/site-packages/airflow/example_dags/example_params_ui_tutorial.py
[2024-03-22T02:17:02.717+0000] {processor.py:830} INFO - Processing file /home/airflow/.local/lib/python3.8/site-packages/airflow/example_dags/example_params_ui_tutorial.py for tasks to queue
[2024-03-22T02:17:02.718+0000] {logging_mixin.py:188} INFO - [2024-03-22T02:17:02.718+0000] {dagbag.py:540} INFO - Filling up the DagBag from /home/airflow/.local/lib/python3.8/site-packages/airflow/example_dags/example_params_ui_tutorial.py
[2024-03-22T02:17:02.725+0000] {processor.py:840} INFO - DAG(s) 'example_params_ui_tutorial' retrieved from /home/airflow/.local/lib/python3.8/site-packages/airflow/example_dags/example_params_ui_tutorial.py
[2024-03-22T02:17:02.754+0000] {logging_mixin.py:188} INFO - [2024-03-22T02:17:02.754+0000] {dag.py:3047} INFO - Sync 1 DAGs
[2024-03-22T02:17:02.760+0000] {logging_mixin.py:188} INFO - [2024-03-22T02:17:02.760+0000] {dag.py:3834} INFO - Setting next_dagrun for example_params_ui_tutorial to None, run_after=None
[2024-03-22T02:17:02.770+0000] {processor.py:183} INFO - Processing /home/airflow/.local/lib/python3.8/site-packages/airflow/example_dags/example_params_ui_tutorial.py took 0.056 seconds
[2024-03-22T02:17:33.759+0000] {processor.py:161} INFO - Started process (PID=2529) to work on /home/airflow/.local/lib/python3.8/site-packages/airflow/example_dags/example_params_ui_tutorial.py
[2024-03-22T02:17:33.760+0000] {processor.py:830} INFO - Processing file /home/airflow/.local/lib/python3.8/site-packages/airflow/example_dags/example_params_ui_tutorial.py for tasks to queue
[2024-03-22T02:17:33.761+0000] {logging_mixin.py:188} INFO - [2024-03-22T02:17:33.760+0000] {dagbag.py:540} INFO - Filling up the DagBag from /home/airflow/.local/lib/python3.8/site-packages/airflow/example_dags/example_params_ui_tutorial.py
[2024-03-22T02:17:33.768+0000] {processor.py:840} INFO - DAG(s) 'example_params_ui_tutorial' retrieved from /home/airflow/.local/lib/python3.8/site-packages/airflow/example_dags/example_params_ui_tutorial.py
[2024-03-22T02:17:33.797+0000] {logging_mixin.py:188} INFO - [2024-03-22T02:17:33.796+0000] {dag.py:3047} INFO - Sync 1 DAGs
[2024-03-22T02:17:33.803+0000] {logging_mixin.py:188} INFO - [2024-03-22T02:17:33.803+0000] {dag.py:3834} INFO - Setting next_dagrun for example_params_ui_tutorial to None, run_after=None
[2024-03-22T02:17:33.813+0000] {processor.py:183} INFO - Processing /home/airflow/.local/lib/python3.8/site-packages/airflow/example_dags/example_params_ui_tutorial.py took 0.056 seconds
[2024-03-22T02:18:03.831+0000] {processor.py:161} INFO - Started process (PID=2776) to work on /home/airflow/.local/lib/python3.8/site-packages/airflow/example_dags/example_params_ui_tutorial.py
[2024-03-22T02:18:03.832+0000] {processor.py:830} INFO - Processing file /home/airflow/.local/lib/python3.8/site-packages/airflow/example_dags/example_params_ui_tutorial.py for tasks to queue
[2024-03-22T02:18:03.833+0000] {logging_mixin.py:188} INFO - [2024-03-22T02:18:03.833+0000] {dagbag.py:540} INFO - Filling up the DagBag from /home/airflow/.local/lib/python3.8/site-packages/airflow/example_dags/example_params_ui_tutorial.py
[2024-03-22T02:18:03.840+0000] {processor.py:840} INFO - DAG(s) 'example_params_ui_tutorial' retrieved from /home/airflow/.local/lib/python3.8/site-packages/airflow/example_dags/example_params_ui_tutorial.py
[2024-03-22T02:18:03.868+0000] {logging_mixin.py:188} INFO - [2024-03-22T02:18:03.868+0000] {dag.py:3047} INFO - Sync 1 DAGs
[2024-03-22T02:18:03.874+0000] {logging_mixin.py:188} INFO - [2024-03-22T02:18:03.874+0000] {dag.py:3834} INFO - Setting next_dagrun for example_params_ui_tutorial to None, run_after=None
[2024-03-22T02:18:03.884+0000] {processor.py:183} INFO - Processing /home/airflow/.local/lib/python3.8/site-packages/airflow/example_dags/example_params_ui_tutorial.py took 0.055 seconds
[2024-03-22T02:18:34.724+0000] {processor.py:161} INFO - Started process (PID=3023) to work on /home/airflow/.local/lib/python3.8/site-packages/airflow/example_dags/example_params_ui_tutorial.py
[2024-03-22T02:18:34.725+0000] {processor.py:830} INFO - Processing file /home/airflow/.local/lib/python3.8/site-packages/airflow/example_dags/example_params_ui_tutorial.py for tasks to queue
[2024-03-22T02:18:34.726+0000] {logging_mixin.py:188} INFO - [2024-03-22T02:18:34.726+0000] {dagbag.py:540} INFO - Filling up the DagBag from /home/airflow/.local/lib/python3.8/site-packages/airflow/example_dags/example_params_ui_tutorial.py
[2024-03-22T02:18:34.734+0000] {processor.py:840} INFO - DAG(s) 'example_params_ui_tutorial' retrieved from /home/airflow/.local/lib/python3.8/site-packages/airflow/example_dags/example_params_ui_tutorial.py
[2024-03-22T02:18:34.764+0000] {logging_mixin.py:188} INFO - [2024-03-22T02:18:34.764+0000] {dag.py:3047} INFO - Sync 1 DAGs
[2024-03-22T02:18:34.772+0000] {logging_mixin.py:188} INFO - [2024-03-22T02:18:34.772+0000] {dag.py:3834} INFO - Setting next_dagrun for example_params_ui_tutorial to None, run_after=None
[2024-03-22T02:18:34.784+0000] {processor.py:183} INFO - Processing /home/airflow/.local/lib/python3.8/site-packages/airflow/example_dags/example_params_ui_tutorial.py took 0.063 seconds
[2024-03-22T02:19:04.919+0000] {processor.py:161} INFO - Started process (PID=3272) to work on /home/airflow/.local/lib/python3.8/site-packages/airflow/example_dags/example_params_ui_tutorial.py
[2024-03-22T02:19:04.919+0000] {processor.py:830} INFO - Processing file /home/airflow/.local/lib/python3.8/site-packages/airflow/example_dags/example_params_ui_tutorial.py for tasks to queue
[2024-03-22T02:19:04.920+0000] {logging_mixin.py:188} INFO - [2024-03-22T02:19:04.920+0000] {dagbag.py:540} INFO - Filling up the DagBag from /home/airflow/.local/lib/python3.8/site-packages/airflow/example_dags/example_params_ui_tutorial.py
[2024-03-22T02:19:04.927+0000] {processor.py:840} INFO - DAG(s) 'example_params_ui_tutorial' retrieved from /home/airflow/.local/lib/python3.8/site-packages/airflow/example_dags/example_params_ui_tutorial.py
[2024-03-22T02:19:04.955+0000] {logging_mixin.py:188} INFO - [2024-03-22T02:19:04.955+0000] {dag.py:3047} INFO - Sync 1 DAGs
[2024-03-22T02:19:04.961+0000] {logging_mixin.py:188} INFO - [2024-03-22T02:19:04.961+0000] {dag.py:3834} INFO - Setting next_dagrun for example_params_ui_tutorial to None, run_after=None
[2024-03-22T02:19:04.970+0000] {processor.py:183} INFO - Processing /home/airflow/.local/lib/python3.8/site-packages/airflow/example_dags/example_params_ui_tutorial.py took 0.053 seconds
[2024-03-22T02:19:35.000+0000] {processor.py:161} INFO - Started process (PID=3519) to work on /home/airflow/.local/lib/python3.8/site-packages/airflow/example_dags/example_params_ui_tutorial.py
[2024-03-22T02:19:35.001+0000] {processor.py:830} INFO - Processing file /home/airflow/.local/lib/python3.8/site-packages/airflow/example_dags/example_params_ui_tutorial.py for tasks to queue
[2024-03-22T02:19:35.001+0000] {logging_mixin.py:188} INFO - [2024-03-22T02:19:35.001+0000] {dagbag.py:540} INFO - Filling up the DagBag from /home/airflow/.local/lib/python3.8/site-packages/airflow/example_dags/example_params_ui_tutorial.py
[2024-03-22T02:19:35.008+0000] {processor.py:840} INFO - DAG(s) 'example_params_ui_tutorial' retrieved from /home/airflow/.local/lib/python3.8/site-packages/airflow/example_dags/example_params_ui_tutorial.py
[2024-03-22T02:19:35.037+0000] {logging_mixin.py:188} INFO - [2024-03-22T02:19:35.036+0000] {dag.py:3047} INFO - Sync 1 DAGs
[2024-03-22T02:19:35.043+0000] {logging_mixin.py:188} INFO - [2024-03-22T02:19:35.043+0000] {dag.py:3834} INFO - Setting next_dagrun for example_params_ui_tutorial to None, run_after=None
[2024-03-22T02:19:35.052+0000] {processor.py:183} INFO - Processing /home/airflow/.local/lib/python3.8/site-packages/airflow/example_dags/example_params_ui_tutorial.py took 0.055 seconds
[2024-03-22T03:21:01.815+0000] {processor.py:161} INFO - Started process (PID=282) to work on /home/airflow/.local/lib/python3.8/site-packages/airflow/example_dags/example_params_ui_tutorial.py
[2024-03-22T03:21:01.816+0000] {processor.py:830} INFO - Processing file /home/airflow/.local/lib/python3.8/site-packages/airflow/example_dags/example_params_ui_tutorial.py for tasks to queue
[2024-03-22T03:21:01.817+0000] {logging_mixin.py:188} INFO - [2024-03-22T03:21:01.817+0000] {dagbag.py:540} INFO - Filling up the DagBag from /home/airflow/.local/lib/python3.8/site-packages/airflow/example_dags/example_params_ui_tutorial.py
[2024-03-22T03:21:01.824+0000] {processor.py:840} INFO - DAG(s) 'example_params_ui_tutorial' retrieved from /home/airflow/.local/lib/python3.8/site-packages/airflow/example_dags/example_params_ui_tutorial.py
[2024-03-22T03:21:01.898+0000] {logging_mixin.py:188} INFO - [2024-03-22T03:21:01.898+0000] {override.py:1769} INFO - Created Permission View: can read on DAG:example_params_ui_tutorial
[2024-03-22T03:21:01.903+0000] {logging_mixin.py:188} INFO - [2024-03-22T03:21:01.903+0000] {override.py:1769} INFO - Created Permission View: can delete on DAG:example_params_ui_tutorial
[2024-03-22T03:21:01.906+0000] {logging_mixin.py:188} INFO - [2024-03-22T03:21:01.906+0000] {override.py:1769} INFO - Created Permission View: can edit on DAG:example_params_ui_tutorial
[2024-03-22T03:21:01.906+0000] {logging_mixin.py:188} INFO - [2024-03-22T03:21:01.906+0000] {dag.py:3047} INFO - Sync 1 DAGs
[2024-03-22T03:21:01.912+0000] {logging_mixin.py:188} INFO - [2024-03-22T03:21:01.912+0000] {dag.py:3069} INFO - Creating ORM DAG for example_params_ui_tutorial
[2024-03-22T03:21:01.912+0000] {logging_mixin.py:188} INFO - [2024-03-22T03:21:01.912+0000] {dag.py:3834} INFO - Setting next_dagrun for example_params_ui_tutorial to None, run_after=None
[2024-03-22T03:21:01.922+0000] {processor.py:183} INFO - Processing /home/airflow/.local/lib/python3.8/site-packages/airflow/example_dags/example_params_ui_tutorial.py took 0.108 seconds
[2024-03-22T03:21:32.677+0000] {processor.py:161} INFO - Started process (PID=529) to work on /home/airflow/.local/lib/python3.8/site-packages/airflow/example_dags/example_params_ui_tutorial.py
[2024-03-22T03:21:32.678+0000] {processor.py:830} INFO - Processing file /home/airflow/.local/lib/python3.8/site-packages/airflow/example_dags/example_params_ui_tutorial.py for tasks to queue
[2024-03-22T03:21:32.679+0000] {logging_mixin.py:188} INFO - [2024-03-22T03:21:32.678+0000] {dagbag.py:540} INFO - Filling up the DagBag from /home/airflow/.local/lib/python3.8/site-packages/airflow/example_dags/example_params_ui_tutorial.py
[2024-03-22T03:21:32.686+0000] {processor.py:840} INFO - DAG(s) 'example_params_ui_tutorial' retrieved from /home/airflow/.local/lib/python3.8/site-packages/airflow/example_dags/example_params_ui_tutorial.py
[2024-03-22T03:21:32.714+0000] {logging_mixin.py:188} INFO - [2024-03-22T03:21:32.714+0000] {dag.py:3047} INFO - Sync 1 DAGs
[2024-03-22T03:21:32.720+0000] {logging_mixin.py:188} INFO - [2024-03-22T03:21:32.720+0000] {dag.py:3834} INFO - Setting next_dagrun for example_params_ui_tutorial to None, run_after=None
[2024-03-22T03:21:32.729+0000] {processor.py:183} INFO - Processing /home/airflow/.local/lib/python3.8/site-packages/airflow/example_dags/example_params_ui_tutorial.py took 0.054 seconds
[2024-03-22T03:22:03.443+0000] {processor.py:161} INFO - Started process (PID=776) to work on /home/airflow/.local/lib/python3.8/site-packages/airflow/example_dags/example_params_ui_tutorial.py
[2024-03-22T03:22:03.443+0000] {processor.py:830} INFO - Processing file /home/airflow/.local/lib/python3.8/site-packages/airflow/example_dags/example_params_ui_tutorial.py for tasks to queue
[2024-03-22T03:22:03.444+0000] {logging_mixin.py:188} INFO - [2024-03-22T03:22:03.444+0000] {dagbag.py:540} INFO - Filling up the DagBag from /home/airflow/.local/lib/python3.8/site-packages/airflow/example_dags/example_params_ui_tutorial.py
[2024-03-22T03:22:03.451+0000] {processor.py:840} INFO - DAG(s) 'example_params_ui_tutorial' retrieved from /home/airflow/.local/lib/python3.8/site-packages/airflow/example_dags/example_params_ui_tutorial.py
[2024-03-22T03:22:03.479+0000] {logging_mixin.py:188} INFO - [2024-03-22T03:22:03.479+0000] {dag.py:3047} INFO - Sync 1 DAGs
[2024-03-22T03:22:03.485+0000] {logging_mixin.py:188} INFO - [2024-03-22T03:22:03.485+0000] {dag.py:3834} INFO - Setting next_dagrun for example_params_ui_tutorial to None, run_after=None
[2024-03-22T03:22:03.495+0000] {processor.py:183} INFO - Processing /home/airflow/.local/lib/python3.8/site-packages/airflow/example_dags/example_params_ui_tutorial.py took 0.054 seconds
[2024-03-22T03:22:34.263+0000] {processor.py:161} INFO - Started process (PID=1023) to work on /home/airflow/.local/lib/python3.8/site-packages/airflow/example_dags/example_params_ui_tutorial.py
[2024-03-22T03:22:34.264+0000] {processor.py:830} INFO - Processing file /home/airflow/.local/lib/python3.8/site-packages/airflow/example_dags/example_params_ui_tutorial.py for tasks to queue
[2024-03-22T03:22:34.265+0000] {logging_mixin.py:188} INFO - [2024-03-22T03:22:34.264+0000] {dagbag.py:540} INFO - Filling up the DagBag from /home/airflow/.local/lib/python3.8/site-packages/airflow/example_dags/example_params_ui_tutorial.py
[2024-03-22T03:22:34.271+0000] {processor.py:840} INFO - DAG(s) 'example_params_ui_tutorial' retrieved from /home/airflow/.local/lib/python3.8/site-packages/airflow/example_dags/example_params_ui_tutorial.py
[2024-03-22T03:22:34.301+0000] {logging_mixin.py:188} INFO - [2024-03-22T03:22:34.300+0000] {dag.py:3047} INFO - Sync 1 DAGs
[2024-03-22T03:22:34.307+0000] {logging_mixin.py:188} INFO - [2024-03-22T03:22:34.307+0000] {dag.py:3834} INFO - Setting next_dagrun for example_params_ui_tutorial to None, run_after=None
[2024-03-22T03:22:34.316+0000] {processor.py:183} INFO - Processing /home/airflow/.local/lib/python3.8/site-packages/airflow/example_dags/example_params_ui_tutorial.py took 0.055 seconds
[2024-03-22T03:23:05.099+0000] {processor.py:161} INFO - Started process (PID=1270) to work on /home/airflow/.local/lib/python3.8/site-packages/airflow/example_dags/example_params_ui_tutorial.py
[2024-03-22T03:23:05.100+0000] {processor.py:830} INFO - Processing file /home/airflow/.local/lib/python3.8/site-packages/airflow/example_dags/example_params_ui_tutorial.py for tasks to queue
[2024-03-22T03:23:05.101+0000] {logging_mixin.py:188} INFO - [2024-03-22T03:23:05.101+0000] {dagbag.py:540} INFO - Filling up the DagBag from /home/airflow/.local/lib/python3.8/site-packages/airflow/example_dags/example_params_ui_tutorial.py
[2024-03-22T03:23:05.109+0000] {processor.py:840} INFO - DAG(s) 'example_params_ui_tutorial' retrieved from /home/airflow/.local/lib/python3.8/site-packages/airflow/example_dags/example_params_ui_tutorial.py
[2024-03-22T03:23:05.138+0000] {logging_mixin.py:188} INFO - [2024-03-22T03:23:05.137+0000] {dag.py:3047} INFO - Sync 1 DAGs
[2024-03-22T03:23:05.144+0000] {logging_mixin.py:188} INFO - [2024-03-22T03:23:05.144+0000] {dag.py:3834} INFO - Setting next_dagrun for example_params_ui_tutorial to None, run_after=None
[2024-03-22T03:23:05.154+0000] {processor.py:183} INFO - Processing /home/airflow/.local/lib/python3.8/site-packages/airflow/example_dags/example_params_ui_tutorial.py took 0.056 seconds
