[2024-03-22T02:12:56.144+0000] {processor.py:161} INFO - Started process (PID=222) to work on /home/airflow/.local/lib/python3.8/site-packages/airflow/example_dags/example_external_task_marker_dag.py
[2024-03-22T02:12:56.144+0000] {processor.py:830} INFO - Processing file /home/airflow/.local/lib/python3.8/site-packages/airflow/example_dags/example_external_task_marker_dag.py for tasks to queue
[2024-03-22T02:12:56.145+0000] {logging_mixin.py:188} INFO - [2024-03-22T02:12:56.145+0000] {dagbag.py:540} INFO - Filling up the DagBag from /home/airflow/.local/lib/python3.8/site-packages/airflow/example_dags/example_external_task_marker_dag.py
[2024-03-22T02:12:56.149+0000] {processor.py:840} INFO - DAG(s) 'example_external_task_marker_child', 'example_external_task_marker_parent' retrieved from /home/airflow/.local/lib/python3.8/site-packages/airflow/example_dags/example_external_task_marker_dag.py
[2024-03-22T02:12:56.157+0000] {logging_mixin.py:188} INFO - [2024-03-22T02:12:56.157+0000] {dag.py:3047} INFO - Sync 2 DAGs
[2024-03-22T02:12:56.164+0000] {logging_mixin.py:188} INFO - [2024-03-22T02:12:56.164+0000] {dag.py:3834} INFO - Setting next_dagrun for example_external_task_marker_child to None, run_after=None
[2024-03-22T02:12:56.166+0000] {logging_mixin.py:188} INFO - [2024-03-22T02:12:56.166+0000] {dag.py:3834} INFO - Setting next_dagrun for example_external_task_marker_parent to None, run_after=None
[2024-03-22T02:12:56.176+0000] {processor.py:183} INFO - Processing /home/airflow/.local/lib/python3.8/site-packages/airflow/example_dags/example_external_task_marker_dag.py took 0.034 seconds
[2024-03-22T02:13:26.844+0000] {processor.py:161} INFO - Started process (PID=469) to work on /home/airflow/.local/lib/python3.8/site-packages/airflow/example_dags/example_external_task_marker_dag.py
[2024-03-22T02:13:26.845+0000] {processor.py:830} INFO - Processing file /home/airflow/.local/lib/python3.8/site-packages/airflow/example_dags/example_external_task_marker_dag.py for tasks to queue
[2024-03-22T02:13:26.845+0000] {logging_mixin.py:188} INFO - [2024-03-22T02:13:26.845+0000] {dagbag.py:540} INFO - Filling up the DagBag from /home/airflow/.local/lib/python3.8/site-packages/airflow/example_dags/example_external_task_marker_dag.py
[2024-03-22T02:13:26.849+0000] {processor.py:840} INFO - DAG(s) 'example_external_task_marker_child', 'example_external_task_marker_parent' retrieved from /home/airflow/.local/lib/python3.8/site-packages/airflow/example_dags/example_external_task_marker_dag.py
[2024-03-22T02:13:26.904+0000] {logging_mixin.py:188} INFO - [2024-03-22T02:13:26.904+0000] {dag.py:3047} INFO - Sync 2 DAGs
[2024-03-22T02:13:26.910+0000] {logging_mixin.py:188} INFO - [2024-03-22T02:13:26.910+0000] {dag.py:3834} INFO - Setting next_dagrun for example_external_task_marker_child to None, run_after=None
[2024-03-22T02:13:26.911+0000] {logging_mixin.py:188} INFO - [2024-03-22T02:13:26.911+0000] {dag.py:3834} INFO - Setting next_dagrun for example_external_task_marker_parent to None, run_after=None
[2024-03-22T02:13:26.920+0000] {processor.py:183} INFO - Processing /home/airflow/.local/lib/python3.8/site-packages/airflow/example_dags/example_external_task_marker_dag.py took 0.079 seconds
[2024-03-22T02:13:57.531+0000] {processor.py:161} INFO - Started process (PID=716) to work on /home/airflow/.local/lib/python3.8/site-packages/airflow/example_dags/example_external_task_marker_dag.py
[2024-03-22T02:13:57.532+0000] {processor.py:830} INFO - Processing file /home/airflow/.local/lib/python3.8/site-packages/airflow/example_dags/example_external_task_marker_dag.py for tasks to queue
[2024-03-22T02:13:57.533+0000] {logging_mixin.py:188} INFO - [2024-03-22T02:13:57.533+0000] {dagbag.py:540} INFO - Filling up the DagBag from /home/airflow/.local/lib/python3.8/site-packages/airflow/example_dags/example_external_task_marker_dag.py
[2024-03-22T02:13:57.536+0000] {processor.py:840} INFO - DAG(s) 'example_external_task_marker_parent', 'example_external_task_marker_child' retrieved from /home/airflow/.local/lib/python3.8/site-packages/airflow/example_dags/example_external_task_marker_dag.py
[2024-03-22T02:13:57.551+0000] {logging_mixin.py:188} INFO - [2024-03-22T02:13:57.551+0000] {dag.py:3047} INFO - Sync 2 DAGs
[2024-03-22T02:13:57.559+0000] {logging_mixin.py:188} INFO - [2024-03-22T02:13:57.559+0000] {dag.py:3834} INFO - Setting next_dagrun for example_external_task_marker_child to None, run_after=None
[2024-03-22T02:13:57.561+0000] {logging_mixin.py:188} INFO - [2024-03-22T02:13:57.561+0000] {dag.py:3834} INFO - Setting next_dagrun for example_external_task_marker_parent to None, run_after=None
[2024-03-22T02:13:57.569+0000] {processor.py:183} INFO - Processing /home/airflow/.local/lib/python3.8/site-packages/airflow/example_dags/example_external_task_marker_dag.py took 0.041 seconds
[2024-03-22T02:14:27.643+0000] {processor.py:161} INFO - Started process (PID=963) to work on /home/airflow/.local/lib/python3.8/site-packages/airflow/example_dags/example_external_task_marker_dag.py
[2024-03-22T02:14:27.644+0000] {processor.py:830} INFO - Processing file /home/airflow/.local/lib/python3.8/site-packages/airflow/example_dags/example_external_task_marker_dag.py for tasks to queue
[2024-03-22T02:14:27.645+0000] {logging_mixin.py:188} INFO - [2024-03-22T02:14:27.645+0000] {dagbag.py:540} INFO - Filling up the DagBag from /home/airflow/.local/lib/python3.8/site-packages/airflow/example_dags/example_external_task_marker_dag.py
[2024-03-22T02:14:27.648+0000] {processor.py:840} INFO - DAG(s) 'example_external_task_marker_child', 'example_external_task_marker_parent' retrieved from /home/airflow/.local/lib/python3.8/site-packages/airflow/example_dags/example_external_task_marker_dag.py
[2024-03-22T02:14:27.663+0000] {logging_mixin.py:188} INFO - [2024-03-22T02:14:27.662+0000] {dag.py:3047} INFO - Sync 2 DAGs
[2024-03-22T02:14:27.669+0000] {logging_mixin.py:188} INFO - [2024-03-22T02:14:27.669+0000] {dag.py:3834} INFO - Setting next_dagrun for example_external_task_marker_child to None, run_after=None
[2024-03-22T02:14:27.671+0000] {logging_mixin.py:188} INFO - [2024-03-22T02:14:27.671+0000] {dag.py:3834} INFO - Setting next_dagrun for example_external_task_marker_parent to None, run_after=None
[2024-03-22T02:14:27.680+0000] {processor.py:183} INFO - Processing /home/airflow/.local/lib/python3.8/site-packages/airflow/example_dags/example_external_task_marker_dag.py took 0.039 seconds
[2024-03-22T02:14:58.545+0000] {processor.py:161} INFO - Started process (PID=1210) to work on /home/airflow/.local/lib/python3.8/site-packages/airflow/example_dags/example_external_task_marker_dag.py
[2024-03-22T02:14:58.545+0000] {processor.py:830} INFO - Processing file /home/airflow/.local/lib/python3.8/site-packages/airflow/example_dags/example_external_task_marker_dag.py for tasks to queue
[2024-03-22T02:14:58.546+0000] {logging_mixin.py:188} INFO - [2024-03-22T02:14:58.546+0000] {dagbag.py:540} INFO - Filling up the DagBag from /home/airflow/.local/lib/python3.8/site-packages/airflow/example_dags/example_external_task_marker_dag.py
[2024-03-22T02:14:58.550+0000] {processor.py:840} INFO - DAG(s) 'example_external_task_marker_child', 'example_external_task_marker_parent' retrieved from /home/airflow/.local/lib/python3.8/site-packages/airflow/example_dags/example_external_task_marker_dag.py
[2024-03-22T02:14:58.565+0000] {logging_mixin.py:188} INFO - [2024-03-22T02:14:58.565+0000] {dag.py:3047} INFO - Sync 2 DAGs
[2024-03-22T02:14:58.572+0000] {logging_mixin.py:188} INFO - [2024-03-22T02:14:58.571+0000] {dag.py:3834} INFO - Setting next_dagrun for example_external_task_marker_child to None, run_after=None
[2024-03-22T02:14:58.574+0000] {logging_mixin.py:188} INFO - [2024-03-22T02:14:58.573+0000] {dag.py:3834} INFO - Setting next_dagrun for example_external_task_marker_parent to None, run_after=None
[2024-03-22T02:14:58.582+0000] {processor.py:183} INFO - Processing /home/airflow/.local/lib/python3.8/site-packages/airflow/example_dags/example_external_task_marker_dag.py took 0.039 seconds
[2024-03-22T02:15:29.537+0000] {processor.py:161} INFO - Started process (PID=1457) to work on /home/airflow/.local/lib/python3.8/site-packages/airflow/example_dags/example_external_task_marker_dag.py
[2024-03-22T02:15:29.538+0000] {processor.py:830} INFO - Processing file /home/airflow/.local/lib/python3.8/site-packages/airflow/example_dags/example_external_task_marker_dag.py for tasks to queue
[2024-03-22T02:15:29.538+0000] {logging_mixin.py:188} INFO - [2024-03-22T02:15:29.538+0000] {dagbag.py:540} INFO - Filling up the DagBag from /home/airflow/.local/lib/python3.8/site-packages/airflow/example_dags/example_external_task_marker_dag.py
[2024-03-22T02:15:29.542+0000] {processor.py:840} INFO - DAG(s) 'example_external_task_marker_parent', 'example_external_task_marker_child' retrieved from /home/airflow/.local/lib/python3.8/site-packages/airflow/example_dags/example_external_task_marker_dag.py
[2024-03-22T02:15:29.556+0000] {logging_mixin.py:188} INFO - [2024-03-22T02:15:29.556+0000] {dag.py:3047} INFO - Sync 2 DAGs
[2024-03-22T02:15:29.563+0000] {logging_mixin.py:188} INFO - [2024-03-22T02:15:29.563+0000] {dag.py:3834} INFO - Setting next_dagrun for example_external_task_marker_child to None, run_after=None
[2024-03-22T02:15:29.565+0000] {logging_mixin.py:188} INFO - [2024-03-22T02:15:29.565+0000] {dag.py:3834} INFO - Setting next_dagrun for example_external_task_marker_parent to None, run_after=None
[2024-03-22T02:15:29.573+0000] {processor.py:183} INFO - Processing /home/airflow/.local/lib/python3.8/site-packages/airflow/example_dags/example_external_task_marker_dag.py took 0.039 seconds
[2024-03-22T02:16:00.360+0000] {processor.py:161} INFO - Started process (PID=1704) to work on /home/airflow/.local/lib/python3.8/site-packages/airflow/example_dags/example_external_task_marker_dag.py
[2024-03-22T02:16:00.364+0000] {processor.py:830} INFO - Processing file /home/airflow/.local/lib/python3.8/site-packages/airflow/example_dags/example_external_task_marker_dag.py for tasks to queue
[2024-03-22T02:16:00.366+0000] {logging_mixin.py:188} INFO - [2024-03-22T02:16:00.365+0000] {dagbag.py:540} INFO - Filling up the DagBag from /home/airflow/.local/lib/python3.8/site-packages/airflow/example_dags/example_external_task_marker_dag.py
[2024-03-22T02:16:00.371+0000] {processor.py:840} INFO - DAG(s) 'example_external_task_marker_parent', 'example_external_task_marker_child' retrieved from /home/airflow/.local/lib/python3.8/site-packages/airflow/example_dags/example_external_task_marker_dag.py
[2024-03-22T02:16:00.388+0000] {logging_mixin.py:188} INFO - [2024-03-22T02:16:00.387+0000] {dag.py:3047} INFO - Sync 2 DAGs
[2024-03-22T02:16:00.396+0000] {logging_mixin.py:188} INFO - [2024-03-22T02:16:00.396+0000] {dag.py:3834} INFO - Setting next_dagrun for example_external_task_marker_child to None, run_after=None
[2024-03-22T02:16:00.398+0000] {logging_mixin.py:188} INFO - [2024-03-22T02:16:00.398+0000] {dag.py:3834} INFO - Setting next_dagrun for example_external_task_marker_parent to None, run_after=None
[2024-03-22T02:16:00.408+0000] {processor.py:183} INFO - Processing /home/airflow/.local/lib/python3.8/site-packages/airflow/example_dags/example_external_task_marker_dag.py took 0.053 seconds
[2024-03-22T02:16:31.447+0000] {processor.py:161} INFO - Started process (PID=1951) to work on /home/airflow/.local/lib/python3.8/site-packages/airflow/example_dags/example_external_task_marker_dag.py
[2024-03-22T02:16:31.448+0000] {processor.py:830} INFO - Processing file /home/airflow/.local/lib/python3.8/site-packages/airflow/example_dags/example_external_task_marker_dag.py for tasks to queue
[2024-03-22T02:16:31.449+0000] {logging_mixin.py:188} INFO - [2024-03-22T02:16:31.449+0000] {dagbag.py:540} INFO - Filling up the DagBag from /home/airflow/.local/lib/python3.8/site-packages/airflow/example_dags/example_external_task_marker_dag.py
[2024-03-22T02:16:31.453+0000] {processor.py:840} INFO - DAG(s) 'example_external_task_marker_child', 'example_external_task_marker_parent' retrieved from /home/airflow/.local/lib/python3.8/site-packages/airflow/example_dags/example_external_task_marker_dag.py
[2024-03-22T02:16:31.470+0000] {logging_mixin.py:188} INFO - [2024-03-22T02:16:31.470+0000] {dag.py:3047} INFO - Sync 2 DAGs
[2024-03-22T02:16:31.478+0000] {logging_mixin.py:188} INFO - [2024-03-22T02:16:31.478+0000] {dag.py:3834} INFO - Setting next_dagrun for example_external_task_marker_child to None, run_after=None
[2024-03-22T02:16:31.481+0000] {logging_mixin.py:188} INFO - [2024-03-22T02:16:31.480+0000] {dag.py:3834} INFO - Setting next_dagrun for example_external_task_marker_parent to None, run_after=None
[2024-03-22T02:16:31.490+0000] {processor.py:183} INFO - Processing /home/airflow/.local/lib/python3.8/site-packages/airflow/example_dags/example_external_task_marker_dag.py took 0.046 seconds
[2024-03-22T02:17:02.361+0000] {processor.py:161} INFO - Started process (PID=2222) to work on /home/airflow/.local/lib/python3.8/site-packages/airflow/example_dags/example_external_task_marker_dag.py
[2024-03-22T02:17:02.361+0000] {processor.py:830} INFO - Processing file /home/airflow/.local/lib/python3.8/site-packages/airflow/example_dags/example_external_task_marker_dag.py for tasks to queue
[2024-03-22T02:17:02.362+0000] {logging_mixin.py:188} INFO - [2024-03-22T02:17:02.362+0000] {dagbag.py:540} INFO - Filling up the DagBag from /home/airflow/.local/lib/python3.8/site-packages/airflow/example_dags/example_external_task_marker_dag.py
[2024-03-22T02:17:02.366+0000] {processor.py:840} INFO - DAG(s) 'example_external_task_marker_child', 'example_external_task_marker_parent' retrieved from /home/airflow/.local/lib/python3.8/site-packages/airflow/example_dags/example_external_task_marker_dag.py
[2024-03-22T02:17:02.380+0000] {logging_mixin.py:188} INFO - [2024-03-22T02:17:02.380+0000] {dag.py:3047} INFO - Sync 2 DAGs
[2024-03-22T02:17:02.388+0000] {logging_mixin.py:188} INFO - [2024-03-22T02:17:02.387+0000] {dag.py:3834} INFO - Setting next_dagrun for example_external_task_marker_child to None, run_after=None
[2024-03-22T02:17:02.390+0000] {logging_mixin.py:188} INFO - [2024-03-22T02:17:02.390+0000] {dag.py:3834} INFO - Setting next_dagrun for example_external_task_marker_parent to None, run_after=None
[2024-03-22T02:17:02.398+0000] {processor.py:183} INFO - Processing /home/airflow/.local/lib/python3.8/site-packages/airflow/example_dags/example_external_task_marker_dag.py took 0.040 seconds
[2024-03-22T02:17:33.408+0000] {processor.py:161} INFO - Started process (PID=2469) to work on /home/airflow/.local/lib/python3.8/site-packages/airflow/example_dags/example_external_task_marker_dag.py
[2024-03-22T02:17:33.409+0000] {processor.py:830} INFO - Processing file /home/airflow/.local/lib/python3.8/site-packages/airflow/example_dags/example_external_task_marker_dag.py for tasks to queue
[2024-03-22T02:17:33.410+0000] {logging_mixin.py:188} INFO - [2024-03-22T02:17:33.409+0000] {dagbag.py:540} INFO - Filling up the DagBag from /home/airflow/.local/lib/python3.8/site-packages/airflow/example_dags/example_external_task_marker_dag.py
[2024-03-22T02:17:33.413+0000] {processor.py:840} INFO - DAG(s) 'example_external_task_marker_child', 'example_external_task_marker_parent' retrieved from /home/airflow/.local/lib/python3.8/site-packages/airflow/example_dags/example_external_task_marker_dag.py
[2024-03-22T02:17:33.428+0000] {logging_mixin.py:188} INFO - [2024-03-22T02:17:33.428+0000] {dag.py:3047} INFO - Sync 2 DAGs
[2024-03-22T02:17:33.435+0000] {logging_mixin.py:188} INFO - [2024-03-22T02:17:33.435+0000] {dag.py:3834} INFO - Setting next_dagrun for example_external_task_marker_child to None, run_after=None
[2024-03-22T02:17:33.437+0000] {logging_mixin.py:188} INFO - [2024-03-22T02:17:33.436+0000] {dag.py:3834} INFO - Setting next_dagrun for example_external_task_marker_parent to None, run_after=None
[2024-03-22T02:17:33.445+0000] {processor.py:183} INFO - Processing /home/airflow/.local/lib/python3.8/site-packages/airflow/example_dags/example_external_task_marker_dag.py took 0.039 seconds
[2024-03-22T02:18:03.477+0000] {processor.py:161} INFO - Started process (PID=2716) to work on /home/airflow/.local/lib/python3.8/site-packages/airflow/example_dags/example_external_task_marker_dag.py
[2024-03-22T02:18:03.478+0000] {processor.py:830} INFO - Processing file /home/airflow/.local/lib/python3.8/site-packages/airflow/example_dags/example_external_task_marker_dag.py for tasks to queue
[2024-03-22T02:18:03.479+0000] {logging_mixin.py:188} INFO - [2024-03-22T02:18:03.479+0000] {dagbag.py:540} INFO - Filling up the DagBag from /home/airflow/.local/lib/python3.8/site-packages/airflow/example_dags/example_external_task_marker_dag.py
[2024-03-22T02:18:03.482+0000] {processor.py:840} INFO - DAG(s) 'example_external_task_marker_child', 'example_external_task_marker_parent' retrieved from /home/airflow/.local/lib/python3.8/site-packages/airflow/example_dags/example_external_task_marker_dag.py
[2024-03-22T02:18:03.496+0000] {logging_mixin.py:188} INFO - [2024-03-22T02:18:03.496+0000] {dag.py:3047} INFO - Sync 2 DAGs
[2024-03-22T02:18:03.503+0000] {logging_mixin.py:188} INFO - [2024-03-22T02:18:03.503+0000] {dag.py:3834} INFO - Setting next_dagrun for example_external_task_marker_child to None, run_after=None
[2024-03-22T02:18:03.505+0000] {logging_mixin.py:188} INFO - [2024-03-22T02:18:03.505+0000] {dag.py:3834} INFO - Setting next_dagrun for example_external_task_marker_parent to None, run_after=None
[2024-03-22T02:18:03.514+0000] {processor.py:183} INFO - Processing /home/airflow/.local/lib/python3.8/site-packages/airflow/example_dags/example_external_task_marker_dag.py took 0.039 seconds
[2024-03-22T02:18:34.325+0000] {processor.py:161} INFO - Started process (PID=2963) to work on /home/airflow/.local/lib/python3.8/site-packages/airflow/example_dags/example_external_task_marker_dag.py
[2024-03-22T02:18:34.326+0000] {processor.py:830} INFO - Processing file /home/airflow/.local/lib/python3.8/site-packages/airflow/example_dags/example_external_task_marker_dag.py for tasks to queue
[2024-03-22T02:18:34.327+0000] {logging_mixin.py:188} INFO - [2024-03-22T02:18:34.327+0000] {dagbag.py:540} INFO - Filling up the DagBag from /home/airflow/.local/lib/python3.8/site-packages/airflow/example_dags/example_external_task_marker_dag.py
[2024-03-22T02:18:34.331+0000] {processor.py:840} INFO - DAG(s) 'example_external_task_marker_child', 'example_external_task_marker_parent' retrieved from /home/airflow/.local/lib/python3.8/site-packages/airflow/example_dags/example_external_task_marker_dag.py
[2024-03-22T02:18:34.345+0000] {logging_mixin.py:188} INFO - [2024-03-22T02:18:34.345+0000] {dag.py:3047} INFO - Sync 2 DAGs
[2024-03-22T02:18:34.352+0000] {logging_mixin.py:188} INFO - [2024-03-22T02:18:34.352+0000] {dag.py:3834} INFO - Setting next_dagrun for example_external_task_marker_child to None, run_after=None
[2024-03-22T02:18:34.355+0000] {logging_mixin.py:188} INFO - [2024-03-22T02:18:34.354+0000] {dag.py:3834} INFO - Setting next_dagrun for example_external_task_marker_parent to None, run_after=None
[2024-03-22T02:18:34.363+0000] {processor.py:183} INFO - Processing /home/airflow/.local/lib/python3.8/site-packages/airflow/example_dags/example_external_task_marker_dag.py took 0.040 seconds
[2024-03-22T02:19:04.482+0000] {processor.py:161} INFO - Started process (PID=3212) to work on /home/airflow/.local/lib/python3.8/site-packages/airflow/example_dags/example_external_task_marker_dag.py
[2024-03-22T02:19:04.483+0000] {processor.py:830} INFO - Processing file /home/airflow/.local/lib/python3.8/site-packages/airflow/example_dags/example_external_task_marker_dag.py for tasks to queue
[2024-03-22T02:19:04.484+0000] {logging_mixin.py:188} INFO - [2024-03-22T02:19:04.484+0000] {dagbag.py:540} INFO - Filling up the DagBag from /home/airflow/.local/lib/python3.8/site-packages/airflow/example_dags/example_external_task_marker_dag.py
[2024-03-22T02:19:04.488+0000] {processor.py:840} INFO - DAG(s) 'example_external_task_marker_parent', 'example_external_task_marker_child' retrieved from /home/airflow/.local/lib/python3.8/site-packages/airflow/example_dags/example_external_task_marker_dag.py
[2024-03-22T02:19:04.502+0000] {logging_mixin.py:188} INFO - [2024-03-22T02:19:04.502+0000] {dag.py:3047} INFO - Sync 2 DAGs
[2024-03-22T02:19:04.509+0000] {logging_mixin.py:188} INFO - [2024-03-22T02:19:04.509+0000] {dag.py:3834} INFO - Setting next_dagrun for example_external_task_marker_child to None, run_after=None
[2024-03-22T02:19:04.511+0000] {logging_mixin.py:188} INFO - [2024-03-22T02:19:04.511+0000] {dag.py:3834} INFO - Setting next_dagrun for example_external_task_marker_parent to None, run_after=None
[2024-03-22T02:19:04.520+0000] {processor.py:183} INFO - Processing /home/airflow/.local/lib/python3.8/site-packages/airflow/example_dags/example_external_task_marker_dag.py took 0.040 seconds
[2024-03-22T02:19:34.585+0000] {processor.py:161} INFO - Started process (PID=3457) to work on /home/airflow/.local/lib/python3.8/site-packages/airflow/example_dags/example_external_task_marker_dag.py
[2024-03-22T02:19:34.586+0000] {processor.py:830} INFO - Processing file /home/airflow/.local/lib/python3.8/site-packages/airflow/example_dags/example_external_task_marker_dag.py for tasks to queue
[2024-03-22T02:19:34.586+0000] {logging_mixin.py:188} INFO - [2024-03-22T02:19:34.586+0000] {dagbag.py:540} INFO - Filling up the DagBag from /home/airflow/.local/lib/python3.8/site-packages/airflow/example_dags/example_external_task_marker_dag.py
[2024-03-22T02:19:34.590+0000] {processor.py:840} INFO - DAG(s) 'example_external_task_marker_parent', 'example_external_task_marker_child' retrieved from /home/airflow/.local/lib/python3.8/site-packages/airflow/example_dags/example_external_task_marker_dag.py
[2024-03-22T02:19:34.604+0000] {logging_mixin.py:188} INFO - [2024-03-22T02:19:34.604+0000] {dag.py:3047} INFO - Sync 2 DAGs
[2024-03-22T02:19:34.610+0000] {logging_mixin.py:188} INFO - [2024-03-22T02:19:34.610+0000] {dag.py:3834} INFO - Setting next_dagrun for example_external_task_marker_child to None, run_after=None
[2024-03-22T02:19:34.612+0000] {logging_mixin.py:188} INFO - [2024-03-22T02:19:34.612+0000] {dag.py:3834} INFO - Setting next_dagrun for example_external_task_marker_parent to None, run_after=None
[2024-03-22T02:19:34.621+0000] {processor.py:183} INFO - Processing /home/airflow/.local/lib/python3.8/site-packages/airflow/example_dags/example_external_task_marker_dag.py took 0.038 seconds
[2024-03-22T03:21:01.158+0000] {processor.py:161} INFO - Started process (PID=222) to work on /home/airflow/.local/lib/python3.8/site-packages/airflow/example_dags/example_external_task_marker_dag.py
[2024-03-22T03:21:01.159+0000] {processor.py:830} INFO - Processing file /home/airflow/.local/lib/python3.8/site-packages/airflow/example_dags/example_external_task_marker_dag.py for tasks to queue
[2024-03-22T03:21:01.159+0000] {logging_mixin.py:188} INFO - [2024-03-22T03:21:01.159+0000] {dagbag.py:540} INFO - Filling up the DagBag from /home/airflow/.local/lib/python3.8/site-packages/airflow/example_dags/example_external_task_marker_dag.py
[2024-03-22T03:21:01.163+0000] {processor.py:840} INFO - DAG(s) 'example_external_task_marker_parent', 'example_external_task_marker_child' retrieved from /home/airflow/.local/lib/python3.8/site-packages/airflow/example_dags/example_external_task_marker_dag.py
[2024-03-22T03:21:01.214+0000] {logging_mixin.py:188} INFO - [2024-03-22T03:21:01.214+0000] {override.py:1769} INFO - Created Permission View: can read on DAG:example_external_task_marker_parent
[2024-03-22T03:21:01.220+0000] {logging_mixin.py:188} INFO - [2024-03-22T03:21:01.219+0000] {override.py:1769} INFO - Created Permission View: can delete on DAG:example_external_task_marker_parent
[2024-03-22T03:21:01.223+0000] {logging_mixin.py:188} INFO - [2024-03-22T03:21:01.223+0000] {override.py:1769} INFO - Created Permission View: can edit on DAG:example_external_task_marker_parent
[2024-03-22T03:21:01.229+0000] {logging_mixin.py:188} INFO - [2024-03-22T03:21:01.229+0000] {override.py:1769} INFO - Created Permission View: can read on DAG:example_external_task_marker_child
[2024-03-22T03:21:01.232+0000] {logging_mixin.py:188} INFO - [2024-03-22T03:21:01.232+0000] {override.py:1769} INFO - Created Permission View: can delete on DAG:example_external_task_marker_child
[2024-03-22T03:21:01.236+0000] {logging_mixin.py:188} INFO - [2024-03-22T03:21:01.236+0000] {override.py:1769} INFO - Created Permission View: can edit on DAG:example_external_task_marker_child
[2024-03-22T03:21:01.236+0000] {logging_mixin.py:188} INFO - [2024-03-22T03:21:01.236+0000] {dag.py:3047} INFO - Sync 2 DAGs
[2024-03-22T03:21:01.241+0000] {logging_mixin.py:188} INFO - [2024-03-22T03:21:01.241+0000] {dag.py:3069} INFO - Creating ORM DAG for example_external_task_marker_parent
[2024-03-22T03:21:01.242+0000] {logging_mixin.py:188} INFO - [2024-03-22T03:21:01.242+0000] {dag.py:3069} INFO - Creating ORM DAG for example_external_task_marker_child
[2024-03-22T03:21:01.242+0000] {logging_mixin.py:188} INFO - [2024-03-22T03:21:01.242+0000] {dag.py:3834} INFO - Setting next_dagrun for example_external_task_marker_child to None, run_after=None
[2024-03-22T03:21:01.243+0000] {logging_mixin.py:188} INFO - [2024-03-22T03:21:01.243+0000] {dag.py:3834} INFO - Setting next_dagrun for example_external_task_marker_parent to None, run_after=None
[2024-03-22T03:21:01.252+0000] {processor.py:183} INFO - Processing /home/airflow/.local/lib/python3.8/site-packages/airflow/example_dags/example_external_task_marker_dag.py took 0.096 seconds
[2024-03-22T03:21:31.301+0000] {processor.py:161} INFO - Started process (PID=471) to work on /home/airflow/.local/lib/python3.8/site-packages/airflow/example_dags/example_external_task_marker_dag.py
[2024-03-22T03:21:31.302+0000] {processor.py:830} INFO - Processing file /home/airflow/.local/lib/python3.8/site-packages/airflow/example_dags/example_external_task_marker_dag.py for tasks to queue
[2024-03-22T03:21:31.302+0000] {logging_mixin.py:188} INFO - [2024-03-22T03:21:31.302+0000] {dagbag.py:540} INFO - Filling up the DagBag from /home/airflow/.local/lib/python3.8/site-packages/airflow/example_dags/example_external_task_marker_dag.py
[2024-03-22T03:21:31.306+0000] {processor.py:840} INFO - DAG(s) 'example_external_task_marker_child', 'example_external_task_marker_parent' retrieved from /home/airflow/.local/lib/python3.8/site-packages/airflow/example_dags/example_external_task_marker_dag.py
[2024-03-22T03:21:31.319+0000] {logging_mixin.py:188} INFO - [2024-03-22T03:21:31.319+0000] {dag.py:3047} INFO - Sync 2 DAGs
[2024-03-22T03:21:31.326+0000] {logging_mixin.py:188} INFO - [2024-03-22T03:21:31.326+0000] {dag.py:3834} INFO - Setting next_dagrun for example_external_task_marker_child to None, run_after=None
[2024-03-22T03:21:31.327+0000] {logging_mixin.py:188} INFO - [2024-03-22T03:21:31.327+0000] {dag.py:3834} INFO - Setting next_dagrun for example_external_task_marker_parent to None, run_after=None
[2024-03-22T03:21:31.335+0000] {processor.py:183} INFO - Processing /home/airflow/.local/lib/python3.8/site-packages/airflow/example_dags/example_external_task_marker_dag.py took 0.036 seconds
[2024-03-22T03:22:02.052+0000] {processor.py:161} INFO - Started process (PID=716) to work on /home/airflow/.local/lib/python3.8/site-packages/airflow/example_dags/example_external_task_marker_dag.py
[2024-03-22T03:22:02.052+0000] {processor.py:830} INFO - Processing file /home/airflow/.local/lib/python3.8/site-packages/airflow/example_dags/example_external_task_marker_dag.py for tasks to queue
[2024-03-22T03:22:02.053+0000] {logging_mixin.py:188} INFO - [2024-03-22T03:22:02.053+0000] {dagbag.py:540} INFO - Filling up the DagBag from /home/airflow/.local/lib/python3.8/site-packages/airflow/example_dags/example_external_task_marker_dag.py
[2024-03-22T03:22:02.057+0000] {processor.py:840} INFO - DAG(s) 'example_external_task_marker_parent', 'example_external_task_marker_child' retrieved from /home/airflow/.local/lib/python3.8/site-packages/airflow/example_dags/example_external_task_marker_dag.py
[2024-03-22T03:22:02.070+0000] {logging_mixin.py:188} INFO - [2024-03-22T03:22:02.070+0000] {dag.py:3047} INFO - Sync 2 DAGs
[2024-03-22T03:22:02.077+0000] {logging_mixin.py:188} INFO - [2024-03-22T03:22:02.077+0000] {dag.py:3834} INFO - Setting next_dagrun for example_external_task_marker_child to None, run_after=None
[2024-03-22T03:22:02.079+0000] {logging_mixin.py:188} INFO - [2024-03-22T03:22:02.079+0000] {dag.py:3834} INFO - Setting next_dagrun for example_external_task_marker_parent to None, run_after=None
[2024-03-22T03:22:02.087+0000] {processor.py:183} INFO - Processing /home/airflow/.local/lib/python3.8/site-packages/airflow/example_dags/example_external_task_marker_dag.py took 0.038 seconds
[2024-03-22T03:22:32.865+0000] {processor.py:161} INFO - Started process (PID=963) to work on /home/airflow/.local/lib/python3.8/site-packages/airflow/example_dags/example_external_task_marker_dag.py
[2024-03-22T03:22:32.866+0000] {processor.py:830} INFO - Processing file /home/airflow/.local/lib/python3.8/site-packages/airflow/example_dags/example_external_task_marker_dag.py for tasks to queue
[2024-03-22T03:22:32.866+0000] {logging_mixin.py:188} INFO - [2024-03-22T03:22:32.866+0000] {dagbag.py:540} INFO - Filling up the DagBag from /home/airflow/.local/lib/python3.8/site-packages/airflow/example_dags/example_external_task_marker_dag.py
[2024-03-22T03:22:32.870+0000] {processor.py:840} INFO - DAG(s) 'example_external_task_marker_parent', 'example_external_task_marker_child' retrieved from /home/airflow/.local/lib/python3.8/site-packages/airflow/example_dags/example_external_task_marker_dag.py
[2024-03-22T03:22:32.883+0000] {logging_mixin.py:188} INFO - [2024-03-22T03:22:32.883+0000] {dag.py:3047} INFO - Sync 2 DAGs
[2024-03-22T03:22:32.891+0000] {logging_mixin.py:188} INFO - [2024-03-22T03:22:32.891+0000] {dag.py:3834} INFO - Setting next_dagrun for example_external_task_marker_child to None, run_after=None
[2024-03-22T03:22:32.893+0000] {logging_mixin.py:188} INFO - [2024-03-22T03:22:32.893+0000] {dag.py:3834} INFO - Setting next_dagrun for example_external_task_marker_parent to None, run_after=None
[2024-03-22T03:22:32.901+0000] {processor.py:183} INFO - Processing /home/airflow/.local/lib/python3.8/site-packages/airflow/example_dags/example_external_task_marker_dag.py took 0.038 seconds
[2024-03-22T03:23:03.692+0000] {processor.py:161} INFO - Started process (PID=1210) to work on /home/airflow/.local/lib/python3.8/site-packages/airflow/example_dags/example_external_task_marker_dag.py
[2024-03-22T03:23:03.693+0000] {processor.py:830} INFO - Processing file /home/airflow/.local/lib/python3.8/site-packages/airflow/example_dags/example_external_task_marker_dag.py for tasks to queue
[2024-03-22T03:23:03.693+0000] {logging_mixin.py:188} INFO - [2024-03-22T03:23:03.693+0000] {dagbag.py:540} INFO - Filling up the DagBag from /home/airflow/.local/lib/python3.8/site-packages/airflow/example_dags/example_external_task_marker_dag.py
[2024-03-22T03:23:03.696+0000] {processor.py:840} INFO - DAG(s) 'example_external_task_marker_parent', 'example_external_task_marker_child' retrieved from /home/airflow/.local/lib/python3.8/site-packages/airflow/example_dags/example_external_task_marker_dag.py
[2024-03-22T03:23:03.710+0000] {logging_mixin.py:188} INFO - [2024-03-22T03:23:03.710+0000] {dag.py:3047} INFO - Sync 2 DAGs
[2024-03-22T03:23:03.717+0000] {logging_mixin.py:188} INFO - [2024-03-22T03:23:03.717+0000] {dag.py:3834} INFO - Setting next_dagrun for example_external_task_marker_child to None, run_after=None
[2024-03-22T03:23:03.719+0000] {logging_mixin.py:188} INFO - [2024-03-22T03:23:03.719+0000] {dag.py:3834} INFO - Setting next_dagrun for example_external_task_marker_parent to None, run_after=None
[2024-03-22T03:23:03.727+0000] {processor.py:183} INFO - Processing /home/airflow/.local/lib/python3.8/site-packages/airflow/example_dags/example_external_task_marker_dag.py took 0.037 seconds
