[2024-03-22T02:12:56.860+0000] {processor.py:161} INFO - Started process (PID=327) to work on /home/airflow/.local/lib/python3.8/site-packages/airflow/example_dags/example_python_decorator.py
[2024-03-22T02:12:56.860+0000] {processor.py:830} INFO - Processing file /home/airflow/.local/lib/python3.8/site-packages/airflow/example_dags/example_python_decorator.py for tasks to queue
[2024-03-22T02:12:56.861+0000] {logging_mixin.py:188} INFO - [2024-03-22T02:12:56.861+0000] {dagbag.py:540} INFO - Filling up the DagBag from /home/airflow/.local/lib/python3.8/site-packages/airflow/example_dags/example_python_decorator.py
[2024-03-22T02:12:56.869+0000] {processor.py:840} INFO - DAG(s) 'example_python_decorator' retrieved from /home/airflow/.local/lib/python3.8/site-packages/airflow/example_dags/example_python_decorator.py
[2024-03-22T02:12:56.876+0000] {logging_mixin.py:188} INFO - [2024-03-22T02:12:56.876+0000] {dag.py:3047} INFO - Sync 1 DAGs
[2024-03-22T02:12:56.883+0000] {logging_mixin.py:188} INFO - [2024-03-22T02:12:56.883+0000] {dag.py:3834} INFO - Setting next_dagrun for example_python_decorator to None, run_after=None
[2024-03-22T02:12:56.893+0000] {processor.py:183} INFO - Processing /home/airflow/.local/lib/python3.8/site-packages/airflow/example_dags/example_python_decorator.py took 0.036 seconds
[2024-03-22T02:13:27.948+0000] {processor.py:161} INFO - Started process (PID=569) to work on /home/airflow/.local/lib/python3.8/site-packages/airflow/example_dags/example_python_decorator.py
[2024-03-22T02:13:27.949+0000] {processor.py:830} INFO - Processing file /home/airflow/.local/lib/python3.8/site-packages/airflow/example_dags/example_python_decorator.py for tasks to queue
[2024-03-22T02:13:27.950+0000] {logging_mixin.py:188} INFO - [2024-03-22T02:13:27.949+0000] {dagbag.py:540} INFO - Filling up the DagBag from /home/airflow/.local/lib/python3.8/site-packages/airflow/example_dags/example_python_decorator.py
[2024-03-22T02:13:27.957+0000] {processor.py:840} INFO - DAG(s) 'example_python_decorator' retrieved from /home/airflow/.local/lib/python3.8/site-packages/airflow/example_dags/example_python_decorator.py
[2024-03-22T02:13:28.009+0000] {logging_mixin.py:188} INFO - [2024-03-22T02:13:28.009+0000] {dag.py:3047} INFO - Sync 1 DAGs
[2024-03-22T02:13:28.014+0000] {logging_mixin.py:188} INFO - [2024-03-22T02:13:28.014+0000] {dag.py:3834} INFO - Setting next_dagrun for example_python_decorator to None, run_after=None
[2024-03-22T02:13:28.024+0000] {processor.py:183} INFO - Processing /home/airflow/.local/lib/python3.8/site-packages/airflow/example_dags/example_python_decorator.py took 0.078 seconds
[2024-03-22T02:13:58.352+0000] {processor.py:161} INFO - Started process (PID=823) to work on /home/airflow/.local/lib/python3.8/site-packages/airflow/example_dags/example_python_decorator.py
[2024-03-22T02:13:58.353+0000] {processor.py:830} INFO - Processing file /home/airflow/.local/lib/python3.8/site-packages/airflow/example_dags/example_python_decorator.py for tasks to queue
[2024-03-22T02:13:58.354+0000] {logging_mixin.py:188} INFO - [2024-03-22T02:13:58.353+0000] {dagbag.py:540} INFO - Filling up the DagBag from /home/airflow/.local/lib/python3.8/site-packages/airflow/example_dags/example_python_decorator.py
[2024-03-22T02:13:58.361+0000] {processor.py:840} INFO - DAG(s) 'example_python_decorator' retrieved from /home/airflow/.local/lib/python3.8/site-packages/airflow/example_dags/example_python_decorator.py
[2024-03-22T02:13:58.375+0000] {logging_mixin.py:188} INFO - [2024-03-22T02:13:58.375+0000] {dag.py:3047} INFO - Sync 1 DAGs
[2024-03-22T02:13:58.381+0000] {logging_mixin.py:188} INFO - [2024-03-22T02:13:58.381+0000] {dag.py:3834} INFO - Setting next_dagrun for example_python_decorator to None, run_after=None
[2024-03-22T02:13:58.391+0000] {processor.py:183} INFO - Processing /home/airflow/.local/lib/python3.8/site-packages/airflow/example_dags/example_python_decorator.py took 0.041 seconds
[2024-03-22T02:14:29.397+0000] {processor.py:161} INFO - Started process (PID=1070) to work on /home/airflow/.local/lib/python3.8/site-packages/airflow/example_dags/example_python_decorator.py
[2024-03-22T02:14:29.398+0000] {processor.py:830} INFO - Processing file /home/airflow/.local/lib/python3.8/site-packages/airflow/example_dags/example_python_decorator.py for tasks to queue
[2024-03-22T02:14:29.399+0000] {logging_mixin.py:188} INFO - [2024-03-22T02:14:29.399+0000] {dagbag.py:540} INFO - Filling up the DagBag from /home/airflow/.local/lib/python3.8/site-packages/airflow/example_dags/example_python_decorator.py
[2024-03-22T02:14:29.406+0000] {processor.py:840} INFO - DAG(s) 'example_python_decorator' retrieved from /home/airflow/.local/lib/python3.8/site-packages/airflow/example_dags/example_python_decorator.py
[2024-03-22T02:14:29.418+0000] {logging_mixin.py:188} INFO - [2024-03-22T02:14:29.418+0000] {dag.py:3047} INFO - Sync 1 DAGs
[2024-03-22T02:14:29.424+0000] {logging_mixin.py:188} INFO - [2024-03-22T02:14:29.424+0000] {dag.py:3834} INFO - Setting next_dagrun for example_python_decorator to None, run_after=None
[2024-03-22T02:14:29.433+0000] {processor.py:183} INFO - Processing /home/airflow/.local/lib/python3.8/site-packages/airflow/example_dags/example_python_decorator.py took 0.038 seconds
[2024-03-22T02:15:00.295+0000] {processor.py:161} INFO - Started process (PID=1317) to work on /home/airflow/.local/lib/python3.8/site-packages/airflow/example_dags/example_python_decorator.py
[2024-03-22T02:15:00.296+0000] {processor.py:830} INFO - Processing file /home/airflow/.local/lib/python3.8/site-packages/airflow/example_dags/example_python_decorator.py for tasks to queue
[2024-03-22T02:15:00.296+0000] {logging_mixin.py:188} INFO - [2024-03-22T02:15:00.296+0000] {dagbag.py:540} INFO - Filling up the DagBag from /home/airflow/.local/lib/python3.8/site-packages/airflow/example_dags/example_python_decorator.py
[2024-03-22T02:15:00.304+0000] {processor.py:840} INFO - DAG(s) 'example_python_decorator' retrieved from /home/airflow/.local/lib/python3.8/site-packages/airflow/example_dags/example_python_decorator.py
[2024-03-22T02:15:00.317+0000] {logging_mixin.py:188} INFO - [2024-03-22T02:15:00.317+0000] {dag.py:3047} INFO - Sync 1 DAGs
[2024-03-22T02:15:00.324+0000] {logging_mixin.py:188} INFO - [2024-03-22T02:15:00.324+0000] {dag.py:3834} INFO - Setting next_dagrun for example_python_decorator to None, run_after=None
[2024-03-22T02:15:00.334+0000] {processor.py:183} INFO - Processing /home/airflow/.local/lib/python3.8/site-packages/airflow/example_dags/example_python_decorator.py took 0.041 seconds
[2024-03-22T02:15:31.131+0000] {processor.py:161} INFO - Started process (PID=1562) to work on /home/airflow/.local/lib/python3.8/site-packages/airflow/example_dags/example_python_decorator.py
[2024-03-22T02:15:31.132+0000] {processor.py:830} INFO - Processing file /home/airflow/.local/lib/python3.8/site-packages/airflow/example_dags/example_python_decorator.py for tasks to queue
[2024-03-22T02:15:31.133+0000] {logging_mixin.py:188} INFO - [2024-03-22T02:15:31.133+0000] {dagbag.py:540} INFO - Filling up the DagBag from /home/airflow/.local/lib/python3.8/site-packages/airflow/example_dags/example_python_decorator.py
[2024-03-22T02:15:31.140+0000] {processor.py:840} INFO - DAG(s) 'example_python_decorator' retrieved from /home/airflow/.local/lib/python3.8/site-packages/airflow/example_dags/example_python_decorator.py
[2024-03-22T02:15:31.154+0000] {logging_mixin.py:188} INFO - [2024-03-22T02:15:31.154+0000] {dag.py:3047} INFO - Sync 1 DAGs
[2024-03-22T02:15:31.160+0000] {logging_mixin.py:188} INFO - [2024-03-22T02:15:31.160+0000] {dag.py:3834} INFO - Setting next_dagrun for example_python_decorator to None, run_after=None
[2024-03-22T02:15:31.170+0000] {processor.py:183} INFO - Processing /home/airflow/.local/lib/python3.8/site-packages/airflow/example_dags/example_python_decorator.py took 0.041 seconds
[2024-03-22T02:16:02.045+0000] {processor.py:161} INFO - Started process (PID=1809) to work on /home/airflow/.local/lib/python3.8/site-packages/airflow/example_dags/example_python_decorator.py
[2024-03-22T02:16:02.046+0000] {processor.py:830} INFO - Processing file /home/airflow/.local/lib/python3.8/site-packages/airflow/example_dags/example_python_decorator.py for tasks to queue
[2024-03-22T02:16:02.046+0000] {logging_mixin.py:188} INFO - [2024-03-22T02:16:02.046+0000] {dagbag.py:540} INFO - Filling up the DagBag from /home/airflow/.local/lib/python3.8/site-packages/airflow/example_dags/example_python_decorator.py
[2024-03-22T02:16:02.055+0000] {processor.py:840} INFO - DAG(s) 'example_python_decorator' retrieved from /home/airflow/.local/lib/python3.8/site-packages/airflow/example_dags/example_python_decorator.py
[2024-03-22T02:16:02.069+0000] {logging_mixin.py:188} INFO - [2024-03-22T02:16:02.069+0000] {dag.py:3047} INFO - Sync 1 DAGs
[2024-03-22T02:16:02.076+0000] {logging_mixin.py:188} INFO - [2024-03-22T02:16:02.076+0000] {dag.py:3834} INFO - Setting next_dagrun for example_python_decorator to None, run_after=None
[2024-03-22T02:16:02.087+0000] {processor.py:183} INFO - Processing /home/airflow/.local/lib/python3.8/site-packages/airflow/example_dags/example_python_decorator.py took 0.044 seconds
[2024-03-22T02:16:32.136+0000] {processor.py:161} INFO - Started process (PID=2053) to work on /home/airflow/.local/lib/python3.8/site-packages/airflow/example_dags/example_python_decorator.py
[2024-03-22T02:16:32.136+0000] {processor.py:830} INFO - Processing file /home/airflow/.local/lib/python3.8/site-packages/airflow/example_dags/example_python_decorator.py for tasks to queue
[2024-03-22T02:16:32.137+0000] {logging_mixin.py:188} INFO - [2024-03-22T02:16:32.137+0000] {dagbag.py:540} INFO - Filling up the DagBag from /home/airflow/.local/lib/python3.8/site-packages/airflow/example_dags/example_python_decorator.py
[2024-03-22T02:16:32.145+0000] {processor.py:840} INFO - DAG(s) 'example_python_decorator' retrieved from /home/airflow/.local/lib/python3.8/site-packages/airflow/example_dags/example_python_decorator.py
[2024-03-22T02:16:32.159+0000] {logging_mixin.py:188} INFO - [2024-03-22T02:16:32.159+0000] {dag.py:3047} INFO - Sync 1 DAGs
[2024-03-22T02:16:32.166+0000] {logging_mixin.py:188} INFO - [2024-03-22T02:16:32.166+0000] {dag.py:3834} INFO - Setting next_dagrun for example_python_decorator to None, run_after=None
[2024-03-22T02:16:32.176+0000] {processor.py:183} INFO - Processing /home/airflow/.local/lib/python3.8/site-packages/airflow/example_dags/example_python_decorator.py took 0.042 seconds
[2024-03-22T02:17:03.147+0000] {processor.py:161} INFO - Started process (PID=2329) to work on /home/airflow/.local/lib/python3.8/site-packages/airflow/example_dags/example_python_decorator.py
[2024-03-22T02:17:03.148+0000] {processor.py:830} INFO - Processing file /home/airflow/.local/lib/python3.8/site-packages/airflow/example_dags/example_python_decorator.py for tasks to queue
[2024-03-22T02:17:03.149+0000] {logging_mixin.py:188} INFO - [2024-03-22T02:17:03.149+0000] {dagbag.py:540} INFO - Filling up the DagBag from /home/airflow/.local/lib/python3.8/site-packages/airflow/example_dags/example_python_decorator.py
[2024-03-22T02:17:03.157+0000] {processor.py:840} INFO - DAG(s) 'example_python_decorator' retrieved from /home/airflow/.local/lib/python3.8/site-packages/airflow/example_dags/example_python_decorator.py
[2024-03-22T02:17:03.170+0000] {logging_mixin.py:188} INFO - [2024-03-22T02:17:03.170+0000] {dag.py:3047} INFO - Sync 1 DAGs
[2024-03-22T02:17:03.178+0000] {logging_mixin.py:188} INFO - [2024-03-22T02:17:03.177+0000] {dag.py:3834} INFO - Setting next_dagrun for example_python_decorator to None, run_after=None
[2024-03-22T02:17:03.188+0000] {processor.py:183} INFO - Processing /home/airflow/.local/lib/python3.8/site-packages/airflow/example_dags/example_python_decorator.py took 0.043 seconds
[2024-03-22T02:17:34.191+0000] {processor.py:161} INFO - Started process (PID=2576) to work on /home/airflow/.local/lib/python3.8/site-packages/airflow/example_dags/example_python_decorator.py
[2024-03-22T02:17:34.192+0000] {processor.py:830} INFO - Processing file /home/airflow/.local/lib/python3.8/site-packages/airflow/example_dags/example_python_decorator.py for tasks to queue
[2024-03-22T02:17:34.193+0000] {logging_mixin.py:188} INFO - [2024-03-22T02:17:34.193+0000] {dagbag.py:540} INFO - Filling up the DagBag from /home/airflow/.local/lib/python3.8/site-packages/airflow/example_dags/example_python_decorator.py
[2024-03-22T02:17:34.201+0000] {processor.py:840} INFO - DAG(s) 'example_python_decorator' retrieved from /home/airflow/.local/lib/python3.8/site-packages/airflow/example_dags/example_python_decorator.py
[2024-03-22T02:17:34.213+0000] {logging_mixin.py:188} INFO - [2024-03-22T02:17:34.212+0000] {dag.py:3047} INFO - Sync 1 DAGs
[2024-03-22T02:17:34.219+0000] {logging_mixin.py:188} INFO - [2024-03-22T02:17:34.219+0000] {dag.py:3834} INFO - Setting next_dagrun for example_python_decorator to None, run_after=None
[2024-03-22T02:17:34.228+0000] {processor.py:183} INFO - Processing /home/airflow/.local/lib/python3.8/site-packages/airflow/example_dags/example_python_decorator.py took 0.039 seconds
[2024-03-22T02:18:05.231+0000] {processor.py:161} INFO - Started process (PID=2823) to work on /home/airflow/.local/lib/python3.8/site-packages/airflow/example_dags/example_python_decorator.py
[2024-03-22T02:18:05.232+0000] {processor.py:830} INFO - Processing file /home/airflow/.local/lib/python3.8/site-packages/airflow/example_dags/example_python_decorator.py for tasks to queue
[2024-03-22T02:18:05.232+0000] {logging_mixin.py:188} INFO - [2024-03-22T02:18:05.232+0000] {dagbag.py:540} INFO - Filling up the DagBag from /home/airflow/.local/lib/python3.8/site-packages/airflow/example_dags/example_python_decorator.py
[2024-03-22T02:18:05.240+0000] {processor.py:840} INFO - DAG(s) 'example_python_decorator' retrieved from /home/airflow/.local/lib/python3.8/site-packages/airflow/example_dags/example_python_decorator.py
[2024-03-22T02:18:05.252+0000] {logging_mixin.py:188} INFO - [2024-03-22T02:18:05.252+0000] {dag.py:3047} INFO - Sync 1 DAGs
[2024-03-22T02:18:05.258+0000] {logging_mixin.py:188} INFO - [2024-03-22T02:18:05.258+0000] {dag.py:3834} INFO - Setting next_dagrun for example_python_decorator to None, run_after=None
[2024-03-22T02:18:05.267+0000] {processor.py:183} INFO - Processing /home/airflow/.local/lib/python3.8/site-packages/airflow/example_dags/example_python_decorator.py took 0.039 seconds
[2024-03-22T02:18:36.020+0000] {processor.py:161} INFO - Started process (PID=3068) to work on /home/airflow/.local/lib/python3.8/site-packages/airflow/example_dags/example_python_decorator.py
[2024-03-22T02:18:36.021+0000] {processor.py:830} INFO - Processing file /home/airflow/.local/lib/python3.8/site-packages/airflow/example_dags/example_python_decorator.py for tasks to queue
[2024-03-22T02:18:36.022+0000] {logging_mixin.py:188} INFO - [2024-03-22T02:18:36.022+0000] {dagbag.py:540} INFO - Filling up the DagBag from /home/airflow/.local/lib/python3.8/site-packages/airflow/example_dags/example_python_decorator.py
[2024-03-22T02:18:36.029+0000] {processor.py:840} INFO - DAG(s) 'example_python_decorator' retrieved from /home/airflow/.local/lib/python3.8/site-packages/airflow/example_dags/example_python_decorator.py
[2024-03-22T02:18:36.044+0000] {logging_mixin.py:188} INFO - [2024-03-22T02:18:36.044+0000] {dag.py:3047} INFO - Sync 1 DAGs
[2024-03-22T02:18:36.051+0000] {logging_mixin.py:188} INFO - [2024-03-22T02:18:36.051+0000] {dag.py:3834} INFO - Setting next_dagrun for example_python_decorator to None, run_after=None
[2024-03-22T02:18:36.063+0000] {processor.py:183} INFO - Processing /home/airflow/.local/lib/python3.8/site-packages/airflow/example_dags/example_python_decorator.py took 0.045 seconds
[2024-03-22T02:19:06.257+0000] {processor.py:161} INFO - Started process (PID=3315) to work on /home/airflow/.local/lib/python3.8/site-packages/airflow/example_dags/example_python_decorator.py
[2024-03-22T02:19:06.258+0000] {processor.py:830} INFO - Processing file /home/airflow/.local/lib/python3.8/site-packages/airflow/example_dags/example_python_decorator.py for tasks to queue
[2024-03-22T02:19:06.259+0000] {logging_mixin.py:188} INFO - [2024-03-22T02:19:06.259+0000] {dagbag.py:540} INFO - Filling up the DagBag from /home/airflow/.local/lib/python3.8/site-packages/airflow/example_dags/example_python_decorator.py
[2024-03-22T02:19:06.268+0000] {processor.py:840} INFO - DAG(s) 'example_python_decorator' retrieved from /home/airflow/.local/lib/python3.8/site-packages/airflow/example_dags/example_python_decorator.py
[2024-03-22T02:19:06.283+0000] {logging_mixin.py:188} INFO - [2024-03-22T02:19:06.283+0000] {dag.py:3047} INFO - Sync 1 DAGs
[2024-03-22T02:19:06.292+0000] {logging_mixin.py:188} INFO - [2024-03-22T02:19:06.291+0000] {dag.py:3834} INFO - Setting next_dagrun for example_python_decorator to None, run_after=None
[2024-03-22T02:19:06.304+0000] {processor.py:183} INFO - Processing /home/airflow/.local/lib/python3.8/site-packages/airflow/example_dags/example_python_decorator.py took 0.049 seconds
[2024-03-22T02:19:36.351+0000] {processor.py:161} INFO - Started process (PID=3557) to work on /home/airflow/.local/lib/python3.8/site-packages/airflow/example_dags/example_python_decorator.py
[2024-03-22T02:19:36.352+0000] {processor.py:830} INFO - Processing file /home/airflow/.local/lib/python3.8/site-packages/airflow/example_dags/example_python_decorator.py for tasks to queue
[2024-03-22T02:19:36.353+0000] {logging_mixin.py:188} INFO - [2024-03-22T02:19:36.353+0000] {dagbag.py:540} INFO - Filling up the DagBag from /home/airflow/.local/lib/python3.8/site-packages/airflow/example_dags/example_python_decorator.py
[2024-03-22T02:19:36.361+0000] {processor.py:840} INFO - DAG(s) 'example_python_decorator' retrieved from /home/airflow/.local/lib/python3.8/site-packages/airflow/example_dags/example_python_decorator.py
[2024-03-22T02:19:36.374+0000] {logging_mixin.py:188} INFO - [2024-03-22T02:19:36.374+0000] {dag.py:3047} INFO - Sync 1 DAGs
[2024-03-22T02:19:36.381+0000] {logging_mixin.py:188} INFO - [2024-03-22T02:19:36.381+0000] {dag.py:3834} INFO - Setting next_dagrun for example_python_decorator to None, run_after=None
[2024-03-22T02:19:36.391+0000] {processor.py:183} INFO - Processing /home/airflow/.local/lib/python3.8/site-packages/airflow/example_dags/example_python_decorator.py took 0.042 seconds
[2024-03-22T03:21:02.309+0000] {processor.py:161} INFO - Started process (PID=327) to work on /home/airflow/.local/lib/python3.8/site-packages/airflow/example_dags/example_python_decorator.py
[2024-03-22T03:21:02.310+0000] {processor.py:830} INFO - Processing file /home/airflow/.local/lib/python3.8/site-packages/airflow/example_dags/example_python_decorator.py for tasks to queue
[2024-03-22T03:21:02.311+0000] {logging_mixin.py:188} INFO - [2024-03-22T03:21:02.311+0000] {dagbag.py:540} INFO - Filling up the DagBag from /home/airflow/.local/lib/python3.8/site-packages/airflow/example_dags/example_python_decorator.py
[2024-03-22T03:21:02.318+0000] {processor.py:840} INFO - DAG(s) 'example_python_decorator' retrieved from /home/airflow/.local/lib/python3.8/site-packages/airflow/example_dags/example_python_decorator.py
[2024-03-22T03:21:02.374+0000] {logging_mixin.py:188} INFO - [2024-03-22T03:21:02.374+0000] {override.py:1769} INFO - Created Permission View: can read on DAG:example_python_decorator
[2024-03-22T03:21:02.380+0000] {logging_mixin.py:188} INFO - [2024-03-22T03:21:02.380+0000] {override.py:1769} INFO - Created Permission View: can delete on DAG:example_python_decorator
[2024-03-22T03:21:02.384+0000] {logging_mixin.py:188} INFO - [2024-03-22T03:21:02.384+0000] {override.py:1769} INFO - Created Permission View: can edit on DAG:example_python_decorator
[2024-03-22T03:21:02.384+0000] {logging_mixin.py:188} INFO - [2024-03-22T03:21:02.384+0000] {dag.py:3047} INFO - Sync 1 DAGs
[2024-03-22T03:21:02.390+0000] {logging_mixin.py:188} INFO - [2024-03-22T03:21:02.390+0000] {dag.py:3069} INFO - Creating ORM DAG for example_python_decorator
[2024-03-22T03:21:02.390+0000] {logging_mixin.py:188} INFO - [2024-03-22T03:21:02.390+0000] {dag.py:3834} INFO - Setting next_dagrun for example_python_decorator to None, run_after=None
[2024-03-22T03:21:02.398+0000] {processor.py:183} INFO - Processing /home/airflow/.local/lib/python3.8/site-packages/airflow/example_dags/example_python_decorator.py took 0.091 seconds
[2024-03-22T03:21:32.946+0000] {processor.py:161} INFO - Started process (PID=574) to work on /home/airflow/.local/lib/python3.8/site-packages/airflow/example_dags/example_python_decorator.py
[2024-03-22T03:21:32.946+0000] {processor.py:830} INFO - Processing file /home/airflow/.local/lib/python3.8/site-packages/airflow/example_dags/example_python_decorator.py for tasks to queue
[2024-03-22T03:21:32.947+0000] {logging_mixin.py:188} INFO - [2024-03-22T03:21:32.947+0000] {dagbag.py:540} INFO - Filling up the DagBag from /home/airflow/.local/lib/python3.8/site-packages/airflow/example_dags/example_python_decorator.py
[2024-03-22T03:21:32.954+0000] {processor.py:840} INFO - DAG(s) 'example_python_decorator' retrieved from /home/airflow/.local/lib/python3.8/site-packages/airflow/example_dags/example_python_decorator.py
[2024-03-22T03:21:32.967+0000] {logging_mixin.py:188} INFO - [2024-03-22T03:21:32.967+0000] {dag.py:3047} INFO - Sync 1 DAGs
[2024-03-22T03:21:32.973+0000] {logging_mixin.py:188} INFO - [2024-03-22T03:21:32.973+0000] {dag.py:3834} INFO - Setting next_dagrun for example_python_decorator to None, run_after=None
[2024-03-22T03:21:32.982+0000] {processor.py:183} INFO - Processing /home/airflow/.local/lib/python3.8/site-packages/airflow/example_dags/example_python_decorator.py took 0.039 seconds
[2024-03-22T03:22:03.731+0000] {processor.py:161} INFO - Started process (PID=821) to work on /home/airflow/.local/lib/python3.8/site-packages/airflow/example_dags/example_python_decorator.py
[2024-03-22T03:22:03.732+0000] {processor.py:830} INFO - Processing file /home/airflow/.local/lib/python3.8/site-packages/airflow/example_dags/example_python_decorator.py for tasks to queue
[2024-03-22T03:22:03.732+0000] {logging_mixin.py:188} INFO - [2024-03-22T03:22:03.732+0000] {dagbag.py:540} INFO - Filling up the DagBag from /home/airflow/.local/lib/python3.8/site-packages/airflow/example_dags/example_python_decorator.py
[2024-03-22T03:22:03.740+0000] {processor.py:840} INFO - DAG(s) 'example_python_decorator' retrieved from /home/airflow/.local/lib/python3.8/site-packages/airflow/example_dags/example_python_decorator.py
[2024-03-22T03:22:03.752+0000] {logging_mixin.py:188} INFO - [2024-03-22T03:22:03.752+0000] {dag.py:3047} INFO - Sync 1 DAGs
[2024-03-22T03:22:03.758+0000] {logging_mixin.py:188} INFO - [2024-03-22T03:22:03.758+0000] {dag.py:3834} INFO - Setting next_dagrun for example_python_decorator to None, run_after=None
[2024-03-22T03:22:03.767+0000] {processor.py:183} INFO - Processing /home/airflow/.local/lib/python3.8/site-packages/airflow/example_dags/example_python_decorator.py took 0.038 seconds
[2024-03-22T03:22:34.531+0000] {processor.py:161} INFO - Started process (PID=1068) to work on /home/airflow/.local/lib/python3.8/site-packages/airflow/example_dags/example_python_decorator.py
[2024-03-22T03:22:34.532+0000] {processor.py:830} INFO - Processing file /home/airflow/.local/lib/python3.8/site-packages/airflow/example_dags/example_python_decorator.py for tasks to queue
[2024-03-22T03:22:34.533+0000] {logging_mixin.py:188} INFO - [2024-03-22T03:22:34.533+0000] {dagbag.py:540} INFO - Filling up the DagBag from /home/airflow/.local/lib/python3.8/site-packages/airflow/example_dags/example_python_decorator.py
[2024-03-22T03:22:34.540+0000] {processor.py:840} INFO - DAG(s) 'example_python_decorator' retrieved from /home/airflow/.local/lib/python3.8/site-packages/airflow/example_dags/example_python_decorator.py
[2024-03-22T03:22:34.553+0000] {logging_mixin.py:188} INFO - [2024-03-22T03:22:34.553+0000] {dag.py:3047} INFO - Sync 1 DAGs
[2024-03-22T03:22:34.559+0000] {logging_mixin.py:188} INFO - [2024-03-22T03:22:34.559+0000] {dag.py:3834} INFO - Setting next_dagrun for example_python_decorator to None, run_after=None
[2024-03-22T03:22:34.569+0000] {processor.py:183} INFO - Processing /home/airflow/.local/lib/python3.8/site-packages/airflow/example_dags/example_python_decorator.py took 0.040 seconds
[2024-03-22T03:23:05.402+0000] {processor.py:161} INFO - Started process (PID=1315) to work on /home/airflow/.local/lib/python3.8/site-packages/airflow/example_dags/example_python_decorator.py
[2024-03-22T03:23:05.403+0000] {processor.py:830} INFO - Processing file /home/airflow/.local/lib/python3.8/site-packages/airflow/example_dags/example_python_decorator.py for tasks to queue
[2024-03-22T03:23:05.403+0000] {logging_mixin.py:188} INFO - [2024-03-22T03:23:05.403+0000] {dagbag.py:540} INFO - Filling up the DagBag from /home/airflow/.local/lib/python3.8/site-packages/airflow/example_dags/example_python_decorator.py
[2024-03-22T03:23:05.412+0000] {processor.py:840} INFO - DAG(s) 'example_python_decorator' retrieved from /home/airflow/.local/lib/python3.8/site-packages/airflow/example_dags/example_python_decorator.py
[2024-03-22T03:23:05.425+0000] {logging_mixin.py:188} INFO - [2024-03-22T03:23:05.425+0000] {dag.py:3047} INFO - Sync 1 DAGs
[2024-03-22T03:23:05.432+0000] {logging_mixin.py:188} INFO - [2024-03-22T03:23:05.432+0000] {dag.py:3834} INFO - Setting next_dagrun for example_python_decorator to None, run_after=None
[2024-03-22T03:23:05.443+0000] {processor.py:183} INFO - Processing /home/airflow/.local/lib/python3.8/site-packages/airflow/example_dags/example_python_decorator.py took 0.043 seconds
