[2024-03-22T02:12:56.250+0000] {processor.py:161} INFO - Started process (PID=242) to work on /home/airflow/.local/lib/python3.8/site-packages/airflow/example_dags/example_latest_only_with_trigger.py
[2024-03-22T02:12:56.251+0000] {processor.py:830} INFO - Processing file /home/airflow/.local/lib/python3.8/site-packages/airflow/example_dags/example_latest_only_with_trigger.py for tasks to queue
[2024-03-22T02:12:56.251+0000] {logging_mixin.py:188} INFO - [2024-03-22T02:12:56.251+0000] {dagbag.py:540} INFO - Filling up the DagBag from /home/airflow/.local/lib/python3.8/site-packages/airflow/example_dags/example_latest_only_with_trigger.py
[2024-03-22T02:12:56.256+0000] {processor.py:840} INFO - DAG(s) 'latest_only_with_trigger' retrieved from /home/airflow/.local/lib/python3.8/site-packages/airflow/example_dags/example_latest_only_with_trigger.py
[2024-03-22T02:12:56.262+0000] {logging_mixin.py:188} INFO - [2024-03-22T02:12:56.262+0000] {dag.py:3047} INFO - Sync 1 DAGs
[2024-03-22T02:12:56.275+0000] {logging_mixin.py:188} INFO - [2024-03-22T02:12:56.275+0000] {dag.py:3834} INFO - Setting next_dagrun for latest_only_with_trigger to 2024-03-21 20:00:00+00:00, run_after=2024-03-22 00:00:00+00:00
[2024-03-22T02:12:56.285+0000] {processor.py:183} INFO - Processing /home/airflow/.local/lib/python3.8/site-packages/airflow/example_dags/example_latest_only_with_trigger.py took 0.037 seconds
[2024-03-22T02:13:27.121+0000] {processor.py:161} INFO - Started process (PID=491) to work on /home/airflow/.local/lib/python3.8/site-packages/airflow/example_dags/example_latest_only_with_trigger.py
[2024-03-22T02:13:27.121+0000] {processor.py:830} INFO - Processing file /home/airflow/.local/lib/python3.8/site-packages/airflow/example_dags/example_latest_only_with_trigger.py for tasks to queue
[2024-03-22T02:13:27.122+0000] {logging_mixin.py:188} INFO - [2024-03-22T02:13:27.122+0000] {dagbag.py:540} INFO - Filling up the DagBag from /home/airflow/.local/lib/python3.8/site-packages/airflow/example_dags/example_latest_only_with_trigger.py
[2024-03-22T02:13:27.126+0000] {processor.py:840} INFO - DAG(s) 'latest_only_with_trigger' retrieved from /home/airflow/.local/lib/python3.8/site-packages/airflow/example_dags/example_latest_only_with_trigger.py
[2024-03-22T02:13:27.174+0000] {logging_mixin.py:188} INFO - [2024-03-22T02:13:27.174+0000] {dag.py:3047} INFO - Sync 1 DAGs
[2024-03-22T02:13:27.183+0000] {logging_mixin.py:188} INFO - [2024-03-22T02:13:27.183+0000] {dag.py:3834} INFO - Setting next_dagrun for latest_only_with_trigger to 2024-03-21 20:00:00+00:00, run_after=2024-03-22 00:00:00+00:00
[2024-03-22T02:13:27.191+0000] {processor.py:183} INFO - Processing /home/airflow/.local/lib/python3.8/site-packages/airflow/example_dags/example_latest_only_with_trigger.py took 0.073 seconds
[2024-03-22T02:13:57.654+0000] {processor.py:161} INFO - Started process (PID=736) to work on /home/airflow/.local/lib/python3.8/site-packages/airflow/example_dags/example_latest_only_with_trigger.py
[2024-03-22T02:13:57.655+0000] {processor.py:830} INFO - Processing file /home/airflow/.local/lib/python3.8/site-packages/airflow/example_dags/example_latest_only_with_trigger.py for tasks to queue
[2024-03-22T02:13:57.655+0000] {logging_mixin.py:188} INFO - [2024-03-22T02:13:57.655+0000] {dagbag.py:540} INFO - Filling up the DagBag from /home/airflow/.local/lib/python3.8/site-packages/airflow/example_dags/example_latest_only_with_trigger.py
[2024-03-22T02:13:57.659+0000] {processor.py:840} INFO - DAG(s) 'latest_only_with_trigger' retrieved from /home/airflow/.local/lib/python3.8/site-packages/airflow/example_dags/example_latest_only_with_trigger.py
[2024-03-22T02:13:57.673+0000] {logging_mixin.py:188} INFO - [2024-03-22T02:13:57.673+0000] {dag.py:3047} INFO - Sync 1 DAGs
[2024-03-22T02:13:57.683+0000] {logging_mixin.py:188} INFO - [2024-03-22T02:13:57.683+0000] {dag.py:3834} INFO - Setting next_dagrun for latest_only_with_trigger to 2024-03-21 20:00:00+00:00, run_after=2024-03-22 00:00:00+00:00
[2024-03-22T02:13:57.693+0000] {processor.py:183} INFO - Processing /home/airflow/.local/lib/python3.8/site-packages/airflow/example_dags/example_latest_only_with_trigger.py took 0.041 seconds
[2024-03-22T02:14:27.753+0000] {processor.py:161} INFO - Started process (PID=983) to work on /home/airflow/.local/lib/python3.8/site-packages/airflow/example_dags/example_latest_only_with_trigger.py
[2024-03-22T02:14:27.754+0000] {processor.py:830} INFO - Processing file /home/airflow/.local/lib/python3.8/site-packages/airflow/example_dags/example_latest_only_with_trigger.py for tasks to queue
[2024-03-22T02:14:27.755+0000] {logging_mixin.py:188} INFO - [2024-03-22T02:14:27.754+0000] {dagbag.py:540} INFO - Filling up the DagBag from /home/airflow/.local/lib/python3.8/site-packages/airflow/example_dags/example_latest_only_with_trigger.py
[2024-03-22T02:14:27.758+0000] {processor.py:840} INFO - DAG(s) 'latest_only_with_trigger' retrieved from /home/airflow/.local/lib/python3.8/site-packages/airflow/example_dags/example_latest_only_with_trigger.py
[2024-03-22T02:14:27.771+0000] {logging_mixin.py:188} INFO - [2024-03-22T02:14:27.770+0000] {dag.py:3047} INFO - Sync 1 DAGs
[2024-03-22T02:14:27.782+0000] {logging_mixin.py:188} INFO - [2024-03-22T02:14:27.782+0000] {dag.py:3834} INFO - Setting next_dagrun for latest_only_with_trigger to 2024-03-21 20:00:00+00:00, run_after=2024-03-22 00:00:00+00:00
[2024-03-22T02:14:27.792+0000] {processor.py:183} INFO - Processing /home/airflow/.local/lib/python3.8/site-packages/airflow/example_dags/example_latest_only_with_trigger.py took 0.041 seconds
[2024-03-22T02:14:58.655+0000] {processor.py:161} INFO - Started process (PID=1230) to work on /home/airflow/.local/lib/python3.8/site-packages/airflow/example_dags/example_latest_only_with_trigger.py
[2024-03-22T02:14:58.656+0000] {processor.py:830} INFO - Processing file /home/airflow/.local/lib/python3.8/site-packages/airflow/example_dags/example_latest_only_with_trigger.py for tasks to queue
[2024-03-22T02:14:58.656+0000] {logging_mixin.py:188} INFO - [2024-03-22T02:14:58.656+0000] {dagbag.py:540} INFO - Filling up the DagBag from /home/airflow/.local/lib/python3.8/site-packages/airflow/example_dags/example_latest_only_with_trigger.py
[2024-03-22T02:14:58.660+0000] {processor.py:840} INFO - DAG(s) 'latest_only_with_trigger' retrieved from /home/airflow/.local/lib/python3.8/site-packages/airflow/example_dags/example_latest_only_with_trigger.py
[2024-03-22T02:14:58.672+0000] {logging_mixin.py:188} INFO - [2024-03-22T02:14:58.672+0000] {dag.py:3047} INFO - Sync 1 DAGs
[2024-03-22T02:14:58.684+0000] {logging_mixin.py:188} INFO - [2024-03-22T02:14:58.684+0000] {dag.py:3834} INFO - Setting next_dagrun for latest_only_with_trigger to 2024-03-21 20:00:00+00:00, run_after=2024-03-22 00:00:00+00:00
[2024-03-22T02:14:58.692+0000] {processor.py:183} INFO - Processing /home/airflow/.local/lib/python3.8/site-packages/airflow/example_dags/example_latest_only_with_trigger.py took 0.040 seconds
[2024-03-22T02:15:29.647+0000] {processor.py:161} INFO - Started process (PID=1477) to work on /home/airflow/.local/lib/python3.8/site-packages/airflow/example_dags/example_latest_only_with_trigger.py
[2024-03-22T02:15:29.647+0000] {processor.py:830} INFO - Processing file /home/airflow/.local/lib/python3.8/site-packages/airflow/example_dags/example_latest_only_with_trigger.py for tasks to queue
[2024-03-22T02:15:29.648+0000] {logging_mixin.py:188} INFO - [2024-03-22T02:15:29.648+0000] {dagbag.py:540} INFO - Filling up the DagBag from /home/airflow/.local/lib/python3.8/site-packages/airflow/example_dags/example_latest_only_with_trigger.py
[2024-03-22T02:15:29.652+0000] {processor.py:840} INFO - DAG(s) 'latest_only_with_trigger' retrieved from /home/airflow/.local/lib/python3.8/site-packages/airflow/example_dags/example_latest_only_with_trigger.py
[2024-03-22T02:15:29.664+0000] {logging_mixin.py:188} INFO - [2024-03-22T02:15:29.664+0000] {dag.py:3047} INFO - Sync 1 DAGs
[2024-03-22T02:15:29.676+0000] {logging_mixin.py:188} INFO - [2024-03-22T02:15:29.676+0000] {dag.py:3834} INFO - Setting next_dagrun for latest_only_with_trigger to 2024-03-21 20:00:00+00:00, run_after=2024-03-22 00:00:00+00:00
[2024-03-22T02:15:29.685+0000] {processor.py:183} INFO - Processing /home/airflow/.local/lib/python3.8/site-packages/airflow/example_dags/example_latest_only_with_trigger.py took 0.040 seconds
[2024-03-22T02:16:00.544+0000] {processor.py:161} INFO - Started process (PID=1726) to work on /home/airflow/.local/lib/python3.8/site-packages/airflow/example_dags/example_latest_only_with_trigger.py
[2024-03-22T02:16:00.544+0000] {processor.py:830} INFO - Processing file /home/airflow/.local/lib/python3.8/site-packages/airflow/example_dags/example_latest_only_with_trigger.py for tasks to queue
[2024-03-22T02:16:00.545+0000] {logging_mixin.py:188} INFO - [2024-03-22T02:16:00.545+0000] {dagbag.py:540} INFO - Filling up the DagBag from /home/airflow/.local/lib/python3.8/site-packages/airflow/example_dags/example_latest_only_with_trigger.py
[2024-03-22T02:16:00.549+0000] {processor.py:840} INFO - DAG(s) 'latest_only_with_trigger' retrieved from /home/airflow/.local/lib/python3.8/site-packages/airflow/example_dags/example_latest_only_with_trigger.py
[2024-03-22T02:16:00.562+0000] {logging_mixin.py:188} INFO - [2024-03-22T02:16:00.561+0000] {dag.py:3047} INFO - Sync 1 DAGs
[2024-03-22T02:16:00.573+0000] {logging_mixin.py:188} INFO - [2024-03-22T02:16:00.573+0000] {dag.py:3834} INFO - Setting next_dagrun for latest_only_with_trigger to 2024-03-21 20:00:00+00:00, run_after=2024-03-22 00:00:00+00:00
[2024-03-22T02:16:00.582+0000] {processor.py:183} INFO - Processing /home/airflow/.local/lib/python3.8/site-packages/airflow/example_dags/example_latest_only_with_trigger.py took 0.040 seconds
[2024-03-22T02:16:31.579+0000] {processor.py:161} INFO - Started process (PID=1971) to work on /home/airflow/.local/lib/python3.8/site-packages/airflow/example_dags/example_latest_only_with_trigger.py
[2024-03-22T02:16:31.580+0000] {processor.py:830} INFO - Processing file /home/airflow/.local/lib/python3.8/site-packages/airflow/example_dags/example_latest_only_with_trigger.py for tasks to queue
[2024-03-22T02:16:31.581+0000] {logging_mixin.py:188} INFO - [2024-03-22T02:16:31.580+0000] {dagbag.py:540} INFO - Filling up the DagBag from /home/airflow/.local/lib/python3.8/site-packages/airflow/example_dags/example_latest_only_with_trigger.py
[2024-03-22T02:16:31.585+0000] {processor.py:840} INFO - DAG(s) 'latest_only_with_trigger' retrieved from /home/airflow/.local/lib/python3.8/site-packages/airflow/example_dags/example_latest_only_with_trigger.py
[2024-03-22T02:16:31.599+0000] {logging_mixin.py:188} INFO - [2024-03-22T02:16:31.599+0000] {dag.py:3047} INFO - Sync 1 DAGs
[2024-03-22T02:16:31.613+0000] {logging_mixin.py:188} INFO - [2024-03-22T02:16:31.613+0000] {dag.py:3834} INFO - Setting next_dagrun for latest_only_with_trigger to 2024-03-21 20:00:00+00:00, run_after=2024-03-22 00:00:00+00:00
[2024-03-22T02:16:31.625+0000] {processor.py:183} INFO - Processing /home/airflow/.local/lib/python3.8/site-packages/airflow/example_dags/example_latest_only_with_trigger.py took 0.049 seconds
[2024-03-22T02:17:02.474+0000] {processor.py:161} INFO - Started process (PID=2242) to work on /home/airflow/.local/lib/python3.8/site-packages/airflow/example_dags/example_latest_only_with_trigger.py
[2024-03-22T02:17:02.475+0000] {processor.py:830} INFO - Processing file /home/airflow/.local/lib/python3.8/site-packages/airflow/example_dags/example_latest_only_with_trigger.py for tasks to queue
[2024-03-22T02:17:02.475+0000] {logging_mixin.py:188} INFO - [2024-03-22T02:17:02.475+0000] {dagbag.py:540} INFO - Filling up the DagBag from /home/airflow/.local/lib/python3.8/site-packages/airflow/example_dags/example_latest_only_with_trigger.py
[2024-03-22T02:17:02.480+0000] {processor.py:840} INFO - DAG(s) 'latest_only_with_trigger' retrieved from /home/airflow/.local/lib/python3.8/site-packages/airflow/example_dags/example_latest_only_with_trigger.py
[2024-03-22T02:17:02.492+0000] {logging_mixin.py:188} INFO - [2024-03-22T02:17:02.492+0000] {dag.py:3047} INFO - Sync 1 DAGs
[2024-03-22T02:17:02.504+0000] {logging_mixin.py:188} INFO - [2024-03-22T02:17:02.504+0000] {dag.py:3834} INFO - Setting next_dagrun for latest_only_with_trigger to 2024-03-21 20:00:00+00:00, run_after=2024-03-22 00:00:00+00:00
[2024-03-22T02:17:02.514+0000] {processor.py:183} INFO - Processing /home/airflow/.local/lib/python3.8/site-packages/airflow/example_dags/example_latest_only_with_trigger.py took 0.042 seconds
[2024-03-22T02:17:33.520+0000] {processor.py:161} INFO - Started process (PID=2489) to work on /home/airflow/.local/lib/python3.8/site-packages/airflow/example_dags/example_latest_only_with_trigger.py
[2024-03-22T02:17:33.520+0000] {processor.py:830} INFO - Processing file /home/airflow/.local/lib/python3.8/site-packages/airflow/example_dags/example_latest_only_with_trigger.py for tasks to queue
[2024-03-22T02:17:33.521+0000] {logging_mixin.py:188} INFO - [2024-03-22T02:17:33.521+0000] {dagbag.py:540} INFO - Filling up the DagBag from /home/airflow/.local/lib/python3.8/site-packages/airflow/example_dags/example_latest_only_with_trigger.py
[2024-03-22T02:17:33.525+0000] {processor.py:840} INFO - DAG(s) 'latest_only_with_trigger' retrieved from /home/airflow/.local/lib/python3.8/site-packages/airflow/example_dags/example_latest_only_with_trigger.py
[2024-03-22T02:17:33.538+0000] {logging_mixin.py:188} INFO - [2024-03-22T02:17:33.538+0000] {dag.py:3047} INFO - Sync 1 DAGs
[2024-03-22T02:17:33.549+0000] {logging_mixin.py:188} INFO - [2024-03-22T02:17:33.549+0000] {dag.py:3834} INFO - Setting next_dagrun for latest_only_with_trigger to 2024-03-21 20:00:00+00:00, run_after=2024-03-22 00:00:00+00:00
[2024-03-22T02:17:33.559+0000] {processor.py:183} INFO - Processing /home/airflow/.local/lib/python3.8/site-packages/airflow/example_dags/example_latest_only_with_trigger.py took 0.041 seconds
[2024-03-22T02:18:03.598+0000] {processor.py:161} INFO - Started process (PID=2736) to work on /home/airflow/.local/lib/python3.8/site-packages/airflow/example_dags/example_latest_only_with_trigger.py
[2024-03-22T02:18:03.599+0000] {processor.py:830} INFO - Processing file /home/airflow/.local/lib/python3.8/site-packages/airflow/example_dags/example_latest_only_with_trigger.py for tasks to queue
[2024-03-22T02:18:03.600+0000] {logging_mixin.py:188} INFO - [2024-03-22T02:18:03.599+0000] {dagbag.py:540} INFO - Filling up the DagBag from /home/airflow/.local/lib/python3.8/site-packages/airflow/example_dags/example_latest_only_with_trigger.py
[2024-03-22T02:18:03.603+0000] {processor.py:840} INFO - DAG(s) 'latest_only_with_trigger' retrieved from /home/airflow/.local/lib/python3.8/site-packages/airflow/example_dags/example_latest_only_with_trigger.py
[2024-03-22T02:18:03.616+0000] {logging_mixin.py:188} INFO - [2024-03-22T02:18:03.615+0000] {dag.py:3047} INFO - Sync 1 DAGs
[2024-03-22T02:18:03.626+0000] {logging_mixin.py:188} INFO - [2024-03-22T02:18:03.626+0000] {dag.py:3834} INFO - Setting next_dagrun for latest_only_with_trigger to 2024-03-21 20:00:00+00:00, run_after=2024-03-22 00:00:00+00:00
[2024-03-22T02:18:03.635+0000] {processor.py:183} INFO - Processing /home/airflow/.local/lib/python3.8/site-packages/airflow/example_dags/example_latest_only_with_trigger.py took 0.039 seconds
[2024-03-22T02:18:34.445+0000] {processor.py:161} INFO - Started process (PID=2983) to work on /home/airflow/.local/lib/python3.8/site-packages/airflow/example_dags/example_latest_only_with_trigger.py
[2024-03-22T02:18:34.446+0000] {processor.py:830} INFO - Processing file /home/airflow/.local/lib/python3.8/site-packages/airflow/example_dags/example_latest_only_with_trigger.py for tasks to queue
[2024-03-22T02:18:34.447+0000] {logging_mixin.py:188} INFO - [2024-03-22T02:18:34.446+0000] {dagbag.py:540} INFO - Filling up the DagBag from /home/airflow/.local/lib/python3.8/site-packages/airflow/example_dags/example_latest_only_with_trigger.py
[2024-03-22T02:18:34.451+0000] {processor.py:840} INFO - DAG(s) 'latest_only_with_trigger' retrieved from /home/airflow/.local/lib/python3.8/site-packages/airflow/example_dags/example_latest_only_with_trigger.py
[2024-03-22T02:18:34.465+0000] {logging_mixin.py:188} INFO - [2024-03-22T02:18:34.465+0000] {dag.py:3047} INFO - Sync 1 DAGs
[2024-03-22T02:18:34.479+0000] {logging_mixin.py:188} INFO - [2024-03-22T02:18:34.479+0000] {dag.py:3834} INFO - Setting next_dagrun for latest_only_with_trigger to 2024-03-21 20:00:00+00:00, run_after=2024-03-22 00:00:00+00:00
[2024-03-22T02:18:34.491+0000] {processor.py:183} INFO - Processing /home/airflow/.local/lib/python3.8/site-packages/airflow/example_dags/example_latest_only_with_trigger.py took 0.048 seconds
[2024-03-22T02:19:04.596+0000] {processor.py:161} INFO - Started process (PID=3230) to work on /home/airflow/.local/lib/python3.8/site-packages/airflow/example_dags/example_latest_only_with_trigger.py
[2024-03-22T02:19:04.597+0000] {processor.py:830} INFO - Processing file /home/airflow/.local/lib/python3.8/site-packages/airflow/example_dags/example_latest_only_with_trigger.py for tasks to queue
[2024-03-22T02:19:04.598+0000] {logging_mixin.py:188} INFO - [2024-03-22T02:19:04.598+0000] {dagbag.py:540} INFO - Filling up the DagBag from /home/airflow/.local/lib/python3.8/site-packages/airflow/example_dags/example_latest_only_with_trigger.py
[2024-03-22T02:19:04.602+0000] {processor.py:840} INFO - DAG(s) 'latest_only_with_trigger' retrieved from /home/airflow/.local/lib/python3.8/site-packages/airflow/example_dags/example_latest_only_with_trigger.py
[2024-03-22T02:19:04.614+0000] {logging_mixin.py:188} INFO - [2024-03-22T02:19:04.614+0000] {dag.py:3047} INFO - Sync 1 DAGs
[2024-03-22T02:19:04.624+0000] {logging_mixin.py:188} INFO - [2024-03-22T02:19:04.624+0000] {dag.py:3834} INFO - Setting next_dagrun for latest_only_with_trigger to 2024-03-21 20:00:00+00:00, run_after=2024-03-22 00:00:00+00:00
[2024-03-22T02:19:04.633+0000] {processor.py:183} INFO - Processing /home/airflow/.local/lib/python3.8/site-packages/airflow/example_dags/example_latest_only_with_trigger.py took 0.039 seconds
[2024-03-22T02:19:34.706+0000] {processor.py:161} INFO - Started process (PID=3477) to work on /home/airflow/.local/lib/python3.8/site-packages/airflow/example_dags/example_latest_only_with_trigger.py
[2024-03-22T02:19:34.707+0000] {processor.py:830} INFO - Processing file /home/airflow/.local/lib/python3.8/site-packages/airflow/example_dags/example_latest_only_with_trigger.py for tasks to queue
[2024-03-22T02:19:34.707+0000] {logging_mixin.py:188} INFO - [2024-03-22T02:19:34.707+0000] {dagbag.py:540} INFO - Filling up the DagBag from /home/airflow/.local/lib/python3.8/site-packages/airflow/example_dags/example_latest_only_with_trigger.py
[2024-03-22T02:19:34.711+0000] {processor.py:840} INFO - DAG(s) 'latest_only_with_trigger' retrieved from /home/airflow/.local/lib/python3.8/site-packages/airflow/example_dags/example_latest_only_with_trigger.py
[2024-03-22T02:19:34.723+0000] {logging_mixin.py:188} INFO - [2024-03-22T02:19:34.723+0000] {dag.py:3047} INFO - Sync 1 DAGs
[2024-03-22T02:19:34.734+0000] {logging_mixin.py:188} INFO - [2024-03-22T02:19:34.734+0000] {dag.py:3834} INFO - Setting next_dagrun for latest_only_with_trigger to 2024-03-21 20:00:00+00:00, run_after=2024-03-22 00:00:00+00:00
[2024-03-22T02:19:34.743+0000] {processor.py:183} INFO - Processing /home/airflow/.local/lib/python3.8/site-packages/airflow/example_dags/example_latest_only_with_trigger.py took 0.039 seconds
[2024-03-22T03:21:01.372+0000] {processor.py:161} INFO - Started process (PID=243) to work on /home/airflow/.local/lib/python3.8/site-packages/airflow/example_dags/example_latest_only_with_trigger.py
[2024-03-22T03:21:01.373+0000] {processor.py:830} INFO - Processing file /home/airflow/.local/lib/python3.8/site-packages/airflow/example_dags/example_latest_only_with_trigger.py for tasks to queue
[2024-03-22T03:21:01.373+0000] {logging_mixin.py:188} INFO - [2024-03-22T03:21:01.373+0000] {dagbag.py:540} INFO - Filling up the DagBag from /home/airflow/.local/lib/python3.8/site-packages/airflow/example_dags/example_latest_only_with_trigger.py
[2024-03-22T03:21:01.377+0000] {processor.py:840} INFO - DAG(s) 'latest_only_with_trigger' retrieved from /home/airflow/.local/lib/python3.8/site-packages/airflow/example_dags/example_latest_only_with_trigger.py
[2024-03-22T03:21:01.430+0000] {logging_mixin.py:188} INFO - [2024-03-22T03:21:01.430+0000] {override.py:1769} INFO - Created Permission View: can read on DAG:latest_only_with_trigger
[2024-03-22T03:21:01.434+0000] {logging_mixin.py:188} INFO - [2024-03-22T03:21:01.434+0000] {override.py:1769} INFO - Created Permission View: can delete on DAG:latest_only_with_trigger
[2024-03-22T03:21:01.438+0000] {logging_mixin.py:188} INFO - [2024-03-22T03:21:01.438+0000] {override.py:1769} INFO - Created Permission View: can edit on DAG:latest_only_with_trigger
[2024-03-22T03:21:01.438+0000] {logging_mixin.py:188} INFO - [2024-03-22T03:21:01.438+0000] {dag.py:3047} INFO - Sync 1 DAGs
[2024-03-22T03:21:01.444+0000] {logging_mixin.py:188} INFO - [2024-03-22T03:21:01.444+0000] {dag.py:3069} INFO - Creating ORM DAG for latest_only_with_trigger
[2024-03-22T03:21:01.449+0000] {logging_mixin.py:188} INFO - [2024-03-22T03:21:01.449+0000] {dag.py:3834} INFO - Setting next_dagrun for latest_only_with_trigger to 2024-03-21 20:00:00+00:00, run_after=2024-03-22 00:00:00+00:00
[2024-03-22T03:21:01.457+0000] {processor.py:183} INFO - Processing /home/airflow/.local/lib/python3.8/site-packages/airflow/example_dags/example_latest_only_with_trigger.py took 0.087 seconds
[2024-03-22T03:21:32.448+0000] {processor.py:161} INFO - Started process (PID=491) to work on /home/airflow/.local/lib/python3.8/site-packages/airflow/example_dags/example_latest_only_with_trigger.py
[2024-03-22T03:21:32.448+0000] {processor.py:830} INFO - Processing file /home/airflow/.local/lib/python3.8/site-packages/airflow/example_dags/example_latest_only_with_trigger.py for tasks to queue
[2024-03-22T03:21:32.449+0000] {logging_mixin.py:188} INFO - [2024-03-22T03:21:32.449+0000] {dagbag.py:540} INFO - Filling up the DagBag from /home/airflow/.local/lib/python3.8/site-packages/airflow/example_dags/example_latest_only_with_trigger.py
[2024-03-22T03:21:32.453+0000] {processor.py:840} INFO - DAG(s) 'latest_only_with_trigger' retrieved from /home/airflow/.local/lib/python3.8/site-packages/airflow/example_dags/example_latest_only_with_trigger.py
[2024-03-22T03:21:32.466+0000] {logging_mixin.py:188} INFO - [2024-03-22T03:21:32.466+0000] {dag.py:3047} INFO - Sync 1 DAGs
[2024-03-22T03:21:32.477+0000] {logging_mixin.py:188} INFO - [2024-03-22T03:21:32.477+0000] {dag.py:3834} INFO - Setting next_dagrun for latest_only_with_trigger to 2024-03-21 20:00:00+00:00, run_after=2024-03-22 00:00:00+00:00
[2024-03-22T03:21:32.486+0000] {processor.py:183} INFO - Processing /home/airflow/.local/lib/python3.8/site-packages/airflow/example_dags/example_latest_only_with_trigger.py took 0.040 seconds
[2024-03-22T03:22:03.210+0000] {processor.py:161} INFO - Started process (PID=738) to work on /home/airflow/.local/lib/python3.8/site-packages/airflow/example_dags/example_latest_only_with_trigger.py
[2024-03-22T03:22:03.211+0000] {processor.py:830} INFO - Processing file /home/airflow/.local/lib/python3.8/site-packages/airflow/example_dags/example_latest_only_with_trigger.py for tasks to queue
[2024-03-22T03:22:03.212+0000] {logging_mixin.py:188} INFO - [2024-03-22T03:22:03.211+0000] {dagbag.py:540} INFO - Filling up the DagBag from /home/airflow/.local/lib/python3.8/site-packages/airflow/example_dags/example_latest_only_with_trigger.py
[2024-03-22T03:22:03.215+0000] {processor.py:840} INFO - DAG(s) 'latest_only_with_trigger' retrieved from /home/airflow/.local/lib/python3.8/site-packages/airflow/example_dags/example_latest_only_with_trigger.py
[2024-03-22T03:22:03.228+0000] {logging_mixin.py:188} INFO - [2024-03-22T03:22:03.228+0000] {dag.py:3047} INFO - Sync 1 DAGs
[2024-03-22T03:22:03.238+0000] {logging_mixin.py:188} INFO - [2024-03-22T03:22:03.238+0000] {dag.py:3834} INFO - Setting next_dagrun for latest_only_with_trigger to 2024-03-21 20:00:00+00:00, run_after=2024-03-22 00:00:00+00:00
[2024-03-22T03:22:03.246+0000] {processor.py:183} INFO - Processing /home/airflow/.local/lib/python3.8/site-packages/airflow/example_dags/example_latest_only_with_trigger.py took 0.038 seconds
[2024-03-22T03:22:34.025+0000] {processor.py:161} INFO - Started process (PID=985) to work on /home/airflow/.local/lib/python3.8/site-packages/airflow/example_dags/example_latest_only_with_trigger.py
[2024-03-22T03:22:34.026+0000] {processor.py:830} INFO - Processing file /home/airflow/.local/lib/python3.8/site-packages/airflow/example_dags/example_latest_only_with_trigger.py for tasks to queue
[2024-03-22T03:22:34.026+0000] {logging_mixin.py:188} INFO - [2024-03-22T03:22:34.026+0000] {dagbag.py:540} INFO - Filling up the DagBag from /home/airflow/.local/lib/python3.8/site-packages/airflow/example_dags/example_latest_only_with_trigger.py
[2024-03-22T03:22:34.031+0000] {processor.py:840} INFO - DAG(s) 'latest_only_with_trigger' retrieved from /home/airflow/.local/lib/python3.8/site-packages/airflow/example_dags/example_latest_only_with_trigger.py
[2024-03-22T03:22:34.043+0000] {logging_mixin.py:188} INFO - [2024-03-22T03:22:34.043+0000] {dag.py:3047} INFO - Sync 1 DAGs
[2024-03-22T03:22:34.055+0000] {logging_mixin.py:188} INFO - [2024-03-22T03:22:34.055+0000] {dag.py:3834} INFO - Setting next_dagrun for latest_only_with_trigger to 2024-03-21 20:00:00+00:00, run_after=2024-03-22 00:00:00+00:00
[2024-03-22T03:22:34.065+0000] {processor.py:183} INFO - Processing /home/airflow/.local/lib/python3.8/site-packages/airflow/example_dags/example_latest_only_with_trigger.py took 0.042 seconds
[2024-03-22T03:23:04.860+0000] {processor.py:161} INFO - Started process (PID=1232) to work on /home/airflow/.local/lib/python3.8/site-packages/airflow/example_dags/example_latest_only_with_trigger.py
[2024-03-22T03:23:04.861+0000] {processor.py:830} INFO - Processing file /home/airflow/.local/lib/python3.8/site-packages/airflow/example_dags/example_latest_only_with_trigger.py for tasks to queue
[2024-03-22T03:23:04.862+0000] {logging_mixin.py:188} INFO - [2024-03-22T03:23:04.861+0000] {dagbag.py:540} INFO - Filling up the DagBag from /home/airflow/.local/lib/python3.8/site-packages/airflow/example_dags/example_latest_only_with_trigger.py
[2024-03-22T03:23:04.865+0000] {processor.py:840} INFO - DAG(s) 'latest_only_with_trigger' retrieved from /home/airflow/.local/lib/python3.8/site-packages/airflow/example_dags/example_latest_only_with_trigger.py
[2024-03-22T03:23:04.878+0000] {logging_mixin.py:188} INFO - [2024-03-22T03:23:04.878+0000] {dag.py:3047} INFO - Sync 1 DAGs
[2024-03-22T03:23:04.888+0000] {logging_mixin.py:188} INFO - [2024-03-22T03:23:04.888+0000] {dag.py:3834} INFO - Setting next_dagrun for latest_only_with_trigger to 2024-03-21 20:00:00+00:00, run_after=2024-03-22 00:00:00+00:00
[2024-03-22T03:23:04.896+0000] {processor.py:183} INFO - Processing /home/airflow/.local/lib/python3.8/site-packages/airflow/example_dags/example_latest_only_with_trigger.py took 0.038 seconds
