[2024-03-22T02:12:55.900+0000] {processor.py:161} INFO - Started process (PID=186) to work on /home/airflow/.local/lib/python3.8/site-packages/airflow/example_dags/example_subdag_operator.py
[2024-03-22T02:12:55.901+0000] {processor.py:830} INFO - Processing file /home/airflow/.local/lib/python3.8/site-packages/airflow/example_dags/example_subdag_operator.py for tasks to queue
[2024-03-22T02:12:55.901+0000] {logging_mixin.py:188} INFO - [2024-03-22T02:12:55.901+0000] {dagbag.py:540} INFO - Filling up the DagBag from /home/airflow/.local/lib/python3.8/site-packages/airflow/example_dags/example_subdag_operator.py
[2024-03-22T02:12:55.916+0000] {processor.py:840} INFO - DAG(s) 'example_subdag_operator.section-1', 'example_subdag_operator.section-2', 'example_subdag_operator' retrieved from /home/airflow/.local/lib/python3.8/site-packages/airflow/example_dags/example_subdag_operator.py
[2024-03-22T02:12:55.918+0000] {logging_mixin.py:188} INFO - [2024-03-22T02:12:55.918+0000] {dag.py:3047} INFO - Sync 3 DAGs
[2024-03-22T02:12:55.929+0000] {logging_mixin.py:188} INFO - [2024-03-22T02:12:55.929+0000] {dag.py:3834} INFO - Setting next_dagrun for example_subdag_operator to 2022-01-01 00:00:00+00:00, run_after=2022-01-01 00:00:00+00:00
[2024-03-22T02:12:55.931+0000] {logging_mixin.py:188} INFO - [2024-03-22T02:12:55.931+0000] {dag.py:3834} INFO - Setting next_dagrun for example_subdag_operator.section-1 to None, run_after=None
[2024-03-22T02:12:55.932+0000] {logging_mixin.py:188} INFO - [2024-03-22T02:12:55.932+0000] {dag.py:3834} INFO - Setting next_dagrun for example_subdag_operator.section-2 to None, run_after=None
[2024-03-22T02:12:55.936+0000] {logging_mixin.py:188} INFO - [2024-03-22T02:12:55.936+0000] {dag.py:3047} INFO - Sync 2 DAGs
[2024-03-22T02:12:55.939+0000] {logging_mixin.py:188} INFO - [2024-03-22T02:12:55.939+0000] {dag.py:3834} INFO - Setting next_dagrun for example_subdag_operator.section-1 to None, run_after=None
[2024-03-22T02:12:55.939+0000] {logging_mixin.py:188} INFO - [2024-03-22T02:12:55.939+0000] {dag.py:3834} INFO - Setting next_dagrun for example_subdag_operator.section-2 to None, run_after=None
[2024-03-22T02:12:55.945+0000] {processor.py:183} INFO - Processing /home/airflow/.local/lib/python3.8/site-packages/airflow/example_dags/example_subdag_operator.py took 0.047 seconds
[2024-03-22T02:13:26.467+0000] {processor.py:161} INFO - Started process (PID=436) to work on /home/airflow/.local/lib/python3.8/site-packages/airflow/example_dags/example_subdag_operator.py
[2024-03-22T02:13:26.467+0000] {processor.py:830} INFO - Processing file /home/airflow/.local/lib/python3.8/site-packages/airflow/example_dags/example_subdag_operator.py for tasks to queue
[2024-03-22T02:13:26.468+0000] {logging_mixin.py:188} INFO - [2024-03-22T02:13:26.468+0000] {dagbag.py:540} INFO - Filling up the DagBag from /home/airflow/.local/lib/python3.8/site-packages/airflow/example_dags/example_subdag_operator.py
[2024-03-22T02:13:26.482+0000] {processor.py:840} INFO - DAG(s) 'example_subdag_operator.section-1', 'example_subdag_operator.section-2', 'example_subdag_operator' retrieved from /home/airflow/.local/lib/python3.8/site-packages/airflow/example_dags/example_subdag_operator.py
[2024-03-22T02:13:26.526+0000] {logging_mixin.py:188} INFO - [2024-03-22T02:13:26.526+0000] {dag.py:3047} INFO - Sync 3 DAGs
[2024-03-22T02:13:26.535+0000] {logging_mixin.py:188} INFO - [2024-03-22T02:13:26.535+0000] {dag.py:3834} INFO - Setting next_dagrun for example_subdag_operator to 2022-01-01 00:00:00+00:00, run_after=2022-01-01 00:00:00+00:00
[2024-03-22T02:13:26.536+0000] {logging_mixin.py:188} INFO - [2024-03-22T02:13:26.536+0000] {dag.py:3834} INFO - Setting next_dagrun for example_subdag_operator.section-1 to None, run_after=None
[2024-03-22T02:13:26.537+0000] {logging_mixin.py:188} INFO - [2024-03-22T02:13:26.537+0000] {dag.py:3834} INFO - Setting next_dagrun for example_subdag_operator.section-2 to None, run_after=None
[2024-03-22T02:13:26.542+0000] {logging_mixin.py:188} INFO - [2024-03-22T02:13:26.541+0000] {dag.py:3047} INFO - Sync 2 DAGs
[2024-03-22T02:13:26.545+0000] {logging_mixin.py:188} INFO - [2024-03-22T02:13:26.545+0000] {dag.py:3834} INFO - Setting next_dagrun for example_subdag_operator.section-1 to None, run_after=None
[2024-03-22T02:13:26.545+0000] {logging_mixin.py:188} INFO - [2024-03-22T02:13:26.545+0000] {dag.py:3834} INFO - Setting next_dagrun for example_subdag_operator.section-2 to None, run_after=None
[2024-03-22T02:13:26.550+0000] {processor.py:183} INFO - Processing /home/airflow/.local/lib/python3.8/site-packages/airflow/example_dags/example_subdag_operator.py took 0.086 seconds
[2024-03-22T02:13:57.292+0000] {processor.py:161} INFO - Started process (PID=681) to work on /home/airflow/.local/lib/python3.8/site-packages/airflow/example_dags/example_subdag_operator.py
[2024-03-22T02:13:57.292+0000] {processor.py:830} INFO - Processing file /home/airflow/.local/lib/python3.8/site-packages/airflow/example_dags/example_subdag_operator.py for tasks to queue
[2024-03-22T02:13:57.293+0000] {logging_mixin.py:188} INFO - [2024-03-22T02:13:57.293+0000] {dagbag.py:540} INFO - Filling up the DagBag from /home/airflow/.local/lib/python3.8/site-packages/airflow/example_dags/example_subdag_operator.py
[2024-03-22T02:13:57.307+0000] {processor.py:840} INFO - DAG(s) 'example_subdag_operator.section-1', 'example_subdag_operator.section-2', 'example_subdag_operator' retrieved from /home/airflow/.local/lib/python3.8/site-packages/airflow/example_dags/example_subdag_operator.py
[2024-03-22T02:13:57.316+0000] {logging_mixin.py:188} INFO - [2024-03-22T02:13:57.316+0000] {dag.py:3047} INFO - Sync 3 DAGs
[2024-03-22T02:13:57.328+0000] {logging_mixin.py:188} INFO - [2024-03-22T02:13:57.328+0000] {dag.py:3834} INFO - Setting next_dagrun for example_subdag_operator to 2022-01-01 00:00:00+00:00, run_after=2022-01-01 00:00:00+00:00
[2024-03-22T02:13:57.330+0000] {logging_mixin.py:188} INFO - [2024-03-22T02:13:57.330+0000] {dag.py:3834} INFO - Setting next_dagrun for example_subdag_operator.section-1 to None, run_after=None
[2024-03-22T02:13:57.331+0000] {logging_mixin.py:188} INFO - [2024-03-22T02:13:57.331+0000] {dag.py:3834} INFO - Setting next_dagrun for example_subdag_operator.section-2 to None, run_after=None
[2024-03-22T02:13:57.335+0000] {logging_mixin.py:188} INFO - [2024-03-22T02:13:57.335+0000] {dag.py:3047} INFO - Sync 2 DAGs
[2024-03-22T02:13:57.337+0000] {logging_mixin.py:188} INFO - [2024-03-22T02:13:57.337+0000] {dag.py:3834} INFO - Setting next_dagrun for example_subdag_operator.section-1 to None, run_after=None
[2024-03-22T02:13:57.338+0000] {logging_mixin.py:188} INFO - [2024-03-22T02:13:57.338+0000] {dag.py:3834} INFO - Setting next_dagrun for example_subdag_operator.section-2 to None, run_after=None
[2024-03-22T02:13:57.344+0000] {processor.py:183} INFO - Processing /home/airflow/.local/lib/python3.8/site-packages/airflow/example_dags/example_subdag_operator.py took 0.055 seconds
[2024-03-22T02:14:27.426+0000] {processor.py:161} INFO - Started process (PID=928) to work on /home/airflow/.local/lib/python3.8/site-packages/airflow/example_dags/example_subdag_operator.py
[2024-03-22T02:14:27.427+0000] {processor.py:830} INFO - Processing file /home/airflow/.local/lib/python3.8/site-packages/airflow/example_dags/example_subdag_operator.py for tasks to queue
[2024-03-22T02:14:27.427+0000] {logging_mixin.py:188} INFO - [2024-03-22T02:14:27.427+0000] {dagbag.py:540} INFO - Filling up the DagBag from /home/airflow/.local/lib/python3.8/site-packages/airflow/example_dags/example_subdag_operator.py
[2024-03-22T02:14:27.440+0000] {processor.py:840} INFO - DAG(s) 'example_subdag_operator.section-1', 'example_subdag_operator.section-2', 'example_subdag_operator' retrieved from /home/airflow/.local/lib/python3.8/site-packages/airflow/example_dags/example_subdag_operator.py
[2024-03-22T02:14:27.449+0000] {logging_mixin.py:188} INFO - [2024-03-22T02:14:27.449+0000] {dag.py:3047} INFO - Sync 3 DAGs
[2024-03-22T02:14:27.460+0000] {logging_mixin.py:188} INFO - [2024-03-22T02:14:27.460+0000] {dag.py:3834} INFO - Setting next_dagrun for example_subdag_operator to 2022-01-01 00:00:00+00:00, run_after=2022-01-01 00:00:00+00:00
[2024-03-22T02:14:27.462+0000] {logging_mixin.py:188} INFO - [2024-03-22T02:14:27.462+0000] {dag.py:3834} INFO - Setting next_dagrun for example_subdag_operator.section-1 to None, run_after=None
[2024-03-22T02:14:27.463+0000] {logging_mixin.py:188} INFO - [2024-03-22T02:14:27.463+0000] {dag.py:3834} INFO - Setting next_dagrun for example_subdag_operator.section-2 to None, run_after=None
[2024-03-22T02:14:27.467+0000] {logging_mixin.py:188} INFO - [2024-03-22T02:14:27.467+0000] {dag.py:3047} INFO - Sync 2 DAGs
[2024-03-22T02:14:27.470+0000] {logging_mixin.py:188} INFO - [2024-03-22T02:14:27.470+0000] {dag.py:3834} INFO - Setting next_dagrun for example_subdag_operator.section-1 to None, run_after=None
[2024-03-22T02:14:27.470+0000] {logging_mixin.py:188} INFO - [2024-03-22T02:14:27.470+0000] {dag.py:3834} INFO - Setting next_dagrun for example_subdag_operator.section-2 to None, run_after=None
[2024-03-22T02:14:27.476+0000] {processor.py:183} INFO - Processing /home/airflow/.local/lib/python3.8/site-packages/airflow/example_dags/example_subdag_operator.py took 0.052 seconds
[2024-03-22T02:14:58.318+0000] {processor.py:161} INFO - Started process (PID=1175) to work on /home/airflow/.local/lib/python3.8/site-packages/airflow/example_dags/example_subdag_operator.py
[2024-03-22T02:14:58.318+0000] {processor.py:830} INFO - Processing file /home/airflow/.local/lib/python3.8/site-packages/airflow/example_dags/example_subdag_operator.py for tasks to queue
[2024-03-22T02:14:58.319+0000] {logging_mixin.py:188} INFO - [2024-03-22T02:14:58.319+0000] {dagbag.py:540} INFO - Filling up the DagBag from /home/airflow/.local/lib/python3.8/site-packages/airflow/example_dags/example_subdag_operator.py
[2024-03-22T02:14:58.333+0000] {processor.py:840} INFO - DAG(s) 'example_subdag_operator.section-1', 'example_subdag_operator.section-2', 'example_subdag_operator' retrieved from /home/airflow/.local/lib/python3.8/site-packages/airflow/example_dags/example_subdag_operator.py
[2024-03-22T02:14:58.341+0000] {logging_mixin.py:188} INFO - [2024-03-22T02:14:58.341+0000] {dag.py:3047} INFO - Sync 3 DAGs
[2024-03-22T02:14:58.352+0000] {logging_mixin.py:188} INFO - [2024-03-22T02:14:58.352+0000] {dag.py:3834} INFO - Setting next_dagrun for example_subdag_operator to 2022-01-01 00:00:00+00:00, run_after=2022-01-01 00:00:00+00:00
[2024-03-22T02:14:58.354+0000] {logging_mixin.py:188} INFO - [2024-03-22T02:14:58.354+0000] {dag.py:3834} INFO - Setting next_dagrun for example_subdag_operator.section-1 to None, run_after=None
[2024-03-22T02:14:58.355+0000] {logging_mixin.py:188} INFO - [2024-03-22T02:14:58.355+0000] {dag.py:3834} INFO - Setting next_dagrun for example_subdag_operator.section-2 to None, run_after=None
[2024-03-22T02:14:58.359+0000] {logging_mixin.py:188} INFO - [2024-03-22T02:14:58.359+0000] {dag.py:3047} INFO - Sync 2 DAGs
[2024-03-22T02:14:58.362+0000] {logging_mixin.py:188} INFO - [2024-03-22T02:14:58.362+0000] {dag.py:3834} INFO - Setting next_dagrun for example_subdag_operator.section-1 to None, run_after=None
[2024-03-22T02:14:58.363+0000] {logging_mixin.py:188} INFO - [2024-03-22T02:14:58.363+0000] {dag.py:3834} INFO - Setting next_dagrun for example_subdag_operator.section-2 to None, run_after=None
[2024-03-22T02:14:58.368+0000] {processor.py:183} INFO - Processing /home/airflow/.local/lib/python3.8/site-packages/airflow/example_dags/example_subdag_operator.py took 0.053 seconds
[2024-03-22T02:15:29.310+0000] {processor.py:161} INFO - Started process (PID=1422) to work on /home/airflow/.local/lib/python3.8/site-packages/airflow/example_dags/example_subdag_operator.py
[2024-03-22T02:15:29.311+0000] {processor.py:830} INFO - Processing file /home/airflow/.local/lib/python3.8/site-packages/airflow/example_dags/example_subdag_operator.py for tasks to queue
[2024-03-22T02:15:29.312+0000] {logging_mixin.py:188} INFO - [2024-03-22T02:15:29.311+0000] {dagbag.py:540} INFO - Filling up the DagBag from /home/airflow/.local/lib/python3.8/site-packages/airflow/example_dags/example_subdag_operator.py
[2024-03-22T02:15:29.325+0000] {processor.py:840} INFO - DAG(s) 'example_subdag_operator.section-1', 'example_subdag_operator.section-2', 'example_subdag_operator' retrieved from /home/airflow/.local/lib/python3.8/site-packages/airflow/example_dags/example_subdag_operator.py
[2024-03-22T02:15:29.333+0000] {logging_mixin.py:188} INFO - [2024-03-22T02:15:29.333+0000] {dag.py:3047} INFO - Sync 3 DAGs
[2024-03-22T02:15:29.344+0000] {logging_mixin.py:188} INFO - [2024-03-22T02:15:29.344+0000] {dag.py:3834} INFO - Setting next_dagrun for example_subdag_operator to 2022-01-01 00:00:00+00:00, run_after=2022-01-01 00:00:00+00:00
[2024-03-22T02:15:29.346+0000] {logging_mixin.py:188} INFO - [2024-03-22T02:15:29.346+0000] {dag.py:3834} INFO - Setting next_dagrun for example_subdag_operator.section-1 to None, run_after=None
[2024-03-22T02:15:29.347+0000] {logging_mixin.py:188} INFO - [2024-03-22T02:15:29.347+0000] {dag.py:3834} INFO - Setting next_dagrun for example_subdag_operator.section-2 to None, run_after=None
[2024-03-22T02:15:29.350+0000] {logging_mixin.py:188} INFO - [2024-03-22T02:15:29.350+0000] {dag.py:3047} INFO - Sync 2 DAGs
[2024-03-22T02:15:29.353+0000] {logging_mixin.py:188} INFO - [2024-03-22T02:15:29.353+0000] {dag.py:3834} INFO - Setting next_dagrun for example_subdag_operator.section-1 to None, run_after=None
[2024-03-22T02:15:29.353+0000] {logging_mixin.py:188} INFO - [2024-03-22T02:15:29.353+0000] {dag.py:3834} INFO - Setting next_dagrun for example_subdag_operator.section-2 to None, run_after=None
[2024-03-22T02:15:29.359+0000] {processor.py:183} INFO - Processing /home/airflow/.local/lib/python3.8/site-packages/airflow/example_dags/example_subdag_operator.py took 0.051 seconds
[2024-03-22T02:16:00.127+0000] {processor.py:161} INFO - Started process (PID=1669) to work on /home/airflow/.local/lib/python3.8/site-packages/airflow/example_dags/example_subdag_operator.py
[2024-03-22T02:16:00.128+0000] {processor.py:830} INFO - Processing file /home/airflow/.local/lib/python3.8/site-packages/airflow/example_dags/example_subdag_operator.py for tasks to queue
[2024-03-22T02:16:00.128+0000] {logging_mixin.py:188} INFO - [2024-03-22T02:16:00.128+0000] {dagbag.py:540} INFO - Filling up the DagBag from /home/airflow/.local/lib/python3.8/site-packages/airflow/example_dags/example_subdag_operator.py
[2024-03-22T02:16:00.142+0000] {processor.py:840} INFO - DAG(s) 'example_subdag_operator.section-1', 'example_subdag_operator.section-2', 'example_subdag_operator' retrieved from /home/airflow/.local/lib/python3.8/site-packages/airflow/example_dags/example_subdag_operator.py
[2024-03-22T02:16:00.150+0000] {logging_mixin.py:188} INFO - [2024-03-22T02:16:00.150+0000] {dag.py:3047} INFO - Sync 3 DAGs
[2024-03-22T02:16:00.161+0000] {logging_mixin.py:188} INFO - [2024-03-22T02:16:00.160+0000] {dag.py:3834} INFO - Setting next_dagrun for example_subdag_operator to 2022-01-01 00:00:00+00:00, run_after=2022-01-01 00:00:00+00:00
[2024-03-22T02:16:00.163+0000] {logging_mixin.py:188} INFO - [2024-03-22T02:16:00.163+0000] {dag.py:3834} INFO - Setting next_dagrun for example_subdag_operator.section-1 to None, run_after=None
[2024-03-22T02:16:00.163+0000] {logging_mixin.py:188} INFO - [2024-03-22T02:16:00.163+0000] {dag.py:3834} INFO - Setting next_dagrun for example_subdag_operator.section-2 to None, run_after=None
[2024-03-22T02:16:00.167+0000] {logging_mixin.py:188} INFO - [2024-03-22T02:16:00.167+0000] {dag.py:3047} INFO - Sync 2 DAGs
[2024-03-22T02:16:00.170+0000] {logging_mixin.py:188} INFO - [2024-03-22T02:16:00.170+0000] {dag.py:3834} INFO - Setting next_dagrun for example_subdag_operator.section-1 to None, run_after=None
[2024-03-22T02:16:00.170+0000] {logging_mixin.py:188} INFO - [2024-03-22T02:16:00.170+0000] {dag.py:3834} INFO - Setting next_dagrun for example_subdag_operator.section-2 to None, run_after=None
[2024-03-22T02:16:00.176+0000] {processor.py:183} INFO - Processing /home/airflow/.local/lib/python3.8/site-packages/airflow/example_dags/example_subdag_operator.py took 0.051 seconds
[2024-03-22T02:16:31.200+0000] {processor.py:161} INFO - Started process (PID=1916) to work on /home/airflow/.local/lib/python3.8/site-packages/airflow/example_dags/example_subdag_operator.py
[2024-03-22T02:16:31.201+0000] {processor.py:830} INFO - Processing file /home/airflow/.local/lib/python3.8/site-packages/airflow/example_dags/example_subdag_operator.py for tasks to queue
[2024-03-22T02:16:31.202+0000] {logging_mixin.py:188} INFO - [2024-03-22T02:16:31.202+0000] {dagbag.py:540} INFO - Filling up the DagBag from /home/airflow/.local/lib/python3.8/site-packages/airflow/example_dags/example_subdag_operator.py
[2024-03-22T02:16:31.216+0000] {processor.py:840} INFO - DAG(s) 'example_subdag_operator.section-1', 'example_subdag_operator.section-2', 'example_subdag_operator' retrieved from /home/airflow/.local/lib/python3.8/site-packages/airflow/example_dags/example_subdag_operator.py
[2024-03-22T02:16:31.225+0000] {logging_mixin.py:188} INFO - [2024-03-22T02:16:31.225+0000] {dag.py:3047} INFO - Sync 3 DAGs
[2024-03-22T02:16:31.236+0000] {logging_mixin.py:188} INFO - [2024-03-22T02:16:31.236+0000] {dag.py:3834} INFO - Setting next_dagrun for example_subdag_operator to 2022-01-01 00:00:00+00:00, run_after=2022-01-01 00:00:00+00:00
[2024-03-22T02:16:31.238+0000] {logging_mixin.py:188} INFO - [2024-03-22T02:16:31.238+0000] {dag.py:3834} INFO - Setting next_dagrun for example_subdag_operator.section-1 to None, run_after=None
[2024-03-22T02:16:31.239+0000] {logging_mixin.py:188} INFO - [2024-03-22T02:16:31.239+0000] {dag.py:3834} INFO - Setting next_dagrun for example_subdag_operator.section-2 to None, run_after=None
[2024-03-22T02:16:31.243+0000] {logging_mixin.py:188} INFO - [2024-03-22T02:16:31.243+0000] {dag.py:3047} INFO - Sync 2 DAGs
[2024-03-22T02:16:31.246+0000] {logging_mixin.py:188} INFO - [2024-03-22T02:16:31.246+0000] {dag.py:3834} INFO - Setting next_dagrun for example_subdag_operator.section-1 to None, run_after=None
[2024-03-22T02:16:31.247+0000] {logging_mixin.py:188} INFO - [2024-03-22T02:16:31.247+0000] {dag.py:3834} INFO - Setting next_dagrun for example_subdag_operator.section-2 to None, run_after=None
[2024-03-22T02:16:31.255+0000] {processor.py:183} INFO - Processing /home/airflow/.local/lib/python3.8/site-packages/airflow/example_dags/example_subdag_operator.py took 0.057 seconds
[2024-03-22T02:17:02.135+0000] {processor.py:161} INFO - Started process (PID=2187) to work on /home/airflow/.local/lib/python3.8/site-packages/airflow/example_dags/example_subdag_operator.py
[2024-03-22T02:17:02.136+0000] {processor.py:830} INFO - Processing file /home/airflow/.local/lib/python3.8/site-packages/airflow/example_dags/example_subdag_operator.py for tasks to queue
[2024-03-22T02:17:02.137+0000] {logging_mixin.py:188} INFO - [2024-03-22T02:17:02.137+0000] {dagbag.py:540} INFO - Filling up the DagBag from /home/airflow/.local/lib/python3.8/site-packages/airflow/example_dags/example_subdag_operator.py
[2024-03-22T02:17:02.151+0000] {processor.py:840} INFO - DAG(s) 'example_subdag_operator.section-1', 'example_subdag_operator.section-2', 'example_subdag_operator' retrieved from /home/airflow/.local/lib/python3.8/site-packages/airflow/example_dags/example_subdag_operator.py
[2024-03-22T02:17:02.159+0000] {logging_mixin.py:188} INFO - [2024-03-22T02:17:02.159+0000] {dag.py:3047} INFO - Sync 3 DAGs
[2024-03-22T02:17:02.170+0000] {logging_mixin.py:188} INFO - [2024-03-22T02:17:02.170+0000] {dag.py:3834} INFO - Setting next_dagrun for example_subdag_operator to 2022-01-01 00:00:00+00:00, run_after=2022-01-01 00:00:00+00:00
[2024-03-22T02:17:02.172+0000] {logging_mixin.py:188} INFO - [2024-03-22T02:17:02.172+0000] {dag.py:3834} INFO - Setting next_dagrun for example_subdag_operator.section-1 to None, run_after=None
[2024-03-22T02:17:02.173+0000] {logging_mixin.py:188} INFO - [2024-03-22T02:17:02.173+0000] {dag.py:3834} INFO - Setting next_dagrun for example_subdag_operator.section-2 to None, run_after=None
[2024-03-22T02:17:02.177+0000] {logging_mixin.py:188} INFO - [2024-03-22T02:17:02.177+0000] {dag.py:3047} INFO - Sync 2 DAGs
[2024-03-22T02:17:02.180+0000] {logging_mixin.py:188} INFO - [2024-03-22T02:17:02.180+0000] {dag.py:3834} INFO - Setting next_dagrun for example_subdag_operator.section-1 to None, run_after=None
[2024-03-22T02:17:02.180+0000] {logging_mixin.py:188} INFO - [2024-03-22T02:17:02.180+0000] {dag.py:3834} INFO - Setting next_dagrun for example_subdag_operator.section-2 to None, run_after=None
[2024-03-22T02:17:02.186+0000] {processor.py:183} INFO - Processing /home/airflow/.local/lib/python3.8/site-packages/airflow/example_dags/example_subdag_operator.py took 0.053 seconds
[2024-03-22T02:17:33.185+0000] {processor.py:161} INFO - Started process (PID=2434) to work on /home/airflow/.local/lib/python3.8/site-packages/airflow/example_dags/example_subdag_operator.py
[2024-03-22T02:17:33.185+0000] {processor.py:830} INFO - Processing file /home/airflow/.local/lib/python3.8/site-packages/airflow/example_dags/example_subdag_operator.py for tasks to queue
[2024-03-22T02:17:33.186+0000] {logging_mixin.py:188} INFO - [2024-03-22T02:17:33.186+0000] {dagbag.py:540} INFO - Filling up the DagBag from /home/airflow/.local/lib/python3.8/site-packages/airflow/example_dags/example_subdag_operator.py
[2024-03-22T02:17:33.199+0000] {processor.py:840} INFO - DAG(s) 'example_subdag_operator.section-1', 'example_subdag_operator.section-2', 'example_subdag_operator' retrieved from /home/airflow/.local/lib/python3.8/site-packages/airflow/example_dags/example_subdag_operator.py
[2024-03-22T02:17:33.208+0000] {logging_mixin.py:188} INFO - [2024-03-22T02:17:33.208+0000] {dag.py:3047} INFO - Sync 3 DAGs
[2024-03-22T02:17:33.219+0000] {logging_mixin.py:188} INFO - [2024-03-22T02:17:33.219+0000] {dag.py:3834} INFO - Setting next_dagrun for example_subdag_operator to 2022-01-01 00:00:00+00:00, run_after=2022-01-01 00:00:00+00:00
[2024-03-22T02:17:33.221+0000] {logging_mixin.py:188} INFO - [2024-03-22T02:17:33.221+0000] {dag.py:3834} INFO - Setting next_dagrun for example_subdag_operator.section-1 to None, run_after=None
[2024-03-22T02:17:33.222+0000] {logging_mixin.py:188} INFO - [2024-03-22T02:17:33.222+0000] {dag.py:3834} INFO - Setting next_dagrun for example_subdag_operator.section-2 to None, run_after=None
[2024-03-22T02:17:33.226+0000] {logging_mixin.py:188} INFO - [2024-03-22T02:17:33.226+0000] {dag.py:3047} INFO - Sync 2 DAGs
[2024-03-22T02:17:33.229+0000] {logging_mixin.py:188} INFO - [2024-03-22T02:17:33.229+0000] {dag.py:3834} INFO - Setting next_dagrun for example_subdag_operator.section-1 to None, run_after=None
[2024-03-22T02:17:33.229+0000] {logging_mixin.py:188} INFO - [2024-03-22T02:17:33.229+0000] {dag.py:3834} INFO - Setting next_dagrun for example_subdag_operator.section-2 to None, run_after=None
[2024-03-22T02:17:33.235+0000] {processor.py:183} INFO - Processing /home/airflow/.local/lib/python3.8/site-packages/airflow/example_dags/example_subdag_operator.py took 0.052 seconds
[2024-03-22T02:18:03.260+0000] {processor.py:161} INFO - Started process (PID=2681) to work on /home/airflow/.local/lib/python3.8/site-packages/airflow/example_dags/example_subdag_operator.py
[2024-03-22T02:18:03.261+0000] {processor.py:830} INFO - Processing file /home/airflow/.local/lib/python3.8/site-packages/airflow/example_dags/example_subdag_operator.py for tasks to queue
[2024-03-22T02:18:03.262+0000] {logging_mixin.py:188} INFO - [2024-03-22T02:18:03.261+0000] {dagbag.py:540} INFO - Filling up the DagBag from /home/airflow/.local/lib/python3.8/site-packages/airflow/example_dags/example_subdag_operator.py
[2024-03-22T02:18:03.275+0000] {processor.py:840} INFO - DAG(s) 'example_subdag_operator.section-1', 'example_subdag_operator.section-2', 'example_subdag_operator' retrieved from /home/airflow/.local/lib/python3.8/site-packages/airflow/example_dags/example_subdag_operator.py
[2024-03-22T02:18:03.283+0000] {logging_mixin.py:188} INFO - [2024-03-22T02:18:03.282+0000] {dag.py:3047} INFO - Sync 3 DAGs
[2024-03-22T02:18:03.294+0000] {logging_mixin.py:188} INFO - [2024-03-22T02:18:03.293+0000] {dag.py:3834} INFO - Setting next_dagrun for example_subdag_operator to 2022-01-01 00:00:00+00:00, run_after=2022-01-01 00:00:00+00:00
[2024-03-22T02:18:03.295+0000] {logging_mixin.py:188} INFO - [2024-03-22T02:18:03.295+0000] {dag.py:3834} INFO - Setting next_dagrun for example_subdag_operator.section-1 to None, run_after=None
[2024-03-22T02:18:03.296+0000] {logging_mixin.py:188} INFO - [2024-03-22T02:18:03.296+0000] {dag.py:3834} INFO - Setting next_dagrun for example_subdag_operator.section-2 to None, run_after=None
[2024-03-22T02:18:03.300+0000] {logging_mixin.py:188} INFO - [2024-03-22T02:18:03.300+0000] {dag.py:3047} INFO - Sync 2 DAGs
[2024-03-22T02:18:03.303+0000] {logging_mixin.py:188} INFO - [2024-03-22T02:18:03.303+0000] {dag.py:3834} INFO - Setting next_dagrun for example_subdag_operator.section-1 to None, run_after=None
[2024-03-22T02:18:03.303+0000] {logging_mixin.py:188} INFO - [2024-03-22T02:18:03.303+0000] {dag.py:3834} INFO - Setting next_dagrun for example_subdag_operator.section-2 to None, run_after=None
[2024-03-22T02:18:03.308+0000] {processor.py:183} INFO - Processing /home/airflow/.local/lib/python3.8/site-packages/airflow/example_dags/example_subdag_operator.py took 0.050 seconds
[2024-03-22T02:18:34.095+0000] {processor.py:161} INFO - Started process (PID=2928) to work on /home/airflow/.local/lib/python3.8/site-packages/airflow/example_dags/example_subdag_operator.py
[2024-03-22T02:18:34.096+0000] {processor.py:830} INFO - Processing file /home/airflow/.local/lib/python3.8/site-packages/airflow/example_dags/example_subdag_operator.py for tasks to queue
[2024-03-22T02:18:34.097+0000] {logging_mixin.py:188} INFO - [2024-03-22T02:18:34.097+0000] {dagbag.py:540} INFO - Filling up the DagBag from /home/airflow/.local/lib/python3.8/site-packages/airflow/example_dags/example_subdag_operator.py
[2024-03-22T02:18:34.111+0000] {processor.py:840} INFO - DAG(s) 'example_subdag_operator.section-1', 'example_subdag_operator.section-2', 'example_subdag_operator' retrieved from /home/airflow/.local/lib/python3.8/site-packages/airflow/example_dags/example_subdag_operator.py
[2024-03-22T02:18:34.119+0000] {logging_mixin.py:188} INFO - [2024-03-22T02:18:34.119+0000] {dag.py:3047} INFO - Sync 3 DAGs
[2024-03-22T02:18:34.130+0000] {logging_mixin.py:188} INFO - [2024-03-22T02:18:34.130+0000] {dag.py:3834} INFO - Setting next_dagrun for example_subdag_operator to 2022-01-01 00:00:00+00:00, run_after=2022-01-01 00:00:00+00:00
[2024-03-22T02:18:34.133+0000] {logging_mixin.py:188} INFO - [2024-03-22T02:18:34.133+0000] {dag.py:3834} INFO - Setting next_dagrun for example_subdag_operator.section-1 to None, run_after=None
[2024-03-22T02:18:34.134+0000] {logging_mixin.py:188} INFO - [2024-03-22T02:18:34.134+0000] {dag.py:3834} INFO - Setting next_dagrun for example_subdag_operator.section-2 to None, run_after=None
[2024-03-22T02:18:34.139+0000] {logging_mixin.py:188} INFO - [2024-03-22T02:18:34.139+0000] {dag.py:3047} INFO - Sync 2 DAGs
[2024-03-22T02:18:34.142+0000] {logging_mixin.py:188} INFO - [2024-03-22T02:18:34.141+0000] {dag.py:3834} INFO - Setting next_dagrun for example_subdag_operator.section-1 to None, run_after=None
[2024-03-22T02:18:34.142+0000] {logging_mixin.py:188} INFO - [2024-03-22T02:18:34.142+0000] {dag.py:3834} INFO - Setting next_dagrun for example_subdag_operator.section-2 to None, run_after=None
[2024-03-22T02:18:34.148+0000] {processor.py:183} INFO - Processing /home/airflow/.local/lib/python3.8/site-packages/airflow/example_dags/example_subdag_operator.py took 0.055 seconds
[2024-03-22T02:19:04.186+0000] {processor.py:161} INFO - Started process (PID=3175) to work on /home/airflow/.local/lib/python3.8/site-packages/airflow/example_dags/example_subdag_operator.py
[2024-03-22T02:19:04.187+0000] {processor.py:830} INFO - Processing file /home/airflow/.local/lib/python3.8/site-packages/airflow/example_dags/example_subdag_operator.py for tasks to queue
[2024-03-22T02:19:04.187+0000] {logging_mixin.py:188} INFO - [2024-03-22T02:19:04.187+0000] {dagbag.py:540} INFO - Filling up the DagBag from /home/airflow/.local/lib/python3.8/site-packages/airflow/example_dags/example_subdag_operator.py
[2024-03-22T02:19:04.200+0000] {processor.py:840} INFO - DAG(s) 'example_subdag_operator.section-1', 'example_subdag_operator.section-2', 'example_subdag_operator' retrieved from /home/airflow/.local/lib/python3.8/site-packages/airflow/example_dags/example_subdag_operator.py
[2024-03-22T02:19:04.208+0000] {logging_mixin.py:188} INFO - [2024-03-22T02:19:04.208+0000] {dag.py:3047} INFO - Sync 3 DAGs
[2024-03-22T02:19:04.219+0000] {logging_mixin.py:188} INFO - [2024-03-22T02:19:04.219+0000] {dag.py:3834} INFO - Setting next_dagrun for example_subdag_operator to 2022-01-01 00:00:00+00:00, run_after=2022-01-01 00:00:00+00:00
[2024-03-22T02:19:04.221+0000] {logging_mixin.py:188} INFO - [2024-03-22T02:19:04.221+0000] {dag.py:3834} INFO - Setting next_dagrun for example_subdag_operator.section-1 to None, run_after=None
[2024-03-22T02:19:04.222+0000] {logging_mixin.py:188} INFO - [2024-03-22T02:19:04.221+0000] {dag.py:3834} INFO - Setting next_dagrun for example_subdag_operator.section-2 to None, run_after=None
[2024-03-22T02:19:04.225+0000] {logging_mixin.py:188} INFO - [2024-03-22T02:19:04.225+0000] {dag.py:3047} INFO - Sync 2 DAGs
[2024-03-22T02:19:04.229+0000] {logging_mixin.py:188} INFO - [2024-03-22T02:19:04.229+0000] {dag.py:3834} INFO - Setting next_dagrun for example_subdag_operator.section-1 to None, run_after=None
[2024-03-22T02:19:04.229+0000] {logging_mixin.py:188} INFO - [2024-03-22T02:19:04.229+0000] {dag.py:3834} INFO - Setting next_dagrun for example_subdag_operator.section-2 to None, run_after=None
[2024-03-22T02:19:04.236+0000] {processor.py:183} INFO - Processing /home/airflow/.local/lib/python3.8/site-packages/airflow/example_dags/example_subdag_operator.py took 0.052 seconds
[2024-03-22T02:19:34.354+0000] {processor.py:161} INFO - Started process (PID=3422) to work on /home/airflow/.local/lib/python3.8/site-packages/airflow/example_dags/example_subdag_operator.py
[2024-03-22T02:19:34.355+0000] {processor.py:830} INFO - Processing file /home/airflow/.local/lib/python3.8/site-packages/airflow/example_dags/example_subdag_operator.py for tasks to queue
[2024-03-22T02:19:34.356+0000] {logging_mixin.py:188} INFO - [2024-03-22T02:19:34.356+0000] {dagbag.py:540} INFO - Filling up the DagBag from /home/airflow/.local/lib/python3.8/site-packages/airflow/example_dags/example_subdag_operator.py
[2024-03-22T02:19:34.371+0000] {processor.py:840} INFO - DAG(s) 'example_subdag_operator.section-1', 'example_subdag_operator.section-2', 'example_subdag_operator' retrieved from /home/airflow/.local/lib/python3.8/site-packages/airflow/example_dags/example_subdag_operator.py
[2024-03-22T02:19:34.380+0000] {logging_mixin.py:188} INFO - [2024-03-22T02:19:34.380+0000] {dag.py:3047} INFO - Sync 3 DAGs
[2024-03-22T02:19:34.392+0000] {logging_mixin.py:188} INFO - [2024-03-22T02:19:34.392+0000] {dag.py:3834} INFO - Setting next_dagrun for example_subdag_operator to 2022-01-01 00:00:00+00:00, run_after=2022-01-01 00:00:00+00:00
[2024-03-22T02:19:34.394+0000] {logging_mixin.py:188} INFO - [2024-03-22T02:19:34.394+0000] {dag.py:3834} INFO - Setting next_dagrun for example_subdag_operator.section-1 to None, run_after=None
[2024-03-22T02:19:34.395+0000] {logging_mixin.py:188} INFO - [2024-03-22T02:19:34.395+0000] {dag.py:3834} INFO - Setting next_dagrun for example_subdag_operator.section-2 to None, run_after=None
[2024-03-22T02:19:34.399+0000] {logging_mixin.py:188} INFO - [2024-03-22T02:19:34.399+0000] {dag.py:3047} INFO - Sync 2 DAGs
[2024-03-22T02:19:34.402+0000] {logging_mixin.py:188} INFO - [2024-03-22T02:19:34.402+0000] {dag.py:3834} INFO - Setting next_dagrun for example_subdag_operator.section-1 to None, run_after=None
[2024-03-22T02:19:34.402+0000] {logging_mixin.py:188} INFO - [2024-03-22T02:19:34.402+0000] {dag.py:3834} INFO - Setting next_dagrun for example_subdag_operator.section-2 to None, run_after=None
[2024-03-22T02:19:34.409+0000] {processor.py:183} INFO - Processing /home/airflow/.local/lib/python3.8/site-packages/airflow/example_dags/example_subdag_operator.py took 0.057 seconds
[2024-03-22T03:21:00.720+0000] {processor.py:161} INFO - Started process (PID=187) to work on /home/airflow/.local/lib/python3.8/site-packages/airflow/example_dags/example_subdag_operator.py
[2024-03-22T03:21:00.721+0000] {processor.py:830} INFO - Processing file /home/airflow/.local/lib/python3.8/site-packages/airflow/example_dags/example_subdag_operator.py for tasks to queue
[2024-03-22T03:21:00.721+0000] {logging_mixin.py:188} INFO - [2024-03-22T03:21:00.721+0000] {dagbag.py:540} INFO - Filling up the DagBag from /home/airflow/.local/lib/python3.8/site-packages/airflow/example_dags/example_subdag_operator.py
[2024-03-22T03:21:00.735+0000] {processor.py:840} INFO - DAG(s) 'example_subdag_operator.section-1', 'example_subdag_operator.section-2', 'example_subdag_operator' retrieved from /home/airflow/.local/lib/python3.8/site-packages/airflow/example_dags/example_subdag_operator.py
[2024-03-22T03:21:00.787+0000] {logging_mixin.py:188} INFO - [2024-03-22T03:21:00.787+0000] {override.py:1769} INFO - Created Permission View: can read on DAG:example_subdag_operator
[2024-03-22T03:21:00.792+0000] {logging_mixin.py:188} INFO - [2024-03-22T03:21:00.792+0000] {override.py:1769} INFO - Created Permission View: can delete on DAG:example_subdag_operator
[2024-03-22T03:21:00.795+0000] {logging_mixin.py:188} INFO - [2024-03-22T03:21:00.794+0000] {override.py:1769} INFO - Created Permission View: can edit on DAG:example_subdag_operator
[2024-03-22T03:21:00.795+0000] {logging_mixin.py:188} INFO - [2024-03-22T03:21:00.795+0000] {dag.py:3047} INFO - Sync 3 DAGs
[2024-03-22T03:21:00.802+0000] {logging_mixin.py:188} INFO - [2024-03-22T03:21:00.802+0000] {dag.py:3069} INFO - Creating ORM DAG for example_subdag_operator
[2024-03-22T03:21:00.802+0000] {logging_mixin.py:188} INFO - [2024-03-22T03:21:00.802+0000] {dag.py:3069} INFO - Creating ORM DAG for example_subdag_operator.section-2
[2024-03-22T03:21:00.803+0000] {logging_mixin.py:188} INFO - [2024-03-22T03:21:00.803+0000] {dag.py:3069} INFO - Creating ORM DAG for example_subdag_operator.section-1
[2024-03-22T03:21:00.808+0000] {logging_mixin.py:188} INFO - [2024-03-22T03:21:00.808+0000] {dag.py:3834} INFO - Setting next_dagrun for example_subdag_operator to 2022-01-01 00:00:00+00:00, run_after=2022-01-01 00:00:00+00:00
[2024-03-22T03:21:00.808+0000] {logging_mixin.py:188} INFO - [2024-03-22T03:21:00.808+0000] {dag.py:3834} INFO - Setting next_dagrun for example_subdag_operator.section-1 to None, run_after=None
[2024-03-22T03:21:00.809+0000] {logging_mixin.py:188} INFO - [2024-03-22T03:21:00.809+0000] {dag.py:3834} INFO - Setting next_dagrun for example_subdag_operator.section-2 to None, run_after=None
[2024-03-22T03:21:00.815+0000] {logging_mixin.py:188} INFO - [2024-03-22T03:21:00.814+0000] {dag.py:3047} INFO - Sync 2 DAGs
[2024-03-22T03:21:00.818+0000] {logging_mixin.py:188} INFO - [2024-03-22T03:21:00.817+0000] {dag.py:3834} INFO - Setting next_dagrun for example_subdag_operator.section-1 to None, run_after=None
[2024-03-22T03:21:00.819+0000] {logging_mixin.py:188} INFO - [2024-03-22T03:21:00.819+0000] {dag.py:3834} INFO - Setting next_dagrun for example_subdag_operator.section-2 to None, run_after=None
[2024-03-22T03:21:00.825+0000] {processor.py:183} INFO - Processing /home/airflow/.local/lib/python3.8/site-packages/airflow/example_dags/example_subdag_operator.py took 0.108 seconds
[2024-03-22T03:21:31.028+0000] {processor.py:161} INFO - Started process (PID=434) to work on /home/airflow/.local/lib/python3.8/site-packages/airflow/example_dags/example_subdag_operator.py
[2024-03-22T03:21:31.029+0000] {processor.py:830} INFO - Processing file /home/airflow/.local/lib/python3.8/site-packages/airflow/example_dags/example_subdag_operator.py for tasks to queue
[2024-03-22T03:21:31.030+0000] {logging_mixin.py:188} INFO - [2024-03-22T03:21:31.030+0000] {dagbag.py:540} INFO - Filling up the DagBag from /home/airflow/.local/lib/python3.8/site-packages/airflow/example_dags/example_subdag_operator.py
[2024-03-22T03:21:31.043+0000] {processor.py:840} INFO - DAG(s) 'example_subdag_operator.section-1', 'example_subdag_operator.section-2', 'example_subdag_operator' retrieved from /home/airflow/.local/lib/python3.8/site-packages/airflow/example_dags/example_subdag_operator.py
[2024-03-22T03:21:31.052+0000] {logging_mixin.py:188} INFO - [2024-03-22T03:21:31.052+0000] {dag.py:3047} INFO - Sync 3 DAGs
[2024-03-22T03:21:31.062+0000] {logging_mixin.py:188} INFO - [2024-03-22T03:21:31.062+0000] {dag.py:3834} INFO - Setting next_dagrun for example_subdag_operator to 2022-01-01 00:00:00+00:00, run_after=2022-01-01 00:00:00+00:00
[2024-03-22T03:21:31.064+0000] {logging_mixin.py:188} INFO - [2024-03-22T03:21:31.063+0000] {dag.py:3834} INFO - Setting next_dagrun for example_subdag_operator.section-1 to None, run_after=None
[2024-03-22T03:21:31.064+0000] {logging_mixin.py:188} INFO - [2024-03-22T03:21:31.064+0000] {dag.py:3834} INFO - Setting next_dagrun for example_subdag_operator.section-2 to None, run_after=None
[2024-03-22T03:21:31.068+0000] {logging_mixin.py:188} INFO - [2024-03-22T03:21:31.068+0000] {dag.py:3047} INFO - Sync 2 DAGs
[2024-03-22T03:21:31.071+0000] {logging_mixin.py:188} INFO - [2024-03-22T03:21:31.071+0000] {dag.py:3834} INFO - Setting next_dagrun for example_subdag_operator.section-1 to None, run_after=None
[2024-03-22T03:21:31.071+0000] {logging_mixin.py:188} INFO - [2024-03-22T03:21:31.071+0000] {dag.py:3834} INFO - Setting next_dagrun for example_subdag_operator.section-2 to None, run_after=None
[2024-03-22T03:21:31.077+0000] {processor.py:183} INFO - Processing /home/airflow/.local/lib/python3.8/site-packages/airflow/example_dags/example_subdag_operator.py took 0.050 seconds
[2024-03-22T03:22:01.840+0000] {processor.py:161} INFO - Started process (PID=681) to work on /home/airflow/.local/lib/python3.8/site-packages/airflow/example_dags/example_subdag_operator.py
[2024-03-22T03:22:01.841+0000] {processor.py:830} INFO - Processing file /home/airflow/.local/lib/python3.8/site-packages/airflow/example_dags/example_subdag_operator.py for tasks to queue
[2024-03-22T03:22:01.841+0000] {logging_mixin.py:188} INFO - [2024-03-22T03:22:01.841+0000] {dagbag.py:540} INFO - Filling up the DagBag from /home/airflow/.local/lib/python3.8/site-packages/airflow/example_dags/example_subdag_operator.py
[2024-03-22T03:22:01.855+0000] {processor.py:840} INFO - DAG(s) 'example_subdag_operator.section-1', 'example_subdag_operator.section-2', 'example_subdag_operator' retrieved from /home/airflow/.local/lib/python3.8/site-packages/airflow/example_dags/example_subdag_operator.py
[2024-03-22T03:22:01.863+0000] {logging_mixin.py:188} INFO - [2024-03-22T03:22:01.863+0000] {dag.py:3047} INFO - Sync 3 DAGs
[2024-03-22T03:22:01.873+0000] {logging_mixin.py:188} INFO - [2024-03-22T03:22:01.873+0000] {dag.py:3834} INFO - Setting next_dagrun for example_subdag_operator to 2022-01-01 00:00:00+00:00, run_after=2022-01-01 00:00:00+00:00
[2024-03-22T03:22:01.875+0000] {logging_mixin.py:188} INFO - [2024-03-22T03:22:01.875+0000] {dag.py:3834} INFO - Setting next_dagrun for example_subdag_operator.section-1 to None, run_after=None
[2024-03-22T03:22:01.876+0000] {logging_mixin.py:188} INFO - [2024-03-22T03:22:01.876+0000] {dag.py:3834} INFO - Setting next_dagrun for example_subdag_operator.section-2 to None, run_after=None
[2024-03-22T03:22:01.880+0000] {logging_mixin.py:188} INFO - [2024-03-22T03:22:01.880+0000] {dag.py:3047} INFO - Sync 2 DAGs
[2024-03-22T03:22:01.882+0000] {logging_mixin.py:188} INFO - [2024-03-22T03:22:01.882+0000] {dag.py:3834} INFO - Setting next_dagrun for example_subdag_operator.section-1 to None, run_after=None
[2024-03-22T03:22:01.883+0000] {logging_mixin.py:188} INFO - [2024-03-22T03:22:01.883+0000] {dag.py:3834} INFO - Setting next_dagrun for example_subdag_operator.section-2 to None, run_after=None
[2024-03-22T03:22:01.888+0000] {processor.py:183} INFO - Processing /home/airflow/.local/lib/python3.8/site-packages/airflow/example_dags/example_subdag_operator.py took 0.050 seconds
[2024-03-22T03:22:32.644+0000] {processor.py:161} INFO - Started process (PID=928) to work on /home/airflow/.local/lib/python3.8/site-packages/airflow/example_dags/example_subdag_operator.py
[2024-03-22T03:22:32.645+0000] {processor.py:830} INFO - Processing file /home/airflow/.local/lib/python3.8/site-packages/airflow/example_dags/example_subdag_operator.py for tasks to queue
[2024-03-22T03:22:32.645+0000] {logging_mixin.py:188} INFO - [2024-03-22T03:22:32.645+0000] {dagbag.py:540} INFO - Filling up the DagBag from /home/airflow/.local/lib/python3.8/site-packages/airflow/example_dags/example_subdag_operator.py
[2024-03-22T03:22:32.660+0000] {processor.py:840} INFO - DAG(s) 'example_subdag_operator.section-1', 'example_subdag_operator.section-2', 'example_subdag_operator' retrieved from /home/airflow/.local/lib/python3.8/site-packages/airflow/example_dags/example_subdag_operator.py
[2024-03-22T03:22:32.667+0000] {logging_mixin.py:188} INFO - [2024-03-22T03:22:32.667+0000] {dag.py:3047} INFO - Sync 3 DAGs
[2024-03-22T03:22:32.677+0000] {logging_mixin.py:188} INFO - [2024-03-22T03:22:32.677+0000] {dag.py:3834} INFO - Setting next_dagrun for example_subdag_operator to 2022-01-01 00:00:00+00:00, run_after=2022-01-01 00:00:00+00:00
[2024-03-22T03:22:32.680+0000] {logging_mixin.py:188} INFO - [2024-03-22T03:22:32.680+0000] {dag.py:3834} INFO - Setting next_dagrun for example_subdag_operator.section-1 to None, run_after=None
[2024-03-22T03:22:32.681+0000] {logging_mixin.py:188} INFO - [2024-03-22T03:22:32.681+0000] {dag.py:3834} INFO - Setting next_dagrun for example_subdag_operator.section-2 to None, run_after=None
[2024-03-22T03:22:32.684+0000] {logging_mixin.py:188} INFO - [2024-03-22T03:22:32.684+0000] {dag.py:3047} INFO - Sync 2 DAGs
[2024-03-22T03:22:32.687+0000] {logging_mixin.py:188} INFO - [2024-03-22T03:22:32.687+0000] {dag.py:3834} INFO - Setting next_dagrun for example_subdag_operator.section-1 to None, run_after=None
[2024-03-22T03:22:32.688+0000] {logging_mixin.py:188} INFO - [2024-03-22T03:22:32.687+0000] {dag.py:3834} INFO - Setting next_dagrun for example_subdag_operator.section-2 to None, run_after=None
[2024-03-22T03:22:32.694+0000] {processor.py:183} INFO - Processing /home/airflow/.local/lib/python3.8/site-packages/airflow/example_dags/example_subdag_operator.py took 0.052 seconds
[2024-03-22T03:23:03.473+0000] {processor.py:161} INFO - Started process (PID=1175) to work on /home/airflow/.local/lib/python3.8/site-packages/airflow/example_dags/example_subdag_operator.py
[2024-03-22T03:23:03.473+0000] {processor.py:830} INFO - Processing file /home/airflow/.local/lib/python3.8/site-packages/airflow/example_dags/example_subdag_operator.py for tasks to queue
[2024-03-22T03:23:03.474+0000] {logging_mixin.py:188} INFO - [2024-03-22T03:23:03.474+0000] {dagbag.py:540} INFO - Filling up the DagBag from /home/airflow/.local/lib/python3.8/site-packages/airflow/example_dags/example_subdag_operator.py
[2024-03-22T03:23:03.487+0000] {processor.py:840} INFO - DAG(s) 'example_subdag_operator.section-1', 'example_subdag_operator.section-2', 'example_subdag_operator' retrieved from /home/airflow/.local/lib/python3.8/site-packages/airflow/example_dags/example_subdag_operator.py
[2024-03-22T03:23:03.495+0000] {logging_mixin.py:188} INFO - [2024-03-22T03:23:03.495+0000] {dag.py:3047} INFO - Sync 3 DAGs
[2024-03-22T03:23:03.505+0000] {logging_mixin.py:188} INFO - [2024-03-22T03:23:03.505+0000] {dag.py:3834} INFO - Setting next_dagrun for example_subdag_operator to 2022-01-01 00:00:00+00:00, run_after=2022-01-01 00:00:00+00:00
[2024-03-22T03:23:03.507+0000] {logging_mixin.py:188} INFO - [2024-03-22T03:23:03.507+0000] {dag.py:3834} INFO - Setting next_dagrun for example_subdag_operator.section-1 to None, run_after=None
[2024-03-22T03:23:03.508+0000] {logging_mixin.py:188} INFO - [2024-03-22T03:23:03.508+0000] {dag.py:3834} INFO - Setting next_dagrun for example_subdag_operator.section-2 to None, run_after=None
[2024-03-22T03:23:03.511+0000] {logging_mixin.py:188} INFO - [2024-03-22T03:23:03.511+0000] {dag.py:3047} INFO - Sync 2 DAGs
[2024-03-22T03:23:03.514+0000] {logging_mixin.py:188} INFO - [2024-03-22T03:23:03.514+0000] {dag.py:3834} INFO - Setting next_dagrun for example_subdag_operator.section-1 to None, run_after=None
[2024-03-22T03:23:03.514+0000] {logging_mixin.py:188} INFO - [2024-03-22T03:23:03.514+0000] {dag.py:3834} INFO - Setting next_dagrun for example_subdag_operator.section-2 to None, run_after=None
[2024-03-22T03:23:03.520+0000] {processor.py:183} INFO - Processing /home/airflow/.local/lib/python3.8/site-packages/airflow/example_dags/example_subdag_operator.py took 0.050 seconds
