[2024-03-22T02:12:56.856+0000] {processor.py:161} INFO - Started process (PID=324) to work on /home/airflow/.local/lib/python3.8/site-packages/airflow/example_dags/example_dag_decorator.py
[2024-03-22T02:12:56.857+0000] {processor.py:830} INFO - Processing file /home/airflow/.local/lib/python3.8/site-packages/airflow/example_dags/example_dag_decorator.py for tasks to queue
[2024-03-22T02:12:56.858+0000] {logging_mixin.py:188} INFO - [2024-03-22T02:12:56.858+0000] {dagbag.py:540} INFO - Filling up the DagBag from /home/airflow/.local/lib/python3.8/site-packages/airflow/example_dags/example_dag_decorator.py
[2024-03-22T02:12:56.964+0000] {processor.py:840} INFO - DAG(s) 'example_dag_decorator' retrieved from /home/airflow/.local/lib/python3.8/site-packages/airflow/example_dags/example_dag_decorator.py
[2024-03-22T02:12:56.971+0000] {logging_mixin.py:188} INFO - [2024-03-22T02:12:56.971+0000] {dag.py:3047} INFO - Sync 1 DAGs
[2024-03-22T02:12:56.980+0000] {logging_mixin.py:188} INFO - [2024-03-22T02:12:56.980+0000] {dag.py:3834} INFO - Setting next_dagrun for example_dag_decorator to None, run_after=None
[2024-03-22T02:12:56.992+0000] {processor.py:183} INFO - Processing /home/airflow/.local/lib/python3.8/site-packages/airflow/example_dags/example_dag_decorator.py took 0.138 seconds
[2024-03-22T02:13:28.000+0000] {processor.py:161} INFO - Started process (PID=574) to work on /home/airflow/.local/lib/python3.8/site-packages/airflow/example_dags/example_dag_decorator.py
[2024-03-22T02:13:28.001+0000] {processor.py:830} INFO - Processing file /home/airflow/.local/lib/python3.8/site-packages/airflow/example_dags/example_dag_decorator.py for tasks to queue
[2024-03-22T02:13:28.002+0000] {logging_mixin.py:188} INFO - [2024-03-22T02:13:28.002+0000] {dagbag.py:540} INFO - Filling up the DagBag from /home/airflow/.local/lib/python3.8/site-packages/airflow/example_dags/example_dag_decorator.py
[2024-03-22T02:13:28.046+0000] {processor.py:840} INFO - DAG(s) 'example_dag_decorator' retrieved from /home/airflow/.local/lib/python3.8/site-packages/airflow/example_dags/example_dag_decorator.py
[2024-03-22T02:13:28.097+0000] {logging_mixin.py:188} INFO - [2024-03-22T02:13:28.097+0000] {dag.py:3047} INFO - Sync 1 DAGs
[2024-03-22T02:13:28.103+0000] {logging_mixin.py:188} INFO - [2024-03-22T02:13:28.103+0000] {dag.py:3834} INFO - Setting next_dagrun for example_dag_decorator to None, run_after=None
[2024-03-22T02:13:28.114+0000] {processor.py:183} INFO - Processing /home/airflow/.local/lib/python3.8/site-packages/airflow/example_dags/example_dag_decorator.py took 0.116 seconds
[2024-03-22T02:13:58.222+0000] {processor.py:161} INFO - Started process (PID=818) to work on /home/airflow/.local/lib/python3.8/site-packages/airflow/example_dags/example_dag_decorator.py
[2024-03-22T02:13:58.223+0000] {processor.py:830} INFO - Processing file /home/airflow/.local/lib/python3.8/site-packages/airflow/example_dags/example_dag_decorator.py for tasks to queue
[2024-03-22T02:13:58.223+0000] {logging_mixin.py:188} INFO - [2024-03-22T02:13:58.223+0000] {dagbag.py:540} INFO - Filling up the DagBag from /home/airflow/.local/lib/python3.8/site-packages/airflow/example_dags/example_dag_decorator.py
[2024-03-22T02:13:58.266+0000] {processor.py:840} INFO - DAG(s) 'example_dag_decorator' retrieved from /home/airflow/.local/lib/python3.8/site-packages/airflow/example_dags/example_dag_decorator.py
[2024-03-22T02:13:58.319+0000] {logging_mixin.py:188} INFO - [2024-03-22T02:13:58.319+0000] {dag.py:3047} INFO - Sync 1 DAGs
[2024-03-22T02:13:58.324+0000] {logging_mixin.py:188} INFO - [2024-03-22T02:13:58.324+0000] {dag.py:3834} INFO - Setting next_dagrun for example_dag_decorator to None, run_after=None
[2024-03-22T02:13:58.335+0000] {processor.py:183} INFO - Processing /home/airflow/.local/lib/python3.8/site-packages/airflow/example_dags/example_dag_decorator.py took 0.116 seconds
[2024-03-22T02:14:29.279+0000] {processor.py:161} INFO - Started process (PID=1065) to work on /home/airflow/.local/lib/python3.8/site-packages/airflow/example_dags/example_dag_decorator.py
[2024-03-22T02:14:29.280+0000] {processor.py:830} INFO - Processing file /home/airflow/.local/lib/python3.8/site-packages/airflow/example_dags/example_dag_decorator.py for tasks to queue
[2024-03-22T02:14:29.281+0000] {logging_mixin.py:188} INFO - [2024-03-22T02:14:29.280+0000] {dagbag.py:540} INFO - Filling up the DagBag from /home/airflow/.local/lib/python3.8/site-packages/airflow/example_dags/example_dag_decorator.py
[2024-03-22T02:14:29.320+0000] {processor.py:840} INFO - DAG(s) 'example_dag_decorator' retrieved from /home/airflow/.local/lib/python3.8/site-packages/airflow/example_dags/example_dag_decorator.py
[2024-03-22T02:14:29.368+0000] {logging_mixin.py:188} INFO - [2024-03-22T02:14:29.368+0000] {dag.py:3047} INFO - Sync 1 DAGs
[2024-03-22T02:14:29.373+0000] {logging_mixin.py:188} INFO - [2024-03-22T02:14:29.373+0000] {dag.py:3834} INFO - Setting next_dagrun for example_dag_decorator to None, run_after=None
[2024-03-22T02:14:29.382+0000] {processor.py:183} INFO - Processing /home/airflow/.local/lib/python3.8/site-packages/airflow/example_dags/example_dag_decorator.py took 0.105 seconds
[2024-03-22T02:15:00.164+0000] {processor.py:161} INFO - Started process (PID=1312) to work on /home/airflow/.local/lib/python3.8/site-packages/airflow/example_dags/example_dag_decorator.py
[2024-03-22T02:15:00.165+0000] {processor.py:830} INFO - Processing file /home/airflow/.local/lib/python3.8/site-packages/airflow/example_dags/example_dag_decorator.py for tasks to queue
[2024-03-22T02:15:00.166+0000] {logging_mixin.py:188} INFO - [2024-03-22T02:15:00.166+0000] {dagbag.py:540} INFO - Filling up the DagBag from /home/airflow/.local/lib/python3.8/site-packages/airflow/example_dags/example_dag_decorator.py
[2024-03-22T02:15:00.210+0000] {processor.py:840} INFO - DAG(s) 'example_dag_decorator' retrieved from /home/airflow/.local/lib/python3.8/site-packages/airflow/example_dags/example_dag_decorator.py
[2024-03-22T02:15:00.263+0000] {logging_mixin.py:188} INFO - [2024-03-22T02:15:00.263+0000] {dag.py:3047} INFO - Sync 1 DAGs
[2024-03-22T02:15:00.270+0000] {logging_mixin.py:188} INFO - [2024-03-22T02:15:00.269+0000] {dag.py:3834} INFO - Setting next_dagrun for example_dag_decorator to None, run_after=None
[2024-03-22T02:15:00.279+0000] {processor.py:183} INFO - Processing /home/airflow/.local/lib/python3.8/site-packages/airflow/example_dags/example_dag_decorator.py took 0.117 seconds
[2024-03-22T02:15:31.124+0000] {processor.py:161} INFO - Started process (PID=1559) to work on /home/airflow/.local/lib/python3.8/site-packages/airflow/example_dags/example_dag_decorator.py
[2024-03-22T02:15:31.125+0000] {processor.py:830} INFO - Processing file /home/airflow/.local/lib/python3.8/site-packages/airflow/example_dags/example_dag_decorator.py for tasks to queue
[2024-03-22T02:15:31.125+0000] {logging_mixin.py:188} INFO - [2024-03-22T02:15:31.125+0000] {dagbag.py:540} INFO - Filling up the DagBag from /home/airflow/.local/lib/python3.8/site-packages/airflow/example_dags/example_dag_decorator.py
[2024-03-22T02:15:31.169+0000] {processor.py:840} INFO - DAG(s) 'example_dag_decorator' retrieved from /home/airflow/.local/lib/python3.8/site-packages/airflow/example_dags/example_dag_decorator.py
[2024-03-22T02:15:31.220+0000] {logging_mixin.py:188} INFO - [2024-03-22T02:15:31.220+0000] {dag.py:3047} INFO - Sync 1 DAGs
[2024-03-22T02:15:31.225+0000] {logging_mixin.py:188} INFO - [2024-03-22T02:15:31.225+0000] {dag.py:3834} INFO - Setting next_dagrun for example_dag_decorator to None, run_after=None
[2024-03-22T02:15:31.235+0000] {processor.py:183} INFO - Processing /home/airflow/.local/lib/python3.8/site-packages/airflow/example_dags/example_dag_decorator.py took 0.113 seconds
[2024-03-22T02:16:02.037+0000] {processor.py:161} INFO - Started process (PID=1806) to work on /home/airflow/.local/lib/python3.8/site-packages/airflow/example_dags/example_dag_decorator.py
[2024-03-22T02:16:02.038+0000] {processor.py:830} INFO - Processing file /home/airflow/.local/lib/python3.8/site-packages/airflow/example_dags/example_dag_decorator.py for tasks to queue
[2024-03-22T02:16:02.038+0000] {logging_mixin.py:188} INFO - [2024-03-22T02:16:02.038+0000] {dagbag.py:540} INFO - Filling up the DagBag from /home/airflow/.local/lib/python3.8/site-packages/airflow/example_dags/example_dag_decorator.py
[2024-03-22T02:16:02.083+0000] {processor.py:840} INFO - DAG(s) 'example_dag_decorator' retrieved from /home/airflow/.local/lib/python3.8/site-packages/airflow/example_dags/example_dag_decorator.py
[2024-03-22T02:16:02.137+0000] {logging_mixin.py:188} INFO - [2024-03-22T02:16:02.137+0000] {dag.py:3047} INFO - Sync 1 DAGs
[2024-03-22T02:16:02.142+0000] {logging_mixin.py:188} INFO - [2024-03-22T02:16:02.142+0000] {dag.py:3834} INFO - Setting next_dagrun for example_dag_decorator to None, run_after=None
[2024-03-22T02:16:02.154+0000] {processor.py:183} INFO - Processing /home/airflow/.local/lib/python3.8/site-packages/airflow/example_dags/example_dag_decorator.py took 0.119 seconds
[2024-03-22T02:16:32.192+0000] {processor.py:161} INFO - Started process (PID=2058) to work on /home/airflow/.local/lib/python3.8/site-packages/airflow/example_dags/example_dag_decorator.py
[2024-03-22T02:16:32.193+0000] {processor.py:830} INFO - Processing file /home/airflow/.local/lib/python3.8/site-packages/airflow/example_dags/example_dag_decorator.py for tasks to queue
[2024-03-22T02:16:32.194+0000] {logging_mixin.py:188} INFO - [2024-03-22T02:16:32.194+0000] {dagbag.py:540} INFO - Filling up the DagBag from /home/airflow/.local/lib/python3.8/site-packages/airflow/example_dags/example_dag_decorator.py
[2024-03-22T02:16:32.238+0000] {processor.py:840} INFO - DAG(s) 'example_dag_decorator' retrieved from /home/airflow/.local/lib/python3.8/site-packages/airflow/example_dags/example_dag_decorator.py
[2024-03-22T02:16:32.290+0000] {logging_mixin.py:188} INFO - [2024-03-22T02:16:32.290+0000] {dag.py:3047} INFO - Sync 1 DAGs
[2024-03-22T02:16:32.295+0000] {logging_mixin.py:188} INFO - [2024-03-22T02:16:32.295+0000] {dag.py:3834} INFO - Setting next_dagrun for example_dag_decorator to None, run_after=None
[2024-03-22T02:16:32.305+0000] {processor.py:183} INFO - Processing /home/airflow/.local/lib/python3.8/site-packages/airflow/example_dags/example_dag_decorator.py took 0.115 seconds
[2024-03-22T02:17:03.018+0000] {processor.py:161} INFO - Started process (PID=2324) to work on /home/airflow/.local/lib/python3.8/site-packages/airflow/example_dags/example_dag_decorator.py
[2024-03-22T02:17:03.018+0000] {processor.py:830} INFO - Processing file /home/airflow/.local/lib/python3.8/site-packages/airflow/example_dags/example_dag_decorator.py for tasks to queue
[2024-03-22T02:17:03.019+0000] {logging_mixin.py:188} INFO - [2024-03-22T02:17:03.019+0000] {dagbag.py:540} INFO - Filling up the DagBag from /home/airflow/.local/lib/python3.8/site-packages/airflow/example_dags/example_dag_decorator.py
[2024-03-22T02:17:03.064+0000] {processor.py:840} INFO - DAG(s) 'example_dag_decorator' retrieved from /home/airflow/.local/lib/python3.8/site-packages/airflow/example_dags/example_dag_decorator.py
[2024-03-22T02:17:03.115+0000] {logging_mixin.py:188} INFO - [2024-03-22T02:17:03.115+0000] {dag.py:3047} INFO - Sync 1 DAGs
[2024-03-22T02:17:03.121+0000] {logging_mixin.py:188} INFO - [2024-03-22T02:17:03.121+0000] {dag.py:3834} INFO - Setting next_dagrun for example_dag_decorator to None, run_after=None
[2024-03-22T02:17:03.131+0000] {processor.py:183} INFO - Processing /home/airflow/.local/lib/python3.8/site-packages/airflow/example_dags/example_dag_decorator.py took 0.116 seconds
[2024-03-22T02:17:34.060+0000] {processor.py:161} INFO - Started process (PID=2571) to work on /home/airflow/.local/lib/python3.8/site-packages/airflow/example_dags/example_dag_decorator.py
[2024-03-22T02:17:34.060+0000] {processor.py:830} INFO - Processing file /home/airflow/.local/lib/python3.8/site-packages/airflow/example_dags/example_dag_decorator.py for tasks to queue
[2024-03-22T02:17:34.061+0000] {logging_mixin.py:188} INFO - [2024-03-22T02:17:34.061+0000] {dagbag.py:540} INFO - Filling up the DagBag from /home/airflow/.local/lib/python3.8/site-packages/airflow/example_dags/example_dag_decorator.py
[2024-03-22T02:17:34.103+0000] {processor.py:840} INFO - DAG(s) 'example_dag_decorator' retrieved from /home/airflow/.local/lib/python3.8/site-packages/airflow/example_dags/example_dag_decorator.py
[2024-03-22T02:17:34.156+0000] {logging_mixin.py:188} INFO - [2024-03-22T02:17:34.156+0000] {dag.py:3047} INFO - Sync 1 DAGs
[2024-03-22T02:17:34.163+0000] {logging_mixin.py:188} INFO - [2024-03-22T02:17:34.163+0000] {dag.py:3834} INFO - Setting next_dagrun for example_dag_decorator to None, run_after=None
[2024-03-22T02:17:34.175+0000] {processor.py:183} INFO - Processing /home/airflow/.local/lib/python3.8/site-packages/airflow/example_dags/example_dag_decorator.py took 0.117 seconds
[2024-03-22T02:18:05.110+0000] {processor.py:161} INFO - Started process (PID=2818) to work on /home/airflow/.local/lib/python3.8/site-packages/airflow/example_dags/example_dag_decorator.py
[2024-03-22T02:18:05.111+0000] {processor.py:830} INFO - Processing file /home/airflow/.local/lib/python3.8/site-packages/airflow/example_dags/example_dag_decorator.py for tasks to queue
[2024-03-22T02:18:05.112+0000] {logging_mixin.py:188} INFO - [2024-03-22T02:18:05.112+0000] {dagbag.py:540} INFO - Filling up the DagBag from /home/airflow/.local/lib/python3.8/site-packages/airflow/example_dags/example_dag_decorator.py
[2024-03-22T02:18:05.154+0000] {processor.py:840} INFO - DAG(s) 'example_dag_decorator' retrieved from /home/airflow/.local/lib/python3.8/site-packages/airflow/example_dags/example_dag_decorator.py
[2024-03-22T02:18:05.202+0000] {logging_mixin.py:188} INFO - [2024-03-22T02:18:05.201+0000] {dag.py:3047} INFO - Sync 1 DAGs
[2024-03-22T02:18:05.207+0000] {logging_mixin.py:188} INFO - [2024-03-22T02:18:05.207+0000] {dag.py:3834} INFO - Setting next_dagrun for example_dag_decorator to None, run_after=None
[2024-03-22T02:18:05.216+0000] {processor.py:183} INFO - Processing /home/airflow/.local/lib/python3.8/site-packages/airflow/example_dags/example_dag_decorator.py took 0.107 seconds
[2024-03-22T02:18:36.012+0000] {processor.py:161} INFO - Started process (PID=3065) to work on /home/airflow/.local/lib/python3.8/site-packages/airflow/example_dags/example_dag_decorator.py
[2024-03-22T02:18:36.013+0000] {processor.py:830} INFO - Processing file /home/airflow/.local/lib/python3.8/site-packages/airflow/example_dags/example_dag_decorator.py for tasks to queue
[2024-03-22T02:18:36.015+0000] {logging_mixin.py:188} INFO - [2024-03-22T02:18:36.014+0000] {dagbag.py:540} INFO - Filling up the DagBag from /home/airflow/.local/lib/python3.8/site-packages/airflow/example_dags/example_dag_decorator.py
[2024-03-22T02:18:36.059+0000] {processor.py:840} INFO - DAG(s) 'example_dag_decorator' retrieved from /home/airflow/.local/lib/python3.8/site-packages/airflow/example_dags/example_dag_decorator.py
[2024-03-22T02:18:36.115+0000] {logging_mixin.py:188} INFO - [2024-03-22T02:18:36.114+0000] {dag.py:3047} INFO - Sync 1 DAGs
[2024-03-22T02:18:36.120+0000] {logging_mixin.py:188} INFO - [2024-03-22T02:18:36.120+0000] {dag.py:3834} INFO - Setting next_dagrun for example_dag_decorator to None, run_after=None
[2024-03-22T02:18:36.131+0000] {processor.py:183} INFO - Processing /home/airflow/.local/lib/python3.8/site-packages/airflow/example_dags/example_dag_decorator.py took 0.121 seconds
[2024-03-22T02:19:06.247+0000] {processor.py:161} INFO - Started process (PID=3312) to work on /home/airflow/.local/lib/python3.8/site-packages/airflow/example_dags/example_dag_decorator.py
[2024-03-22T02:19:06.248+0000] {processor.py:830} INFO - Processing file /home/airflow/.local/lib/python3.8/site-packages/airflow/example_dags/example_dag_decorator.py for tasks to queue
[2024-03-22T02:19:06.249+0000] {logging_mixin.py:188} INFO - [2024-03-22T02:19:06.249+0000] {dagbag.py:540} INFO - Filling up the DagBag from /home/airflow/.local/lib/python3.8/site-packages/airflow/example_dags/example_dag_decorator.py
[2024-03-22T02:19:06.298+0000] {processor.py:840} INFO - DAG(s) 'example_dag_decorator' retrieved from /home/airflow/.local/lib/python3.8/site-packages/airflow/example_dags/example_dag_decorator.py
[2024-03-22T02:19:06.353+0000] {logging_mixin.py:188} INFO - [2024-03-22T02:19:06.353+0000] {dag.py:3047} INFO - Sync 1 DAGs
[2024-03-22T02:19:06.359+0000] {logging_mixin.py:188} INFO - [2024-03-22T02:19:06.359+0000] {dag.py:3834} INFO - Setting next_dagrun for example_dag_decorator to None, run_after=None
[2024-03-22T02:19:06.369+0000] {processor.py:183} INFO - Processing /home/airflow/.local/lib/python3.8/site-packages/airflow/example_dags/example_dag_decorator.py took 0.124 seconds
[2024-03-22T02:19:36.406+0000] {processor.py:161} INFO - Started process (PID=3564) to work on /home/airflow/.local/lib/python3.8/site-packages/airflow/example_dags/example_dag_decorator.py
[2024-03-22T02:19:36.407+0000] {processor.py:830} INFO - Processing file /home/airflow/.local/lib/python3.8/site-packages/airflow/example_dags/example_dag_decorator.py for tasks to queue
[2024-03-22T02:19:36.407+0000] {logging_mixin.py:188} INFO - [2024-03-22T02:19:36.407+0000] {dagbag.py:540} INFO - Filling up the DagBag from /home/airflow/.local/lib/python3.8/site-packages/airflow/example_dags/example_dag_decorator.py
[2024-03-22T02:19:36.451+0000] {processor.py:840} INFO - DAG(s) 'example_dag_decorator' retrieved from /home/airflow/.local/lib/python3.8/site-packages/airflow/example_dags/example_dag_decorator.py
[2024-03-22T02:19:36.503+0000] {logging_mixin.py:188} INFO - [2024-03-22T02:19:36.503+0000] {dag.py:3047} INFO - Sync 1 DAGs
[2024-03-22T02:19:36.509+0000] {logging_mixin.py:188} INFO - [2024-03-22T02:19:36.509+0000] {dag.py:3834} INFO - Setting next_dagrun for example_dag_decorator to None, run_after=None
[2024-03-22T02:19:36.519+0000] {processor.py:183} INFO - Processing /home/airflow/.local/lib/python3.8/site-packages/airflow/example_dags/example_dag_decorator.py took 0.115 seconds
[2024-03-22T03:21:02.255+0000] {processor.py:161} INFO - Started process (PID=322) to work on /home/airflow/.local/lib/python3.8/site-packages/airflow/example_dags/example_dag_decorator.py
[2024-03-22T03:21:02.256+0000] {processor.py:830} INFO - Processing file /home/airflow/.local/lib/python3.8/site-packages/airflow/example_dags/example_dag_decorator.py for tasks to queue
[2024-03-22T03:21:02.256+0000] {logging_mixin.py:188} INFO - [2024-03-22T03:21:02.256+0000] {dagbag.py:540} INFO - Filling up the DagBag from /home/airflow/.local/lib/python3.8/site-packages/airflow/example_dags/example_dag_decorator.py
[2024-03-22T03:21:02.369+0000] {processor.py:840} INFO - DAG(s) 'example_dag_decorator' retrieved from /home/airflow/.local/lib/python3.8/site-packages/airflow/example_dags/example_dag_decorator.py
[2024-03-22T03:21:02.422+0000] {logging_mixin.py:188} INFO - [2024-03-22T03:21:02.422+0000] {override.py:1769} INFO - Created Permission View: can read on DAG:example_dag_decorator
[2024-03-22T03:21:02.428+0000] {logging_mixin.py:188} INFO - [2024-03-22T03:21:02.428+0000] {override.py:1769} INFO - Created Permission View: can delete on DAG:example_dag_decorator
[2024-03-22T03:21:02.431+0000] {logging_mixin.py:188} INFO - [2024-03-22T03:21:02.431+0000] {override.py:1769} INFO - Created Permission View: can edit on DAG:example_dag_decorator
[2024-03-22T03:21:02.431+0000] {logging_mixin.py:188} INFO - [2024-03-22T03:21:02.431+0000] {dag.py:3047} INFO - Sync 1 DAGs
[2024-03-22T03:21:02.437+0000] {logging_mixin.py:188} INFO - [2024-03-22T03:21:02.437+0000] {dag.py:3069} INFO - Creating ORM DAG for example_dag_decorator
[2024-03-22T03:21:02.437+0000] {logging_mixin.py:188} INFO - [2024-03-22T03:21:02.437+0000] {dag.py:3834} INFO - Setting next_dagrun for example_dag_decorator to None, run_after=None
[2024-03-22T03:21:02.445+0000] {processor.py:183} INFO - Processing /home/airflow/.local/lib/python3.8/site-packages/airflow/example_dags/example_dag_decorator.py took 0.193 seconds
[2024-03-22T03:21:32.910+0000] {processor.py:161} INFO - Started process (PID=569) to work on /home/airflow/.local/lib/python3.8/site-packages/airflow/example_dags/example_dag_decorator.py
[2024-03-22T03:21:32.911+0000] {processor.py:830} INFO - Processing file /home/airflow/.local/lib/python3.8/site-packages/airflow/example_dags/example_dag_decorator.py for tasks to queue
[2024-03-22T03:21:32.912+0000] {logging_mixin.py:188} INFO - [2024-03-22T03:21:32.912+0000] {dagbag.py:540} INFO - Filling up the DagBag from /home/airflow/.local/lib/python3.8/site-packages/airflow/example_dags/example_dag_decorator.py
[2024-03-22T03:21:32.955+0000] {processor.py:840} INFO - DAG(s) 'example_dag_decorator' retrieved from /home/airflow/.local/lib/python3.8/site-packages/airflow/example_dags/example_dag_decorator.py
[2024-03-22T03:21:33.005+0000] {logging_mixin.py:188} INFO - [2024-03-22T03:21:33.005+0000] {dag.py:3047} INFO - Sync 1 DAGs
[2024-03-22T03:21:33.011+0000] {logging_mixin.py:188} INFO - [2024-03-22T03:21:33.011+0000] {dag.py:3834} INFO - Setting next_dagrun for example_dag_decorator to None, run_after=None
[2024-03-22T03:21:33.020+0000] {processor.py:183} INFO - Processing /home/airflow/.local/lib/python3.8/site-packages/airflow/example_dags/example_dag_decorator.py took 0.112 seconds
[2024-03-22T03:22:03.677+0000] {processor.py:161} INFO - Started process (PID=816) to work on /home/airflow/.local/lib/python3.8/site-packages/airflow/example_dags/example_dag_decorator.py
[2024-03-22T03:22:03.678+0000] {processor.py:830} INFO - Processing file /home/airflow/.local/lib/python3.8/site-packages/airflow/example_dags/example_dag_decorator.py for tasks to queue
[2024-03-22T03:22:03.678+0000] {logging_mixin.py:188} INFO - [2024-03-22T03:22:03.678+0000] {dagbag.py:540} INFO - Filling up the DagBag from /home/airflow/.local/lib/python3.8/site-packages/airflow/example_dags/example_dag_decorator.py
[2024-03-22T03:22:03.720+0000] {processor.py:840} INFO - DAG(s) 'example_dag_decorator' retrieved from /home/airflow/.local/lib/python3.8/site-packages/airflow/example_dags/example_dag_decorator.py
[2024-03-22T03:22:03.769+0000] {logging_mixin.py:188} INFO - [2024-03-22T03:22:03.768+0000] {dag.py:3047} INFO - Sync 1 DAGs
[2024-03-22T03:22:03.774+0000] {logging_mixin.py:188} INFO - [2024-03-22T03:22:03.773+0000] {dag.py:3834} INFO - Setting next_dagrun for example_dag_decorator to None, run_after=None
[2024-03-22T03:22:03.783+0000] {processor.py:183} INFO - Processing /home/airflow/.local/lib/python3.8/site-packages/airflow/example_dags/example_dag_decorator.py took 0.109 seconds
[2024-03-22T03:22:34.497+0000] {processor.py:161} INFO - Started process (PID=1063) to work on /home/airflow/.local/lib/python3.8/site-packages/airflow/example_dags/example_dag_decorator.py
[2024-03-22T03:22:34.498+0000] {processor.py:830} INFO - Processing file /home/airflow/.local/lib/python3.8/site-packages/airflow/example_dags/example_dag_decorator.py for tasks to queue
[2024-03-22T03:22:34.499+0000] {logging_mixin.py:188} INFO - [2024-03-22T03:22:34.499+0000] {dagbag.py:540} INFO - Filling up the DagBag from /home/airflow/.local/lib/python3.8/site-packages/airflow/example_dags/example_dag_decorator.py
[2024-03-22T03:22:34.542+0000] {processor.py:840} INFO - DAG(s) 'example_dag_decorator' retrieved from /home/airflow/.local/lib/python3.8/site-packages/airflow/example_dags/example_dag_decorator.py
[2024-03-22T03:22:34.592+0000] {logging_mixin.py:188} INFO - [2024-03-22T03:22:34.592+0000] {dag.py:3047} INFO - Sync 1 DAGs
[2024-03-22T03:22:34.598+0000] {logging_mixin.py:188} INFO - [2024-03-22T03:22:34.597+0000] {dag.py:3834} INFO - Setting next_dagrun for example_dag_decorator to None, run_after=None
[2024-03-22T03:22:34.607+0000] {processor.py:183} INFO - Processing /home/airflow/.local/lib/python3.8/site-packages/airflow/example_dags/example_dag_decorator.py took 0.112 seconds
[2024-03-22T03:23:05.349+0000] {processor.py:161} INFO - Started process (PID=1310) to work on /home/airflow/.local/lib/python3.8/site-packages/airflow/example_dags/example_dag_decorator.py
[2024-03-22T03:23:05.350+0000] {processor.py:830} INFO - Processing file /home/airflow/.local/lib/python3.8/site-packages/airflow/example_dags/example_dag_decorator.py for tasks to queue
[2024-03-22T03:23:05.350+0000] {logging_mixin.py:188} INFO - [2024-03-22T03:23:05.350+0000] {dagbag.py:540} INFO - Filling up the DagBag from /home/airflow/.local/lib/python3.8/site-packages/airflow/example_dags/example_dag_decorator.py
[2024-03-22T03:23:05.392+0000] {processor.py:840} INFO - DAG(s) 'example_dag_decorator' retrieved from /home/airflow/.local/lib/python3.8/site-packages/airflow/example_dags/example_dag_decorator.py
[2024-03-22T03:23:05.447+0000] {logging_mixin.py:188} INFO - [2024-03-22T03:23:05.447+0000] {dag.py:3047} INFO - Sync 1 DAGs
[2024-03-22T03:23:05.452+0000] {logging_mixin.py:188} INFO - [2024-03-22T03:23:05.452+0000] {dag.py:3834} INFO - Setting next_dagrun for example_dag_decorator to None, run_after=None
[2024-03-22T03:23:05.462+0000] {processor.py:183} INFO - Processing /home/airflow/.local/lib/python3.8/site-packages/airflow/example_dags/example_dag_decorator.py took 0.116 seconds
