[2024-03-22T02:12:56.471+0000] {processor.py:161} INFO - Started process (PID=272) to work on /home/airflow/.local/lib/python3.8/site-packages/airflow/example_dags/tutorial.py
[2024-03-22T02:12:56.472+0000] {processor.py:830} INFO - Processing file /home/airflow/.local/lib/python3.8/site-packages/airflow/example_dags/tutorial.py for tasks to queue
[2024-03-22T02:12:56.472+0000] {logging_mixin.py:188} INFO - [2024-03-22T02:12:56.472+0000] {dagbag.py:540} INFO - Filling up the DagBag from /home/airflow/.local/lib/python3.8/site-packages/airflow/example_dags/tutorial.py
[2024-03-22T02:12:56.476+0000] {processor.py:840} INFO - DAG(s) 'tutorial' retrieved from /home/airflow/.local/lib/python3.8/site-packages/airflow/example_dags/tutorial.py
[2024-03-22T02:12:56.483+0000] {logging_mixin.py:188} INFO - [2024-03-22T02:12:56.483+0000] {dag.py:3047} INFO - Sync 1 DAGs
[2024-03-22T02:12:56.495+0000] {logging_mixin.py:188} INFO - [2024-03-22T02:12:56.495+0000] {dag.py:3834} INFO - Setting next_dagrun for tutorial to 2024-03-21 00:00:00+00:00, run_after=2024-03-22 00:00:00+00:00
[2024-03-22T02:12:56.505+0000] {processor.py:183} INFO - Processing /home/airflow/.local/lib/python3.8/site-packages/airflow/example_dags/tutorial.py took 0.036 seconds
[2024-03-22T02:13:27.467+0000] {processor.py:161} INFO - Started process (PID=519) to work on /home/airflow/.local/lib/python3.8/site-packages/airflow/example_dags/tutorial.py
[2024-03-22T02:13:27.468+0000] {processor.py:830} INFO - Processing file /home/airflow/.local/lib/python3.8/site-packages/airflow/example_dags/tutorial.py for tasks to queue
[2024-03-22T02:13:27.468+0000] {logging_mixin.py:188} INFO - [2024-03-22T02:13:27.468+0000] {dagbag.py:540} INFO - Filling up the DagBag from /home/airflow/.local/lib/python3.8/site-packages/airflow/example_dags/tutorial.py
[2024-03-22T02:13:27.472+0000] {processor.py:840} INFO - DAG(s) 'tutorial' retrieved from /home/airflow/.local/lib/python3.8/site-packages/airflow/example_dags/tutorial.py
[2024-03-22T02:13:27.523+0000] {logging_mixin.py:188} INFO - [2024-03-22T02:13:27.523+0000] {dag.py:3047} INFO - Sync 1 DAGs
[2024-03-22T02:13:27.534+0000] {logging_mixin.py:188} INFO - [2024-03-22T02:13:27.534+0000] {dag.py:3834} INFO - Setting next_dagrun for tutorial to 2024-03-21 00:00:00+00:00, run_after=2024-03-22 00:00:00+00:00
[2024-03-22T02:13:27.543+0000] {processor.py:183} INFO - Processing /home/airflow/.local/lib/python3.8/site-packages/airflow/example_dags/tutorial.py took 0.079 seconds
[2024-03-22T02:13:57.849+0000] {processor.py:161} INFO - Started process (PID=766) to work on /home/airflow/.local/lib/python3.8/site-packages/airflow/example_dags/tutorial.py
[2024-03-22T02:13:57.850+0000] {processor.py:830} INFO - Processing file /home/airflow/.local/lib/python3.8/site-packages/airflow/example_dags/tutorial.py for tasks to queue
[2024-03-22T02:13:57.851+0000] {logging_mixin.py:188} INFO - [2024-03-22T02:13:57.851+0000] {dagbag.py:540} INFO - Filling up the DagBag from /home/airflow/.local/lib/python3.8/site-packages/airflow/example_dags/tutorial.py
[2024-03-22T02:13:57.855+0000] {processor.py:840} INFO - DAG(s) 'tutorial' retrieved from /home/airflow/.local/lib/python3.8/site-packages/airflow/example_dags/tutorial.py
[2024-03-22T02:13:57.868+0000] {logging_mixin.py:188} INFO - [2024-03-22T02:13:57.868+0000] {dag.py:3047} INFO - Sync 1 DAGs
[2024-03-22T02:13:57.881+0000] {logging_mixin.py:188} INFO - [2024-03-22T02:13:57.880+0000] {dag.py:3834} INFO - Setting next_dagrun for tutorial to 2024-03-21 00:00:00+00:00, run_after=2024-03-22 00:00:00+00:00
[2024-03-22T02:13:57.891+0000] {processor.py:183} INFO - Processing /home/airflow/.local/lib/python3.8/site-packages/airflow/example_dags/tutorial.py took 0.044 seconds
[2024-03-22T02:14:27.937+0000] {processor.py:161} INFO - Started process (PID=1015) to work on /home/airflow/.local/lib/python3.8/site-packages/airflow/example_dags/tutorial.py
[2024-03-22T02:14:27.938+0000] {processor.py:830} INFO - Processing file /home/airflow/.local/lib/python3.8/site-packages/airflow/example_dags/tutorial.py for tasks to queue
[2024-03-22T02:14:27.938+0000] {logging_mixin.py:188} INFO - [2024-03-22T02:14:27.938+0000] {dagbag.py:540} INFO - Filling up the DagBag from /home/airflow/.local/lib/python3.8/site-packages/airflow/example_dags/tutorial.py
[2024-03-22T02:14:27.942+0000] {processor.py:840} INFO - DAG(s) 'tutorial' retrieved from /home/airflow/.local/lib/python3.8/site-packages/airflow/example_dags/tutorial.py
[2024-03-22T02:14:27.955+0000] {logging_mixin.py:188} INFO - [2024-03-22T02:14:27.954+0000] {dag.py:3047} INFO - Sync 1 DAGs
[2024-03-22T02:14:27.966+0000] {logging_mixin.py:188} INFO - [2024-03-22T02:14:27.966+0000] {dag.py:3834} INFO - Setting next_dagrun for tutorial to 2024-03-21 00:00:00+00:00, run_after=2024-03-22 00:00:00+00:00
[2024-03-22T02:14:27.976+0000] {processor.py:183} INFO - Processing /home/airflow/.local/lib/python3.8/site-packages/airflow/example_dags/tutorial.py took 0.041 seconds
[2024-03-22T02:14:58.827+0000] {processor.py:161} INFO - Started process (PID=1260) to work on /home/airflow/.local/lib/python3.8/site-packages/airflow/example_dags/tutorial.py
[2024-03-22T02:14:58.828+0000] {processor.py:830} INFO - Processing file /home/airflow/.local/lib/python3.8/site-packages/airflow/example_dags/tutorial.py for tasks to queue
[2024-03-22T02:14:58.828+0000] {logging_mixin.py:188} INFO - [2024-03-22T02:14:58.828+0000] {dagbag.py:540} INFO - Filling up the DagBag from /home/airflow/.local/lib/python3.8/site-packages/airflow/example_dags/tutorial.py
[2024-03-22T02:14:58.832+0000] {processor.py:840} INFO - DAG(s) 'tutorial' retrieved from /home/airflow/.local/lib/python3.8/site-packages/airflow/example_dags/tutorial.py
[2024-03-22T02:14:58.844+0000] {logging_mixin.py:188} INFO - [2024-03-22T02:14:58.844+0000] {dag.py:3047} INFO - Sync 1 DAGs
[2024-03-22T02:14:58.855+0000] {logging_mixin.py:188} INFO - [2024-03-22T02:14:58.855+0000] {dag.py:3834} INFO - Setting next_dagrun for tutorial to 2024-03-21 00:00:00+00:00, run_after=2024-03-22 00:00:00+00:00
[2024-03-22T02:14:58.864+0000] {processor.py:183} INFO - Processing /home/airflow/.local/lib/python3.8/site-packages/airflow/example_dags/tutorial.py took 0.040 seconds
[2024-03-22T02:15:29.819+0000] {processor.py:161} INFO - Started process (PID=1509) to work on /home/airflow/.local/lib/python3.8/site-packages/airflow/example_dags/tutorial.py
[2024-03-22T02:15:29.820+0000] {processor.py:830} INFO - Processing file /home/airflow/.local/lib/python3.8/site-packages/airflow/example_dags/tutorial.py for tasks to queue
[2024-03-22T02:15:29.821+0000] {logging_mixin.py:188} INFO - [2024-03-22T02:15:29.821+0000] {dagbag.py:540} INFO - Filling up the DagBag from /home/airflow/.local/lib/python3.8/site-packages/airflow/example_dags/tutorial.py
[2024-03-22T02:15:29.825+0000] {processor.py:840} INFO - DAG(s) 'tutorial' retrieved from /home/airflow/.local/lib/python3.8/site-packages/airflow/example_dags/tutorial.py
[2024-03-22T02:15:29.837+0000] {logging_mixin.py:188} INFO - [2024-03-22T02:15:29.837+0000] {dag.py:3047} INFO - Sync 1 DAGs
[2024-03-22T02:15:29.847+0000] {logging_mixin.py:188} INFO - [2024-03-22T02:15:29.847+0000] {dag.py:3834} INFO - Setting next_dagrun for tutorial to 2024-03-21 00:00:00+00:00, run_after=2024-03-22 00:00:00+00:00
[2024-03-22T02:15:29.856+0000] {processor.py:183} INFO - Processing /home/airflow/.local/lib/python3.8/site-packages/airflow/example_dags/tutorial.py took 0.039 seconds
[2024-03-22T02:16:00.720+0000] {processor.py:161} INFO - Started process (PID=1754) to work on /home/airflow/.local/lib/python3.8/site-packages/airflow/example_dags/tutorial.py
[2024-03-22T02:16:00.721+0000] {processor.py:830} INFO - Processing file /home/airflow/.local/lib/python3.8/site-packages/airflow/example_dags/tutorial.py for tasks to queue
[2024-03-22T02:16:00.721+0000] {logging_mixin.py:188} INFO - [2024-03-22T02:16:00.721+0000] {dagbag.py:540} INFO - Filling up the DagBag from /home/airflow/.local/lib/python3.8/site-packages/airflow/example_dags/tutorial.py
[2024-03-22T02:16:00.725+0000] {processor.py:840} INFO - DAG(s) 'tutorial' retrieved from /home/airflow/.local/lib/python3.8/site-packages/airflow/example_dags/tutorial.py
[2024-03-22T02:16:00.737+0000] {logging_mixin.py:188} INFO - [2024-03-22T02:16:00.736+0000] {dag.py:3047} INFO - Sync 1 DAGs
[2024-03-22T02:16:00.748+0000] {logging_mixin.py:188} INFO - [2024-03-22T02:16:00.748+0000] {dag.py:3834} INFO - Setting next_dagrun for tutorial to 2024-03-21 00:00:00+00:00, run_after=2024-03-22 00:00:00+00:00
[2024-03-22T02:16:00.758+0000] {processor.py:183} INFO - Processing /home/airflow/.local/lib/python3.8/site-packages/airflow/example_dags/tutorial.py took 0.041 seconds
[2024-03-22T02:16:31.777+0000] {processor.py:161} INFO - Started process (PID=2003) to work on /home/airflow/.local/lib/python3.8/site-packages/airflow/example_dags/tutorial.py
[2024-03-22T02:16:31.778+0000] {processor.py:830} INFO - Processing file /home/airflow/.local/lib/python3.8/site-packages/airflow/example_dags/tutorial.py for tasks to queue
[2024-03-22T02:16:31.779+0000] {logging_mixin.py:188} INFO - [2024-03-22T02:16:31.778+0000] {dagbag.py:540} INFO - Filling up the DagBag from /home/airflow/.local/lib/python3.8/site-packages/airflow/example_dags/tutorial.py
[2024-03-22T02:16:31.783+0000] {processor.py:840} INFO - DAG(s) 'tutorial' retrieved from /home/airflow/.local/lib/python3.8/site-packages/airflow/example_dags/tutorial.py
[2024-03-22T02:16:31.796+0000] {logging_mixin.py:188} INFO - [2024-03-22T02:16:31.796+0000] {dag.py:3047} INFO - Sync 1 DAGs
[2024-03-22T02:16:31.808+0000] {logging_mixin.py:188} INFO - [2024-03-22T02:16:31.807+0000] {dag.py:3834} INFO - Setting next_dagrun for tutorial to 2024-03-21 00:00:00+00:00, run_after=2024-03-22 00:00:00+00:00
[2024-03-22T02:16:31.818+0000] {processor.py:183} INFO - Processing /home/airflow/.local/lib/python3.8/site-packages/airflow/example_dags/tutorial.py took 0.043 seconds
[2024-03-22T02:17:02.655+0000] {processor.py:161} INFO - Started process (PID=2274) to work on /home/airflow/.local/lib/python3.8/site-packages/airflow/example_dags/tutorial.py
[2024-03-22T02:17:02.656+0000] {processor.py:830} INFO - Processing file /home/airflow/.local/lib/python3.8/site-packages/airflow/example_dags/tutorial.py for tasks to queue
[2024-03-22T02:17:02.657+0000] {logging_mixin.py:188} INFO - [2024-03-22T02:17:02.656+0000] {dagbag.py:540} INFO - Filling up the DagBag from /home/airflow/.local/lib/python3.8/site-packages/airflow/example_dags/tutorial.py
[2024-03-22T02:17:02.661+0000] {processor.py:840} INFO - DAG(s) 'tutorial' retrieved from /home/airflow/.local/lib/python3.8/site-packages/airflow/example_dags/tutorial.py
[2024-03-22T02:17:02.675+0000] {logging_mixin.py:188} INFO - [2024-03-22T02:17:02.675+0000] {dag.py:3047} INFO - Sync 1 DAGs
[2024-03-22T02:17:02.686+0000] {logging_mixin.py:188} INFO - [2024-03-22T02:17:02.686+0000] {dag.py:3834} INFO - Setting next_dagrun for tutorial to 2024-03-21 00:00:00+00:00, run_after=2024-03-22 00:00:00+00:00
[2024-03-22T02:17:02.696+0000] {processor.py:183} INFO - Processing /home/airflow/.local/lib/python3.8/site-packages/airflow/example_dags/tutorial.py took 0.043 seconds
[2024-03-22T02:17:33.701+0000] {processor.py:161} INFO - Started process (PID=2521) to work on /home/airflow/.local/lib/python3.8/site-packages/airflow/example_dags/tutorial.py
[2024-03-22T02:17:33.702+0000] {processor.py:830} INFO - Processing file /home/airflow/.local/lib/python3.8/site-packages/airflow/example_dags/tutorial.py for tasks to queue
[2024-03-22T02:17:33.703+0000] {logging_mixin.py:188} INFO - [2024-03-22T02:17:33.702+0000] {dagbag.py:540} INFO - Filling up the DagBag from /home/airflow/.local/lib/python3.8/site-packages/airflow/example_dags/tutorial.py
[2024-03-22T02:17:33.707+0000] {processor.py:840} INFO - DAG(s) 'tutorial' retrieved from /home/airflow/.local/lib/python3.8/site-packages/airflow/example_dags/tutorial.py
[2024-03-22T02:17:33.719+0000] {logging_mixin.py:188} INFO - [2024-03-22T02:17:33.719+0000] {dag.py:3047} INFO - Sync 1 DAGs
[2024-03-22T02:17:33.730+0000] {logging_mixin.py:188} INFO - [2024-03-22T02:17:33.730+0000] {dag.py:3834} INFO - Setting next_dagrun for tutorial to 2024-03-21 00:00:00+00:00, run_after=2024-03-22 00:00:00+00:00
[2024-03-22T02:17:33.739+0000] {processor.py:183} INFO - Processing /home/airflow/.local/lib/python3.8/site-packages/airflow/example_dags/tutorial.py took 0.040 seconds
[2024-03-22T02:18:03.778+0000] {processor.py:161} INFO - Started process (PID=2766) to work on /home/airflow/.local/lib/python3.8/site-packages/airflow/example_dags/tutorial.py
[2024-03-22T02:18:03.779+0000] {processor.py:830} INFO - Processing file /home/airflow/.local/lib/python3.8/site-packages/airflow/example_dags/tutorial.py for tasks to queue
[2024-03-22T02:18:03.780+0000] {logging_mixin.py:188} INFO - [2024-03-22T02:18:03.779+0000] {dagbag.py:540} INFO - Filling up the DagBag from /home/airflow/.local/lib/python3.8/site-packages/airflow/example_dags/tutorial.py
[2024-03-22T02:18:03.784+0000] {processor.py:840} INFO - DAG(s) 'tutorial' retrieved from /home/airflow/.local/lib/python3.8/site-packages/airflow/example_dags/tutorial.py
[2024-03-22T02:18:03.795+0000] {logging_mixin.py:188} INFO - [2024-03-22T02:18:03.794+0000] {dag.py:3047} INFO - Sync 1 DAGs
[2024-03-22T02:18:03.805+0000] {logging_mixin.py:188} INFO - [2024-03-22T02:18:03.805+0000] {dag.py:3834} INFO - Setting next_dagrun for tutorial to 2024-03-21 00:00:00+00:00, run_after=2024-03-22 00:00:00+00:00
[2024-03-22T02:18:03.814+0000] {processor.py:183} INFO - Processing /home/airflow/.local/lib/python3.8/site-packages/airflow/example_dags/tutorial.py took 0.038 seconds
[2024-03-22T02:18:34.659+0000] {processor.py:161} INFO - Started process (PID=3015) to work on /home/airflow/.local/lib/python3.8/site-packages/airflow/example_dags/tutorial.py
[2024-03-22T02:18:34.660+0000] {processor.py:830} INFO - Processing file /home/airflow/.local/lib/python3.8/site-packages/airflow/example_dags/tutorial.py for tasks to queue
[2024-03-22T02:18:34.661+0000] {logging_mixin.py:188} INFO - [2024-03-22T02:18:34.661+0000] {dagbag.py:540} INFO - Filling up the DagBag from /home/airflow/.local/lib/python3.8/site-packages/airflow/example_dags/tutorial.py
[2024-03-22T02:18:34.665+0000] {processor.py:840} INFO - DAG(s) 'tutorial' retrieved from /home/airflow/.local/lib/python3.8/site-packages/airflow/example_dags/tutorial.py
[2024-03-22T02:18:34.679+0000] {logging_mixin.py:188} INFO - [2024-03-22T02:18:34.679+0000] {dag.py:3047} INFO - Sync 1 DAGs
[2024-03-22T02:18:34.691+0000] {logging_mixin.py:188} INFO - [2024-03-22T02:18:34.691+0000] {dag.py:3834} INFO - Setting next_dagrun for tutorial to 2024-03-21 00:00:00+00:00, run_after=2024-03-22 00:00:00+00:00
[2024-03-22T02:18:34.702+0000] {processor.py:183} INFO - Processing /home/airflow/.local/lib/python3.8/site-packages/airflow/example_dags/tutorial.py took 0.045 seconds
[2024-03-22T02:19:04.865+0000] {processor.py:161} INFO - Started process (PID=3262) to work on /home/airflow/.local/lib/python3.8/site-packages/airflow/example_dags/tutorial.py
[2024-03-22T02:19:04.866+0000] {processor.py:830} INFO - Processing file /home/airflow/.local/lib/python3.8/site-packages/airflow/example_dags/tutorial.py for tasks to queue
[2024-03-22T02:19:04.867+0000] {logging_mixin.py:188} INFO - [2024-03-22T02:19:04.867+0000] {dagbag.py:540} INFO - Filling up the DagBag from /home/airflow/.local/lib/python3.8/site-packages/airflow/example_dags/tutorial.py
[2024-03-22T02:19:04.872+0000] {processor.py:840} INFO - DAG(s) 'tutorial' retrieved from /home/airflow/.local/lib/python3.8/site-packages/airflow/example_dags/tutorial.py
[2024-03-22T02:19:04.884+0000] {logging_mixin.py:188} INFO - [2024-03-22T02:19:04.884+0000] {dag.py:3047} INFO - Sync 1 DAGs
[2024-03-22T02:19:04.895+0000] {logging_mixin.py:188} INFO - [2024-03-22T02:19:04.895+0000] {dag.py:3834} INFO - Setting next_dagrun for tutorial to 2024-03-21 00:00:00+00:00, run_after=2024-03-22 00:00:00+00:00
[2024-03-22T02:19:04.904+0000] {processor.py:183} INFO - Processing /home/airflow/.local/lib/python3.8/site-packages/airflow/example_dags/tutorial.py took 0.041 seconds
[2024-03-22T02:19:34.944+0000] {processor.py:161} INFO - Started process (PID=3509) to work on /home/airflow/.local/lib/python3.8/site-packages/airflow/example_dags/tutorial.py
[2024-03-22T02:19:34.945+0000] {processor.py:830} INFO - Processing file /home/airflow/.local/lib/python3.8/site-packages/airflow/example_dags/tutorial.py for tasks to queue
[2024-03-22T02:19:34.945+0000] {logging_mixin.py:188} INFO - [2024-03-22T02:19:34.945+0000] {dagbag.py:540} INFO - Filling up the DagBag from /home/airflow/.local/lib/python3.8/site-packages/airflow/example_dags/tutorial.py
[2024-03-22T02:19:34.949+0000] {processor.py:840} INFO - DAG(s) 'tutorial' retrieved from /home/airflow/.local/lib/python3.8/site-packages/airflow/example_dags/tutorial.py
[2024-03-22T02:19:34.961+0000] {logging_mixin.py:188} INFO - [2024-03-22T02:19:34.961+0000] {dag.py:3047} INFO - Sync 1 DAGs
[2024-03-22T02:19:34.973+0000] {logging_mixin.py:188} INFO - [2024-03-22T02:19:34.973+0000] {dag.py:3834} INFO - Setting next_dagrun for tutorial to 2024-03-21 00:00:00+00:00, run_after=2024-03-22 00:00:00+00:00
[2024-03-22T02:19:34.983+0000] {processor.py:183} INFO - Processing /home/airflow/.local/lib/python3.8/site-packages/airflow/example_dags/tutorial.py took 0.042 seconds
[2024-03-22T03:21:01.716+0000] {processor.py:161} INFO - Started process (PID=272) to work on /home/airflow/.local/lib/python3.8/site-packages/airflow/example_dags/tutorial.py
[2024-03-22T03:21:01.716+0000] {processor.py:830} INFO - Processing file /home/airflow/.local/lib/python3.8/site-packages/airflow/example_dags/tutorial.py for tasks to queue
[2024-03-22T03:21:01.717+0000] {logging_mixin.py:188} INFO - [2024-03-22T03:21:01.717+0000] {dagbag.py:540} INFO - Filling up the DagBag from /home/airflow/.local/lib/python3.8/site-packages/airflow/example_dags/tutorial.py
[2024-03-22T03:21:01.722+0000] {processor.py:840} INFO - DAG(s) 'tutorial' retrieved from /home/airflow/.local/lib/python3.8/site-packages/airflow/example_dags/tutorial.py
[2024-03-22T03:21:01.772+0000] {logging_mixin.py:188} INFO - [2024-03-22T03:21:01.772+0000] {override.py:1769} INFO - Created Permission View: can read on DAG:tutorial
[2024-03-22T03:21:01.777+0000] {logging_mixin.py:188} INFO - [2024-03-22T03:21:01.776+0000] {override.py:1769} INFO - Created Permission View: can delete on DAG:tutorial
[2024-03-22T03:21:01.780+0000] {logging_mixin.py:188} INFO - [2024-03-22T03:21:01.780+0000] {override.py:1769} INFO - Created Permission View: can edit on DAG:tutorial
[2024-03-22T03:21:01.780+0000] {logging_mixin.py:188} INFO - [2024-03-22T03:21:01.780+0000] {dag.py:3047} INFO - Sync 1 DAGs
[2024-03-22T03:21:01.786+0000] {logging_mixin.py:188} INFO - [2024-03-22T03:21:01.785+0000] {dag.py:3069} INFO - Creating ORM DAG for tutorial
[2024-03-22T03:21:01.790+0000] {logging_mixin.py:188} INFO - [2024-03-22T03:21:01.790+0000] {dag.py:3834} INFO - Setting next_dagrun for tutorial to 2024-03-21 00:00:00+00:00, run_after=2024-03-22 00:00:00+00:00
[2024-03-22T03:21:01.800+0000] {processor.py:183} INFO - Processing /home/airflow/.local/lib/python3.8/site-packages/airflow/example_dags/tutorial.py took 0.086 seconds
[2024-03-22T03:21:32.624+0000] {processor.py:161} INFO - Started process (PID=519) to work on /home/airflow/.local/lib/python3.8/site-packages/airflow/example_dags/tutorial.py
[2024-03-22T03:21:32.625+0000] {processor.py:830} INFO - Processing file /home/airflow/.local/lib/python3.8/site-packages/airflow/example_dags/tutorial.py for tasks to queue
[2024-03-22T03:21:32.626+0000] {logging_mixin.py:188} INFO - [2024-03-22T03:21:32.626+0000] {dagbag.py:540} INFO - Filling up the DagBag from /home/airflow/.local/lib/python3.8/site-packages/airflow/example_dags/tutorial.py
[2024-03-22T03:21:32.629+0000] {processor.py:840} INFO - DAG(s) 'tutorial' retrieved from /home/airflow/.local/lib/python3.8/site-packages/airflow/example_dags/tutorial.py
[2024-03-22T03:21:32.641+0000] {logging_mixin.py:188} INFO - [2024-03-22T03:21:32.641+0000] {dag.py:3047} INFO - Sync 1 DAGs
[2024-03-22T03:21:32.652+0000] {logging_mixin.py:188} INFO - [2024-03-22T03:21:32.652+0000] {dag.py:3834} INFO - Setting next_dagrun for tutorial to 2024-03-21 00:00:00+00:00, run_after=2024-03-22 00:00:00+00:00
[2024-03-22T03:21:32.662+0000] {processor.py:183} INFO - Processing /home/airflow/.local/lib/python3.8/site-packages/airflow/example_dags/tutorial.py took 0.040 seconds
[2024-03-22T03:22:03.390+0000] {processor.py:161} INFO - Started process (PID=766) to work on /home/airflow/.local/lib/python3.8/site-packages/airflow/example_dags/tutorial.py
[2024-03-22T03:22:03.391+0000] {processor.py:830} INFO - Processing file /home/airflow/.local/lib/python3.8/site-packages/airflow/example_dags/tutorial.py for tasks to queue
[2024-03-22T03:22:03.392+0000] {logging_mixin.py:188} INFO - [2024-03-22T03:22:03.392+0000] {dagbag.py:540} INFO - Filling up the DagBag from /home/airflow/.local/lib/python3.8/site-packages/airflow/example_dags/tutorial.py
[2024-03-22T03:22:03.396+0000] {processor.py:840} INFO - DAG(s) 'tutorial' retrieved from /home/airflow/.local/lib/python3.8/site-packages/airflow/example_dags/tutorial.py
[2024-03-22T03:22:03.408+0000] {logging_mixin.py:188} INFO - [2024-03-22T03:22:03.407+0000] {dag.py:3047} INFO - Sync 1 DAGs
[2024-03-22T03:22:03.418+0000] {logging_mixin.py:188} INFO - [2024-03-22T03:22:03.418+0000] {dag.py:3834} INFO - Setting next_dagrun for tutorial to 2024-03-21 00:00:00+00:00, run_after=2024-03-22 00:00:00+00:00
[2024-03-22T03:22:03.427+0000] {processor.py:183} INFO - Processing /home/airflow/.local/lib/python3.8/site-packages/airflow/example_dags/tutorial.py took 0.039 seconds
[2024-03-22T03:22:34.210+0000] {processor.py:161} INFO - Started process (PID=1013) to work on /home/airflow/.local/lib/python3.8/site-packages/airflow/example_dags/tutorial.py
[2024-03-22T03:22:34.211+0000] {processor.py:830} INFO - Processing file /home/airflow/.local/lib/python3.8/site-packages/airflow/example_dags/tutorial.py for tasks to queue
[2024-03-22T03:22:34.211+0000] {logging_mixin.py:188} INFO - [2024-03-22T03:22:34.211+0000] {dagbag.py:540} INFO - Filling up the DagBag from /home/airflow/.local/lib/python3.8/site-packages/airflow/example_dags/tutorial.py
[2024-03-22T03:22:34.215+0000] {processor.py:840} INFO - DAG(s) 'tutorial' retrieved from /home/airflow/.local/lib/python3.8/site-packages/airflow/example_dags/tutorial.py
[2024-03-22T03:22:34.226+0000] {logging_mixin.py:188} INFO - [2024-03-22T03:22:34.226+0000] {dag.py:3047} INFO - Sync 1 DAGs
[2024-03-22T03:22:34.238+0000] {logging_mixin.py:188} INFO - [2024-03-22T03:22:34.238+0000] {dag.py:3834} INFO - Setting next_dagrun for tutorial to 2024-03-21 00:00:00+00:00, run_after=2024-03-22 00:00:00+00:00
[2024-03-22T03:22:34.248+0000] {processor.py:183} INFO - Processing /home/airflow/.local/lib/python3.8/site-packages/airflow/example_dags/tutorial.py took 0.040 seconds
[2024-03-22T03:23:05.045+0000] {processor.py:161} INFO - Started process (PID=1260) to work on /home/airflow/.local/lib/python3.8/site-packages/airflow/example_dags/tutorial.py
[2024-03-22T03:23:05.046+0000] {processor.py:830} INFO - Processing file /home/airflow/.local/lib/python3.8/site-packages/airflow/example_dags/tutorial.py for tasks to queue
[2024-03-22T03:23:05.047+0000] {logging_mixin.py:188} INFO - [2024-03-22T03:23:05.046+0000] {dagbag.py:540} INFO - Filling up the DagBag from /home/airflow/.local/lib/python3.8/site-packages/airflow/example_dags/tutorial.py
[2024-03-22T03:23:05.051+0000] {processor.py:840} INFO - DAG(s) 'tutorial' retrieved from /home/airflow/.local/lib/python3.8/site-packages/airflow/example_dags/tutorial.py
[2024-03-22T03:23:05.062+0000] {logging_mixin.py:188} INFO - [2024-03-22T03:23:05.062+0000] {dag.py:3047} INFO - Sync 1 DAGs
[2024-03-22T03:23:05.074+0000] {logging_mixin.py:188} INFO - [2024-03-22T03:23:05.074+0000] {dag.py:3834} INFO - Setting next_dagrun for tutorial to 2024-03-21 00:00:00+00:00, run_after=2024-03-22 00:00:00+00:00
[2024-03-22T03:23:05.083+0000] {processor.py:183} INFO - Processing /home/airflow/.local/lib/python3.8/site-packages/airflow/example_dags/tutorial.py took 0.041 seconds
