[2024-03-22T02:12:57.272+0000] {processor.py:161} INFO - Started process (PID=384) to work on /home/airflow/.local/lib/python3.8/site-packages/airflow/example_dags/tutorial_dag.py
[2024-03-22T02:12:57.273+0000] {processor.py:830} INFO - Processing file /home/airflow/.local/lib/python3.8/site-packages/airflow/example_dags/tutorial_dag.py for tasks to queue
[2024-03-22T02:12:57.273+0000] {logging_mixin.py:188} INFO - [2024-03-22T02:12:57.273+0000] {dagbag.py:540} INFO - Filling up the DagBag from /home/airflow/.local/lib/python3.8/site-packages/airflow/example_dags/tutorial_dag.py
[2024-03-22T02:12:57.278+0000] {processor.py:840} INFO - DAG(s) 'tutorial_dag' retrieved from /home/airflow/.local/lib/python3.8/site-packages/airflow/example_dags/tutorial_dag.py
[2024-03-22T02:12:57.288+0000] {logging_mixin.py:188} INFO - [2024-03-22T02:12:57.288+0000] {dag.py:3047} INFO - Sync 1 DAGs
[2024-03-22T02:12:57.296+0000] {logging_mixin.py:188} INFO - [2024-03-22T02:12:57.296+0000] {dag.py:3834} INFO - Setting next_dagrun for tutorial_dag to None, run_after=None
[2024-03-22T02:12:57.308+0000] {processor.py:183} INFO - Processing /home/airflow/.local/lib/python3.8/site-packages/airflow/example_dags/tutorial_dag.py took 0.039 seconds
[2024-03-22T02:13:28.675+0000] {processor.py:161} INFO - Started process (PID=629) to work on /home/airflow/.local/lib/python3.8/site-packages/airflow/example_dags/tutorial_dag.py
[2024-03-22T02:13:28.676+0000] {processor.py:830} INFO - Processing file /home/airflow/.local/lib/python3.8/site-packages/airflow/example_dags/tutorial_dag.py for tasks to queue
[2024-03-22T02:13:28.676+0000] {logging_mixin.py:188} INFO - [2024-03-22T02:13:28.676+0000] {dagbag.py:540} INFO - Filling up the DagBag from /home/airflow/.local/lib/python3.8/site-packages/airflow/example_dags/tutorial_dag.py
[2024-03-22T02:13:28.680+0000] {processor.py:840} INFO - DAG(s) 'tutorial_dag' retrieved from /home/airflow/.local/lib/python3.8/site-packages/airflow/example_dags/tutorial_dag.py
[2024-03-22T02:13:28.738+0000] {logging_mixin.py:188} INFO - [2024-03-22T02:13:28.738+0000] {dag.py:3047} INFO - Sync 1 DAGs
[2024-03-22T02:13:28.744+0000] {logging_mixin.py:188} INFO - [2024-03-22T02:13:28.744+0000] {dag.py:3834} INFO - Setting next_dagrun for tutorial_dag to None, run_after=None
[2024-03-22T02:13:28.756+0000] {processor.py:183} INFO - Processing /home/airflow/.local/lib/python3.8/site-packages/airflow/example_dags/tutorial_dag.py took 0.083 seconds
[2024-03-22T02:13:59.745+0000] {processor.py:161} INFO - Started process (PID=878) to work on /home/airflow/.local/lib/python3.8/site-packages/airflow/example_dags/tutorial_dag.py
[2024-03-22T02:13:59.745+0000] {processor.py:830} INFO - Processing file /home/airflow/.local/lib/python3.8/site-packages/airflow/example_dags/tutorial_dag.py for tasks to queue
[2024-03-22T02:13:59.746+0000] {logging_mixin.py:188} INFO - [2024-03-22T02:13:59.746+0000] {dagbag.py:540} INFO - Filling up the DagBag from /home/airflow/.local/lib/python3.8/site-packages/airflow/example_dags/tutorial_dag.py
[2024-03-22T02:13:59.750+0000] {processor.py:840} INFO - DAG(s) 'tutorial_dag' retrieved from /home/airflow/.local/lib/python3.8/site-packages/airflow/example_dags/tutorial_dag.py
[2024-03-22T02:13:59.763+0000] {logging_mixin.py:188} INFO - [2024-03-22T02:13:59.763+0000] {dag.py:3047} INFO - Sync 1 DAGs
[2024-03-22T02:13:59.770+0000] {logging_mixin.py:188} INFO - [2024-03-22T02:13:59.770+0000] {dag.py:3834} INFO - Setting next_dagrun for tutorial_dag to None, run_after=None
[2024-03-22T02:13:59.781+0000] {processor.py:183} INFO - Processing /home/airflow/.local/lib/python3.8/site-packages/airflow/example_dags/tutorial_dag.py took 0.039 seconds
[2024-03-22T02:14:30.732+0000] {processor.py:161} INFO - Started process (PID=1125) to work on /home/airflow/.local/lib/python3.8/site-packages/airflow/example_dags/tutorial_dag.py
[2024-03-22T02:14:30.732+0000] {processor.py:830} INFO - Processing file /home/airflow/.local/lib/python3.8/site-packages/airflow/example_dags/tutorial_dag.py for tasks to queue
[2024-03-22T02:14:30.733+0000] {logging_mixin.py:188} INFO - [2024-03-22T02:14:30.733+0000] {dagbag.py:540} INFO - Filling up the DagBag from /home/airflow/.local/lib/python3.8/site-packages/airflow/example_dags/tutorial_dag.py
[2024-03-22T02:14:30.736+0000] {processor.py:840} INFO - DAG(s) 'tutorial_dag' retrieved from /home/airflow/.local/lib/python3.8/site-packages/airflow/example_dags/tutorial_dag.py
[2024-03-22T02:14:30.749+0000] {logging_mixin.py:188} INFO - [2024-03-22T02:14:30.749+0000] {dag.py:3047} INFO - Sync 1 DAGs
[2024-03-22T02:14:30.755+0000] {logging_mixin.py:188} INFO - [2024-03-22T02:14:30.755+0000] {dag.py:3834} INFO - Setting next_dagrun for tutorial_dag to None, run_after=None
[2024-03-22T02:14:30.764+0000] {processor.py:183} INFO - Processing /home/airflow/.local/lib/python3.8/site-packages/airflow/example_dags/tutorial_dag.py took 0.034 seconds
[2024-03-22T02:15:01.686+0000] {processor.py:161} INFO - Started process (PID=1372) to work on /home/airflow/.local/lib/python3.8/site-packages/airflow/example_dags/tutorial_dag.py
[2024-03-22T02:15:01.687+0000] {processor.py:830} INFO - Processing file /home/airflow/.local/lib/python3.8/site-packages/airflow/example_dags/tutorial_dag.py for tasks to queue
[2024-03-22T02:15:01.688+0000] {logging_mixin.py:188} INFO - [2024-03-22T02:15:01.687+0000] {dagbag.py:540} INFO - Filling up the DagBag from /home/airflow/.local/lib/python3.8/site-packages/airflow/example_dags/tutorial_dag.py
[2024-03-22T02:15:01.691+0000] {processor.py:840} INFO - DAG(s) 'tutorial_dag' retrieved from /home/airflow/.local/lib/python3.8/site-packages/airflow/example_dags/tutorial_dag.py
[2024-03-22T02:15:01.703+0000] {logging_mixin.py:188} INFO - [2024-03-22T02:15:01.703+0000] {dag.py:3047} INFO - Sync 1 DAGs
[2024-03-22T02:15:01.710+0000] {logging_mixin.py:188} INFO - [2024-03-22T02:15:01.710+0000] {dag.py:3834} INFO - Setting next_dagrun for tutorial_dag to None, run_after=None
[2024-03-22T02:15:01.719+0000] {processor.py:183} INFO - Processing /home/airflow/.local/lib/python3.8/site-packages/airflow/example_dags/tutorial_dag.py took 0.035 seconds
[2024-03-22T02:15:32.514+0000] {processor.py:161} INFO - Started process (PID=1619) to work on /home/airflow/.local/lib/python3.8/site-packages/airflow/example_dags/tutorial_dag.py
[2024-03-22T02:15:32.514+0000] {processor.py:830} INFO - Processing file /home/airflow/.local/lib/python3.8/site-packages/airflow/example_dags/tutorial_dag.py for tasks to queue
[2024-03-22T02:15:32.515+0000] {logging_mixin.py:188} INFO - [2024-03-22T02:15:32.515+0000] {dagbag.py:540} INFO - Filling up the DagBag from /home/airflow/.local/lib/python3.8/site-packages/airflow/example_dags/tutorial_dag.py
[2024-03-22T02:15:32.519+0000] {processor.py:840} INFO - DAG(s) 'tutorial_dag' retrieved from /home/airflow/.local/lib/python3.8/site-packages/airflow/example_dags/tutorial_dag.py
[2024-03-22T02:15:32.532+0000] {logging_mixin.py:188} INFO - [2024-03-22T02:15:32.532+0000] {dag.py:3047} INFO - Sync 1 DAGs
[2024-03-22T02:15:32.539+0000] {logging_mixin.py:188} INFO - [2024-03-22T02:15:32.539+0000] {dag.py:3834} INFO - Setting next_dagrun for tutorial_dag to None, run_after=None
[2024-03-22T02:15:32.551+0000] {processor.py:183} INFO - Processing /home/airflow/.local/lib/python3.8/site-packages/airflow/example_dags/tutorial_dag.py took 0.040 seconds
[2024-03-22T02:16:03.435+0000] {processor.py:161} INFO - Started process (PID=1866) to work on /home/airflow/.local/lib/python3.8/site-packages/airflow/example_dags/tutorial_dag.py
[2024-03-22T02:16:03.435+0000] {processor.py:830} INFO - Processing file /home/airflow/.local/lib/python3.8/site-packages/airflow/example_dags/tutorial_dag.py for tasks to queue
[2024-03-22T02:16:03.436+0000] {logging_mixin.py:188} INFO - [2024-03-22T02:16:03.436+0000] {dagbag.py:540} INFO - Filling up the DagBag from /home/airflow/.local/lib/python3.8/site-packages/airflow/example_dags/tutorial_dag.py
[2024-03-22T02:16:03.440+0000] {processor.py:840} INFO - DAG(s) 'tutorial_dag' retrieved from /home/airflow/.local/lib/python3.8/site-packages/airflow/example_dags/tutorial_dag.py
[2024-03-22T02:16:03.454+0000] {logging_mixin.py:188} INFO - [2024-03-22T02:16:03.453+0000] {dag.py:3047} INFO - Sync 1 DAGs
[2024-03-22T02:16:03.460+0000] {logging_mixin.py:188} INFO - [2024-03-22T02:16:03.460+0000] {dag.py:3834} INFO - Setting next_dagrun for tutorial_dag to None, run_after=None
[2024-03-22T02:16:03.471+0000] {processor.py:183} INFO - Processing /home/airflow/.local/lib/python3.8/site-packages/airflow/example_dags/tutorial_dag.py took 0.038 seconds
[2024-03-22T02:16:33.583+0000] {processor.py:161} INFO - Started process (PID=2113) to work on /home/airflow/.local/lib/python3.8/site-packages/airflow/example_dags/tutorial_dag.py
[2024-03-22T02:16:33.583+0000] {processor.py:830} INFO - Processing file /home/airflow/.local/lib/python3.8/site-packages/airflow/example_dags/tutorial_dag.py for tasks to queue
[2024-03-22T02:16:33.584+0000] {logging_mixin.py:188} INFO - [2024-03-22T02:16:33.584+0000] {dagbag.py:540} INFO - Filling up the DagBag from /home/airflow/.local/lib/python3.8/site-packages/airflow/example_dags/tutorial_dag.py
[2024-03-22T02:16:33.587+0000] {processor.py:840} INFO - DAG(s) 'tutorial_dag' retrieved from /home/airflow/.local/lib/python3.8/site-packages/airflow/example_dags/tutorial_dag.py
[2024-03-22T02:16:33.600+0000] {logging_mixin.py:188} INFO - [2024-03-22T02:16:33.600+0000] {dag.py:3047} INFO - Sync 1 DAGs
[2024-03-22T02:16:33.606+0000] {logging_mixin.py:188} INFO - [2024-03-22T02:16:33.606+0000] {dag.py:3834} INFO - Setting next_dagrun for tutorial_dag to None, run_after=None
[2024-03-22T02:16:33.615+0000] {processor.py:183} INFO - Processing /home/airflow/.local/lib/python3.8/site-packages/airflow/example_dags/tutorial_dag.py took 0.034 seconds
[2024-03-22T02:17:04.508+0000] {processor.py:161} INFO - Started process (PID=2384) to work on /home/airflow/.local/lib/python3.8/site-packages/airflow/example_dags/tutorial_dag.py
[2024-03-22T02:17:04.508+0000] {processor.py:830} INFO - Processing file /home/airflow/.local/lib/python3.8/site-packages/airflow/example_dags/tutorial_dag.py for tasks to queue
[2024-03-22T02:17:04.509+0000] {logging_mixin.py:188} INFO - [2024-03-22T02:17:04.509+0000] {dagbag.py:540} INFO - Filling up the DagBag from /home/airflow/.local/lib/python3.8/site-packages/airflow/example_dags/tutorial_dag.py
[2024-03-22T02:17:04.513+0000] {processor.py:840} INFO - DAG(s) 'tutorial_dag' retrieved from /home/airflow/.local/lib/python3.8/site-packages/airflow/example_dags/tutorial_dag.py
[2024-03-22T02:17:04.527+0000] {logging_mixin.py:188} INFO - [2024-03-22T02:17:04.527+0000] {dag.py:3047} INFO - Sync 1 DAGs
[2024-03-22T02:17:04.533+0000] {logging_mixin.py:188} INFO - [2024-03-22T02:17:04.533+0000] {dag.py:3834} INFO - Setting next_dagrun for tutorial_dag to None, run_after=None
[2024-03-22T02:17:04.544+0000] {processor.py:183} INFO - Processing /home/airflow/.local/lib/python3.8/site-packages/airflow/example_dags/tutorial_dag.py took 0.039 seconds
[2024-03-22T02:17:34.564+0000] {processor.py:161} INFO - Started process (PID=2631) to work on /home/airflow/.local/lib/python3.8/site-packages/airflow/example_dags/tutorial_dag.py
[2024-03-22T02:17:34.565+0000] {processor.py:830} INFO - Processing file /home/airflow/.local/lib/python3.8/site-packages/airflow/example_dags/tutorial_dag.py for tasks to queue
[2024-03-22T02:17:34.566+0000] {logging_mixin.py:188} INFO - [2024-03-22T02:17:34.566+0000] {dagbag.py:540} INFO - Filling up the DagBag from /home/airflow/.local/lib/python3.8/site-packages/airflow/example_dags/tutorial_dag.py
[2024-03-22T02:17:34.570+0000] {processor.py:840} INFO - DAG(s) 'tutorial_dag' retrieved from /home/airflow/.local/lib/python3.8/site-packages/airflow/example_dags/tutorial_dag.py
[2024-03-22T02:17:34.582+0000] {logging_mixin.py:188} INFO - [2024-03-22T02:17:34.582+0000] {dag.py:3047} INFO - Sync 1 DAGs
[2024-03-22T02:17:34.588+0000] {logging_mixin.py:188} INFO - [2024-03-22T02:17:34.588+0000] {dag.py:3834} INFO - Setting next_dagrun for tutorial_dag to None, run_after=None
[2024-03-22T02:17:34.598+0000] {processor.py:183} INFO - Processing /home/airflow/.local/lib/python3.8/site-packages/airflow/example_dags/tutorial_dag.py took 0.036 seconds
[2024-03-22T02:18:05.586+0000] {processor.py:161} INFO - Started process (PID=2878) to work on /home/airflow/.local/lib/python3.8/site-packages/airflow/example_dags/tutorial_dag.py
[2024-03-22T02:18:05.587+0000] {processor.py:830} INFO - Processing file /home/airflow/.local/lib/python3.8/site-packages/airflow/example_dags/tutorial_dag.py for tasks to queue
[2024-03-22T02:18:05.588+0000] {logging_mixin.py:188} INFO - [2024-03-22T02:18:05.587+0000] {dagbag.py:540} INFO - Filling up the DagBag from /home/airflow/.local/lib/python3.8/site-packages/airflow/example_dags/tutorial_dag.py
[2024-03-22T02:18:05.591+0000] {processor.py:840} INFO - DAG(s) 'tutorial_dag' retrieved from /home/airflow/.local/lib/python3.8/site-packages/airflow/example_dags/tutorial_dag.py
[2024-03-22T02:18:05.604+0000] {logging_mixin.py:188} INFO - [2024-03-22T02:18:05.603+0000] {dag.py:3047} INFO - Sync 1 DAGs
[2024-03-22T02:18:05.610+0000] {logging_mixin.py:188} INFO - [2024-03-22T02:18:05.610+0000] {dag.py:3834} INFO - Setting next_dagrun for tutorial_dag to None, run_after=None
[2024-03-22T02:18:05.620+0000] {processor.py:183} INFO - Processing /home/airflow/.local/lib/python3.8/site-packages/airflow/example_dags/tutorial_dag.py took 0.035 seconds
[2024-03-22T02:18:36.432+0000] {processor.py:161} INFO - Started process (PID=3123) to work on /home/airflow/.local/lib/python3.8/site-packages/airflow/example_dags/tutorial_dag.py
[2024-03-22T02:18:36.433+0000] {processor.py:830} INFO - Processing file /home/airflow/.local/lib/python3.8/site-packages/airflow/example_dags/tutorial_dag.py for tasks to queue
[2024-03-22T02:18:36.434+0000] {logging_mixin.py:188} INFO - [2024-03-22T02:18:36.434+0000] {dagbag.py:540} INFO - Filling up the DagBag from /home/airflow/.local/lib/python3.8/site-packages/airflow/example_dags/tutorial_dag.py
[2024-03-22T02:18:36.437+0000] {processor.py:840} INFO - DAG(s) 'tutorial_dag' retrieved from /home/airflow/.local/lib/python3.8/site-packages/airflow/example_dags/tutorial_dag.py
[2024-03-22T02:18:36.451+0000] {logging_mixin.py:188} INFO - [2024-03-22T02:18:36.450+0000] {dag.py:3047} INFO - Sync 1 DAGs
[2024-03-22T02:18:36.458+0000] {logging_mixin.py:188} INFO - [2024-03-22T02:18:36.458+0000] {dag.py:3834} INFO - Setting next_dagrun for tutorial_dag to None, run_after=None
[2024-03-22T02:18:36.470+0000] {processor.py:183} INFO - Processing /home/airflow/.local/lib/python3.8/site-packages/airflow/example_dags/tutorial_dag.py took 0.041 seconds
[2024-03-22T02:19:06.625+0000] {processor.py:161} INFO - Started process (PID=3370) to work on /home/airflow/.local/lib/python3.8/site-packages/airflow/example_dags/tutorial_dag.py
[2024-03-22T02:19:06.626+0000] {processor.py:830} INFO - Processing file /home/airflow/.local/lib/python3.8/site-packages/airflow/example_dags/tutorial_dag.py for tasks to queue
[2024-03-22T02:19:06.627+0000] {logging_mixin.py:188} INFO - [2024-03-22T02:19:06.626+0000] {dagbag.py:540} INFO - Filling up the DagBag from /home/airflow/.local/lib/python3.8/site-packages/airflow/example_dags/tutorial_dag.py
[2024-03-22T02:19:06.630+0000] {processor.py:840} INFO - DAG(s) 'tutorial_dag' retrieved from /home/airflow/.local/lib/python3.8/site-packages/airflow/example_dags/tutorial_dag.py
[2024-03-22T02:19:06.643+0000] {logging_mixin.py:188} INFO - [2024-03-22T02:19:06.643+0000] {dag.py:3047} INFO - Sync 1 DAGs
[2024-03-22T02:19:06.650+0000] {logging_mixin.py:188} INFO - [2024-03-22T02:19:06.650+0000] {dag.py:3834} INFO - Setting next_dagrun for tutorial_dag to None, run_after=None
[2024-03-22T02:19:06.660+0000] {processor.py:183} INFO - Processing /home/airflow/.local/lib/python3.8/site-packages/airflow/example_dags/tutorial_dag.py took 0.037 seconds
[2024-03-22T02:19:36.794+0000] {processor.py:161} INFO - Started process (PID=3619) to work on /home/airflow/.local/lib/python3.8/site-packages/airflow/example_dags/tutorial_dag.py
[2024-03-22T02:19:36.795+0000] {processor.py:830} INFO - Processing file /home/airflow/.local/lib/python3.8/site-packages/airflow/example_dags/tutorial_dag.py for tasks to queue
[2024-03-22T02:19:36.795+0000] {logging_mixin.py:188} INFO - [2024-03-22T02:19:36.795+0000] {dagbag.py:540} INFO - Filling up the DagBag from /home/airflow/.local/lib/python3.8/site-packages/airflow/example_dags/tutorial_dag.py
[2024-03-22T02:19:36.800+0000] {processor.py:840} INFO - DAG(s) 'tutorial_dag' retrieved from /home/airflow/.local/lib/python3.8/site-packages/airflow/example_dags/tutorial_dag.py
[2024-03-22T02:19:36.812+0000] {logging_mixin.py:188} INFO - [2024-03-22T02:19:36.812+0000] {dag.py:3047} INFO - Sync 1 DAGs
[2024-03-22T02:19:36.819+0000] {logging_mixin.py:188} INFO - [2024-03-22T02:19:36.818+0000] {dag.py:3834} INFO - Setting next_dagrun for tutorial_dag to None, run_after=None
[2024-03-22T02:19:36.829+0000] {processor.py:183} INFO - Processing /home/airflow/.local/lib/python3.8/site-packages/airflow/example_dags/tutorial_dag.py took 0.037 seconds
[2024-03-22T03:21:02.957+0000] {processor.py:161} INFO - Started process (PID=382) to work on /home/airflow/.local/lib/python3.8/site-packages/airflow/example_dags/tutorial_dag.py
[2024-03-22T03:21:02.958+0000] {processor.py:830} INFO - Processing file /home/airflow/.local/lib/python3.8/site-packages/airflow/example_dags/tutorial_dag.py for tasks to queue
[2024-03-22T03:21:02.958+0000] {logging_mixin.py:188} INFO - [2024-03-22T03:21:02.958+0000] {dagbag.py:540} INFO - Filling up the DagBag from /home/airflow/.local/lib/python3.8/site-packages/airflow/example_dags/tutorial_dag.py
[2024-03-22T03:21:02.962+0000] {processor.py:840} INFO - DAG(s) 'tutorial_dag' retrieved from /home/airflow/.local/lib/python3.8/site-packages/airflow/example_dags/tutorial_dag.py
[2024-03-22T03:21:03.013+0000] {logging_mixin.py:188} INFO - [2024-03-22T03:21:03.012+0000] {override.py:1769} INFO - Created Permission View: can read on DAG:tutorial_dag
[2024-03-22T03:21:03.018+0000] {logging_mixin.py:188} INFO - [2024-03-22T03:21:03.018+0000] {override.py:1769} INFO - Created Permission View: can delete on DAG:tutorial_dag
[2024-03-22T03:21:03.021+0000] {logging_mixin.py:188} INFO - [2024-03-22T03:21:03.021+0000] {override.py:1769} INFO - Created Permission View: can edit on DAG:tutorial_dag
[2024-03-22T03:21:03.022+0000] {logging_mixin.py:188} INFO - [2024-03-22T03:21:03.022+0000] {dag.py:3047} INFO - Sync 1 DAGs
[2024-03-22T03:21:03.027+0000] {logging_mixin.py:188} INFO - [2024-03-22T03:21:03.027+0000] {dag.py:3069} INFO - Creating ORM DAG for tutorial_dag
[2024-03-22T03:21:03.028+0000] {logging_mixin.py:188} INFO - [2024-03-22T03:21:03.028+0000] {dag.py:3834} INFO - Setting next_dagrun for tutorial_dag to None, run_after=None
[2024-03-22T03:21:03.035+0000] {processor.py:183} INFO - Processing /home/airflow/.local/lib/python3.8/site-packages/airflow/example_dags/tutorial_dag.py took 0.081 seconds
[2024-03-22T03:21:33.266+0000] {processor.py:161} INFO - Started process (PID=629) to work on /home/airflow/.local/lib/python3.8/site-packages/airflow/example_dags/tutorial_dag.py
[2024-03-22T03:21:33.267+0000] {processor.py:830} INFO - Processing file /home/airflow/.local/lib/python3.8/site-packages/airflow/example_dags/tutorial_dag.py for tasks to queue
[2024-03-22T03:21:33.267+0000] {logging_mixin.py:188} INFO - [2024-03-22T03:21:33.267+0000] {dagbag.py:540} INFO - Filling up the DagBag from /home/airflow/.local/lib/python3.8/site-packages/airflow/example_dags/tutorial_dag.py
[2024-03-22T03:21:33.271+0000] {processor.py:840} INFO - DAG(s) 'tutorial_dag' retrieved from /home/airflow/.local/lib/python3.8/site-packages/airflow/example_dags/tutorial_dag.py
[2024-03-22T03:21:33.282+0000] {logging_mixin.py:188} INFO - [2024-03-22T03:21:33.282+0000] {dag.py:3047} INFO - Sync 1 DAGs
[2024-03-22T03:21:33.289+0000] {logging_mixin.py:188} INFO - [2024-03-22T03:21:33.289+0000] {dag.py:3834} INFO - Setting next_dagrun for tutorial_dag to None, run_after=None
[2024-03-22T03:21:33.298+0000] {processor.py:183} INFO - Processing /home/airflow/.local/lib/python3.8/site-packages/airflow/example_dags/tutorial_dag.py took 0.034 seconds
[2024-03-22T03:22:04.097+0000] {processor.py:161} INFO - Started process (PID=878) to work on /home/airflow/.local/lib/python3.8/site-packages/airflow/example_dags/tutorial_dag.py
[2024-03-22T03:22:04.098+0000] {processor.py:830} INFO - Processing file /home/airflow/.local/lib/python3.8/site-packages/airflow/example_dags/tutorial_dag.py for tasks to queue
[2024-03-22T03:22:04.099+0000] {logging_mixin.py:188} INFO - [2024-03-22T03:22:04.098+0000] {dagbag.py:540} INFO - Filling up the DagBag from /home/airflow/.local/lib/python3.8/site-packages/airflow/example_dags/tutorial_dag.py
[2024-03-22T03:22:04.102+0000] {processor.py:840} INFO - DAG(s) 'tutorial_dag' retrieved from /home/airflow/.local/lib/python3.8/site-packages/airflow/example_dags/tutorial_dag.py
[2024-03-22T03:22:04.114+0000] {logging_mixin.py:188} INFO - [2024-03-22T03:22:04.114+0000] {dag.py:3047} INFO - Sync 1 DAGs
[2024-03-22T03:22:04.121+0000] {logging_mixin.py:188} INFO - [2024-03-22T03:22:04.121+0000] {dag.py:3834} INFO - Setting next_dagrun for tutorial_dag to None, run_after=None
[2024-03-22T03:22:04.130+0000] {processor.py:183} INFO - Processing /home/airflow/.local/lib/python3.8/site-packages/airflow/example_dags/tutorial_dag.py took 0.035 seconds
[2024-03-22T03:22:34.864+0000] {processor.py:161} INFO - Started process (PID=1123) to work on /home/airflow/.local/lib/python3.8/site-packages/airflow/example_dags/tutorial_dag.py
[2024-03-22T03:22:34.865+0000] {processor.py:830} INFO - Processing file /home/airflow/.local/lib/python3.8/site-packages/airflow/example_dags/tutorial_dag.py for tasks to queue
[2024-03-22T03:22:34.866+0000] {logging_mixin.py:188} INFO - [2024-03-22T03:22:34.866+0000] {dagbag.py:540} INFO - Filling up the DagBag from /home/airflow/.local/lib/python3.8/site-packages/airflow/example_dags/tutorial_dag.py
[2024-03-22T03:22:34.869+0000] {processor.py:840} INFO - DAG(s) 'tutorial_dag' retrieved from /home/airflow/.local/lib/python3.8/site-packages/airflow/example_dags/tutorial_dag.py
[2024-03-22T03:22:34.881+0000] {logging_mixin.py:188} INFO - [2024-03-22T03:22:34.881+0000] {dag.py:3047} INFO - Sync 1 DAGs
[2024-03-22T03:22:34.888+0000] {logging_mixin.py:188} INFO - [2024-03-22T03:22:34.888+0000] {dag.py:3834} INFO - Setting next_dagrun for tutorial_dag to None, run_after=None
[2024-03-22T03:22:34.898+0000] {processor.py:183} INFO - Processing /home/airflow/.local/lib/python3.8/site-packages/airflow/example_dags/tutorial_dag.py took 0.036 seconds
[2024-03-22T03:23:05.729+0000] {processor.py:161} INFO - Started process (PID=1370) to work on /home/airflow/.local/lib/python3.8/site-packages/airflow/example_dags/tutorial_dag.py
[2024-03-22T03:23:05.729+0000] {processor.py:830} INFO - Processing file /home/airflow/.local/lib/python3.8/site-packages/airflow/example_dags/tutorial_dag.py for tasks to queue
[2024-03-22T03:23:05.730+0000] {logging_mixin.py:188} INFO - [2024-03-22T03:23:05.730+0000] {dagbag.py:540} INFO - Filling up the DagBag from /home/airflow/.local/lib/python3.8/site-packages/airflow/example_dags/tutorial_dag.py
[2024-03-22T03:23:05.733+0000] {processor.py:840} INFO - DAG(s) 'tutorial_dag' retrieved from /home/airflow/.local/lib/python3.8/site-packages/airflow/example_dags/tutorial_dag.py
[2024-03-22T03:23:05.746+0000] {logging_mixin.py:188} INFO - [2024-03-22T03:23:05.746+0000] {dag.py:3047} INFO - Sync 1 DAGs
[2024-03-22T03:23:05.752+0000] {logging_mixin.py:188} INFO - [2024-03-22T03:23:05.752+0000] {dag.py:3834} INFO - Setting next_dagrun for tutorial_dag to None, run_after=None
[2024-03-22T03:23:05.761+0000] {processor.py:183} INFO - Processing /home/airflow/.local/lib/python3.8/site-packages/airflow/example_dags/tutorial_dag.py took 0.035 seconds
