[2024-03-28T02:29:05.005+0000] {taskinstance.py:1979} INFO - Dependencies all met for dep_context=non-requeueable deps ti=<TaskInstance: dag_with_postgres_operator_v02.create_postgres_table scheduled__2024-03-25T00:00:00+00:00 [queued]>
[2024-03-28T02:29:05.009+0000] {taskinstance.py:1979} INFO - Dependencies all met for dep_context=requeueable deps ti=<TaskInstance: dag_with_postgres_operator_v02.create_postgres_table scheduled__2024-03-25T00:00:00+00:00 [queued]>
[2024-03-28T02:29:05.010+0000] {taskinstance.py:2193} INFO - Starting attempt 2 of 7
[2024-03-28T02:29:05.017+0000] {taskinstance.py:2217} INFO - Executing <Task(PostgresOperator): create_postgres_table> on 2024-03-25 00:00:00+00:00
[2024-03-28T02:29:05.020+0000] {standard_task_runner.py:60} INFO - Started process 1988 to run task
[2024-03-28T02:29:05.022+0000] {standard_task_runner.py:87} INFO - Running: ['***', 'tasks', 'run', 'dag_with_postgres_operator_v02', 'create_postgres_table', 'scheduled__2024-03-25T00:00:00+00:00', '--job-id', '205', '--raw', '--subdir', 'DAGS_FOLDER/docker_with_postgres.py', '--cfg-path', '/tmp/tmp5vhhpt5m']
[2024-03-28T02:29:05.024+0000] {standard_task_runner.py:88} INFO - Job 205: Subtask create_postgres_table
[2024-03-28T02:29:05.052+0000] {task_command.py:423} INFO - Running <TaskInstance: dag_with_postgres_operator_v02.create_postgres_table scheduled__2024-03-25T00:00:00+00:00 [running]> on host 6ba63bfba168
[2024-03-28T02:29:05.092+0000] {taskinstance.py:2513} INFO - Exporting env vars: AIRFLOW_CTX_DAG_OWNER='ethan_wu' AIRFLOW_CTX_DAG_ID='dag_with_postgres_operator_v02' AIRFLOW_CTX_TASK_ID='create_postgres_table' AIRFLOW_CTX_EXECUTION_DATE='2024-03-25T00:00:00+00:00' AIRFLOW_CTX_TRY_NUMBER='2' AIRFLOW_CTX_DAG_RUN_ID='scheduled__2024-03-25T00:00:00+00:00'
[2024-03-28T02:29:05.093+0000] {sql.py:276} INFO - Executing: 
            create table if not exists dag_runs (
                dt date,
                dag_id character varying,
                primary key (dt, dag_id)
            )
            
[2024-03-28T02:29:05.098+0000] {base.py:83} INFO - Using connection ID 'postgres_localhost' for task execution.
[2024-03-28T02:29:05.104+0000] {base.py:83} INFO - Using connection ID 'postgres_localhost' for task execution.
[2024-03-28T02:29:05.109+0000] {sql.py:457} INFO - Running statement: 
            create table if not exists dag_runs (
                dt date,
                dag_id character varying,
                primary key (dt, dag_id)
            )
            , parameters: None
[2024-03-28T02:29:05.113+0000] {logging_mixin.py:188} WARNING - /home/***/.local/lib/python3.8/site-packages/***/providers/common/sql/hooks/sql.py:407 AirflowProviderDeprecationWarning: Call to deprecated method _make_common_data_structure. (The `_make_serializable` method is deprecated and support will be removed in a future version of the common.sql provider. Please update the DbApiHook's provider to a version based on common.sql >= 1.9.1.)
[2024-03-28T02:29:05.120+0000] {taskinstance.py:1149} INFO - Marking task as SUCCESS. dag_id=dag_with_postgres_operator_v02, task_id=create_postgres_table, execution_date=20240325T000000, start_date=20240328T022905, end_date=20240328T022905
[2024-03-28T02:29:05.154+0000] {local_task_job_runner.py:234} INFO - Task exited with return code 0
[2024-03-28T02:29:05.164+0000] {logging_mixin.py:188} WARNING - /home/***/.local/lib/python3.8/site-packages/***/models/baseoperator.py:1201 AirflowProviderDeprecationWarning: Call to deprecated class PostgresOperator. (Please use `***.providers.common.sql.operators.sql.SQLExecuteQueryOperator`.Also, you can provide `hook_params={'schema': <database>}`.)
[2024-03-28T02:29:05.170+0000] {taskinstance.py:3312} INFO - 1 downstream tasks scheduled from follow-on schedule check
