[2024-03-23T23:12:23.152+0000] {processor.py:161} INFO - Started process (PID=169) to work on /opt/airflow/dags/our_first_dag.py
[2024-03-23T23:12:23.155+0000] {processor.py:830} INFO - Processing file /opt/airflow/dags/our_first_dag.py for tasks to queue
[2024-03-23T23:12:23.156+0000] {logging_mixin.py:188} INFO - [2024-03-23T23:12:23.155+0000] {dagbag.py:540} INFO - Filling up the DagBag from /opt/airflow/dags/our_first_dag.py
[2024-03-23T23:12:23.172+0000] {processor.py:840} INFO - DAG(s) 'our_first_dag_v6' retrieved from /opt/airflow/dags/our_first_dag.py
[2024-03-23T23:12:23.317+0000] {logging_mixin.py:188} INFO - [2024-03-23T23:12:23.317+0000] {dag.py:3047} INFO - Sync 1 DAGs
[2024-03-23T23:12:23.323+0000] {logging_mixin.py:188} INFO - [2024-03-23T23:12:23.323+0000] {dag.py:3834} INFO - Setting next_dagrun for our_first_dag_v6 to None, run_after=None
[2024-03-23T23:12:23.336+0000] {processor.py:183} INFO - Processing /opt/airflow/dags/our_first_dag.py took 0.187 seconds
[2024-03-23T23:12:53.434+0000] {processor.py:161} INFO - Started process (PID=180) to work on /opt/airflow/dags/our_first_dag.py
[2024-03-23T23:12:53.436+0000] {processor.py:830} INFO - Processing file /opt/airflow/dags/our_first_dag.py for tasks to queue
[2024-03-23T23:12:53.437+0000] {logging_mixin.py:188} INFO - [2024-03-23T23:12:53.436+0000] {dagbag.py:540} INFO - Filling up the DagBag from /opt/airflow/dags/our_first_dag.py
[2024-03-23T23:12:53.449+0000] {processor.py:840} INFO - DAG(s) 'our_first_dag_v6' retrieved from /opt/airflow/dags/our_first_dag.py
[2024-03-23T23:12:53.471+0000] {logging_mixin.py:188} INFO - [2024-03-23T23:12:53.471+0000] {dag.py:3047} INFO - Sync 1 DAGs
[2024-03-23T23:12:53.480+0000] {logging_mixin.py:188} INFO - [2024-03-23T23:12:53.479+0000] {dag.py:3834} INFO - Setting next_dagrun for our_first_dag_v6 to None, run_after=None
[2024-03-23T23:12:53.491+0000] {processor.py:183} INFO - Processing /opt/airflow/dags/our_first_dag.py took 0.061 seconds
[2024-03-23T23:13:23.793+0000] {processor.py:161} INFO - Started process (PID=191) to work on /opt/airflow/dags/our_first_dag.py
[2024-03-23T23:13:23.794+0000] {processor.py:830} INFO - Processing file /opt/airflow/dags/our_first_dag.py for tasks to queue
[2024-03-23T23:13:23.794+0000] {logging_mixin.py:188} INFO - [2024-03-23T23:13:23.794+0000] {dagbag.py:540} INFO - Filling up the DagBag from /opt/airflow/dags/our_first_dag.py
[2024-03-23T23:13:23.803+0000] {processor.py:840} INFO - DAG(s) 'our_first_dag_v6' retrieved from /opt/airflow/dags/our_first_dag.py
[2024-03-23T23:13:23.822+0000] {logging_mixin.py:188} INFO - [2024-03-23T23:13:23.822+0000] {dag.py:3047} INFO - Sync 1 DAGs
[2024-03-23T23:13:23.829+0000] {logging_mixin.py:188} INFO - [2024-03-23T23:13:23.828+0000] {dag.py:3834} INFO - Setting next_dagrun for our_first_dag_v6 to None, run_after=None
[2024-03-23T23:13:23.840+0000] {processor.py:183} INFO - Processing /opt/airflow/dags/our_first_dag.py took 0.049 seconds
[2024-03-23T23:13:54.203+0000] {processor.py:161} INFO - Started process (PID=201) to work on /opt/airflow/dags/our_first_dag.py
[2024-03-23T23:13:54.204+0000] {processor.py:830} INFO - Processing file /opt/airflow/dags/our_first_dag.py for tasks to queue
[2024-03-23T23:13:54.206+0000] {logging_mixin.py:188} INFO - [2024-03-23T23:13:54.205+0000] {dagbag.py:540} INFO - Filling up the DagBag from /opt/airflow/dags/our_first_dag.py
[2024-03-23T23:13:54.222+0000] {processor.py:840} INFO - DAG(s) 'our_first_dag_v6' retrieved from /opt/airflow/dags/our_first_dag.py
[2024-03-23T23:13:54.247+0000] {logging_mixin.py:188} INFO - [2024-03-23T23:13:54.246+0000] {dag.py:3047} INFO - Sync 1 DAGs
[2024-03-23T23:13:54.256+0000] {logging_mixin.py:188} INFO - [2024-03-23T23:13:54.255+0000] {dag.py:3834} INFO - Setting next_dagrun for our_first_dag_v6 to None, run_after=None
[2024-03-23T23:13:54.270+0000] {processor.py:183} INFO - Processing /opt/airflow/dags/our_first_dag.py took 0.073 seconds
[2024-03-23T23:14:24.584+0000] {processor.py:161} INFO - Started process (PID=212) to work on /opt/airflow/dags/our_first_dag.py
[2024-03-23T23:14:24.586+0000] {processor.py:830} INFO - Processing file /opt/airflow/dags/our_first_dag.py for tasks to queue
[2024-03-23T23:14:24.587+0000] {logging_mixin.py:188} INFO - [2024-03-23T23:14:24.587+0000] {dagbag.py:540} INFO - Filling up the DagBag from /opt/airflow/dags/our_first_dag.py
[2024-03-23T23:14:24.600+0000] {processor.py:840} INFO - DAG(s) 'our_first_dag_v6' retrieved from /opt/airflow/dags/our_first_dag.py
[2024-03-23T23:14:24.622+0000] {logging_mixin.py:188} INFO - [2024-03-23T23:14:24.622+0000] {dag.py:3047} INFO - Sync 1 DAGs
[2024-03-23T23:14:24.629+0000] {logging_mixin.py:188} INFO - [2024-03-23T23:14:24.629+0000] {dag.py:3834} INFO - Setting next_dagrun for our_first_dag_v6 to None, run_after=None
[2024-03-23T23:14:24.639+0000] {processor.py:183} INFO - Processing /opt/airflow/dags/our_first_dag.py took 0.059 seconds
[2024-03-23T23:14:55.009+0000] {processor.py:161} INFO - Started process (PID=223) to work on /opt/airflow/dags/our_first_dag.py
[2024-03-23T23:14:55.010+0000] {processor.py:830} INFO - Processing file /opt/airflow/dags/our_first_dag.py for tasks to queue
[2024-03-23T23:14:55.012+0000] {logging_mixin.py:188} INFO - [2024-03-23T23:14:55.011+0000] {dagbag.py:540} INFO - Filling up the DagBag from /opt/airflow/dags/our_first_dag.py
[2024-03-23T23:14:55.025+0000] {processor.py:840} INFO - DAG(s) 'our_first_dag_v6' retrieved from /opt/airflow/dags/our_first_dag.py
[2024-03-23T23:14:55.047+0000] {logging_mixin.py:188} INFO - [2024-03-23T23:14:55.046+0000] {dag.py:3047} INFO - Sync 1 DAGs
[2024-03-23T23:14:55.054+0000] {logging_mixin.py:188} INFO - [2024-03-23T23:14:55.054+0000] {dag.py:3834} INFO - Setting next_dagrun for our_first_dag_v6 to None, run_after=None
[2024-03-23T23:14:55.063+0000] {processor.py:183} INFO - Processing /opt/airflow/dags/our_first_dag.py took 0.059 seconds
[2024-03-23T23:15:25.332+0000] {processor.py:161} INFO - Started process (PID=234) to work on /opt/airflow/dags/our_first_dag.py
[2024-03-23T23:15:25.333+0000] {processor.py:830} INFO - Processing file /opt/airflow/dags/our_first_dag.py for tasks to queue
[2024-03-23T23:15:25.335+0000] {logging_mixin.py:188} INFO - [2024-03-23T23:15:25.334+0000] {dagbag.py:540} INFO - Filling up the DagBag from /opt/airflow/dags/our_first_dag.py
[2024-03-23T23:15:25.347+0000] {processor.py:840} INFO - DAG(s) 'our_first_dag_v6' retrieved from /opt/airflow/dags/our_first_dag.py
[2024-03-23T23:15:25.370+0000] {logging_mixin.py:188} INFO - [2024-03-23T23:15:25.370+0000] {dag.py:3047} INFO - Sync 1 DAGs
[2024-03-23T23:15:25.379+0000] {logging_mixin.py:188} INFO - [2024-03-23T23:15:25.378+0000] {dag.py:3834} INFO - Setting next_dagrun for our_first_dag_v6 to None, run_after=None
[2024-03-23T23:15:25.388+0000] {processor.py:183} INFO - Processing /opt/airflow/dags/our_first_dag.py took 0.060 seconds
[2024-03-23T23:15:55.691+0000] {processor.py:161} INFO - Started process (PID=245) to work on /opt/airflow/dags/our_first_dag.py
[2024-03-23T23:15:55.692+0000] {processor.py:830} INFO - Processing file /opt/airflow/dags/our_first_dag.py for tasks to queue
[2024-03-23T23:15:55.694+0000] {logging_mixin.py:188} INFO - [2024-03-23T23:15:55.693+0000] {dagbag.py:540} INFO - Filling up the DagBag from /opt/airflow/dags/our_first_dag.py
[2024-03-23T23:15:55.706+0000] {processor.py:840} INFO - DAG(s) 'our_first_dag_v6' retrieved from /opt/airflow/dags/our_first_dag.py
[2024-03-23T23:15:55.728+0000] {logging_mixin.py:188} INFO - [2024-03-23T23:15:55.727+0000] {dag.py:3047} INFO - Sync 1 DAGs
[2024-03-23T23:15:55.735+0000] {logging_mixin.py:188} INFO - [2024-03-23T23:15:55.735+0000] {dag.py:3834} INFO - Setting next_dagrun for our_first_dag_v6 to None, run_after=None
[2024-03-23T23:15:55.744+0000] {processor.py:183} INFO - Processing /opt/airflow/dags/our_first_dag.py took 0.058 seconds
[2024-03-23T23:16:26.044+0000] {processor.py:161} INFO - Started process (PID=256) to work on /opt/airflow/dags/our_first_dag.py
[2024-03-23T23:16:26.045+0000] {processor.py:830} INFO - Processing file /opt/airflow/dags/our_first_dag.py for tasks to queue
[2024-03-23T23:16:26.047+0000] {logging_mixin.py:188} INFO - [2024-03-23T23:16:26.046+0000] {dagbag.py:540} INFO - Filling up the DagBag from /opt/airflow/dags/our_first_dag.py
[2024-03-23T23:16:26.059+0000] {processor.py:840} INFO - DAG(s) 'our_first_dag_v6' retrieved from /opt/airflow/dags/our_first_dag.py
[2024-03-23T23:16:26.077+0000] {logging_mixin.py:188} INFO - [2024-03-23T23:16:26.076+0000] {dag.py:3047} INFO - Sync 1 DAGs
[2024-03-23T23:16:26.084+0000] {logging_mixin.py:188} INFO - [2024-03-23T23:16:26.084+0000] {dag.py:3834} INFO - Setting next_dagrun for our_first_dag_v6 to None, run_after=None
[2024-03-23T23:16:26.095+0000] {processor.py:183} INFO - Processing /opt/airflow/dags/our_first_dag.py took 0.054 seconds
[2024-03-23T23:16:56.401+0000] {processor.py:161} INFO - Started process (PID=267) to work on /opt/airflow/dags/our_first_dag.py
[2024-03-23T23:16:56.401+0000] {processor.py:830} INFO - Processing file /opt/airflow/dags/our_first_dag.py for tasks to queue
[2024-03-23T23:16:56.402+0000] {logging_mixin.py:188} INFO - [2024-03-23T23:16:56.402+0000] {dagbag.py:540} INFO - Filling up the DagBag from /opt/airflow/dags/our_first_dag.py
[2024-03-23T23:16:56.409+0000] {processor.py:840} INFO - DAG(s) 'our_first_dag_v6' retrieved from /opt/airflow/dags/our_first_dag.py
[2024-03-23T23:16:56.429+0000] {logging_mixin.py:188} INFO - [2024-03-23T23:16:56.429+0000] {dag.py:3047} INFO - Sync 1 DAGs
[2024-03-23T23:16:56.438+0000] {logging_mixin.py:188} INFO - [2024-03-23T23:16:56.438+0000] {dag.py:3834} INFO - Setting next_dagrun for our_first_dag_v6 to None, run_after=None
[2024-03-23T23:16:56.449+0000] {processor.py:183} INFO - Processing /opt/airflow/dags/our_first_dag.py took 0.050 seconds
[2024-03-23T23:17:26.754+0000] {processor.py:161} INFO - Started process (PID=278) to work on /opt/airflow/dags/our_first_dag.py
[2024-03-23T23:17:26.754+0000] {processor.py:830} INFO - Processing file /opt/airflow/dags/our_first_dag.py for tasks to queue
[2024-03-23T23:17:26.755+0000] {logging_mixin.py:188} INFO - [2024-03-23T23:17:26.755+0000] {dagbag.py:540} INFO - Filling up the DagBag from /opt/airflow/dags/our_first_dag.py
[2024-03-23T23:17:26.762+0000] {processor.py:840} INFO - DAG(s) 'our_first_dag_v6' retrieved from /opt/airflow/dags/our_first_dag.py
[2024-03-23T23:17:26.778+0000] {logging_mixin.py:188} INFO - [2024-03-23T23:17:26.778+0000] {dag.py:3047} INFO - Sync 1 DAGs
[2024-03-23T23:17:26.785+0000] {logging_mixin.py:188} INFO - [2024-03-23T23:17:26.785+0000] {dag.py:3834} INFO - Setting next_dagrun for our_first_dag_v6 to None, run_after=None
[2024-03-23T23:17:26.794+0000] {processor.py:183} INFO - Processing /opt/airflow/dags/our_first_dag.py took 0.043 seconds
[2024-03-23T23:17:57.115+0000] {processor.py:161} INFO - Started process (PID=289) to work on /opt/airflow/dags/our_first_dag.py
[2024-03-23T23:17:57.116+0000] {processor.py:830} INFO - Processing file /opt/airflow/dags/our_first_dag.py for tasks to queue
[2024-03-23T23:17:57.118+0000] {logging_mixin.py:188} INFO - [2024-03-23T23:17:57.117+0000] {dagbag.py:540} INFO - Filling up the DagBag from /opt/airflow/dags/our_first_dag.py
[2024-03-23T23:17:57.131+0000] {processor.py:840} INFO - DAG(s) 'our_first_dag_v6' retrieved from /opt/airflow/dags/our_first_dag.py
[2024-03-23T23:17:57.152+0000] {logging_mixin.py:188} INFO - [2024-03-23T23:17:57.151+0000] {dag.py:3047} INFO - Sync 1 DAGs
[2024-03-23T23:17:57.159+0000] {logging_mixin.py:188} INFO - [2024-03-23T23:17:57.159+0000] {dag.py:3834} INFO - Setting next_dagrun for our_first_dag_v6 to None, run_after=None
[2024-03-23T23:17:57.170+0000] {processor.py:183} INFO - Processing /opt/airflow/dags/our_first_dag.py took 0.060 seconds
[2024-03-23T23:18:27.471+0000] {processor.py:161} INFO - Started process (PID=300) to work on /opt/airflow/dags/our_first_dag.py
[2024-03-23T23:18:27.472+0000] {processor.py:830} INFO - Processing file /opt/airflow/dags/our_first_dag.py for tasks to queue
[2024-03-23T23:18:27.473+0000] {logging_mixin.py:188} INFO - [2024-03-23T23:18:27.473+0000] {dagbag.py:540} INFO - Filling up the DagBag from /opt/airflow/dags/our_first_dag.py
[2024-03-23T23:18:27.485+0000] {processor.py:840} INFO - DAG(s) 'our_first_dag_v6' retrieved from /opt/airflow/dags/our_first_dag.py
[2024-03-23T23:18:27.504+0000] {logging_mixin.py:188} INFO - [2024-03-23T23:18:27.504+0000] {dag.py:3047} INFO - Sync 1 DAGs
[2024-03-23T23:18:27.512+0000] {logging_mixin.py:188} INFO - [2024-03-23T23:18:27.511+0000] {dag.py:3834} INFO - Setting next_dagrun for our_first_dag_v6 to None, run_after=None
[2024-03-23T23:18:27.522+0000] {processor.py:183} INFO - Processing /opt/airflow/dags/our_first_dag.py took 0.054 seconds
[2024-03-23T23:18:57.793+0000] {processor.py:161} INFO - Started process (PID=311) to work on /opt/airflow/dags/our_first_dag.py
[2024-03-23T23:18:57.794+0000] {processor.py:830} INFO - Processing file /opt/airflow/dags/our_first_dag.py for tasks to queue
[2024-03-23T23:18:57.795+0000] {logging_mixin.py:188} INFO - [2024-03-23T23:18:57.795+0000] {dagbag.py:540} INFO - Filling up the DagBag from /opt/airflow/dags/our_first_dag.py
[2024-03-23T23:18:57.809+0000] {processor.py:840} INFO - DAG(s) 'our_first_dag_v6' retrieved from /opt/airflow/dags/our_first_dag.py
[2024-03-23T23:18:57.832+0000] {logging_mixin.py:188} INFO - [2024-03-23T23:18:57.832+0000] {dag.py:3047} INFO - Sync 1 DAGs
[2024-03-23T23:18:57.839+0000] {logging_mixin.py:188} INFO - [2024-03-23T23:18:57.839+0000] {dag.py:3834} INFO - Setting next_dagrun for our_first_dag_v6 to None, run_after=None
[2024-03-23T23:18:57.848+0000] {processor.py:183} INFO - Processing /opt/airflow/dags/our_first_dag.py took 0.060 seconds
[2024-03-23T23:19:28.119+0000] {processor.py:161} INFO - Started process (PID=322) to work on /opt/airflow/dags/our_first_dag.py
[2024-03-23T23:19:28.120+0000] {processor.py:830} INFO - Processing file /opt/airflow/dags/our_first_dag.py for tasks to queue
[2024-03-23T23:19:28.120+0000] {logging_mixin.py:188} INFO - [2024-03-23T23:19:28.120+0000] {dagbag.py:540} INFO - Filling up the DagBag from /opt/airflow/dags/our_first_dag.py
[2024-03-23T23:19:28.128+0000] {processor.py:840} INFO - DAG(s) 'our_first_dag_v6' retrieved from /opt/airflow/dags/our_first_dag.py
[2024-03-23T23:19:28.146+0000] {logging_mixin.py:188} INFO - [2024-03-23T23:19:28.146+0000] {dag.py:3047} INFO - Sync 1 DAGs
[2024-03-23T23:19:28.153+0000] {logging_mixin.py:188} INFO - [2024-03-23T23:19:28.153+0000] {dag.py:3834} INFO - Setting next_dagrun for our_first_dag_v6 to None, run_after=None
[2024-03-23T23:19:28.164+0000] {processor.py:183} INFO - Processing /opt/airflow/dags/our_first_dag.py took 0.047 seconds
[2024-03-23T23:19:58.466+0000] {processor.py:161} INFO - Started process (PID=333) to work on /opt/airflow/dags/our_first_dag.py
[2024-03-23T23:19:58.467+0000] {processor.py:830} INFO - Processing file /opt/airflow/dags/our_first_dag.py for tasks to queue
[2024-03-23T23:19:58.467+0000] {logging_mixin.py:188} INFO - [2024-03-23T23:19:58.467+0000] {dagbag.py:540} INFO - Filling up the DagBag from /opt/airflow/dags/our_first_dag.py
[2024-03-23T23:19:58.474+0000] {processor.py:840} INFO - DAG(s) 'our_first_dag_v6' retrieved from /opt/airflow/dags/our_first_dag.py
[2024-03-23T23:19:58.488+0000] {logging_mixin.py:188} INFO - [2024-03-23T23:19:58.488+0000] {dag.py:3047} INFO - Sync 1 DAGs
[2024-03-23T23:19:58.494+0000] {logging_mixin.py:188} INFO - [2024-03-23T23:19:58.494+0000] {dag.py:3834} INFO - Setting next_dagrun for our_first_dag_v6 to None, run_after=None
[2024-03-23T23:19:58.503+0000] {processor.py:183} INFO - Processing /opt/airflow/dags/our_first_dag.py took 0.039 seconds
[2024-03-23T23:20:28.806+0000] {processor.py:161} INFO - Started process (PID=344) to work on /opt/airflow/dags/our_first_dag.py
[2024-03-23T23:20:28.807+0000] {processor.py:830} INFO - Processing file /opt/airflow/dags/our_first_dag.py for tasks to queue
[2024-03-23T23:20:28.809+0000] {logging_mixin.py:188} INFO - [2024-03-23T23:20:28.808+0000] {dagbag.py:540} INFO - Filling up the DagBag from /opt/airflow/dags/our_first_dag.py
[2024-03-23T23:20:28.825+0000] {processor.py:840} INFO - DAG(s) 'our_first_dag_v6' retrieved from /opt/airflow/dags/our_first_dag.py
[2024-03-23T23:20:28.847+0000] {logging_mixin.py:188} INFO - [2024-03-23T23:20:28.847+0000] {dag.py:3047} INFO - Sync 1 DAGs
[2024-03-23T23:20:28.856+0000] {logging_mixin.py:188} INFO - [2024-03-23T23:20:28.855+0000] {dag.py:3834} INFO - Setting next_dagrun for our_first_dag_v6 to None, run_after=None
[2024-03-23T23:20:28.866+0000] {processor.py:183} INFO - Processing /opt/airflow/dags/our_first_dag.py took 0.064 seconds
[2024-03-23T23:20:59.154+0000] {processor.py:161} INFO - Started process (PID=355) to work on /opt/airflow/dags/our_first_dag.py
[2024-03-23T23:20:59.155+0000] {processor.py:830} INFO - Processing file /opt/airflow/dags/our_first_dag.py for tasks to queue
[2024-03-23T23:20:59.156+0000] {logging_mixin.py:188} INFO - [2024-03-23T23:20:59.156+0000] {dagbag.py:540} INFO - Filling up the DagBag from /opt/airflow/dags/our_first_dag.py
[2024-03-23T23:20:59.171+0000] {processor.py:840} INFO - DAG(s) 'our_first_dag_v6' retrieved from /opt/airflow/dags/our_first_dag.py
[2024-03-23T23:20:59.194+0000] {logging_mixin.py:188} INFO - [2024-03-23T23:20:59.194+0000] {dag.py:3047} INFO - Sync 1 DAGs
[2024-03-23T23:20:59.202+0000] {logging_mixin.py:188} INFO - [2024-03-23T23:20:59.201+0000] {dag.py:3834} INFO - Setting next_dagrun for our_first_dag_v6 to None, run_after=None
[2024-03-23T23:20:59.212+0000] {processor.py:183} INFO - Processing /opt/airflow/dags/our_first_dag.py took 0.063 seconds
[2024-03-23T23:21:29.491+0000] {processor.py:161} INFO - Started process (PID=366) to work on /opt/airflow/dags/our_first_dag.py
[2024-03-23T23:21:29.492+0000] {processor.py:830} INFO - Processing file /opt/airflow/dags/our_first_dag.py for tasks to queue
[2024-03-23T23:21:29.493+0000] {logging_mixin.py:188} INFO - [2024-03-23T23:21:29.493+0000] {dagbag.py:540} INFO - Filling up the DagBag from /opt/airflow/dags/our_first_dag.py
[2024-03-23T23:21:29.507+0000] {processor.py:840} INFO - DAG(s) 'our_first_dag_v6' retrieved from /opt/airflow/dags/our_first_dag.py
[2024-03-23T23:21:29.529+0000] {logging_mixin.py:188} INFO - [2024-03-23T23:21:29.529+0000] {dag.py:3047} INFO - Sync 1 DAGs
[2024-03-23T23:21:29.536+0000] {logging_mixin.py:188} INFO - [2024-03-23T23:21:29.536+0000] {dag.py:3834} INFO - Setting next_dagrun for our_first_dag_v6 to None, run_after=None
[2024-03-23T23:21:29.546+0000] {processor.py:183} INFO - Processing /opt/airflow/dags/our_first_dag.py took 0.061 seconds
[2024-03-23T23:21:59.869+0000] {processor.py:161} INFO - Started process (PID=377) to work on /opt/airflow/dags/our_first_dag.py
[2024-03-23T23:21:59.871+0000] {processor.py:830} INFO - Processing file /opt/airflow/dags/our_first_dag.py for tasks to queue
[2024-03-23T23:21:59.873+0000] {logging_mixin.py:188} INFO - [2024-03-23T23:21:59.872+0000] {dagbag.py:540} INFO - Filling up the DagBag from /opt/airflow/dags/our_first_dag.py
[2024-03-23T23:21:59.888+0000] {processor.py:840} INFO - DAG(s) 'our_first_dag_v6' retrieved from /opt/airflow/dags/our_first_dag.py
[2024-03-23T23:21:59.913+0000] {logging_mixin.py:188} INFO - [2024-03-23T23:21:59.913+0000] {dag.py:3047} INFO - Sync 1 DAGs
[2024-03-23T23:21:59.921+0000] {logging_mixin.py:188} INFO - [2024-03-23T23:21:59.921+0000] {dag.py:3834} INFO - Setting next_dagrun for our_first_dag_v6 to None, run_after=None
[2024-03-23T23:21:59.931+0000] {processor.py:183} INFO - Processing /opt/airflow/dags/our_first_dag.py took 0.067 seconds
[2024-03-23T23:22:30.273+0000] {processor.py:161} INFO - Started process (PID=393) to work on /opt/airflow/dags/our_first_dag.py
[2024-03-23T23:22:30.275+0000] {processor.py:830} INFO - Processing file /opt/airflow/dags/our_first_dag.py for tasks to queue
[2024-03-23T23:22:30.276+0000] {logging_mixin.py:188} INFO - [2024-03-23T23:22:30.275+0000] {dagbag.py:540} INFO - Filling up the DagBag from /opt/airflow/dags/our_first_dag.py
[2024-03-23T23:22:30.289+0000] {processor.py:840} INFO - DAG(s) 'our_first_dag_v6' retrieved from /opt/airflow/dags/our_first_dag.py
[2024-03-23T23:22:30.309+0000] {logging_mixin.py:188} INFO - [2024-03-23T23:22:30.309+0000] {dag.py:3047} INFO - Sync 1 DAGs
[2024-03-23T23:22:30.317+0000] {logging_mixin.py:188} INFO - [2024-03-23T23:22:30.316+0000] {dag.py:3834} INFO - Setting next_dagrun for our_first_dag_v6 to None, run_after=None
[2024-03-23T23:22:30.326+0000] {processor.py:183} INFO - Processing /opt/airflow/dags/our_first_dag.py took 0.057 seconds
[2024-03-23T23:23:00.698+0000] {processor.py:161} INFO - Started process (PID=409) to work on /opt/airflow/dags/our_first_dag.py
[2024-03-23T23:23:00.699+0000] {processor.py:830} INFO - Processing file /opt/airflow/dags/our_first_dag.py for tasks to queue
[2024-03-23T23:23:00.700+0000] {logging_mixin.py:188} INFO - [2024-03-23T23:23:00.700+0000] {dagbag.py:540} INFO - Filling up the DagBag from /opt/airflow/dags/our_first_dag.py
[2024-03-23T23:23:00.713+0000] {processor.py:840} INFO - DAG(s) 'our_first_dag_v6' retrieved from /opt/airflow/dags/our_first_dag.py
[2024-03-23T23:23:00.734+0000] {logging_mixin.py:188} INFO - [2024-03-23T23:23:00.734+0000] {dag.py:3047} INFO - Sync 1 DAGs
[2024-03-23T23:23:00.742+0000] {logging_mixin.py:188} INFO - [2024-03-23T23:23:00.742+0000] {dag.py:3834} INFO - Setting next_dagrun for our_first_dag_v6 to None, run_after=None
[2024-03-23T23:23:00.752+0000] {processor.py:183} INFO - Processing /opt/airflow/dags/our_first_dag.py took 0.058 seconds
[2024-03-23T23:23:45.336+0000] {processor.py:161} INFO - Started process (PID=172) to work on /opt/airflow/dags/our_first_dag.py
[2024-03-23T23:23:45.337+0000] {processor.py:830} INFO - Processing file /opt/airflow/dags/our_first_dag.py for tasks to queue
[2024-03-23T23:23:45.338+0000] {logging_mixin.py:188} INFO - [2024-03-23T23:23:45.338+0000] {dagbag.py:540} INFO - Filling up the DagBag from /opt/airflow/dags/our_first_dag.py
[2024-03-23T23:23:45.349+0000] {processor.py:840} INFO - DAG(s) 'our_first_dag_v6' retrieved from /opt/airflow/dags/our_first_dag.py
[2024-03-23T23:23:45.457+0000] {logging_mixin.py:188} INFO - [2024-03-23T23:23:45.457+0000] {dag.py:3047} INFO - Sync 1 DAGs
[2024-03-23T23:23:45.462+0000] {logging_mixin.py:188} INFO - [2024-03-23T23:23:45.462+0000] {dag.py:3834} INFO - Setting next_dagrun for our_first_dag_v6 to None, run_after=None
[2024-03-23T23:23:45.472+0000] {processor.py:183} INFO - Processing /opt/airflow/dags/our_first_dag.py took 0.137 seconds
[2024-03-23T23:24:15.668+0000] {processor.py:161} INFO - Started process (PID=188) to work on /opt/airflow/dags/our_first_dag.py
[2024-03-23T23:24:15.670+0000] {processor.py:830} INFO - Processing file /opt/airflow/dags/our_first_dag.py for tasks to queue
[2024-03-23T23:24:15.671+0000] {logging_mixin.py:188} INFO - [2024-03-23T23:24:15.670+0000] {dagbag.py:540} INFO - Filling up the DagBag from /opt/airflow/dags/our_first_dag.py
[2024-03-23T23:24:15.682+0000] {processor.py:840} INFO - DAG(s) 'our_first_dag_v6' retrieved from /opt/airflow/dags/our_first_dag.py
[2024-03-23T23:24:15.702+0000] {logging_mixin.py:188} INFO - [2024-03-23T23:24:15.702+0000] {dag.py:3047} INFO - Sync 1 DAGs
[2024-03-23T23:24:15.709+0000] {logging_mixin.py:188} INFO - [2024-03-23T23:24:15.709+0000] {dag.py:3834} INFO - Setting next_dagrun for our_first_dag_v6 to None, run_after=None
[2024-03-23T23:24:15.719+0000] {processor.py:183} INFO - Processing /opt/airflow/dags/our_first_dag.py took 0.054 seconds
[2024-03-23T23:24:46.058+0000] {processor.py:161} INFO - Started process (PID=204) to work on /opt/airflow/dags/our_first_dag.py
[2024-03-23T23:24:46.060+0000] {processor.py:830} INFO - Processing file /opt/airflow/dags/our_first_dag.py for tasks to queue
[2024-03-23T23:24:46.061+0000] {logging_mixin.py:188} INFO - [2024-03-23T23:24:46.060+0000] {dagbag.py:540} INFO - Filling up the DagBag from /opt/airflow/dags/our_first_dag.py
[2024-03-23T23:24:46.072+0000] {processor.py:840} INFO - DAG(s) 'our_first_dag_v6' retrieved from /opt/airflow/dags/our_first_dag.py
[2024-03-23T23:24:46.091+0000] {logging_mixin.py:188} INFO - [2024-03-23T23:24:46.091+0000] {dag.py:3047} INFO - Sync 1 DAGs
[2024-03-23T23:24:46.099+0000] {logging_mixin.py:188} INFO - [2024-03-23T23:24:46.099+0000] {dag.py:3834} INFO - Setting next_dagrun for our_first_dag_v6 to None, run_after=None
[2024-03-23T23:24:46.108+0000] {processor.py:183} INFO - Processing /opt/airflow/dags/our_first_dag.py took 0.053 seconds
[2024-03-23T23:25:16.518+0000] {processor.py:161} INFO - Started process (PID=220) to work on /opt/airflow/dags/our_first_dag.py
[2024-03-23T23:25:16.519+0000] {processor.py:830} INFO - Processing file /opt/airflow/dags/our_first_dag.py for tasks to queue
[2024-03-23T23:25:16.520+0000] {logging_mixin.py:188} INFO - [2024-03-23T23:25:16.520+0000] {dagbag.py:540} INFO - Filling up the DagBag from /opt/airflow/dags/our_first_dag.py
[2024-03-23T23:25:16.533+0000] {processor.py:840} INFO - DAG(s) 'our_first_dag_v6' retrieved from /opt/airflow/dags/our_first_dag.py
[2024-03-23T23:25:16.552+0000] {logging_mixin.py:188} INFO - [2024-03-23T23:25:16.552+0000] {dag.py:3047} INFO - Sync 1 DAGs
[2024-03-23T23:25:16.560+0000] {logging_mixin.py:188} INFO - [2024-03-23T23:25:16.560+0000] {dag.py:3834} INFO - Setting next_dagrun for our_first_dag_v6 to None, run_after=None
[2024-03-23T23:25:16.571+0000] {processor.py:183} INFO - Processing /opt/airflow/dags/our_first_dag.py took 0.057 seconds
[2024-03-23T23:25:46.889+0000] {processor.py:161} INFO - Started process (PID=236) to work on /opt/airflow/dags/our_first_dag.py
[2024-03-23T23:25:46.890+0000] {processor.py:830} INFO - Processing file /opt/airflow/dags/our_first_dag.py for tasks to queue
[2024-03-23T23:25:46.891+0000] {logging_mixin.py:188} INFO - [2024-03-23T23:25:46.891+0000] {dagbag.py:540} INFO - Filling up the DagBag from /opt/airflow/dags/our_first_dag.py
[2024-03-23T23:25:46.904+0000] {processor.py:840} INFO - DAG(s) 'our_first_dag_v6' retrieved from /opt/airflow/dags/our_first_dag.py
[2024-03-23T23:25:46.923+0000] {logging_mixin.py:188} INFO - [2024-03-23T23:25:46.923+0000] {dag.py:3047} INFO - Sync 1 DAGs
[2024-03-23T23:25:46.931+0000] {logging_mixin.py:188} INFO - [2024-03-23T23:25:46.931+0000] {dag.py:3834} INFO - Setting next_dagrun for our_first_dag_v6 to None, run_after=None
[2024-03-23T23:25:46.940+0000] {processor.py:183} INFO - Processing /opt/airflow/dags/our_first_dag.py took 0.055 seconds
[2024-03-23T23:26:17.304+0000] {processor.py:161} INFO - Started process (PID=252) to work on /opt/airflow/dags/our_first_dag.py
[2024-03-23T23:26:17.305+0000] {processor.py:830} INFO - Processing file /opt/airflow/dags/our_first_dag.py for tasks to queue
[2024-03-23T23:26:17.306+0000] {logging_mixin.py:188} INFO - [2024-03-23T23:26:17.306+0000] {dagbag.py:540} INFO - Filling up the DagBag from /opt/airflow/dags/our_first_dag.py
[2024-03-23T23:26:17.318+0000] {processor.py:840} INFO - DAG(s) 'our_first_dag_v6' retrieved from /opt/airflow/dags/our_first_dag.py
[2024-03-23T23:26:17.337+0000] {logging_mixin.py:188} INFO - [2024-03-23T23:26:17.337+0000] {dag.py:3047} INFO - Sync 1 DAGs
[2024-03-23T23:26:17.345+0000] {logging_mixin.py:188} INFO - [2024-03-23T23:26:17.345+0000] {dag.py:3834} INFO - Setting next_dagrun for our_first_dag_v6 to None, run_after=None
[2024-03-23T23:26:17.354+0000] {processor.py:183} INFO - Processing /opt/airflow/dags/our_first_dag.py took 0.054 seconds
[2024-03-23T23:26:47.692+0000] {processor.py:161} INFO - Started process (PID=268) to work on /opt/airflow/dags/our_first_dag.py
[2024-03-23T23:26:47.693+0000] {processor.py:830} INFO - Processing file /opt/airflow/dags/our_first_dag.py for tasks to queue
[2024-03-23T23:26:47.694+0000] {logging_mixin.py:188} INFO - [2024-03-23T23:26:47.694+0000] {dagbag.py:540} INFO - Filling up the DagBag from /opt/airflow/dags/our_first_dag.py
[2024-03-23T23:26:47.705+0000] {processor.py:840} INFO - DAG(s) 'our_first_dag_v6' retrieved from /opt/airflow/dags/our_first_dag.py
[2024-03-23T23:26:47.770+0000] {logging_mixin.py:188} INFO - [2024-03-23T23:26:47.770+0000] {dag.py:3047} INFO - Sync 1 DAGs
[2024-03-23T23:26:47.775+0000] {logging_mixin.py:188} INFO - [2024-03-23T23:26:47.775+0000] {dag.py:3834} INFO - Setting next_dagrun for our_first_dag_v6 to None, run_after=None
[2024-03-23T23:26:47.785+0000] {processor.py:183} INFO - Processing /opt/airflow/dags/our_first_dag.py took 0.096 seconds
[2024-03-23T23:27:18.060+0000] {processor.py:161} INFO - Started process (PID=284) to work on /opt/airflow/dags/our_first_dag.py
[2024-03-23T23:27:18.061+0000] {processor.py:830} INFO - Processing file /opt/airflow/dags/our_first_dag.py for tasks to queue
[2024-03-23T23:27:18.061+0000] {logging_mixin.py:188} INFO - [2024-03-23T23:27:18.061+0000] {dagbag.py:540} INFO - Filling up the DagBag from /opt/airflow/dags/our_first_dag.py
[2024-03-23T23:27:18.072+0000] {processor.py:840} INFO - DAG(s) 'our_first_dag_v6' retrieved from /opt/airflow/dags/our_first_dag.py
[2024-03-23T23:27:18.093+0000] {logging_mixin.py:188} INFO - [2024-03-23T23:27:18.093+0000] {dag.py:3047} INFO - Sync 1 DAGs
[2024-03-23T23:27:18.101+0000] {logging_mixin.py:188} INFO - [2024-03-23T23:27:18.101+0000] {dag.py:3834} INFO - Setting next_dagrun for our_first_dag_v6 to None, run_after=None
[2024-03-23T23:27:18.113+0000] {processor.py:183} INFO - Processing /opt/airflow/dags/our_first_dag.py took 0.056 seconds
[2024-03-23T23:27:48.448+0000] {processor.py:161} INFO - Started process (PID=300) to work on /opt/airflow/dags/our_first_dag.py
[2024-03-23T23:27:48.450+0000] {processor.py:830} INFO - Processing file /opt/airflow/dags/our_first_dag.py for tasks to queue
[2024-03-23T23:27:48.450+0000] {logging_mixin.py:188} INFO - [2024-03-23T23:27:48.450+0000] {dagbag.py:540} INFO - Filling up the DagBag from /opt/airflow/dags/our_first_dag.py
[2024-03-23T23:27:48.460+0000] {processor.py:840} INFO - DAG(s) 'our_first_dag_v6' retrieved from /opt/airflow/dags/our_first_dag.py
[2024-03-23T23:27:48.477+0000] {logging_mixin.py:188} INFO - [2024-03-23T23:27:48.477+0000] {dag.py:3047} INFO - Sync 1 DAGs
[2024-03-23T23:27:48.484+0000] {logging_mixin.py:188} INFO - [2024-03-23T23:27:48.483+0000] {dag.py:3834} INFO - Setting next_dagrun for our_first_dag_v6 to None, run_after=None
[2024-03-23T23:27:48.492+0000] {processor.py:183} INFO - Processing /opt/airflow/dags/our_first_dag.py took 0.046 seconds
[2024-03-23T23:28:18.766+0000] {processor.py:161} INFO - Started process (PID=316) to work on /opt/airflow/dags/our_first_dag.py
[2024-03-23T23:28:18.766+0000] {processor.py:830} INFO - Processing file /opt/airflow/dags/our_first_dag.py for tasks to queue
[2024-03-23T23:28:18.767+0000] {logging_mixin.py:188} INFO - [2024-03-23T23:28:18.767+0000] {dagbag.py:540} INFO - Filling up the DagBag from /opt/airflow/dags/our_first_dag.py
[2024-03-23T23:28:18.775+0000] {processor.py:840} INFO - DAG(s) 'our_first_dag_v6' retrieved from /opt/airflow/dags/our_first_dag.py
[2024-03-23T23:28:18.791+0000] {logging_mixin.py:188} INFO - [2024-03-23T23:28:18.791+0000] {dag.py:3047} INFO - Sync 1 DAGs
[2024-03-23T23:28:18.798+0000] {logging_mixin.py:188} INFO - [2024-03-23T23:28:18.798+0000] {dag.py:3834} INFO - Setting next_dagrun for our_first_dag_v6 to None, run_after=None
[2024-03-23T23:28:18.807+0000] {processor.py:183} INFO - Processing /opt/airflow/dags/our_first_dag.py took 0.043 seconds
[2024-03-23T23:28:49.228+0000] {processor.py:161} INFO - Started process (PID=334) to work on /opt/airflow/dags/our_first_dag.py
[2024-03-23T23:28:49.229+0000] {processor.py:830} INFO - Processing file /opt/airflow/dags/our_first_dag.py for tasks to queue
[2024-03-23T23:28:49.230+0000] {logging_mixin.py:188} INFO - [2024-03-23T23:28:49.230+0000] {dagbag.py:540} INFO - Filling up the DagBag from /opt/airflow/dags/our_first_dag.py
[2024-03-23T23:28:49.243+0000] {processor.py:840} INFO - DAG(s) 'our_first_dag_v6' retrieved from /opt/airflow/dags/our_first_dag.py
[2024-03-23T23:28:49.265+0000] {logging_mixin.py:188} INFO - [2024-03-23T23:28:49.265+0000] {dag.py:3047} INFO - Sync 1 DAGs
[2024-03-23T23:28:49.272+0000] {logging_mixin.py:188} INFO - [2024-03-23T23:28:49.272+0000] {dag.py:3834} INFO - Setting next_dagrun for our_first_dag_v6 to None, run_after=None
[2024-03-23T23:28:49.282+0000] {processor.py:183} INFO - Processing /opt/airflow/dags/our_first_dag.py took 0.058 seconds
[2024-03-23T23:29:19.656+0000] {processor.py:161} INFO - Started process (PID=350) to work on /opt/airflow/dags/our_first_dag.py
[2024-03-23T23:29:19.658+0000] {processor.py:830} INFO - Processing file /opt/airflow/dags/our_first_dag.py for tasks to queue
[2024-03-23T23:29:19.659+0000] {logging_mixin.py:188} INFO - [2024-03-23T23:29:19.659+0000] {dagbag.py:540} INFO - Filling up the DagBag from /opt/airflow/dags/our_first_dag.py
[2024-03-23T23:29:19.673+0000] {processor.py:840} INFO - DAG(s) 'our_first_dag_v6' retrieved from /opt/airflow/dags/our_first_dag.py
[2024-03-23T23:29:19.694+0000] {logging_mixin.py:188} INFO - [2024-03-23T23:29:19.694+0000] {dag.py:3047} INFO - Sync 1 DAGs
[2024-03-23T23:29:19.701+0000] {logging_mixin.py:188} INFO - [2024-03-23T23:29:19.701+0000] {dag.py:3834} INFO - Setting next_dagrun for our_first_dag_v6 to None, run_after=None
[2024-03-23T23:29:19.710+0000] {processor.py:183} INFO - Processing /opt/airflow/dags/our_first_dag.py took 0.058 seconds
[2024-03-23T23:29:50.009+0000] {processor.py:161} INFO - Started process (PID=366) to work on /opt/airflow/dags/our_first_dag.py
[2024-03-23T23:29:50.010+0000] {processor.py:830} INFO - Processing file /opt/airflow/dags/our_first_dag.py for tasks to queue
[2024-03-23T23:29:50.012+0000] {logging_mixin.py:188} INFO - [2024-03-23T23:29:50.011+0000] {dagbag.py:540} INFO - Filling up the DagBag from /opt/airflow/dags/our_first_dag.py
[2024-03-23T23:29:50.025+0000] {processor.py:840} INFO - DAG(s) 'our_first_dag_v6' retrieved from /opt/airflow/dags/our_first_dag.py
[2024-03-23T23:29:50.046+0000] {logging_mixin.py:188} INFO - [2024-03-23T23:29:50.046+0000] {dag.py:3047} INFO - Sync 1 DAGs
[2024-03-23T23:29:50.053+0000] {logging_mixin.py:188} INFO - [2024-03-23T23:29:50.053+0000] {dag.py:3834} INFO - Setting next_dagrun for our_first_dag_v6 to None, run_after=None
[2024-03-23T23:29:50.063+0000] {processor.py:183} INFO - Processing /opt/airflow/dags/our_first_dag.py took 0.058 seconds
[2024-03-23T23:30:13.549+0000] {processor.py:161} INFO - Started process (PID=170) to work on /opt/airflow/dags/our_first_dag.py
[2024-03-23T23:30:13.550+0000] {processor.py:830} INFO - Processing file /opt/airflow/dags/our_first_dag.py for tasks to queue
[2024-03-23T23:30:13.550+0000] {logging_mixin.py:188} INFO - [2024-03-23T23:30:13.550+0000] {dagbag.py:540} INFO - Filling up the DagBag from /opt/airflow/dags/our_first_dag.py
[2024-03-23T23:30:13.557+0000] {processor.py:840} INFO - DAG(s) 'our_first_dag_v6' retrieved from /opt/airflow/dags/our_first_dag.py
[2024-03-23T23:30:13.577+0000] {logging_mixin.py:188} INFO - [2024-03-23T23:30:13.577+0000] {dag.py:3047} INFO - Sync 1 DAGs
[2024-03-23T23:30:13.584+0000] {logging_mixin.py:188} INFO - [2024-03-23T23:30:13.584+0000] {dag.py:3834} INFO - Setting next_dagrun for our_first_dag_v6 to None, run_after=None
[2024-03-23T23:30:13.592+0000] {processor.py:183} INFO - Processing /opt/airflow/dags/our_first_dag.py took 0.045 seconds
[2024-03-23T23:30:43.879+0000] {processor.py:161} INFO - Started process (PID=187) to work on /opt/airflow/dags/our_first_dag.py
[2024-03-23T23:30:43.880+0000] {processor.py:830} INFO - Processing file /opt/airflow/dags/our_first_dag.py for tasks to queue
[2024-03-23T23:30:43.881+0000] {logging_mixin.py:188} INFO - [2024-03-23T23:30:43.881+0000] {dagbag.py:540} INFO - Filling up the DagBag from /opt/airflow/dags/our_first_dag.py
[2024-03-23T23:30:43.894+0000] {processor.py:840} INFO - DAG(s) 'our_first_dag_v6' retrieved from /opt/airflow/dags/our_first_dag.py
[2024-03-23T23:30:43.912+0000] {logging_mixin.py:188} INFO - [2024-03-23T23:30:43.911+0000] {dag.py:3047} INFO - Sync 1 DAGs
[2024-03-23T23:30:43.919+0000] {logging_mixin.py:188} INFO - [2024-03-23T23:30:43.918+0000] {dag.py:3834} INFO - Setting next_dagrun for our_first_dag_v6 to None, run_after=None
[2024-03-23T23:30:43.928+0000] {processor.py:183} INFO - Processing /opt/airflow/dags/our_first_dag.py took 0.053 seconds
[2024-03-23T23:31:14.240+0000] {processor.py:161} INFO - Started process (PID=203) to work on /opt/airflow/dags/our_first_dag.py
[2024-03-23T23:31:14.241+0000] {processor.py:830} INFO - Processing file /opt/airflow/dags/our_first_dag.py for tasks to queue
[2024-03-23T23:31:14.242+0000] {logging_mixin.py:188} INFO - [2024-03-23T23:31:14.242+0000] {dagbag.py:540} INFO - Filling up the DagBag from /opt/airflow/dags/our_first_dag.py
[2024-03-23T23:31:14.252+0000] {processor.py:840} INFO - DAG(s) 'our_first_dag_v6' retrieved from /opt/airflow/dags/our_first_dag.py
[2024-03-23T23:31:14.271+0000] {logging_mixin.py:188} INFO - [2024-03-23T23:31:14.271+0000] {dag.py:3047} INFO - Sync 1 DAGs
[2024-03-23T23:31:14.278+0000] {logging_mixin.py:188} INFO - [2024-03-23T23:31:14.278+0000] {dag.py:3834} INFO - Setting next_dagrun for our_first_dag_v6 to None, run_after=None
[2024-03-23T23:31:14.288+0000] {processor.py:183} INFO - Processing /opt/airflow/dags/our_first_dag.py took 0.051 seconds
[2024-03-23T23:31:44.562+0000] {processor.py:161} INFO - Started process (PID=219) to work on /opt/airflow/dags/our_first_dag.py
[2024-03-23T23:31:44.562+0000] {processor.py:830} INFO - Processing file /opt/airflow/dags/our_first_dag.py for tasks to queue
[2024-03-23T23:31:44.563+0000] {logging_mixin.py:188} INFO - [2024-03-23T23:31:44.563+0000] {dagbag.py:540} INFO - Filling up the DagBag from /opt/airflow/dags/our_first_dag.py
[2024-03-23T23:31:44.573+0000] {processor.py:840} INFO - DAG(s) 'our_first_dag_v6' retrieved from /opt/airflow/dags/our_first_dag.py
[2024-03-23T23:31:44.590+0000] {logging_mixin.py:188} INFO - [2024-03-23T23:31:44.590+0000] {dag.py:3047} INFO - Sync 1 DAGs
[2024-03-23T23:31:44.597+0000] {logging_mixin.py:188} INFO - [2024-03-23T23:31:44.597+0000] {dag.py:3834} INFO - Setting next_dagrun for our_first_dag_v6 to None, run_after=None
[2024-03-23T23:31:44.606+0000] {processor.py:183} INFO - Processing /opt/airflow/dags/our_first_dag.py took 0.046 seconds
[2024-03-23T23:32:14.941+0000] {processor.py:161} INFO - Started process (PID=237) to work on /opt/airflow/dags/our_first_dag.py
[2024-03-23T23:32:14.942+0000] {processor.py:830} INFO - Processing file /opt/airflow/dags/our_first_dag.py for tasks to queue
[2024-03-23T23:32:14.943+0000] {logging_mixin.py:188} INFO - [2024-03-23T23:32:14.943+0000] {dagbag.py:540} INFO - Filling up the DagBag from /opt/airflow/dags/our_first_dag.py
[2024-03-23T23:32:14.954+0000] {processor.py:840} INFO - DAG(s) 'our_first_dag_v6' retrieved from /opt/airflow/dags/our_first_dag.py
[2024-03-23T23:32:14.974+0000] {logging_mixin.py:188} INFO - [2024-03-23T23:32:14.974+0000] {dag.py:3047} INFO - Sync 1 DAGs
[2024-03-23T23:32:14.982+0000] {logging_mixin.py:188} INFO - [2024-03-23T23:32:14.982+0000] {dag.py:3834} INFO - Setting next_dagrun for our_first_dag_v6 to None, run_after=None
[2024-03-23T23:32:14.993+0000] {processor.py:183} INFO - Processing /opt/airflow/dags/our_first_dag.py took 0.055 seconds
