[2024-03-28T02:20:17.038+0000] {taskinstance.py:1979} INFO - Dependencies all met for dep_context=non-requeueable deps ti=<TaskInstance: dag_with_postgres_operator_v01.create_postgres_table scheduled__2024-03-27T00:00:00+00:00 [queued]>
[2024-03-28T02:20:17.057+0000] {taskinstance.py:1979} INFO - Dependencies all met for dep_context=requeueable deps ti=<TaskInstance: dag_with_postgres_operator_v01.create_postgres_table scheduled__2024-03-27T00:00:00+00:00 [queued]>
[2024-03-28T02:20:17.059+0000] {taskinstance.py:2193} INFO - Starting attempt 3 of 8
[2024-03-28T02:20:17.101+0000] {taskinstance.py:2217} INFO - Executing <Task(PostgresOperator): create_postgres_table> on 2024-03-27 00:00:00+00:00
[2024-03-28T02:20:17.109+0000] {standard_task_runner.py:60} INFO - Started process 1324 to run task
[2024-03-28T02:20:17.115+0000] {standard_task_runner.py:87} INFO - Running: ['***', 'tasks', 'run', 'dag_with_postgres_operator_v01', 'create_postgres_table', 'scheduled__2024-03-27T00:00:00+00:00', '--job-id', '187', '--raw', '--subdir', 'DAGS_FOLDER/docker_with_postgres.py', '--cfg-path', '/tmp/tmpm8kyp280']
[2024-03-28T02:20:17.127+0000] {standard_task_runner.py:88} INFO - Job 187: Subtask create_postgres_table
[2024-03-28T02:20:17.227+0000] {task_command.py:423} INFO - Running <TaskInstance: dag_with_postgres_operator_v01.create_postgres_table scheduled__2024-03-27T00:00:00+00:00 [running]> on host 6ba63bfba168
[2024-03-28T02:20:17.356+0000] {taskinstance.py:2513} INFO - Exporting env vars: AIRFLOW_CTX_DAG_OWNER='ethan_wu' AIRFLOW_CTX_DAG_ID='dag_with_postgres_operator_v01' AIRFLOW_CTX_TASK_ID='create_postgres_table' AIRFLOW_CTX_EXECUTION_DATE='2024-03-27T00:00:00+00:00' AIRFLOW_CTX_TRY_NUMBER='3' AIRFLOW_CTX_DAG_RUN_ID='scheduled__2024-03-27T00:00:00+00:00'
[2024-03-28T02:20:17.358+0000] {sql.py:276} INFO - Executing: 
            create table if not exists dag_runs (
                dt date,
                dag_id character varying,
                primary key (dt, dag_id)
            )
            
[2024-03-28T02:20:17.367+0000] {base.py:83} INFO - Using connection ID 'postgres_localhost' for task execution.
[2024-03-28T02:20:17.377+0000] {base.py:83} INFO - Using connection ID 'postgres_localhost' for task execution.
[2024-03-28T02:20:17.396+0000] {sql.py:457} INFO - Running statement: 
            create table if not exists dag_runs (
                dt date,
                dag_id character varying,
                primary key (dt, dag_id)
            )
            , parameters: None
[2024-03-28T02:20:17.412+0000] {logging_mixin.py:188} WARNING - /home/***/.local/lib/python3.8/site-packages/***/providers/common/sql/hooks/sql.py:407 AirflowProviderDeprecationWarning: Call to deprecated method _make_common_data_structure. (The `_make_serializable` method is deprecated and support will be removed in a future version of the common.sql provider. Please update the DbApiHook's provider to a version based on common.sql >= 1.9.1.)
[2024-03-28T02:20:17.422+0000] {taskinstance.py:1149} INFO - Marking task as SUCCESS. dag_id=dag_with_postgres_operator_v01, task_id=create_postgres_table, execution_date=20240327T000000, start_date=20240328T022017, end_date=20240328T022017
[2024-03-28T02:20:17.459+0000] {local_task_job_runner.py:234} INFO - Task exited with return code 0
[2024-03-28T02:20:17.469+0000] {taskinstance.py:3312} INFO - 0 downstream tasks scheduled from follow-on schedule check
